2018-8-12 10:55:24 main DEBUG Included patterns for restart : []
2018-8-12 10:55:24 main DEBUG Excluded patterns for restart : [/spring-boot-actuator/target/classes/, /spring-boot-devtools/target/classes/, /spring-boot/target/classes/, /spring-boot-starter-[\w-]+/, /spring-boot-autoconfigure/target/classes/, /spring-boot-starter/target/classes/]
2018-8-12 10:55:24 main DEBUG Matching URLs for reloading : [file:/D:/redpigcloud/redpigcloud_jd20180804/redpig-web-store/target/classes/, file:/D:/redpigcloud/redpigcloud_jd20180804/redpig-api/target/classes/, file:/D:/redpigcloud/redpigcloud_jd20180804/redpig-beans/target/classes/, file:/D:/redpigcloud/redpigcloud_jd20180804/redpig-buyer/target/classes/, file:/D:/redpigcloud/redpigcloud_jd20180804/redpig-cms/target/classes/, file:/D:/redpigcloud/redpigcloud_jd20180804/redpig-circle/target/classes/, file:/D:/redpigcloud/redpigcloud_jd20180804/redpig-yungou/target/classes/, file:/D:/redpigcloud/redpigcloud_jd20180804/redpig-chat/target/classes/, file:/D:/redpigcloud/redpigcloud_jd20180804/redpig-delivery/target/classes/, file:/D:/redpigcloud/redpigcloud_jd20180804/redpig-express/target/classes/, file:/D:/redpigcloud/redpigcloud_jd20180804/redpig-framework/target/classes/, file:/D:/redpigcloud/redpigcloud_jd20180804/redpig-payment/target/classes/, file:/D:/redpigcloud/redpigcloud_jd20180804/redpig-seller/target/classes/, file:/D:/redpigcloud/redpigcloud_jd20180804/redpig-sns/target/classes/]
2018-8-12 10:55:24 restartedMain DEBUG Application started with classpath: [file:/D:/redpigcloud/redpigcloud_jd20180804/redpig-web-store/target/classes/, file:/D:/redpigcloud/redpigcloud_jd20180804/redpig-api/target/classes/, file:/D:/redpigcloud/redpigcloud_jd20180804/redpig-beans/target/classes/, file:/D:/redpigcloud/redpigcloud_jd20180804/redpig-buyer/target/classes/, file:/D:/redpigcloud/redpigcloud_jd20180804/redpig-cms/target/classes/, file:/D:/redpigcloud/redpigcloud_jd20180804/redpig-circle/target/classes/, file:/D:/redpigcloud/redpigcloud_jd20180804/redpig-yungou/target/classes/, file:/D:/redpigcloud/redpigcloud_jd20180804/redpig-chat/target/classes/, file:/D:/redpigcloud/redpigcloud_jd20180804/redpig-delivery/target/classes/, file:/D:/redpigcloud/redpigcloud_jd20180804/redpig-express/target/classes/, file:/D:/redpigcloud/redpigcloud_jd20180804/redpig-framework/target/classes/, file:/D:/redpigcloud/redpigcloud_jd20180804/redpig-payment/target/classes/, file:/D:/redpigcloud/redpigcloud_jd20180804/redpig-seller/target/classes/, file:/D:/redpigcloud/redpigcloud_jd20180804/redpig-sns/target/classes/]
2018-8-12 10:55:24 restartedMain DEBUG Loading source class com.redpigmall.boot.RedPigWebStore
2018-8-12 10:55:25 restartedMain DEBUG Loaded config file 'file:/D:/redpigcloud/redpigcloud_jd20180804/redpig-web-store/target/classes/application.yml' (classpath:/application.yml)
2018-8-12 10:55:25 restartedMain INFO Refreshing org.springframework.boot.web.servlet.context.AnnotationConfigServletWebServerApplicationContext@3646d33e: startup date [Sun Aug 12 10:55:25 CST 2018]; root of context hierarchy
2018-8-12 10:55:25 restartedMain DEBUG Bean factory for org.springframework.boot.web.servlet.context.AnnotationConfigServletWebServerApplicationContext@3646d33e: org.springframework.beans.factory.support.DefaultListableBeanFactory@77062bb0: defining beans [org.springframework.context.annotation.internalConfigurationAnnotationProcessor,org.springframework.context.annotation.internalAutowiredAnnotationProcessor,org.springframework.context.annotation.internalRequiredAnnotationProcessor,org.springframework.context.annotation.internalCommonAnnotationProcessor,org.springframework.context.event.internalEventListenerProcessor,org.springframework.context.event.internalEventListenerFactory,redPigWebStore]; root of factory hierarchy
2018-8-12 10:55:34 restartedMain DEBUG @EnableAutoConfiguration was declared on a class in the package 'com.redpigmall.boot'. Automatic @Repository and @Entity scanning is enabled.
2018-8-12 10:55:35 restartedMain DEBUG Unable to locate MessageSource with name 'messageSource': using default [org.springframework.context.support.DelegatingMessageSource@6de9d140]
2018-8-12 10:55:35 restartedMain DEBUG Unable to locate ApplicationEventMulticaster with name 'applicationEventMulticaster': using default [org.springframework.context.event.SimpleApplicationEventMulticaster@6c757fe5]
2018-8-12 10:55:36 restartedMain DEBUG Code archive: D:\maven\org\springframework\boot\spring-boot\2.0.2.RELEASE\spring-boot-2.0.2.RELEASE.jar
2018-8-12 10:55:36 restartedMain DEBUG Code archive: D:\maven\org\springframework\boot\spring-boot\2.0.2.RELEASE\spring-boot-2.0.2.RELEASE.jar
2018-8-12 10:55:36 restartedMain DEBUG Document root: D:\redpigcloud\redpigcloud_jd20180804\redpig-web-store\src\main\webapp
2018-8-12 10:55:36 restartedMain INFO Tomcat initialized with port(s): 8802 (http)
2018-8-12 10:55:37 localhost-startStop-1 DEBUG Added existing Servlet initializer bean 'druidServlet'; order=2147483647, resource=class path resource [com/redpigmall/config/DruidConfiguration.class]
2018-8-12 10:55:37 localhost-startStop-1 DEBUG Added existing Filter initializer bean 'filterRegistrationBean'; order=2147483647, resource=class path resource [com/redpigmall/config/DruidConfiguration.class]
2018-8-12 10:55:37 localhost-startStop-1 DEBUG Added existing Servlet initializer bean 'dispatcherRegistration'; order=2147483647, resource=com.redpigmall.boot.RedPigWebStore
2018-8-12 10:55:37 localhost-startStop-1 DEBUG Added existing Servlet initializer bean 'dispatcherServletRegistration'; order=2147483647, resource=class path resource [org/springframework/boot/autoconfigure/web/servlet/DispatcherServletAutoConfiguration$DispatcherServletRegistrationConfiguration.class]
2018-8-12 10:55:37 localhost-startStop-1 DEBUG Added existing Filter initializer bean 'adminLoginFilter'; order=2147483647, resource=null
2018-8-12 10:55:37 localhost-startStop-1 DEBUG Added existing EventListener initializer bean 'com.redpigmall.api.tools.InitSpringUtilListener'; order=2147483647, resource=null
2018-8-12 10:55:37 localhost-startStop-1 DEBUG Created Filter initializer for bean 'characterEncodingFilter'; order=-2147483648, resource=class path resource [org/springframework/boot/autoconfigure/web/servlet/HttpEncodingAutoConfiguration.class]
2018-8-12 10:55:37 localhost-startStop-1 DEBUG Created Filter initializer for bean 'hiddenHttpMethodFilter'; order=-10000, resource=class path resource [org/springframework/boot/autoconfigure/web/servlet/WebMvcAutoConfiguration.class]
2018-8-12 10:55:37 localhost-startStop-1 DEBUG Created Filter initializer for bean 'httpPutFormContentFilter'; order=-9900, resource=class path resource [org/springframework/boot/autoconfigure/web/servlet/WebMvcAutoConfiguration.class]
2018-8-12 10:55:37 localhost-startStop-1 DEBUG Created Filter initializer for bean 'requestContextFilter'; order=-105, resource=class path resource [org/springframework/boot/autoconfigure/web/servlet/WebMvcAutoConfiguration$WebMvcAutoConfigurationAdapter.class]
2018-8-12 10:55:37 localhost-startStop-1 DEBUG Created Filter initializer for bean 'urlRewriteFilterConfig'; order=2147483647, resource=file [D:\redpigcloud\redpigcloud_jd20180804\redpig-api\target\classes\com\redpigmall\config\UrlRewriteFilterConfig.class]
2018-8-12 10:55:37 localhost-startStop-1 DEBUG Created EventListener initializer for bean 'webAppRootListener'; order=2147483647, resource=com.redpigmall.boot.RedPigWebStore
2018-8-12 10:55:37 localhost-startStop-1 INFO Servlet statViewServlet mapped to [/druid/*]
2018-8-12 10:55:37 localhost-startStop-1 INFO Servlet redpigmall mapped to [/]
2018-8-12 10:55:37 localhost-startStop-1 INFO Servlet dispatcherServlet mapped to [/]
2018-8-12 10:55:37 localhost-startStop-1 INFO Mapping filter: 'characterEncodingFilter' to: [/*]
2018-8-12 10:55:37 localhost-startStop-1 INFO Mapping filter: 'hiddenHttpMethodFilter' to: [/*]
2018-8-12 10:55:37 localhost-startStop-1 INFO Mapping filter: 'httpPutFormContentFilter' to: [/*]
2018-8-12 10:55:37 localhost-startStop-1 INFO Mapping filter: 'requestContextFilter' to: [/*]
2018-8-12 10:55:37 localhost-startStop-1 INFO Mapping filter: 'webStatFilter' to urls: [/*]
2018-8-12 10:55:37 localhost-startStop-1 INFO Mapping filter: 'adminLoginFilter' to urls: [/*]
2018-8-12 10:55:37 localhost-startStop-1 INFO Mapping filter: 'urlRewriteFilterConfig' to: [/*]
2018-8-12 10:55:37 localhost-startStop-1 DEBUG Initializing filter 'requestContextFilter'
2018-8-12 10:55:37 localhost-startStop-1 DEBUG Filter 'requestContextFilter' configured successfully
2018-8-12 10:55:37 localhost-startStop-1 DEBUG Initializing filter 'httpPutFormContentFilter'
2018-8-12 10:55:37 localhost-startStop-1 DEBUG Filter 'httpPutFormContentFilter' configured successfully
2018-8-12 10:55:37 localhost-startStop-1 DEBUG Initializing filter 'hiddenHttpMethodFilter'
2018-8-12 10:55:37 localhost-startStop-1 DEBUG Filter 'hiddenHttpMethodFilter' configured successfully
2018-8-12 10:55:37 localhost-startStop-1 DEBUG Initializing filter 'characterEncodingFilter'
2018-8-12 10:55:37 localhost-startStop-1 DEBUG Filter 'characterEncodingFilter' configured successfully
2018-8-12 10:56:08 restartedMain INFO Adding welcome page: class path resource [static/index.html]
2018-8-12 10:56:09 restartedMain DEBUG Application Admin MBean registered with name 'org.springframework.boot:type=Admin,name=SpringApplication'
2018-8-12 10:56:14 restartedMain DEBUG Starting live reload server on port 35729
2018-8-12 10:56:14 restartedMain WARN Unable to start LiveReload server
2018-8-12 10:56:14 restartedMain DEBUG Live reload start error
java.net.BindException: Address already in use: JVM_Bind
	at java.net.DualStackPlainSocketImpl.bind0(Native Method)
	at java.net.DualStackPlainSocketImpl.socketBind(Unknown Source)
	at java.net.AbstractPlainSocketImpl.bind(Unknown Source)
	at java.net.PlainSocketImpl.bind(Unknown Source)
	at java.net.ServerSocket.bind(Unknown Source)
	at java.net.ServerSocket.<init>(Unknown Source)
	at java.net.ServerSocket.<init>(Unknown Source)
	at org.springframework.boot.devtools.livereload.LiveReloadServer.start(LiveReloadServer.java:115)
	at org.springframework.boot.devtools.autoconfigure.OptionalLiveReloadServer.startServer(OptionalLiveReloadServer.java:55)
	at org.springframework.boot.devtools.autoconfigure.OptionalLiveReloadServer.afterPropertiesSet(OptionalLiveReloadServer.java:48)
	at org.springframework.beans.factory.support.AbstractAutowireCapableBeanFactory.invokeInitMethods(AbstractAutowireCapableBeanFactory.java:1765)
	at org.springframework.beans.factory.support.AbstractAutowireCapableBeanFactory.initializeBean(AbstractAutowireCapableBeanFactory.java:1702)
	at org.springframework.beans.factory.support.AbstractAutowireCapableBeanFactory.doCreateBean(AbstractAutowireCapableBeanFactory.java:579)
	at org.springframework.beans.factory.support.AbstractAutowireCapableBeanFactory.createBean(AbstractAutowireCapableBeanFactory.java:501)
	at org.springframework.beans.factory.support.AbstractBeanFactory.lambda$doGetBean$0(AbstractBeanFactory.java:317)
	at org.springframework.beans.factory.support.DefaultSingletonBeanRegistry.getSingleton(DefaultSingletonBeanRegistry.java:228)
	at org.springframework.beans.factory.support.AbstractBeanFactory.doGetBean(AbstractBeanFactory.java:315)
	at org.springframework.beans.factory.support.AbstractBeanFactory.getBean(AbstractBeanFactory.java:199)
	at org.springframework.beans.factory.support.DefaultListableBeanFactory.preInstantiateSingletons(DefaultListableBeanFactory.java:760)
	at org.springframework.context.support.AbstractApplicationContext.finishBeanFactoryInitialization(AbstractApplicationContext.java:869)
	at org.springframework.context.support.AbstractApplicationContext.refresh(AbstractApplicationContext.java:550)
	at org.springframework.boot.web.servlet.context.ServletWebServerApplicationContext.refresh(ServletWebServerApplicationContext.java:140)
	at org.springframework.boot.SpringApplication.refresh(SpringApplication.java:759)
	at org.springframework.boot.SpringApplication.refreshContext(SpringApplication.java:395)
	at org.springframework.boot.SpringApplication.run(SpringApplication.java:327)
	at org.springframework.boot.SpringApplication.run(SpringApplication.java:1255)
	at org.springframework.boot.SpringApplication.run(SpringApplication.java:1243)
	at com.redpigmall.boot.RedPigWebStore.main(RedPigWebStore.java:57)
	at sun.reflect.NativeMethodAccessorImpl.invoke0(Native Method)
	at sun.reflect.NativeMethodAccessorImpl.invoke(Unknown Source)
	at sun.reflect.DelegatingMethodAccessorImpl.invoke(Unknown Source)
	at java.lang.reflect.Method.invoke(Unknown Source)
	at org.springframework.boot.devtools.restart.RestartLauncher.run(RestartLauncher.java:49)
2018-8-12 10:56:15 restartedMain DEBUG Unable to locate LifecycleProcessor with name 'lifecycleProcessor': using default [org.springframework.context.support.DefaultLifecycleProcessor@1d485d40]
2018-8-12 10:56:15 restartedMain DEBUG 


============================
CONDITIONS EVALUATION REPORT
============================


Positive matches:
-----------------

   AopAutoConfiguration matched:
      - @ConditionalOnClass found required classes 'org.springframework.context.annotation.EnableAspectJAutoProxy', 'org.aspectj.lang.annotation.Aspect', 'org.aspectj.lang.reflect.Advice', 'org.aspectj.weaver.AnnotatedElement'; @ConditionalOnMissingClass did not find unwanted class (OnClassCondition)
      - @ConditionalOnProperty (spring.aop.auto=true) matched (OnPropertyCondition)

   AopAutoConfiguration.CglibAutoProxyConfiguration matched:
      - @ConditionalOnProperty (spring.aop.proxy-target-class=true) matched (OnPropertyCondition)

   CodecsAutoConfiguration matched:
      - @ConditionalOnClass found required class 'org.springframework.http.codec.CodecConfigurer'; @ConditionalOnMissingClass did not find unwanted class (OnClassCondition)

   CodecsAutoConfiguration.JacksonCodecConfiguration matched:
      - @ConditionalOnClass found required class 'com.fasterxml.jackson.databind.ObjectMapper'; @ConditionalOnMissingClass did not find unwanted class (OnClassCondition)

   CodecsAutoConfiguration.JacksonCodecConfiguration#jacksonCodecCustomizer matched:
      - @ConditionalOnBean (types: com.fasterxml.jackson.databind.ObjectMapper; SearchStrategy: all) found bean 'jacksonObjectMapper' (OnBeanCondition)

   DataSourceAutoConfiguration matched:
      - @ConditionalOnClass found required classes 'javax.sql.DataSource', 'org.springframework.jdbc.datasource.embedded.EmbeddedDatabaseType'; @ConditionalOnMissingClass did not find unwanted class (OnClassCondition)

   DataSourceConfiguration.Generic matched:
      - @ConditionalOnProperty (spring.datasource.type) matched (OnPropertyCondition)

   DataSourceJmxConfiguration matched:
      - @ConditionalOnProperty (spring.jmx.enabled=true) matched (OnPropertyCondition)

   DataSourceJmxConfiguration.Hikari matched:
      - @ConditionalOnClass found required class 'com.zaxxer.hikari.HikariDataSource'; @ConditionalOnMissingClass did not find unwanted class (OnClassCondition)

   DataSourcePoolMetadataProvidersConfiguration.HikariPoolDataSourceMetadataProviderConfiguration matched:
      - @ConditionalOnClass found required class 'com.zaxxer.hikari.HikariDataSource'; @ConditionalOnMissingClass did not find unwanted class (OnClassCondition)

   DataSourceTransactionManagerAutoConfiguration matched:
      - @ConditionalOnClass found required classes 'org.springframework.jdbc.core.JdbcTemplate', 'org.springframework.transaction.PlatformTransactionManager'; @ConditionalOnMissingClass did not find unwanted class (OnClassCondition)

   DataSourceTransactionManagerAutoConfiguration.DataSourceTransactionManagerConfiguration matched:
      - @ConditionalOnSingleCandidate (types: javax.sql.DataSource; SearchStrategy: all) found a primary bean from beans 'dataSource' (OnBeanCondition)

   DataSourceTransactionManagerAutoConfiguration.DataSourceTransactionManagerConfiguration#transactionManager matched:
      - @ConditionalOnMissingBean (types: org.springframework.transaction.PlatformTransactionManager; SearchStrategy: all) did not find any beans (OnBeanCondition)

   DispatcherServletAutoConfiguration matched:
      - @ConditionalOnClass found required class 'org.springframework.web.servlet.DispatcherServlet'; @ConditionalOnMissingClass did not find unwanted class (OnClassCondition)
      - found ConfigurableWebEnvironment (OnWebApplicationCondition)

   DispatcherServletAutoConfiguration.DispatcherServletConfiguration matched:
      - @ConditionalOnClass found required class 'javax.servlet.ServletRegistration'; @ConditionalOnMissingClass did not find unwanted class (OnClassCondition)
      - Default DispatcherServlet did not find dispatcher servlet beans (DispatcherServletAutoConfiguration.DefaultDispatcherServletCondition)

   DispatcherServletAutoConfiguration.DispatcherServletRegistrationConfiguration matched:
      - @ConditionalOnClass found required class 'javax.servlet.ServletRegistration'; @ConditionalOnMissingClass did not find unwanted class (OnClassCondition)
      - DispatcherServlet Registration did not find servlet registration bean (DispatcherServletAutoConfiguration.DispatcherServletRegistrationCondition)
      - DispatcherServlet Registration found servlet registration beans 'druidServlet', 'dispatcherRegistration' and none is named dispatcherServletRegistration (DispatcherServletAutoConfiguration.DispatcherServletRegistrationCondition)

   DispatcherServletAutoConfiguration.DispatcherServletRegistrationConfiguration#dispatcherServletRegistration matched:
      - @ConditionalOnBean (names: dispatcherServlet; types: org.springframework.web.servlet.DispatcherServlet; SearchStrategy: all) found bean 'dispatcherServlet' (OnBeanCondition)

   EmbeddedWebServerFactoryCustomizerAutoConfiguration.TomcatWebServerFactoryCustomizerConfiguration matched:
      - @ConditionalOnClass found required classes 'org.apache.catalina.startup.Tomcat', 'org.apache.coyote.UpgradeProtocol'; @ConditionalOnMissingClass did not find unwanted class (OnClassCondition)

   ErrorMvcAutoConfiguration matched:
      - @ConditionalOnClass found required classes 'javax.servlet.Servlet', 'org.springframework.web.servlet.DispatcherServlet'; @ConditionalOnMissingClass did not find unwanted class (OnClassCondition)
      - found ConfigurableWebEnvironment (OnWebApplicationCondition)

   ErrorMvcAutoConfiguration#basicErrorController matched:
      - @ConditionalOnMissingBean (types: org.springframework.boot.web.servlet.error.ErrorController; SearchStrategy: current) did not find any beans (OnBeanCondition)

   ErrorMvcAutoConfiguration#errorAttributes matched:
      - @ConditionalOnMissingBean (types: org.springframework.boot.web.servlet.error.ErrorAttributes; SearchStrategy: current) did not find any beans (OnBeanCondition)

   ErrorMvcAutoConfiguration.DefaultErrorViewResolverConfiguration#conventionErrorViewResolver matched:
      - @ConditionalOnBean (types: org.springframework.web.servlet.DispatcherServlet; SearchStrategy: all) found bean 'dispatcherServlet'; @ConditionalOnMissingBean (types: org.springframework.boot.autoconfigure.web.servlet.error.DefaultErrorViewResolver; SearchStrategy: all) did not find any beans (OnBeanCondition)

   ErrorMvcAutoConfiguration.WhitelabelErrorViewConfiguration matched:
      - @ConditionalOnProperty (server.error.whitelabel.enabled) matched (OnPropertyCondition)
      - ErrorTemplate Missing did not find error template view (ErrorMvcAutoConfiguration.ErrorTemplateMissingCondition)

   ErrorMvcAutoConfiguration.WhitelabelErrorViewConfiguration#beanNameViewResolver matched:
      - @ConditionalOnMissingBean (types: org.springframework.web.servlet.view.BeanNameViewResolver; SearchStrategy: all) did not find any beans (OnBeanCondition)

   ErrorMvcAutoConfiguration.WhitelabelErrorViewConfiguration#defaultErrorView matched:
      - @ConditionalOnMissingBean (names: error; SearchStrategy: all) did not find any beans (OnBeanCondition)

   GenericCacheConfiguration matched:
      - Cache org.springframework.boot.autoconfigure.cache.GenericCacheConfiguration automatic cache type (CacheCondition)

   GsonAutoConfiguration matched:
      - @ConditionalOnClass found required class 'com.google.gson.Gson'; @ConditionalOnMissingClass did not find unwanted class (OnClassCondition)

   GsonAutoConfiguration#gson matched:
      - @ConditionalOnMissingBean (types: com.google.gson.Gson; SearchStrategy: all) did not find any beans (OnBeanCondition)

   GsonAutoConfiguration#gsonBuilder matched:
      - @ConditionalOnMissingBean (types: com.google.gson.GsonBuilder; SearchStrategy: all) did not find any beans (OnBeanCondition)

   GsonHttpMessageConvertersConfiguration matched:
      - @ConditionalOnClass found required class 'com.google.gson.Gson'; @ConditionalOnMissingClass did not find unwanted class (OnClassCondition)

   HttpEncodingAutoConfiguration matched:
      - @ConditionalOnClass found required class 'org.springframework.web.filter.CharacterEncodingFilter'; @ConditionalOnMissingClass did not find unwanted class (OnClassCondition)
      - found ConfigurableWebEnvironment (OnWebApplicationCondition)
      - @ConditionalOnProperty (spring.http.encoding.enabled) matched (OnPropertyCondition)

   HttpEncodingAutoConfiguration#characterEncodingFilter matched:
      - @ConditionalOnMissingBean (types: org.springframework.web.filter.CharacterEncodingFilter; SearchStrategy: all) did not find any beans (OnBeanCondition)

   HttpMessageConvertersAutoConfiguration matched:
      - @ConditionalOnClass found required class 'org.springframework.http.converter.HttpMessageConverter'; @ConditionalOnMissingClass did not find unwanted class (OnClassCondition)

   HttpMessageConvertersAutoConfiguration#messageConverters matched:
      - @ConditionalOnMissingBean (types: org.springframework.boot.autoconfigure.http.HttpMessageConverters; SearchStrategy: all) did not find any beans (OnBeanCondition)

   HttpMessageConvertersAutoConfiguration.StringHttpMessageConverterConfiguration matched:
      - @ConditionalOnClass found required class 'org.springframework.http.converter.StringHttpMessageConverter'; @ConditionalOnMissingClass did not find unwanted class (OnClassCondition)

   HttpMessageConvertersAutoConfiguration.StringHttpMessageConverterConfiguration#stringHttpMessageConverter matched:
      - @ConditionalOnMissingBean (types: org.springframework.http.converter.StringHttpMessageConverter; SearchStrategy: all) did not find any beans (OnBeanCondition)

   JacksonAutoConfiguration matched:
      - @ConditionalOnClass found required class 'com.fasterxml.jackson.databind.ObjectMapper'; @ConditionalOnMissingClass did not find unwanted class (OnClassCondition)

   JacksonAutoConfiguration.Jackson2ObjectMapperBuilderCustomizerConfiguration matched:
      - @ConditionalOnClass found required class 'org.springframework.http.converter.json.Jackson2ObjectMapperBuilder'; @ConditionalOnMissingClass did not find unwanted class (OnClassCondition)

   JacksonAutoConfiguration.JacksonObjectMapperBuilderConfiguration matched:
      - @ConditionalOnClass found required class 'org.springframework.http.converter.json.Jackson2ObjectMapperBuilder'; @ConditionalOnMissingClass did not find unwanted class (OnClassCondition)

   JacksonAutoConfiguration.JacksonObjectMapperBuilderConfiguration#jacksonObjectMapperBuilder matched:
      - @ConditionalOnMissingBean (types: org.springframework.http.converter.json.Jackson2ObjectMapperBuilder; SearchStrategy: all) did not find any beans (OnBeanCondition)

   JacksonAutoConfiguration.JacksonObjectMapperConfiguration matched:
      - @ConditionalOnClass found required class 'org.springframework.http.converter.json.Jackson2ObjectMapperBuilder'; @ConditionalOnMissingClass did not find unwanted class (OnClassCondition)

   JacksonAutoConfiguration.JacksonObjectMapperConfiguration#jacksonObjectMapper matched:
      - @ConditionalOnMissingBean (types: com.fasterxml.jackson.databind.ObjectMapper; SearchStrategy: all) did not find any beans (OnBeanCondition)

   JacksonAutoConfiguration.ParameterNamesModuleConfiguration matched:
      - @ConditionalOnClass found required class 'com.fasterxml.jackson.module.paramnames.ParameterNamesModule'; @ConditionalOnMissingClass did not find unwanted class (OnClassCondition)

   JacksonAutoConfiguration.ParameterNamesModuleConfiguration#parameterNamesModule matched:
      - @ConditionalOnMissingBean (types: com.fasterxml.jackson.module.paramnames.ParameterNamesModule; SearchStrategy: all) did not find any beans (OnBeanCondition)

   JacksonHttpMessageConvertersConfiguration.MappingJackson2HttpMessageConverterConfiguration matched:
      - @ConditionalOnClass found required class 'com.fasterxml.jackson.databind.ObjectMapper'; @ConditionalOnMissingClass did not find unwanted class (OnClassCondition)
      - @ConditionalOnProperty (spring.http.converters.preferred-json-mapper=jackson) matched (OnPropertyCondition)
      - @ConditionalOnBean (types: com.fasterxml.jackson.databind.ObjectMapper; SearchStrategy: all) found bean 'jacksonObjectMapper' (OnBeanCondition)

   JacksonHttpMessageConvertersConfiguration.MappingJackson2HttpMessageConverterConfiguration#mappingJackson2HttpMessageConverter matched:
      - @ConditionalOnMissingBean (types: org.springframework.http.converter.json.MappingJackson2HttpMessageConverter; SearchStrategy: all) did not find any beans (OnBeanCondition)

   JdbcTemplateAutoConfiguration matched:
      - @ConditionalOnClass found required classes 'javax.sql.DataSource', 'org.springframework.jdbc.core.JdbcTemplate'; @ConditionalOnMissingClass did not find unwanted class (OnClassCondition)
      - @ConditionalOnSingleCandidate (types: javax.sql.DataSource; SearchStrategy: all) found a primary bean from beans 'dataSource' (OnBeanCondition)

   JdbcTemplateAutoConfiguration.JdbcTemplateConfiguration#jdbcTemplate matched:
      - @ConditionalOnMissingBean (types: org.springframework.jdbc.core.JdbcOperations; SearchStrategy: all) did not find any beans (OnBeanCondition)

   JdbcTemplateAutoConfiguration.NamedParameterJdbcTemplateConfiguration#namedParameterJdbcTemplate matched:
      - @ConditionalOnSingleCandidate (types: org.springframework.jdbc.core.JdbcTemplate; SearchStrategy: all) found a primary bean from beans 'jdbcTemplate'; @ConditionalOnMissingBean (types: org.springframework.jdbc.core.namedparam.NamedParameterJdbcOperations; SearchStrategy: all) did not find any beans (OnBeanCondition)

   JedisConnectionConfiguration matched:
      - @ConditionalOnClass found required classes 'org.apache.commons.pool2.impl.GenericObjectPool', 'org.springframework.data.redis.connection.jedis.JedisConnection', 'redis.clients.jedis.Jedis'; @ConditionalOnMissingClass did not find unwanted class (OnClassCondition)

   JmxAutoConfiguration matched:
      - @ConditionalOnClass found required class 'org.springframework.jmx.export.MBeanExporter'; @ConditionalOnMissingClass did not find unwanted class (OnClassCondition)
      - @ConditionalOnProperty (spring.jmx.enabled=true) matched (OnPropertyCondition)

   JmxAutoConfiguration#mbeanExporter matched:
      - @ConditionalOnMissingBean (types: org.springframework.jmx.export.MBeanExporter; SearchStrategy: current) did not find any beans (OnBeanCondition)

   JmxAutoConfiguration#mbeanServer matched:
      - @ConditionalOnMissingBean (types: javax.management.MBeanServer; SearchStrategy: all) did not find any beans (OnBeanCondition)

   JmxAutoConfiguration#objectNamingStrategy matched:
      - @ConditionalOnMissingBean (types: org.springframework.jmx.export.naming.ObjectNamingStrategy; SearchStrategy: current) did not find any beans (OnBeanCondition)

   LettuceConnectionConfiguration matched:
      - @ConditionalOnClass found required class 'io.lettuce.core.RedisClient'; @ConditionalOnMissingClass did not find unwanted class (OnClassCondition)

   LettuceConnectionConfiguration#lettuceClientResources matched:
      - @ConditionalOnMissingBean (types: io.lettuce.core.resource.ClientResources; SearchStrategy: all) did not find any beans (OnBeanCondition)

   LettuceConnectionConfiguration#redisConnectionFactory matched:
      - @ConditionalOnMissingBean (types: org.springframework.data.redis.connection.RedisConnectionFactory; SearchStrategy: all) did not find any beans (OnBeanCondition)

   LocalDevToolsAutoConfiguration matched:
      - Initialized Restarter Condition available and initialized (OnInitializedRestarterCondition)

   LocalDevToolsAutoConfiguration.LiveReloadConfiguration matched:
      - @ConditionalOnProperty (spring.devtools.livereload.enabled) matched (OnPropertyCondition)

   LocalDevToolsAutoConfiguration.LiveReloadConfiguration#liveReloadServer matched:
      - @ConditionalOnMissingBean (types: org.springframework.boot.devtools.livereload.LiveReloadServer; SearchStrategy: all) did not find any beans (OnBeanCondition)

   LocalDevToolsAutoConfiguration.RestartConfiguration matched:
      - @ConditionalOnProperty (spring.devtools.restart.enabled) matched (OnPropertyCondition)

   LocalDevToolsAutoConfiguration.RestartConfiguration#classPathFileSystemWatcher matched:
      - @ConditionalOnMissingBean (types: org.springframework.boot.devtools.classpath.ClassPathFileSystemWatcher; SearchStrategy: all) did not find any beans (OnBeanCondition)

   LocalDevToolsAutoConfiguration.RestartConfiguration#classPathRestartStrategy matched:
      - @ConditionalOnMissingBean (types: org.springframework.boot.devtools.classpath.ClassPathRestartStrategy; SearchStrategy: all) did not find any beans (OnBeanCondition)

   LocalDevToolsAutoConfiguration.RestartConfiguration#conditionEvaluationDeltaLoggingListener matched:
      - @ConditionalOnProperty (spring.devtools.restart.log-condition-evaluation-delta) matched (OnPropertyCondition)

   MultipartAutoConfiguration matched:
      - @ConditionalOnClass found required classes 'javax.servlet.Servlet', 'org.springframework.web.multipart.support.StandardServletMultipartResolver', 'javax.servlet.MultipartConfigElement'; @ConditionalOnMissingClass did not find unwanted class (OnClassCondition)
      - found ConfigurableWebEnvironment (OnWebApplicationCondition)
      - @ConditionalOnProperty (spring.servlet.multipart.enabled) matched (OnPropertyCondition)

   MultipartAutoConfiguration#multipartConfigElement matched:
      - @ConditionalOnMissingBean (types: javax.servlet.MultipartConfigElement; SearchStrategy: all) did not find any beans (OnBeanCondition)

   MybatisAutoConfiguration matched:
      - @ConditionalOnClass found required classes 'org.apache.ibatis.session.SqlSessionFactory', 'org.mybatis.spring.SqlSessionFactoryBean'; @ConditionalOnMissingClass did not find unwanted class (OnClassCondition)
      - @ConditionalOnBean (types: javax.sql.DataSource; SearchStrategy: all) found bean 'dataSource' (OnBeanCondition)

   MybatisAutoConfiguration#sqlSessionFactory matched:
      - @ConditionalOnMissingBean (types: org.apache.ibatis.session.SqlSessionFactory; SearchStrategy: all) did not find any beans (OnBeanCondition)

   MybatisAutoConfiguration#sqlSessionTemplate matched:
      - @ConditionalOnMissingBean (types: org.mybatis.spring.SqlSessionTemplate; SearchStrategy: all) did not find any beans (OnBeanCondition)

   NoOpCacheConfiguration matched:
      - Cache org.springframework.boot.autoconfigure.cache.NoOpCacheConfiguration automatic cache type (CacheCondition)

   PersistenceExceptionTranslationAutoConfiguration matched:
      - @ConditionalOnClass found required class 'org.springframework.dao.annotation.PersistenceExceptionTranslationPostProcessor'; @ConditionalOnMissingClass did not find unwanted class (OnClassCondition)

   PersistenceExceptionTranslationAutoConfiguration#persistenceExceptionTranslationPostProcessor matched:
      - @ConditionalOnProperty (spring.dao.exceptiontranslation.enabled) matched (OnPropertyCondition)
      - @ConditionalOnMissingBean (types: org.springframework.dao.annotation.PersistenceExceptionTranslationPostProcessor; SearchStrategy: all) did not find any beans (OnBeanCondition)

   PropertyPlaceholderAutoConfiguration#propertySourcesPlaceholderConfigurer matched:
      - @ConditionalOnMissingBean (types: org.springframework.context.support.PropertySourcesPlaceholderConfigurer; SearchStrategy: current) did not find any beans (OnBeanCondition)

   ReactorCoreAutoConfiguration matched:
      - @ConditionalOnClass found required classes 'reactor.core.publisher.Mono', 'reactor.core.publisher.Flux'; @ConditionalOnMissingClass did not find unwanted class (OnClassCondition)

   RedisAutoConfiguration matched:
      - @ConditionalOnClass found required class 'org.springframework.data.redis.core.RedisOperations'; @ConditionalOnMissingClass did not find unwanted class (OnClassCondition)

   RedisAutoConfiguration#redisTemplate matched:
      - @ConditionalOnMissingBean (names: redisTemplate; SearchStrategy: all) did not find any beans (OnBeanCondition)

   RedisAutoConfiguration#stringRedisTemplate matched:
      - @ConditionalOnMissingBean (types: org.springframework.data.redis.core.StringRedisTemplate; SearchStrategy: all) did not find any beans (OnBeanCondition)

   RedisCacheConfiguration matched:
      - Cache org.springframework.boot.autoconfigure.cache.RedisCacheConfiguration automatic cache type (CacheCondition)

   RedisReactiveAutoConfiguration matched:
      - @ConditionalOnClass found required classes 'org.springframework.data.redis.connection.ReactiveRedisConnectionFactory', 'org.springframework.data.redis.core.ReactiveRedisTemplate', 'reactor.core.publisher.Flux'; @ConditionalOnMissingClass did not find unwanted class (OnClassCondition)

   RedisReactiveAutoConfiguration#reactiveRedisTemplate matched:
      - @ConditionalOnBean (types: org.springframework.data.redis.connection.ReactiveRedisConnectionFactory; SearchStrategy: all) found bean 'redisConnectionFactory'; @ConditionalOnMissingBean (names: reactiveRedisTemplate; SearchStrategy: all) did not find any beans (OnBeanCondition)

   RedisRepositoriesAutoConfiguration matched:
      - @ConditionalOnClass found required class 'org.springframework.data.redis.repository.configuration.EnableRedisRepositories'; @ConditionalOnMissingClass did not find unwanted class (OnClassCondition)
      - @ConditionalOnProperty (spring.data.redis.repositories.enabled=true) matched (OnPropertyCondition)
      - @ConditionalOnBean (types: org.springframework.data.redis.connection.RedisConnectionFactory; SearchStrategy: all) found bean 'redisConnectionFactory'; @ConditionalOnMissingBean (types: org.springframework.data.redis.repository.support.RedisRepositoryFactoryBean; SearchStrategy: all) did not find any beans (OnBeanCondition)

   RestTemplateAutoConfiguration matched:
      - @ConditionalOnClass found required class 'org.springframework.web.client.RestTemplate'; @ConditionalOnMissingClass did not find unwanted class (OnClassCondition)

   RestTemplateAutoConfiguration#restTemplateBuilder matched:
      - @ConditionalOnMissingBean (types: org.springframework.boot.web.client.RestTemplateBuilder; SearchStrategy: all) did not find any beans (OnBeanCondition)

   ServletWebServerFactoryAutoConfiguration matched:
      - @ConditionalOnClass found required class 'javax.servlet.ServletRequest'; @ConditionalOnMissingClass did not find unwanted class (OnClassCondition)
      - found ConfigurableWebEnvironment (OnWebApplicationCondition)

   ServletWebServerFactoryAutoConfiguration#tomcatServletWebServerFactoryCustomizer matched:
      - @ConditionalOnClass found required class 'org.apache.catalina.startup.Tomcat'; @ConditionalOnMissingClass did not find unwanted class (OnClassCondition)

   ServletWebServerFactoryConfiguration.EmbeddedTomcat matched:
      - @ConditionalOnClass found required classes 'javax.servlet.Servlet', 'org.apache.catalina.startup.Tomcat', 'org.apache.coyote.UpgradeProtocol'; @ConditionalOnMissingClass did not find unwanted class (OnClassCondition)
      - @ConditionalOnMissingBean (types: org.springframework.boot.web.servlet.server.ServletWebServerFactory; SearchStrategy: current) did not find any beans (OnBeanCondition)

   SimpleCacheConfiguration matched:
      - Cache org.springframework.boot.autoconfigure.cache.SimpleCacheConfiguration automatic cache type (CacheCondition)

   SpringApplicationAdminJmxAutoConfiguration matched:
      - @ConditionalOnProperty (spring.application.admin.enabled=true) matched (OnPropertyCondition)

   SpringApplicationAdminJmxAutoConfiguration#springApplicationAdminRegistrar matched:
      - @ConditionalOnMissingBean (types: org.springframework.boot.admin.SpringApplicationAdminMXBeanRegistrar; SearchStrategy: all) did not find any beans (OnBeanCondition)

   SpringDataWebAutoConfiguration matched:
      - @ConditionalOnClass found required classes 'org.springframework.data.web.PageableHandlerMethodArgumentResolver', 'org.springframework.web.servlet.config.annotation.WebMvcConfigurer'; @ConditionalOnMissingClass did not find unwanted class (OnClassCondition)
      - found ConfigurableWebEnvironment (OnWebApplicationCondition)
      - @ConditionalOnMissingBean (types: org.springframework.data.web.PageableHandlerMethodArgumentResolver; SearchStrategy: all) did not find any beans (OnBeanCondition)

   SpringDataWebAutoConfiguration#pageableCustomizer matched:
      - @ConditionalOnMissingBean (types: org.springframework.data.web.config.PageableHandlerMethodArgumentResolverCustomizer; SearchStrategy: all) did not find any beans (OnBeanCondition)

   SpringDataWebAutoConfiguration#sortCustomizer matched:
      - @ConditionalOnMissingBean (types: org.springframework.data.web.config.SortHandlerMethodArgumentResolverCustomizer; SearchStrategy: all) did not find any beans (OnBeanCondition)

   TransactionAutoConfiguration matched:
      - @ConditionalOnClass found required class 'org.springframework.transaction.PlatformTransactionManager'; @ConditionalOnMissingClass did not find unwanted class (OnClassCondition)

   TransactionAutoConfiguration#platformTransactionManagerCustomizers matched:
      - @ConditionalOnMissingBean (types: org.springframework.boot.autoconfigure.transaction.TransactionManagerCustomizers; SearchStrategy: all) did not find any beans (OnBeanCondition)

   TransactionAutoConfiguration.TransactionTemplateConfiguration matched:
      - @ConditionalOnSingleCandidate (types: org.springframework.transaction.PlatformTransactionManager; SearchStrategy: all) found a primary bean from beans 'transactionManager' (OnBeanCondition)

   TransactionAutoConfiguration.TransactionTemplateConfiguration#transactionTemplate matched:
      - @ConditionalOnMissingBean (types: org.springframework.transaction.support.TransactionTemplate; SearchStrategy: all) did not find any beans (OnBeanCondition)

   ValidationAutoConfiguration matched:
      - @ConditionalOnClass found required class 'javax.validation.executable.ExecutableValidator'; @ConditionalOnMissingClass did not find unwanted class (OnClassCondition)
      - @ConditionalOnResource found location classpath:META-INF/services/javax.validation.spi.ValidationProvider (OnResourceCondition)

   ValidationAutoConfiguration#defaultValidator matched:
      - @ConditionalOnMissingBean (types: javax.validation.Validator; SearchStrategy: all) did not find any beans (OnBeanCondition)

   ValidationAutoConfiguration#methodValidationPostProcessor matched:
      - @ConditionalOnMissingBean (types: org.springframework.validation.beanvalidation.MethodValidationPostProcessor; SearchStrategy: all) did not find any beans (OnBeanCondition)

   WebMvcAutoConfiguration matched:
      - @ConditionalOnClass found required classes 'javax.servlet.Servlet', 'org.springframework.web.servlet.DispatcherServlet', 'org.springframework.web.servlet.config.annotation.WebMvcConfigurer'; @ConditionalOnMissingClass did not find unwanted class (OnClassCondition)
      - found ConfigurableWebEnvironment (OnWebApplicationCondition)
      - @ConditionalOnMissingBean (types: org.springframework.web.servlet.config.annotation.WebMvcConfigurationSupport; SearchStrategy: all) did not find any beans (OnBeanCondition)

   WebMvcAutoConfiguration#hiddenHttpMethodFilter matched:
      - @ConditionalOnMissingBean (types: org.springframework.web.filter.HiddenHttpMethodFilter; SearchStrategy: all) did not find any beans (OnBeanCondition)

   WebMvcAutoConfiguration#httpPutFormContentFilter matched:
      - @ConditionalOnProperty (spring.mvc.formcontent.putfilter.enabled) matched (OnPropertyCondition)
      - @ConditionalOnMissingBean (types: org.springframework.web.filter.HttpPutFormContentFilter; SearchStrategy: all) did not find any beans (OnBeanCondition)

   WebMvcAutoConfiguration.WebMvcAutoConfigurationAdapter#defaultViewResolver matched:
      - @ConditionalOnMissingBean (types: org.springframework.web.servlet.view.InternalResourceViewResolver; SearchStrategy: all) did not find any beans (OnBeanCondition)

   WebMvcAutoConfiguration.WebMvcAutoConfigurationAdapter#requestContextFilter matched:
      - @ConditionalOnMissingBean (types: org.springframework.web.context.request.RequestContextListener,org.springframework.web.filter.RequestContextFilter; SearchStrategy: all) did not find any beans (OnBeanCondition)

   WebMvcAutoConfiguration.WebMvcAutoConfigurationAdapter.FaviconConfiguration matched:
      - @ConditionalOnProperty (spring.mvc.favicon.enabled) matched (OnPropertyCondition)

   WebSocketServletAutoConfiguration matched:
      - @ConditionalOnClass found required classes 'javax.servlet.Servlet', 'javax.websocket.server.ServerContainer'; @ConditionalOnMissingClass did not find unwanted class (OnClassCondition)
      - found ConfigurableWebEnvironment (OnWebApplicationCondition)

   WebSocketServletAutoConfiguration.TomcatWebSocketConfiguration matched:
      - @ConditionalOnClass found required classes 'org.apache.catalina.startup.Tomcat', 'org.apache.tomcat.websocket.server.WsSci'; @ConditionalOnMissingClass did not find unwanted class (OnClassCondition)

   WebSocketServletAutoConfiguration.TomcatWebSocketConfiguration#websocketContainerCustomizer matched:
      - @ConditionalOnMissingBean (names: websocketServletWebServerCustomizer; SearchStrategy: all) did not find any beans (OnBeanCondition)


Negative matches:
-----------------

   ActiveMQAutoConfiguration:
      Did not match:
         - @ConditionalOnClass did not find required classes 'javax.jms.ConnectionFactory', 'org.apache.activemq.ActiveMQConnectionFactory' (OnClassCondition)

   AopAutoConfiguration.JdkDynamicAutoProxyConfiguration:
      Did not match:
         - @ConditionalOnProperty (spring.aop.proxy-target-class=false) found different value in property 'proxy-target-class' (OnPropertyCondition)

   ArtemisAutoConfiguration:
      Did not match:
         - @ConditionalOnClass did not find required classes 'javax.jms.ConnectionFactory', 'org.apache.activemq.artemis.jms.client.ActiveMQConnectionFactory' (OnClassCondition)

   BatchAutoConfiguration:
      Did not match:
         - @ConditionalOnClass did not find required class 'org.springframework.batch.core.launch.JobLauncher' (OnClassCondition)

   CacheAutoConfiguration:
      Did not match:
         - @ConditionalOnBean (types: org.springframework.cache.interceptor.CacheAspectSupport; SearchStrategy: all) did not find any beans of type org.springframework.cache.interceptor.CacheAspectSupport (OnBeanCondition)
      Matched:
         - @ConditionalOnClass found required class 'org.springframework.cache.CacheManager'; @ConditionalOnMissingClass did not find unwanted class (OnClassCondition)

   CacheAutoConfiguration.CacheManagerJpaDependencyConfiguration:
      Did not match:
         - @ConditionalOnClass did not find required class 'org.springframework.orm.jpa.LocalContainerEntityManagerFactoryBean' (OnClassCondition)
         - Ancestor org.springframework.boot.autoconfigure.cache.CacheAutoConfiguration did not match (ConditionEvaluationReport.AncestorsMatchedCondition)

   CaffeineCacheConfiguration:
      Did not match:
         - @ConditionalOnClass did not find required class 'com.github.benmanes.caffeine.cache.Caffeine' (OnClassCondition)

   CassandraAutoConfiguration:
      Did not match:
         - @ConditionalOnClass did not find required class 'com.datastax.driver.core.Cluster' (OnClassCondition)

   CassandraDataAutoConfiguration:
      Did not match:
         - @ConditionalOnClass did not find required classes 'com.datastax.driver.core.Cluster', 'org.springframework.data.cassandra.core.CassandraAdminOperations' (OnClassCondition)

   CassandraReactiveDataAutoConfiguration:
      Did not match:
         - @ConditionalOnClass did not find required classes 'com.datastax.driver.core.Cluster', 'org.springframework.data.cassandra.core.ReactiveCassandraTemplate' (OnClassCondition)

   CassandraReactiveRepositoriesAutoConfiguration:
      Did not match:
         - @ConditionalOnClass did not find required classes 'org.springframework.data.cassandra.ReactiveSession', 'org.springframework.data.cassandra.repository.ReactiveCassandraRepository' (OnClassCondition)

   CassandraRepositoriesAutoConfiguration:
      Did not match:
         - @ConditionalOnClass did not find required classes 'com.datastax.driver.core.Session', 'org.springframework.data.cassandra.repository.CassandraRepository' (OnClassCondition)

   CloudAutoConfiguration:
      Did not match:
         - @ConditionalOnClass did not find required class 'org.springframework.cloud.config.java.CloudScanConfiguration' (OnClassCondition)

   CouchbaseAutoConfiguration:
      Did not match:
         - @ConditionalOnClass did not find required classes 'com.couchbase.client.java.CouchbaseBucket', 'com.couchbase.client.java.Cluster' (OnClassCondition)

   CouchbaseCacheConfiguration:
      Did not match:
         - @ConditionalOnClass did not find required classes 'com.couchbase.client.java.Bucket', 'com.couchbase.client.spring.cache.CouchbaseCacheManager' (OnClassCondition)

   CouchbaseDataAutoConfiguration:
      Did not match:
         - @ConditionalOnClass did not find required classes 'com.couchbase.client.java.Bucket', 'org.springframework.data.couchbase.repository.CouchbaseRepository' (OnClassCondition)

   CouchbaseReactiveDataAutoConfiguration:
      Did not match:
         - @ConditionalOnClass did not find required classes 'com.couchbase.client.java.Bucket', 'org.springframework.data.couchbase.repository.ReactiveCouchbaseRepository' (OnClassCondition)

   CouchbaseReactiveRepositoriesAutoConfiguration:
      Did not match:
         - @ConditionalOnClass did not find required classes 'com.couchbase.client.java.Bucket', 'org.springframework.data.couchbase.repository.ReactiveCouchbaseRepository' (OnClassCondition)

   CouchbaseRepositoriesAutoConfiguration:
      Did not match:
         - @ConditionalOnClass did not find required classes 'com.couchbase.client.java.Bucket', 'org.springframework.data.couchbase.repository.CouchbaseRepository' (OnClassCondition)

   DataSourceAutoConfiguration.EmbeddedDatabaseConfiguration:
      Did not match:
         - EmbeddedDataSource found supported pooled data source (DataSourceAutoConfiguration.EmbeddedDatabaseCondition)

   DataSourceAutoConfiguration.PooledDataSourceConfiguration:
      Did not match:
         - @ConditionalOnMissingBean (types: javax.sql.DataSource,javax.sql.XADataSource; SearchStrategy: all) found beans of type 'javax.sql.DataSource' dataSource (OnBeanCondition)
      Matched:
         - AnyNestedCondition 2 matched 0 did not; NestedCondition on DataSourceAutoConfiguration.PooledDataSourceCondition.PooledDataSourceAvailable PooledDataSource found supported DataSource; NestedCondition on DataSourceAutoConfiguration.PooledDataSourceCondition.ExplicitType @ConditionalOnProperty (spring.datasource.type) matched (DataSourceAutoConfiguration.PooledDataSourceCondition)

   DataSourceConfiguration.Dbcp2:
      Did not match:
         - @ConditionalOnClass did not find required class 'org.apache.commons.dbcp2.BasicDataSource' (OnClassCondition)

   DataSourceConfiguration.Hikari:
      Did not match:
         - @ConditionalOnProperty (spring.datasource.type=com.zaxxer.hikari.HikariDataSource) found different value in property 'spring.datasource.type' (OnPropertyCondition)
      Matched:
         - @ConditionalOnClass found required class 'com.zaxxer.hikari.HikariDataSource'; @ConditionalOnMissingClass did not find unwanted class (OnClassCondition)

   DataSourceConfiguration.Tomcat:
      Did not match:
         - @ConditionalOnClass did not find required class 'org.apache.tomcat.jdbc.pool.DataSource' (OnClassCondition)

   DataSourceJmxConfiguration.TomcatDataSourceJmxConfiguration:
      Did not match:
         - @ConditionalOnClass did not find required class 'org.apache.tomcat.jdbc.pool.DataSourceProxy' (OnClassCondition)

   DataSourcePoolMetadataProvidersConfiguration.CommonsDbcp2PoolDataSourceMetadataProviderConfiguration:
      Did not match:
         - @ConditionalOnClass did not find required class 'org.apache.commons.dbcp2.BasicDataSource' (OnClassCondition)

   DataSourcePoolMetadataProvidersConfiguration.TomcatDataSourcePoolMetadataProviderConfiguration:
      Did not match:
         - @ConditionalOnClass did not find required class 'org.apache.tomcat.jdbc.pool.DataSource' (OnClassCondition)

   DevToolsDataSourceAutoConfiguration:
      Did not match:
         - DevTools DataSource Condition did not find an auto-configured DataSource (DevToolsDataSourceAutoConfiguration.DevToolsDataSourceCondition)

   DevToolsDataSourceAutoConfiguration.DatabaseShutdownExecutorJpaDependencyConfiguration:
      Did not match:
         - @ConditionalOnClass did not find required class 'org.springframework.orm.jpa.LocalContainerEntityManagerFactoryBean' (OnClassCondition)
         - Ancestor org.springframework.boot.devtools.autoconfigure.DevToolsDataSourceAutoConfiguration did not match (ConditionEvaluationReport.AncestorsMatchedCondition)

   DispatcherServletAutoConfiguration.DispatcherServletConfiguration#multipartResolver:
      Did not match:
         - @ConditionalOnMissingBean (names: multipartResolver; SearchStrategy: all) found beans named multipartResolver (OnBeanCondition)

   EhCacheCacheConfiguration:
      Did not match:
         - @ConditionalOnClass did not find required class 'net.sf.ehcache.Cache' (OnClassCondition)

   ElasticsearchAutoConfiguration:
      Did not match:
         - @ConditionalOnClass did not find required classes 'org.elasticsearch.client.Client', 'org.springframework.data.elasticsearch.client.TransportClientFactoryBean' (OnClassCondition)

   ElasticsearchDataAutoConfiguration:
      Did not match:
         - @ConditionalOnClass did not find required classes 'org.elasticsearch.client.Client', 'org.springframework.data.elasticsearch.core.ElasticsearchTemplate' (OnClassCondition)

   ElasticsearchRepositoriesAutoConfiguration:
      Did not match:
         - @ConditionalOnClass did not find required classes 'org.elasticsearch.client.Client', 'org.springframework.data.elasticsearch.repository.ElasticsearchRepository' (OnClassCondition)

   EmbeddedLdapAutoConfiguration:
      Did not match:
         - @ConditionalOnClass did not find required class 'com.unboundid.ldap.listener.InMemoryDirectoryServer' (OnClassCondition)

   EmbeddedMongoAutoConfiguration:
      Did not match:
         - @ConditionalOnClass did not find required classes 'com.mongodb.MongoClient', 'de.flapdoodle.embed.mongo.MongodStarter' (OnClassCondition)

   EmbeddedWebServerFactoryCustomizerAutoConfiguration.JettyWebServerFactoryCustomizerConfiguration:
      Did not match:
         - @ConditionalOnClass did not find required classes 'org.eclipse.jetty.server.Server', 'org.eclipse.jetty.util.Loader', 'org.eclipse.jetty.webapp.WebAppContext' (OnClassCondition)

   EmbeddedWebServerFactoryCustomizerAutoConfiguration.UndertowWebServerFactoryCustomizerConfiguration:
      Did not match:
         - @ConditionalOnClass did not find required classes 'io.undertow.Undertow', 'org.xnio.SslClientAuthMode' (OnClassCondition)

   ErrorWebFluxAutoConfiguration:
      Did not match:
         - @ConditionalOnClass did not find required class 'org.springframework.web.reactive.config.WebFluxConfigurer' (OnClassCondition)

   FlywayAutoConfiguration:
      Did not match:
         - @ConditionalOnClass did not find required class 'org.flywaydb.core.Flyway' (OnClassCondition)

   FreeMarkerAutoConfiguration:
      Did not match:
         - @ConditionalOnClass did not find required class 'freemarker.template.Configuration' (OnClassCondition)

   GroovyTemplateAutoConfiguration:
      Did not match:
         - @ConditionalOnClass did not find required class 'groovy.text.markup.MarkupTemplateEngine' (OnClassCondition)

   GsonHttpMessageConvertersConfiguration.GsonHttpMessageConverterConfiguration:
      Did not match:
         - AnyNestedCondition 0 matched 2 did not; NestedCondition on GsonHttpMessageConvertersConfiguration.PreferGsonOrJacksonAndJsonbUnavailableCondition.JacksonJsonbUnavailable NoneNestedConditions 1 matched 1 did not; NestedCondition on GsonHttpMessageConvertersConfiguration.JacksonAndJsonbUnavailableCondition.JsonbPreferred @ConditionalOnProperty (spring.http.converters.preferred-json-mapper=jsonb) did not find property 'spring.http.converters.preferred-json-mapper'; NestedCondition on GsonHttpMessageConvertersConfiguration.JacksonAndJsonbUnavailableCondition.JacksonAvailable @ConditionalOnBean (types: org.springframework.http.converter.json.MappingJackson2HttpMessageConverter; SearchStrategy: all) found bean 'mappingJackson2HttpMessageConverter'; NestedCondition on GsonHttpMessageConvertersConfiguration.PreferGsonOrJacksonAndJsonbUnavailableCondition.GsonPreferred @ConditionalOnProperty (spring.http.converters.preferred-json-mapper=gson) did not find property 'spring.http.converters.preferred-json-mapper' (GsonHttpMessageConvertersConfiguration.PreferGsonOrJacksonAndJsonbUnavailableCondition)

   H2ConsoleAutoConfiguration:
      Did not match:
         - @ConditionalOnClass did not find required class 'org.h2.server.web.WebServlet' (OnClassCondition)

   HazelcastAutoConfiguration:
      Did not match:
         - @ConditionalOnClass did not find required class 'com.hazelcast.core.HazelcastInstance' (OnClassCondition)

   HazelcastCacheConfiguration:
      Did not match:
         - @ConditionalOnClass did not find required classes 'com.hazelcast.core.HazelcastInstance', 'com.hazelcast.spring.cache.HazelcastCacheManager' (OnClassCondition)

   HazelcastJpaDependencyAutoConfiguration:
      Did not match:
         - @ConditionalOnClass did not find required classes 'com.hazelcast.core.HazelcastInstance', 'org.springframework.orm.jpa.LocalContainerEntityManagerFactoryBean' (OnClassCondition)

   HibernateJpaAutoConfiguration:
      Did not match:
         - @ConditionalOnClass did not find required class 'org.springframework.orm.jpa.LocalContainerEntityManagerFactoryBean' (OnClassCondition)

   HttpHandlerAutoConfiguration:
      Did not match:
         - @ConditionalOnClass did not find required class 'org.springframework.web.reactive.DispatcherHandler' (OnClassCondition)

   HypermediaAutoConfiguration:
      Did not match:
         - @ConditionalOnClass did not find required classes 'org.springframework.hateoas.Resource', 'org.springframework.plugin.core.Plugin' (OnClassCondition)

   InfinispanCacheConfiguration:
      Did not match:
         - @ConditionalOnClass did not find required class 'org.infinispan.spring.provider.SpringEmbeddedCacheManager' (OnClassCondition)

   InfluxDbAutoConfiguration:
      Did not match:
         - @ConditionalOnClass did not find required class 'org.influxdb.InfluxDB' (OnClassCondition)

   IntegrationAutoConfiguration:
      Did not match:
         - @ConditionalOnClass did not find required class 'org.springframework.integration.config.EnableIntegration' (OnClassCondition)

   JCacheCacheConfiguration:
      Did not match:
         - @ConditionalOnClass did not find required class 'javax.cache.Caching' (OnClassCondition)

   JacksonAutoConfiguration.JodaDateTimeJacksonConfiguration:
      Did not match:
         - @ConditionalOnClass did not find required classes 'org.joda.time.DateTime', 'com.fasterxml.jackson.datatype.joda.ser.DateTimeSerializer', 'com.fasterxml.jackson.datatype.joda.cfg.JacksonJodaDateFormat' (OnClassCondition)

   JacksonHttpMessageConvertersConfiguration.MappingJackson2XmlHttpMessageConverterConfiguration:
      Did not match:
         - @ConditionalOnClass did not find required class 'com.fasterxml.jackson.dataformat.xml.XmlMapper' (OnClassCondition)

   JedisConnectionConfiguration#redisConnectionFactory:
      Did not match:
         - @ConditionalOnMissingBean (types: org.springframework.data.redis.connection.RedisConnectionFactory; SearchStrategy: all) found beans of type 'org.springframework.data.redis.connection.RedisConnectionFactory' redisConnectionFactory (OnBeanCondition)

   JerseyAutoConfiguration:
      Did not match:
         - @ConditionalOnClass did not find required class 'org.glassfish.jersey.server.spring.SpringComponentProvider' (OnClassCondition)

   JestAutoConfiguration:
      Did not match:
         - @ConditionalOnClass did not find required class 'io.searchbox.client.JestClient' (OnClassCondition)

   JmsAutoConfiguration:
      Did not match:
         - @ConditionalOnClass did not find required classes 'javax.jms.Message', 'org.springframework.jms.core.JmsTemplate' (OnClassCondition)

   JndiConnectionFactoryAutoConfiguration:
      Did not match:
         - @ConditionalOnClass did not find required class 'org.springframework.jms.core.JmsTemplate' (OnClassCondition)

   JndiDataSourceAutoConfiguration:
      Did not match:
         - @ConditionalOnProperty (spring.datasource.jndi-name) did not find property 'jndi-name' (OnPropertyCondition)
      Matched:
         - @ConditionalOnClass found required classes 'javax.sql.DataSource', 'org.springframework.jdbc.datasource.embedded.EmbeddedDatabaseType'; @ConditionalOnMissingClass did not find unwanted class (OnClassCondition)

   JooqAutoConfiguration:
      Did not match:
         - @ConditionalOnClass did not find required class 'org.jooq.DSLContext' (OnClassCondition)

   JpaRepositoriesAutoConfiguration:
      Did not match:
         - @ConditionalOnClass did not find required class 'org.springframework.data.jpa.repository.JpaRepository' (OnClassCondition)

   JsonbAutoConfiguration:
      Did not match:
         - @ConditionalOnClass did not find required class 'javax.json.bind.Jsonb' (OnClassCondition)

   JsonbHttpMessageConvertersConfiguration:
      Did not match:
         - @ConditionalOnClass did not find required class 'javax.json.bind.Jsonb' (OnClassCondition)

   JtaAutoConfiguration:
      Did not match:
         - @ConditionalOnClass did not find required class 'javax.transaction.Transaction' (OnClassCondition)

   KafkaAutoConfiguration:
      Did not match:
         - @ConditionalOnClass did not find required class 'org.springframework.kafka.core.KafkaTemplate' (OnClassCondition)

   LdapAutoConfiguration:
      Did not match:
         - @ConditionalOnClass did not find required class 'org.springframework.ldap.core.ContextSource' (OnClassCondition)

   LdapDataAutoConfiguration:
      Did not match:
         - @ConditionalOnClass did not find required class 'org.springframework.data.ldap.repository.LdapRepository' (OnClassCondition)

   LdapRepositoriesAutoConfiguration:
      Did not match:
         - @ConditionalOnClass did not find required class 'org.springframework.data.ldap.repository.LdapRepository' (OnClassCondition)

   LiquibaseAutoConfiguration:
      Did not match:
         - @ConditionalOnClass did not find required classes 'liquibase.integration.spring.SpringLiquibase', 'liquibase.change.DatabaseChange' (OnClassCondition)

   MailSenderAutoConfiguration:
      Did not match:
         - AnyNestedCondition 0 matched 2 did not; NestedCondition on MailSenderAutoConfiguration.MailSenderCondition.JndiNameProperty @ConditionalOnProperty (spring.mail.jndi-name) did not find property 'jndi-name'; NestedCondition on MailSenderAutoConfiguration.MailSenderCondition.HostProperty @ConditionalOnProperty (spring.mail.host) did not find property 'host' (MailSenderAutoConfiguration.MailSenderCondition)
      Matched:
         - @ConditionalOnClass found required classes 'javax.mail.internet.MimeMessage', 'javax.activation.MimeType'; @ConditionalOnMissingClass did not find unwanted class (OnClassCondition)

   MailSenderValidatorAutoConfiguration:
      Did not match:
         - @ConditionalOnProperty (spring.mail.test-connection) did not find property 'test-connection' (OnPropertyCondition)

   MessageSourceAutoConfiguration:
      Did not match:
         - ResourceBundle did not find bundle with basename messages (MessageSourceAutoConfiguration.ResourceBundleCondition)

   MongoAutoConfiguration:
      Did not match:
         - @ConditionalOnClass did not find required class 'com.mongodb.MongoClient' (OnClassCondition)

   MongoDataAutoConfiguration:
      Did not match:
         - @ConditionalOnClass did not find required classes 'com.mongodb.MongoClient', 'org.springframework.data.mongodb.core.MongoTemplate' (OnClassCondition)

   MongoReactiveAutoConfiguration:
      Did not match:
         - @ConditionalOnClass did not find required class 'com.mongodb.reactivestreams.client.MongoClient' (OnClassCondition)

   MongoReactiveDataAutoConfiguration:
      Did not match:
         - @ConditionalOnClass did not find required classes 'com.mongodb.reactivestreams.client.MongoClient', 'org.springframework.data.mongodb.core.ReactiveMongoTemplate' (OnClassCondition)

   MongoReactiveRepositoriesAutoConfiguration:
      Did not match:
         - @ConditionalOnClass did not find required classes 'com.mongodb.reactivestreams.client.MongoClient', 'org.springframework.data.mongodb.repository.ReactiveMongoRepository' (OnClassCondition)

   MongoRepositoriesAutoConfiguration:
      Did not match:
         - @ConditionalOnClass did not find required classes 'com.mongodb.MongoClient', 'org.springframework.data.mongodb.repository.MongoRepository' (OnClassCondition)

   MultipartAutoConfiguration#multipartResolver:
      Did not match:
         - @ConditionalOnMissingBean (types: org.springframework.web.multipart.MultipartResolver; SearchStrategy: all) found beans of type 'org.springframework.web.multipart.MultipartResolver' multipartResolver (OnBeanCondition)

   MustacheAutoConfiguration:
      Did not match:
         - @ConditionalOnClass did not find required class 'com.samskivert.mustache.Mustache' (OnClassCondition)

   MybatisAutoConfiguration.MapperScannerRegistrarNotFoundConfiguration:
      Did not match:
         - @ConditionalOnMissingBean (types: org.mybatis.spring.mapper.MapperFactoryBean; SearchStrategy: all) found beans of type 'org.mybatis.spring.mapper.MapperFactoryBean' &transportMapper, &menuMapper, &QRLoginMapper, &customerRelManaMapper, &messageMapper, &predepositMapper, &groupIndexMapper, &documentMapper, &supperMapper, &appPushLogMapper, &sysLogMapper, &accessoryMapper, &enoughReduceMapper, &goodsCaseMapper, &storeStatMapper, &goodsBrandMapper, &storeGradeMapper, &informationReplyMapper, &sysConfigMapper, &weixinChannelFloorMapper, &integralGoodsMapper, &systemTipMapper, &combinPlanMapper, &cloudPurchaseGoodsMapper, &snsAttentionMapper, &goodsFloorMapper, &predepositLogMapper, &refundApplyFormMapper, &showClassMapper, &chattingLogMapper, &nukeGoodsMapper, &expressInfoMapper, &cloudPurchaseCodeMapper, &appVersionMapper, &chattingMapper, &weixinChannelMapper, &articleClassMapper, &informationClassMapper, &cloudPurchaseRecordMapper, &roleGroupMapper, &advertPositionMapper, &goodsBrandCategoryMapper, &groupLifeGoodsMapper, &predepositCashMapper, &orderFormMapper, &consultMapper, &cloudPurchaseLotteryMapper, &goodsSpecificationMapper, &VMenuMapper, &groupClassMapper, &cloudPurchaseCartMapper, &redPigMapper, &articleMapper, &goldLogMapper, &appIndexFloorMapper, &goodsTypeMapper, &circleInvitationMapper, &goodsReturnMapper, &salesLogMapper, &userShareMapper, &complaintSubjectMapper, &storeHouseMapper, &cloudPurchaseOrderMapper, &templateMapper, &informationMapper, &storePartnerMapper, &weixinFloorMapper, &groupPriceRangeMapper, &groupFloorMapper, &footPointMapper, &storePointMapper, &addressMapper, &complaintMapper, &inventoryMapper, &consultSatisMapper, &nukeClassMapper, &groupAreaMapper, &userGoodsClassMapper, &complaintGoodsMapper, &userConfigMapper, &nukeMapper, &verifyCodeMapper, &resMapper, &goodsSpecPropertyMapper, &activityGoodsMapper, &freeApplyLogMapper, &storeNavigationMapper, &appTopicsMapper, &userTagMapper, &VMessageMapper, &transAreaMapper, &partnerMapper, &goldRecordMapper, &albumMapper, &logTypeMapper, &appPushUserMapper, &couponInfoMapper, &freeClassMapper, &ZTCGoldLogMapper, &advertMapper, &goodsCartMapper, &expressCompanyMapper, &navigationMapper, &groupAreaInfoMapper, &storeAdjustInfoMapper, &paymentMapper, &expressCompanyCommonMapper, &waterMarkMapper, &areaMapper, &userLevelMapper, &replyContentMapper, &smsGoldLogMapper, &cloudPurchaseEveryColorMapper, &roleMapper, &chattingConfigMapper, &integralGoodsCartMapper, &inventoryOperationMapper, &chattingUserMapper, &circleInvitationReplyMapper, &groupInfoMapper, &rechargeCardMapper, &payoffLogMapper, &snapshotMapper, &returnGoodsLogMapper, &subjectMapper, &shipAddressMapper, &evaluateMapper, &storeMapper, &merchantServicesMapper, &favoriteMapper, &buyGiftMapper, &refundLogMapper, &goodsTypePropertyMapper, &circleMapper, &vatInvoiceMapper, &orderFormLogMapper, &limitSellingMapper, &praiseMapper, &integralGoodsOrderMapper, &integralLogMapper, &userMapper, &goodsFormatMapper, &goodsTagMapper, &appOperativeVersionMapper, &FTPServerMapper, &storeSlideMapper, &goodsMapper, &channelFloorMapper, &couponMapper, &userDynamicMapper, &activityMapper, &deliveryAddressMapper, &cmsIndexTemplateMapper, &freeGoodsMapper, &logFieldTypeMapper, &goodsClassMapper, &circleClassMapper, &limitSellingGoodsMapper, &cloudPurchaseClassMapper, &goodsLogMapper, &groupMapper, &channelMapper, &groupGoodsMapper (OnBeanCondition)

   Neo4jDataAutoConfiguration:
      Did not match:
         - @ConditionalOnClass did not find required classes 'org.neo4j.ogm.session.SessionFactory', 'org.springframework.data.neo4j.transaction.Neo4jTransactionManager' (OnClassCondition)

   Neo4jRepositoriesAutoConfiguration:
      Did not match:
         - @ConditionalOnClass did not find required classes 'org.neo4j.ogm.session.Neo4jSession', 'org.springframework.data.neo4j.repository.Neo4jRepository' (OnClassCondition)

   OAuth2ClientAutoConfiguration:
      Did not match:
         - @ConditionalOnClass did not find required classes 'org.springframework.security.config.annotation.web.configuration.EnableWebSecurity', 'org.springframework.security.oauth2.client.registration.ClientRegistration' (OnClassCondition)

   ProjectInfoAutoConfiguration#buildProperties:
      Did not match:
         - @ConditionalOnResource did not find resource '${spring.info.build.location:classpath:META-INF/build-info.properties}' (OnResourceCondition)

   ProjectInfoAutoConfiguration#gitProperties:
      Did not match:
         - GitResource did not find git info at classpath:git.properties (ProjectInfoAutoConfiguration.GitResourceAvailableCondition)

   QuartzAutoConfiguration:
      Did not match:
         - @ConditionalOnClass did not find required class 'org.quartz.Scheduler' (OnClassCondition)

   RabbitAutoConfiguration:
      Did not match:
         - @ConditionalOnClass did not find required classes 'org.springframework.amqp.rabbit.core.RabbitTemplate', 'com.rabbitmq.client.Channel' (OnClassCondition)

   ReactiveUserDetailsServiceAutoConfiguration:
      Did not match:
         - @ConditionalOnClass did not find required class 'org.springframework.security.authentication.ReactiveAuthenticationManager' (OnClassCondition)

   ReactiveWebServerFactoryAutoConfiguration:
      Did not match:
         - not a reactive web application (OnWebApplicationCondition)
      Matched:
         - @ConditionalOnClass found required class 'org.springframework.http.ReactiveHttpInputMessage'; @ConditionalOnMissingClass did not find unwanted class (OnClassCondition)

   RemoteDevToolsAutoConfiguration:
      Did not match:
         - @ConditionalOnProperty (spring.devtools.remote.secret) did not find property 'secret' (OnPropertyCondition)
      Matched:
         - @ConditionalOnClass found required classes 'javax.servlet.Filter', 'org.springframework.http.server.ServerHttpRequest'; @ConditionalOnMissingClass did not find unwanted class (OnClassCondition)

   RepositoryRestMvcAutoConfiguration:
      Did not match:
         - @ConditionalOnClass did not find required class 'org.springframework.data.rest.webmvc.config.RepositoryRestMvcConfiguration' (OnClassCondition)

   SecurityAutoConfiguration:
      Did not match:
         - @ConditionalOnClass did not find required class 'org.springframework.security.authentication.DefaultAuthenticationEventPublisher' (OnClassCondition)

   SecurityFilterAutoConfiguration:
      Did not match:
         - @ConditionalOnClass did not find required classes 'org.springframework.security.web.context.AbstractSecurityWebApplicationInitializer', 'org.springframework.security.config.http.SessionCreationPolicy' (OnClassCondition)

   SendGridAutoConfiguration:
      Did not match:
         - @ConditionalOnClass did not find required class 'com.sendgrid.SendGrid' (OnClassCondition)

   ServletWebServerFactoryConfiguration.EmbeddedJetty:
      Did not match:
         - @ConditionalOnClass did not find required classes 'org.eclipse.jetty.server.Server', 'org.eclipse.jetty.util.Loader', 'org.eclipse.jetty.webapp.WebAppContext' (OnClassCondition)

   ServletWebServerFactoryConfiguration.EmbeddedUndertow:
      Did not match:
         - @ConditionalOnClass did not find required classes 'io.undertow.Undertow', 'org.xnio.SslClientAuthMode' (OnClassCondition)

   SessionAutoConfiguration:
      Did not match:
         - @ConditionalOnClass did not find required class 'org.springframework.session.Session' (OnClassCondition)

   SolrAutoConfiguration:
      Did not match:
         - @ConditionalOnClass did not find required classes 'org.apache.solr.client.solrj.impl.HttpSolrClient', 'org.apache.solr.client.solrj.impl.CloudSolrClient' (OnClassCondition)

   SolrRepositoriesAutoConfiguration:
      Did not match:
         - @ConditionalOnClass did not find required classes 'org.apache.solr.client.solrj.SolrClient', 'org.springframework.data.solr.repository.SolrRepository' (OnClassCondition)

   ThymeleafAutoConfiguration:
      Did not match:
         - @ConditionalOnClass did not find required class 'org.thymeleaf.templatemode.TemplateMode' (OnClassCondition)

   TransactionAutoConfiguration.EnableTransactionManagementConfiguration:
      Did not match:
         - @ConditionalOnMissingBean (types: org.springframework.transaction.annotation.AbstractTransactionManagementConfiguration; SearchStrategy: all) found beans of type 'org.springframework.transaction.annotation.AbstractTransactionManagementConfiguration' org.springframework.transaction.annotation.ProxyTransactionManagementConfiguration (OnBeanCondition)

   TransactionAutoConfiguration.EnableTransactionManagementConfiguration.CglibAutoProxyConfiguration:
      Did not match:
         - Ancestor org.springframework.boot.autoconfigure.transaction.TransactionAutoConfiguration$EnableTransactionManagementConfiguration did not match (ConditionEvaluationReport.AncestorsMatchedCondition)
      Matched:
         - @ConditionalOnProperty (spring.aop.proxy-target-class=true) matched (OnPropertyCondition)

   TransactionAutoConfiguration.EnableTransactionManagementConfiguration.JdkDynamicAutoProxyConfiguration:
      Did not match:
         - @ConditionalOnProperty (spring.aop.proxy-target-class=false) found different value in property 'proxy-target-class' (OnPropertyCondition)
         - Ancestor org.springframework.boot.autoconfigure.transaction.TransactionAutoConfiguration$EnableTransactionManagementConfiguration did not match (ConditionEvaluationReport.AncestorsMatchedCondition)

   UserDetailsServiceAutoConfiguration:
      Did not match:
         - @ConditionalOnClass did not find required class 'org.springframework.security.authentication.AuthenticationManager' (OnClassCondition)

   WebClientAutoConfiguration:
      Did not match:
         - @ConditionalOnClass did not find required class 'org.springframework.web.reactive.function.client.WebClient' (OnClassCondition)

   WebFluxAutoConfiguration:
      Did not match:
         - @ConditionalOnClass did not find required class 'org.springframework.web.reactive.config.WebFluxConfigurer' (OnClassCondition)

   WebFluxSecurityConfiguration:
      Did not match:
         - @ConditionalOnClass did not find required classes 'org.springframework.security.config.annotation.web.reactive.EnableWebFluxSecurity', 'org.springframework.security.web.server.WebFilterChainProxy' (OnClassCondition)

   WebMvcAutoConfiguration.ResourceChainCustomizerConfiguration:
      Did not match:
         - @ConditionalOnEnabledResourceChain did not find class org.webjars.WebJarAssetLocator (OnEnabledResourceChainCondition)

   WebMvcAutoConfiguration.WebMvcAutoConfigurationAdapter#beanNameViewResolver:
      Did not match:
         - @ConditionalOnMissingBean (types: org.springframework.web.servlet.view.BeanNameViewResolver; SearchStrategy: all) found beans of type 'org.springframework.web.servlet.view.BeanNameViewResolver' beanNameViewResolver (OnBeanCondition)

   WebMvcAutoConfiguration.WebMvcAutoConfigurationAdapter#localeResolver:
      Did not match:
         - @ConditionalOnProperty (spring.mvc.locale) did not find property 'locale' (OnPropertyCondition)

   WebMvcAutoConfiguration.WebMvcAutoConfigurationAdapter#viewResolver:
      Did not match:
         - @ConditionalOnMissingBean (names: viewResolver; types: org.springframework.web.servlet.view.ContentNegotiatingViewResolver; SearchStrategy: all) found beans named viewResolver (OnBeanCondition)

   WebServicesAutoConfiguration:
      Did not match:
         - @ConditionalOnClass did not find required class 'org.springframework.ws.transport.http.MessageDispatcherServlet' (OnClassCondition)

   WebSocketMessagingAutoConfiguration:
      Did not match:
         - @ConditionalOnClass did not find required class 'org.springframework.web.socket.config.annotation.WebSocketMessageBrokerConfigurer' (OnClassCondition)

   WebSocketReactiveAutoConfiguration:
      Did not match:
         - not a reactive web application (OnWebApplicationCondition)
      Matched:
         - @ConditionalOnClass found required classes 'javax.servlet.Servlet', 'javax.websocket.server.ServerContainer'; @ConditionalOnMissingClass did not find unwanted class (OnClassCondition)

   WebSocketServletAutoConfiguration.JettyWebSocketConfiguration:
      Did not match:
         - @ConditionalOnClass did not find required class 'org.eclipse.jetty.websocket.jsr356.server.deploy.WebSocketServerContainerInitializer' (OnClassCondition)

   WebSocketServletAutoConfiguration.UndertowWebSocketConfiguration:
      Did not match:
         - @ConditionalOnClass did not find required class 'io.undertow.websockets.jsr.Bootstrap' (OnClassCondition)

   XADataSourceAutoConfiguration:
      Did not match:
         - @ConditionalOnClass did not find required class 'javax.transaction.TransactionManager' (OnClassCondition)


Exclusions:
-----------

    None


Unconditional classes:
----------------------

    org.springframework.boot.autoconfigure.context.PropertyPlaceholderAutoConfiguration

    org.springframework.boot.autoconfigure.web.embedded.EmbeddedWebServerFactoryCustomizerAutoConfiguration

    org.springframework.boot.autoconfigure.security.reactive.ReactiveSecurityAutoConfiguration

    org.springframework.boot.autoconfigure.context.ConfigurationPropertiesAutoConfiguration

    org.springframework.boot.autoconfigure.info.ProjectInfoAutoConfiguration



2018-8-12 10:56:17 restartedMain INFO Tomcat started on port(s): 8802 (http) with context path ''
2018-8-12 10:56:17 restartedMain DEBUG Creating new Restarter for thread Thread[main,5,main]
2018-8-12 10:56:17 restartedMain DEBUG Immediately restarting application
2018-8-12 10:56:17 restartedMain DEBUG Created RestartClassLoader org.springframework.boot.devtools.restart.classloader.RestartClassLoader@3b95ae7b
2018-8-12 10:56:17 restartedMain DEBUG Starting application com.redpigmall.boot.RedPigWebStore with URLs [file:/D:/redpigcloud/redpigcloud_jd20180804/redpig-web-store/target/classes/, file:/D:/redpigcloud/redpigcloud_jd20180804/redpig-api/target/classes/, file:/D:/redpigcloud/redpigcloud_jd20180804/redpig-beans/target/classes/, file:/D:/redpigcloud/redpigcloud_jd20180804/redpig-buyer/target/classes/, file:/D:/redpigcloud/redpigcloud_jd20180804/redpig-cms/target/classes/, file:/D:/redpigcloud/redpigcloud_jd20180804/redpig-circle/target/classes/, file:/D:/redpigcloud/redpigcloud_jd20180804/redpig-yungou/target/classes/, file:/D:/redpigcloud/redpigcloud_jd20180804/redpig-chat/target/classes/, file:/D:/redpigcloud/redpigcloud_jd20180804/redpig-delivery/target/classes/, file:/D:/redpigcloud/redpigcloud_jd20180804/redpig-express/target/classes/, file:/D:/redpigcloud/redpigcloud_jd20180804/redpig-framework/target/classes/, file:/D:/redpigcloud/redpigcloud_jd20180804/redpig-payment/target/classes/, file:/D:/redpigcloud/redpigcloud_jd20180804/redpig-seller/target/classes/, file:/D:/redpigcloud/redpigcloud_jd20180804/redpig-sns/target/classes/]
2018-8-12 10:56:26 http-nio-8802-exec-1 DEBUG Bound request context to thread: org.apache.catalina.connector.RequestFacade@4fcf59c0
2018-8-12 10:56:26 http-nio-8802-exec-1 DEBUG Cleared thread-bound request context: org.apache.catalina.connector.RequestFacade@4fcf59c0
2018-8-12 10:56:26 http-nio-8802-exec-2 DEBUG Bound request context to thread: org.apache.catalina.connector.RequestFacade@4fcf59c0
2018-8-12 10:56:27 http-nio-8802-exec-2 DEBUG Cleared thread-bound request context: org.apache.catalina.connector.RequestFacade@4fcf59c0
2018-8-12 10:56:27 http-nio-8802-exec-3 DEBUG Bound request context to thread: org.apache.catalina.connector.RequestFacade@4fcf59c0
2018-8-12 10:56:27 http-nio-8802-exec-3 DEBUG Cleared thread-bound request context: org.apache.catalina.connector.RequestFacade@4fcf59c0
2018-8-12 10:56:33 http-nio-8802-exec-4 DEBUG Bound request context to thread: org.apache.catalina.connector.RequestFacade@4fcf59c0
2018-8-12 10:56:33 http-nio-8802-exec-4 DEBUG Cleared thread-bound request context: org.apache.catalina.connector.RequestFacade@4fcf59c0
2018-8-12 10:56:33 http-nio-8802-exec-5 DEBUG Bound request context to thread: org.apache.catalina.connector.RequestFacade@4fcf59c0
2018-8-12 10:56:33 http-nio-8802-exec-5 DEBUG Cleared thread-bound request context: org.apache.catalina.connector.RequestFacade@4fcf59c0
2018-8-12 10:56:33 http-nio-8802-exec-6 DEBUG Bound request context to thread: org.apache.catalina.connector.RequestFacade@4fcf59c0
2018-8-12 10:56:34 http-nio-8802-exec-6 DEBUG Cleared thread-bound request context: org.apache.catalina.connector.RequestFacade@4fcf59c0
2018-8-12 10:56:34 http-nio-8802-exec-7 DEBUG Bound request context to thread: org.apache.catalina.connector.RequestFacade@4fcf59c0
2018-8-12 10:56:35 http-nio-8802-exec-7 DEBUG Cleared thread-bound request context: org.apache.catalina.connector.RequestFacade@4fcf59c0
2018-8-12 10:56:43 http-nio-8802-exec-9 DEBUG Bound request context to thread: org.apache.catalina.connector.RequestFacade@4fcf59c0
2018-8-12 10:56:45 http-nio-8802-exec-9 DEBUG Cleared thread-bound request context: org.apache.catalina.connector.RequestFacade@4fcf59c0
2018-8-12 11:01:59 http-nio-8802-exec-2 DEBUG Bound request context to thread: org.apache.catalina.connector.RequestFacade@4fcf59c0
2018-8-12 11:01:59 http-nio-8802-exec-2 DEBUG Cleared thread-bound request context: org.apache.catalina.connector.RequestFacade@4fcf59c0
2018-8-12 11:01:59 http-nio-8802-exec-3 DEBUG Bound request context to thread: org.apache.catalina.connector.RequestFacade@4fcf59c0
2018-8-12 11:01:59 http-nio-8802-exec-3 DEBUG Cleared thread-bound request context: org.apache.catalina.connector.RequestFacade@4fcf59c0
2018-8-12 11:01:59 http-nio-8802-exec-4 DEBUG Bound request context to thread: org.apache.catalina.connector.RequestFacade@4fcf59c0
2018-8-12 11:01:59 http-nio-8802-exec-4 DEBUG Cleared thread-bound request context: org.apache.catalina.connector.RequestFacade@4fcf59c0
2018-8-12 11:02:05 http-nio-8802-exec-5 DEBUG Bound request context to thread: org.apache.catalina.connector.RequestFacade@4fcf59c0
2018-8-12 11:02:05 http-nio-8802-exec-5 DEBUG Cleared thread-bound request context: org.apache.catalina.connector.RequestFacade@4fcf59c0
2018-8-12 11:02:05 http-nio-8802-exec-6 DEBUG Bound request context to thread: org.apache.catalina.connector.RequestFacade@4fcf59c0
2018-8-12 11:02:05 http-nio-8802-exec-6 DEBUG Cleared thread-bound request context: org.apache.catalina.connector.RequestFacade@4fcf59c0
2018-8-12 11:02:05 http-nio-8802-exec-7 DEBUG Bound request context to thread: org.apache.catalina.connector.RequestFacade@4fcf59c0
2018-8-12 11:02:06 http-nio-8802-exec-7 DEBUG Cleared thread-bound request context: org.apache.catalina.connector.RequestFacade@4fcf59c0
2018-8-12 11:02:06 http-nio-8802-exec-8 DEBUG Bound request context to thread: org.apache.catalina.connector.RequestFacade@4fcf59c0
2018-8-12 11:02:07 http-nio-8802-exec-8 DEBUG Cleared thread-bound request context: org.apache.catalina.connector.RequestFacade@4fcf59c0
2018-8-12 11:02:08 http-nio-8802-exec-9 DEBUG Bound request context to thread: org.apache.catalina.connector.RequestFacade@4fcf59c0
2018-8-12 11:02:09 http-nio-8802-exec-9 DEBUG Cleared thread-bound request context: org.apache.catalina.connector.RequestFacade@4fcf59c0
2018-8-12 11:02:10 http-nio-8802-exec-1 DEBUG Bound request context to thread: org.apache.catalina.connector.RequestFacade@594c97d1
2018-8-12 11:02:11 http-nio-8802-exec-1 DEBUG Cleared thread-bound request context: org.apache.catalina.connector.RequestFacade@594c97d1
2018-8-12 11:02:13 http-nio-8802-exec-2 DEBUG Bound request context to thread: org.apache.catalina.connector.RequestFacade@594c97d1
2018-8-12 11:02:13 http-nio-8802-exec-2 DEBUG Cleared thread-bound request context: org.apache.catalina.connector.RequestFacade@594c97d1
2018-8-12 11:02:14 http-nio-8802-exec-3 DEBUG Bound request context to thread: org.apache.catalina.connector.RequestFacade@594c97d1
2018-8-12 11:02:14 http-nio-8802-exec-3 DEBUG Cleared thread-bound request context: org.apache.catalina.connector.RequestFacade@594c97d1
2018-8-12 11:02:17 http-nio-8802-exec-4 DEBUG Bound request context to thread: org.apache.catalina.connector.RequestFacade@594c97d1
2018-8-12 11:02:17 http-nio-8802-exec-4 DEBUG Cleared thread-bound request context: org.apache.catalina.connector.RequestFacade@594c97d1
2018-8-12 11:02:31 http-nio-8802-exec-6 DEBUG Bound request context to thread: org.apache.catalina.connector.RequestFacade@594c97d1
2018-8-12 11:02:32 http-nio-8802-exec-6 DEBUG Cleared thread-bound request context: org.apache.catalina.connector.RequestFacade@594c97d1
2018-8-12 11:02:34 http-nio-8802-exec-7 DEBUG Bound request context to thread: org.apache.catalina.connector.RequestFacade@594c97d1
2018-8-12 11:02:35 http-nio-8802-exec-7 DEBUG Cleared thread-bound request context: org.apache.catalina.connector.RequestFacade@594c97d1
2018-8-12 11:02:36 http-nio-8802-exec-8 DEBUG Bound request context to thread: org.apache.catalina.connector.RequestFacade@594c97d1
2018-8-12 11:02:36 http-nio-8802-exec-8 DEBUG Cleared thread-bound request context: org.apache.catalina.connector.RequestFacade@594c97d1
2018-8-12 11:02:37 http-nio-8802-exec-9 DEBUG Bound request context to thread: org.apache.catalina.connector.RequestFacade@594c97d1
2018-8-12 11:02:38 http-nio-8802-exec-9 DEBUG Cleared thread-bound request context: org.apache.catalina.connector.RequestFacade@594c97d1
2018-8-12 11:02:39 http-nio-8802-exec-10 DEBUG Bound request context to thread: org.apache.catalina.connector.RequestFacade@594c97d1
2018-8-12 11:02:39 http-nio-8802-exec-10 DEBUG Cleared thread-bound request context: org.apache.catalina.connector.RequestFacade@594c97d1
2018-8-12 11:02:44 http-nio-8802-exec-2 DEBUG Bound request context to thread: org.apache.catalina.connector.RequestFacade@594c97d1
2018-8-12 11:02:44 http-nio-8802-exec-2 DEBUG Cleared thread-bound request context: org.apache.catalina.connector.RequestFacade@594c97d1
2018-8-12 11:02:44 http-nio-8802-exec-3 DEBUG Bound request context to thread: org.apache.catalina.connector.RequestFacade@594c97d1
2018-8-12 11:02:45 http-nio-8802-exec-3 DEBUG Cleared thread-bound request context: org.apache.catalina.connector.RequestFacade@594c97d1
2018-8-12 11:02:46 http-nio-8802-exec-4 DEBUG Bound request context to thread: org.apache.catalina.connector.RequestFacade@594c97d1
2018-8-12 11:02:46 http-nio-8802-exec-4 DEBUG Cleared thread-bound request context: org.apache.catalina.connector.RequestFacade@594c97d1
2018-8-12 11:02:49 http-nio-8802-exec-5 DEBUG Bound request context to thread: org.apache.catalina.connector.RequestFacade@594c97d1
2018-8-12 11:02:49 http-nio-8802-exec-5 DEBUG Cleared thread-bound request context: org.apache.catalina.connector.RequestFacade@594c97d1
2018-8-12 11:02:50 http-nio-8802-exec-6 DEBUG Bound request context to thread: org.apache.catalina.connector.RequestFacade@594c97d1
2018-8-12 11:02:50 http-nio-8802-exec-6 DEBUG Cleared thread-bound request context: org.apache.catalina.connector.RequestFacade@594c97d1
2018-8-12 11:02:51 http-nio-8802-exec-7 DEBUG Bound request context to thread: org.apache.catalina.connector.RequestFacade@594c97d1
2018-8-12 11:02:51 http-nio-8802-exec-7 DEBUG Cleared thread-bound request context: org.apache.catalina.connector.RequestFacade@594c97d1
2018-8-12 11:02:51 http-nio-8802-exec-8 DEBUG Bound request context to thread: org.apache.catalina.connector.RequestFacade@594c97d1
2018-8-12 11:02:51 http-nio-8802-exec-8 DEBUG Cleared thread-bound request context: org.apache.catalina.connector.RequestFacade@594c97d1
2018-8-12 11:02:52 http-nio-8802-exec-9 DEBUG Bound request context to thread: org.apache.catalina.connector.RequestFacade@594c97d1
2018-8-12 11:02:52 http-nio-8802-exec-9 DEBUG Cleared thread-bound request context: org.apache.catalina.connector.RequestFacade@594c97d1
2018-8-12 11:02:52 http-nio-8802-exec-10 DEBUG Bound request context to thread: org.apache.catalina.connector.RequestFacade@594c97d1
2018-8-12 11:02:52 http-nio-8802-exec-10 DEBUG Cleared thread-bound request context: org.apache.catalina.connector.RequestFacade@594c97d1
2018-8-12 11:03:11 http-nio-8802-exec-1 DEBUG Bound request context to thread: org.apache.catalina.connector.RequestFacade@594c97d1
2018-8-12 11:03:11 http-nio-8802-exec-1 DEBUG Cleared thread-bound request context: org.apache.catalina.connector.RequestFacade@594c97d1
2018-8-12 11:03:11 http-nio-8802-exec-2 DEBUG Bound request context to thread: org.apache.catalina.connector.RequestFacade@594c97d1
2018-8-12 11:03:11 http-nio-8802-exec-2 DEBUG Cleared thread-bound request context: org.apache.catalina.connector.RequestFacade@594c97d1
2018-8-12 11:03:12 http-nio-8802-exec-3 DEBUG Bound request context to thread: org.apache.catalina.connector.RequestFacade@594c97d1
2018-8-12 11:03:12 http-nio-8802-exec-3 DEBUG Cleared thread-bound request context: org.apache.catalina.connector.RequestFacade@594c97d1
2018-8-12 11:03:32 http-nio-8802-exec-5 DEBUG Bound request context to thread: org.apache.catalina.connector.RequestFacade@594c97d1
2018-8-12 11:03:32 http-nio-8802-exec-5 DEBUG Cleared thread-bound request context: org.apache.catalina.connector.RequestFacade@594c97d1
2018-8-12 11:04:46 http-nio-8802-exec-8 DEBUG Bound request context to thread: org.apache.catalina.connector.RequestFacade@594c97d1
2018-8-12 11:04:47 http-nio-8802-exec-8 DEBUG Cleared thread-bound request context: org.apache.catalina.connector.RequestFacade@594c97d1
2018-8-12 11:04:48 http-nio-8802-exec-9 DEBUG Bound request context to thread: org.apache.catalina.connector.RequestFacade@594c97d1
2018-8-12 11:04:49 http-nio-8802-exec-9 DEBUG Cleared thread-bound request context: org.apache.catalina.connector.RequestFacade@594c97d1
2018-8-12 11:04:51 http-nio-8802-exec-10 DEBUG Bound request context to thread: org.apache.catalina.connector.RequestFacade@594c97d1
2018-8-12 11:04:52 http-nio-8802-exec-10 DEBUG Cleared thread-bound request context: org.apache.catalina.connector.RequestFacade@594c97d1
2018-8-12 11:04:52 http-nio-8802-exec-1 DEBUG Bound request context to thread: org.apache.catalina.connector.RequestFacade@594c97d1
2018-8-12 11:04:52 http-nio-8802-exec-1 DEBUG Cleared thread-bound request context: org.apache.catalina.connector.RequestFacade@594c97d1
2018-8-12 11:05:26 http-nio-8802-exec-4 DEBUG Bound request context to thread: org.apache.catalina.connector.RequestFacade@594c97d1
2018-8-12 11:05:27 http-nio-8802-exec-4 DEBUG Cleared thread-bound request context: org.apache.catalina.connector.RequestFacade@594c97d1
2018-8-12 11:09:59 RMI TCP Connection(2)-127.0.0.1 INFO Application shutdown requested.
2018-8-12 11:09:59 RMI TCP Connection(2)-127.0.0.1 INFO Closing org.springframework.boot.web.servlet.context.AnnotationConfigServletWebServerApplicationContext@3646d33e: startup date [Sun Aug 12 10:55:25 CST 2018]; root of context hierarchy
2018-8-12 11:09:59 RMI TCP Connection(3)-127.0.0.1 INFO Application shutdown requested.
2018-8-12 11:09:59 RMI TCP Connection(4)-127.0.0.1 INFO Application shutdown requested.
2018-8-12 11:10:00 RMI TCP Connection(5)-127.0.0.1 INFO Application shutdown requested.
