2018-8-11 14:20:04 restartedMain INFO Starting RedPigWebWap on OHCQQJTD6YJ2NKW with PID 3400 (D:\redpigcloud\redpigcloud_jd20180804\redpig-web-h5\target\classes started by Administrator in D:\redpigcloud\redpigcloud_jd20180804\redpig-web-h5)
2018-8-11 14:20:04 restartedMain DEBUG Running with Spring Boot v2.0.2.RELEASE, Spring v5.0.6.RELEASE
2018-8-11 14:20:04 restartedMain INFO No active profile set, falling back to default profiles: default
2018-8-11 14:20:14 localhost-startStop-1 INFO init Druid Servlet Configuration 
2018-8-11 14:20:14 localhost-startStop-1 DEBUG 开始初始化SpringUtil...
2018-8-11 14:20:14 localhost-startStop-1 DEBUG web root abs path=D:\redpigcloud\redpigcloud_jd20180804\redpig-web-h5\src\main\webapp\
2018-8-11 14:20:14 localhost-startStop-1 DEBUG SpringUtil初始化完成.
2018-8-11 14:20:37 restartedMain DEBUG ==>  Preparing: SELECT id,addTime,deleteStatus,title,keywords,description,address,poweredby,copyRight,meta_generator,meta_author,company_name,uploadFilePath,sysLanguage,sysPcLanguage,sysStoreLanguage,integralRate,smsEnbale,smsURL,smsUserName,smsPassword,smsTest,emailEnable,emailHost,emailPort,emailUser,emailUserName,emailPws,emailTest,websiteName,hotSearch,websiteCss,websiteLogo_id,codeStat,websiteState,visitorConsult,closeReason,securityCodeType,securityCodeRegister,securityCodeLogin,securityCodeConsult,imageSuffix,imageWebServer,imageFilesize,smallWidth,smallHeight,middleWidth,middleHeight,bigWidth,bigHeight,integral,integralStore,voucher,deposit,groupBuy,group_meal_gold,gold,goldMarketValue,memberRegister,memberDayLogin,indentComment,consumptionRatio,everyIndentLimit,imageSaveType,complaint_time,storeImage_id,goodsImage_id,memberIcon_id,store_allow,user_level,templates,store_payment,share_code,ztc_status,ztc_goods_view,ztc_price,second_domain_open,domain_allow_count,sys_domain,qq_login,qq_login_id,qq_login_key,qq_domain_code,sina_login,sina_login_id,sina_login_key,sina_domain_code,lucene_update,combin_status,combin_amount,combin_count,combin_scheme_count,service_telphone_list,service_qq_list,admin_login_logo_id,admin_manage_logo_id,auto_order_notice,auto_order_confirm,auto_order_return,auto_order_evaluate,grouplife_order_return,kuaidi_id,kuaidi_id2,kuaidi_type,currency_code,weixin_store,weixin_qr_img_id,weixin_account,weixin_token,weixin_appId,weixin_appSecret,weixin_welecome_content,store_weixin_logo_id,payoff_count,payoff_date,payoff_mag_type,payoff_mag_default,payoff_mag_auto,payoff_all_sale,payoff_all_commission,payoff_all_amount,payoff_all_amount_reality,ofcard,ofcard_userid,ofcard_userpws,ofcard_mobile_profit,app_download,android_download,android_version,ios_download,ios_version,app_seller_download,android_seller_download,android_seller_version,ios_seller_download,ios_seller_version,buygift_status,buygift_meal_gold,enoughreduce_status,enoughreduce_meal_gold,enoughreduce_max_count,email_buy,email_buy_cost,sms_buy,sms_buy_cost,whether_free,lucenen_queue,lucenen_cluster,sms_queue,email_queue,circle_open,circle_count,circle_limit,circle_audit,publish_post_limit,publish_seller_limit,welcome_img_id,qr_logo_id,Website_ico_id,qr_login,apiKey,secretKey,evaluate_edit_deadline,evaluate_add_deadline,smsPlatType,ymrt_smsURL,ymrt_smsUserName,ymrt_smsPassword,ymrt_smsTest,websiteLogo_wide_id,sign_integral,auto_order_cancel,app_push_buyer_apiKey,app_push_buyer_secretKey,app_push_seller_apiKey,app_push_seller_secretKey,app_navigator,app_launch_ad,email_register,phone_register,weixin_login,weixin_navigator,open_weixin_appId,open_weixin_appSecret,index_type,cloudbuy,adminUrl,sellerUrl,indexUrl,h5Url,lucenePath,direct_selling,direct_selling_first_level_rate,direct_selling_second_level_rate,static_folder,vm_folder,cdnServer FROM redpigmall_sysconfig obj WHERE 1=1 ORDER BY addTime DESC 
2018-8-11 14:20:37 restartedMain DEBUG ==> Parameters: 
2018-8-11 14:20:37 restartedMain DEBUG <==      Total: 1
2018-8-11 14:20:37 restartedMain DEBUG ==>  Preparing: select id,addTime,deleteStatus,name,path,size,width,height,ext,info,user_id,album_id,config_id from redpigmall_accessory where id = ? 
2018-8-11 14:20:37 restartedMain DEBUG ==> Parameters: 3(Long)
2018-8-11 14:20:37 restartedMain DEBUG <==      Total: 1
2018-8-11 14:20:37 restartedMain DEBUG ==>  Preparing: select id,addTime,deleteStatus,name,path,size,width,height,ext,info,user_id,album_id,config_id from redpigmall_accessory where id = ? 
2018-8-11 14:20:37 restartedMain DEBUG ==> Parameters: 1(Long)
2018-8-11 14:20:37 restartedMain DEBUG <==      Total: 1
2018-8-11 14:20:37 restartedMain DEBUG ==>  Preparing: select id,addTime,deleteStatus,name,path,size,width,height,ext,info,user_id,album_id,config_id from redpigmall_accessory where id = ? 
2018-8-11 14:20:37 restartedMain DEBUG ==> Parameters: 2(Long)
2018-8-11 14:20:37 restartedMain DEBUG <==      Total: 1
2018-8-11 14:20:37 restartedMain INFO Started RedPigWebWap in 33.825 seconds (JVM running for 35.286)
2018-8-11 14:21:08 http-nio-8803-exec-4 DEBUG ==>  Preparing: SELECT id,addTime,deleteStatus,title,keywords,description,address,poweredby,copyRight,meta_generator,meta_author,company_name,uploadFilePath,sysLanguage,sysPcLanguage,sysStoreLanguage,integralRate,smsEnbale,smsURL,smsUserName,smsPassword,smsTest,emailEnable,emailHost,emailPort,emailUser,emailUserName,emailPws,emailTest,websiteName,hotSearch,websiteCss,websiteLogo_id,codeStat,websiteState,visitorConsult,closeReason,securityCodeType,securityCodeRegister,securityCodeLogin,securityCodeConsult,imageSuffix,imageWebServer,imageFilesize,smallWidth,smallHeight,middleWidth,middleHeight,bigWidth,bigHeight,integral,integralStore,voucher,deposit,groupBuy,group_meal_gold,gold,goldMarketValue,memberRegister,memberDayLogin,indentComment,consumptionRatio,everyIndentLimit,imageSaveType,complaint_time,storeImage_id,goodsImage_id,memberIcon_id,store_allow,user_level,templates,store_payment,share_code,ztc_status,ztc_goods_view,ztc_price,second_domain_open,domain_allow_count,sys_domain,qq_login,qq_login_id,qq_login_key,qq_domain_code,sina_login,sina_login_id,sina_login_key,sina_domain_code,lucene_update,combin_status,combin_amount,combin_count,combin_scheme_count,service_telphone_list,service_qq_list,admin_login_logo_id,admin_manage_logo_id,auto_order_notice,auto_order_confirm,auto_order_return,auto_order_evaluate,grouplife_order_return,kuaidi_id,kuaidi_id2,kuaidi_type,currency_code,weixin_store,weixin_qr_img_id,weixin_account,weixin_token,weixin_appId,weixin_appSecret,weixin_welecome_content,store_weixin_logo_id,payoff_count,payoff_date,payoff_mag_type,payoff_mag_default,payoff_mag_auto,payoff_all_sale,payoff_all_commission,payoff_all_amount,payoff_all_amount_reality,ofcard,ofcard_userid,ofcard_userpws,ofcard_mobile_profit,app_download,android_download,android_version,ios_download,ios_version,app_seller_download,android_seller_download,android_seller_version,ios_seller_download,ios_seller_version,buygift_status,buygift_meal_gold,enoughreduce_status,enoughreduce_meal_gold,enoughreduce_max_count,email_buy,email_buy_cost,sms_buy,sms_buy_cost,whether_free,lucenen_queue,lucenen_cluster,sms_queue,email_queue,circle_open,circle_count,circle_limit,circle_audit,publish_post_limit,publish_seller_limit,welcome_img_id,qr_logo_id,Website_ico_id,qr_login,apiKey,secretKey,evaluate_edit_deadline,evaluate_add_deadline,smsPlatType,ymrt_smsURL,ymrt_smsUserName,ymrt_smsPassword,ymrt_smsTest,websiteLogo_wide_id,sign_integral,auto_order_cancel,app_push_buyer_apiKey,app_push_buyer_secretKey,app_push_seller_apiKey,app_push_seller_secretKey,app_navigator,app_launch_ad,email_register,phone_register,weixin_login,weixin_navigator,open_weixin_appId,open_weixin_appSecret,index_type,cloudbuy,adminUrl,sellerUrl,indexUrl,h5Url,lucenePath,direct_selling,direct_selling_first_level_rate,direct_selling_second_level_rate,static_folder,vm_folder,cdnServer FROM redpigmall_sysconfig obj WHERE 1=1 ORDER BY addTime DESC 
2018-8-11 14:21:08 http-nio-8803-exec-4 DEBUG ==> Parameters: 
2018-8-11 14:21:08 http-nio-8803-exec-4 DEBUG <==      Total: 1
2018-8-11 14:21:08 http-nio-8803-exec-4 DEBUG ==>  Preparing: select id,addTime,deleteStatus,name,path,size,width,height,ext,info,user_id,album_id,config_id from redpigmall_accessory where id = ? 
2018-8-11 14:21:08 http-nio-8803-exec-4 DEBUG ==> Parameters: 3(Long)
2018-8-11 14:21:08 http-nio-8803-exec-4 DEBUG <==      Total: 1
2018-8-11 14:21:08 http-nio-8803-exec-4 DEBUG ==>  Preparing: select id,addTime,deleteStatus,name,path,size,width,height,ext,info,user_id,album_id,config_id from redpigmall_accessory where id = ? 
2018-8-11 14:21:08 http-nio-8803-exec-4 DEBUG ==> Parameters: 1(Long)
2018-8-11 14:21:08 http-nio-8803-exec-4 DEBUG <==      Total: 1
2018-8-11 14:21:08 http-nio-8803-exec-4 DEBUG ==>  Preparing: select id,addTime,deleteStatus,name,path,size,width,height,ext,info,user_id,album_id,config_id from redpigmall_accessory where id = ? 
2018-8-11 14:21:08 http-nio-8803-exec-4 DEBUG ==> Parameters: 2(Long)
2018-8-11 14:21:08 http-nio-8803-exec-4 DEBUG <==      Total: 1
2018-8-11 14:21:08 http-nio-8803-exec-4 DEBUG ==>  Preparing: select id,addTime,deleteStatus,title,sequence,display,lines_info,more_link from redpigmall_weixin_floor obj WHERE 1=1 order by sequence asc 
2018-8-11 14:21:08 http-nio-8803-exec-4 DEBUG ==> Parameters: 
2018-8-11 14:21:08 http-nio-8803-exec-4 DEBUG <==      Total: 4
2018-8-11 14:21:08 http-nio-8803-exec-4 DEBUG ==>  Preparing: SELECT id,addTime,deleteStatus,title,keywords,description,address,poweredby,copyRight,meta_generator,meta_author,company_name,uploadFilePath,sysLanguage,sysPcLanguage,sysStoreLanguage,integralRate,smsEnbale,smsURL,smsUserName,smsPassword,smsTest,emailEnable,emailHost,emailPort,emailUser,emailUserName,emailPws,emailTest,websiteName,hotSearch,websiteCss,websiteLogo_id,codeStat,websiteState,visitorConsult,closeReason,securityCodeType,securityCodeRegister,securityCodeLogin,securityCodeConsult,imageSuffix,imageWebServer,imageFilesize,smallWidth,smallHeight,middleWidth,middleHeight,bigWidth,bigHeight,integral,integralStore,voucher,deposit,groupBuy,group_meal_gold,gold,goldMarketValue,memberRegister,memberDayLogin,indentComment,consumptionRatio,everyIndentLimit,imageSaveType,complaint_time,storeImage_id,goodsImage_id,memberIcon_id,store_allow,user_level,templates,store_payment,share_code,ztc_status,ztc_goods_view,ztc_price,second_domain_open,domain_allow_count,sys_domain,qq_login,qq_login_id,qq_login_key,qq_domain_code,sina_login,sina_login_id,sina_login_key,sina_domain_code,lucene_update,combin_status,combin_amount,combin_count,combin_scheme_count,service_telphone_list,service_qq_list,admin_login_logo_id,admin_manage_logo_id,auto_order_notice,auto_order_confirm,auto_order_return,auto_order_evaluate,grouplife_order_return,kuaidi_id,kuaidi_id2,kuaidi_type,currency_code,weixin_store,weixin_qr_img_id,weixin_account,weixin_token,weixin_appId,weixin_appSecret,weixin_welecome_content,store_weixin_logo_id,payoff_count,payoff_date,payoff_mag_type,payoff_mag_default,payoff_mag_auto,payoff_all_sale,payoff_all_commission,payoff_all_amount,payoff_all_amount_reality,ofcard,ofcard_userid,ofcard_userpws,ofcard_mobile_profit,app_download,android_download,android_version,ios_download,ios_version,app_seller_download,android_seller_download,android_seller_version,ios_seller_download,ios_seller_version,buygift_status,buygift_meal_gold,enoughreduce_status,enoughreduce_meal_gold,enoughreduce_max_count,email_buy,email_buy_cost,sms_buy,sms_buy_cost,whether_free,lucenen_queue,lucenen_cluster,sms_queue,email_queue,circle_open,circle_count,circle_limit,circle_audit,publish_post_limit,publish_seller_limit,welcome_img_id,qr_logo_id,Website_ico_id,qr_login,apiKey,secretKey,evaluate_edit_deadline,evaluate_add_deadline,smsPlatType,ymrt_smsURL,ymrt_smsUserName,ymrt_smsPassword,ymrt_smsTest,websiteLogo_wide_id,sign_integral,auto_order_cancel,app_push_buyer_apiKey,app_push_buyer_secretKey,app_push_seller_apiKey,app_push_seller_secretKey,app_navigator,app_launch_ad,email_register,phone_register,weixin_login,weixin_navigator,open_weixin_appId,open_weixin_appSecret,index_type,cloudbuy,adminUrl,sellerUrl,indexUrl,h5Url,lucenePath,direct_selling,direct_selling_first_level_rate,direct_selling_second_level_rate,static_folder,vm_folder,cdnServer FROM redpigmall_sysconfig obj WHERE 1=1 ORDER BY addTime DESC 
2018-8-11 14:21:08 http-nio-8803-exec-4 DEBUG ==> Parameters: 
2018-8-11 14:21:08 http-nio-8803-exec-4 DEBUG <==      Total: 1
2018-8-11 14:21:08 http-nio-8803-exec-4 DEBUG ==>  Preparing: select id,addTime,deleteStatus,name,path,size,width,height,ext,info,user_id,album_id,config_id from redpigmall_accessory where id = ? 
2018-8-11 14:21:08 http-nio-8803-exec-4 DEBUG ==> Parameters: 3(Long)
2018-8-11 14:21:08 http-nio-8803-exec-4 DEBUG <==      Total: 1
2018-8-11 14:21:08 http-nio-8803-exec-4 DEBUG ==>  Preparing: select id,addTime,deleteStatus,name,path,size,width,height,ext,info,user_id,album_id,config_id from redpigmall_accessory where id = ? 
2018-8-11 14:21:08 http-nio-8803-exec-4 DEBUG ==> Parameters: 1(Long)
2018-8-11 14:21:08 http-nio-8803-exec-4 DEBUG <==      Total: 1
2018-8-11 14:21:08 http-nio-8803-exec-4 DEBUG ==>  Preparing: select id,addTime,deleteStatus,name,path,size,width,height,ext,info,user_id,album_id,config_id from redpigmall_accessory where id = ? 
2018-8-11 14:21:08 http-nio-8803-exec-4 DEBUG ==> Parameters: 2(Long)
2018-8-11 14:21:08 http-nio-8803-exec-4 DEBUG <==      Total: 1
2018-8-11 14:21:08 http-nio-8803-exec-4 DEBUG ==>  Preparing: select id,addTime,deleteStatus,title,sequence,display,lines_info,more_link from redpigmall_weixin_floor where id = ? 
2018-8-11 14:21:08 http-nio-8803-exec-4 DEBUG ==> Parameters: 37(Long)
2018-8-11 14:21:08 http-nio-8803-exec-4 DEBUG <==      Total: 1
2018-8-11 14:21:08 http-nio-8803-exec-4 DEBUG ==>  Preparing: select id,addTime,deleteStatus,title,sequence,display,lines_info,more_link from redpigmall_weixin_floor where id = ? 
2018-8-11 14:21:08 http-nio-8803-exec-4 DEBUG ==> Parameters: 38(Long)
2018-8-11 14:21:08 http-nio-8803-exec-4 DEBUG <==      Total: 1
2018-8-11 14:21:08 http-nio-8803-exec-4 DEBUG ==>  Preparing: select id,addTime,deleteStatus,title,sequence,display,lines_info,more_link from redpigmall_weixin_floor where id = ? 
2018-8-11 14:21:08 http-nio-8803-exec-4 DEBUG ==> Parameters: 39(Long)
2018-8-11 14:21:08 http-nio-8803-exec-4 DEBUG <==      Total: 1
2018-8-11 14:21:08 http-nio-8803-exec-4 DEBUG ==>  Preparing: select id,addTime,deleteStatus,title,sequence,display,lines_info,more_link from redpigmall_weixin_floor where id = ? 
2018-8-11 14:21:08 http-nio-8803-exec-4 DEBUG ==> Parameters: 40(Long)
2018-8-11 14:21:08 http-nio-8803-exec-4 DEBUG <==      Total: 1
2018-8-11 14:21:08 http-nio-8803-exec-4 DEBUG ==>  Preparing: SELECT id,addTime,deleteStatus,title,keywords,description,address,poweredby,copyRight,meta_generator,meta_author,company_name,uploadFilePath,sysLanguage,sysPcLanguage,sysStoreLanguage,integralRate,smsEnbale,smsURL,smsUserName,smsPassword,smsTest,emailEnable,emailHost,emailPort,emailUser,emailUserName,emailPws,emailTest,websiteName,hotSearch,websiteCss,websiteLogo_id,codeStat,websiteState,visitorConsult,closeReason,securityCodeType,securityCodeRegister,securityCodeLogin,securityCodeConsult,imageSuffix,imageWebServer,imageFilesize,smallWidth,smallHeight,middleWidth,middleHeight,bigWidth,bigHeight,integral,integralStore,voucher,deposit,groupBuy,group_meal_gold,gold,goldMarketValue,memberRegister,memberDayLogin,indentComment,consumptionRatio,everyIndentLimit,imageSaveType,complaint_time,storeImage_id,goodsImage_id,memberIcon_id,store_allow,user_level,templates,store_payment,share_code,ztc_status,ztc_goods_view,ztc_price,second_domain_open,domain_allow_count,sys_domain,qq_login,qq_login_id,qq_login_key,qq_domain_code,sina_login,sina_login_id,sina_login_key,sina_domain_code,lucene_update,combin_status,combin_amount,combin_count,combin_scheme_count,service_telphone_list,service_qq_list,admin_login_logo_id,admin_manage_logo_id,auto_order_notice,auto_order_confirm,auto_order_return,auto_order_evaluate,grouplife_order_return,kuaidi_id,kuaidi_id2,kuaidi_type,currency_code,weixin_store,weixin_qr_img_id,weixin_account,weixin_token,weixin_appId,weixin_appSecret,weixin_welecome_content,store_weixin_logo_id,payoff_count,payoff_date,payoff_mag_type,payoff_mag_default,payoff_mag_auto,payoff_all_sale,payoff_all_commission,payoff_all_amount,payoff_all_amount_reality,ofcard,ofcard_userid,ofcard_userpws,ofcard_mobile_profit,app_download,android_download,android_version,ios_download,ios_version,app_seller_download,android_seller_download,android_seller_version,ios_seller_download,ios_seller_version,buygift_status,buygift_meal_gold,enoughreduce_status,enoughreduce_meal_gold,enoughreduce_max_count,email_buy,email_buy_cost,sms_buy,sms_buy_cost,whether_free,lucenen_queue,lucenen_cluster,sms_queue,email_queue,circle_open,circle_count,circle_limit,circle_audit,publish_post_limit,publish_seller_limit,welcome_img_id,qr_logo_id,Website_ico_id,qr_login,apiKey,secretKey,evaluate_edit_deadline,evaluate_add_deadline,smsPlatType,ymrt_smsURL,ymrt_smsUserName,ymrt_smsPassword,ymrt_smsTest,websiteLogo_wide_id,sign_integral,auto_order_cancel,app_push_buyer_apiKey,app_push_buyer_secretKey,app_push_seller_apiKey,app_push_seller_secretKey,app_navigator,app_launch_ad,email_register,phone_register,weixin_login,weixin_navigator,open_weixin_appId,open_weixin_appSecret,index_type,cloudbuy,adminUrl,sellerUrl,indexUrl,h5Url,lucenePath,direct_selling,direct_selling_first_level_rate,direct_selling_second_level_rate,static_folder,vm_folder,cdnServer FROM redpigmall_sysconfig obj WHERE 1=1 ORDER BY addTime DESC 
2018-8-11 14:21:08 http-nio-8803-exec-4 DEBUG ==> Parameters: 
2018-8-11 14:21:08 http-nio-8803-exec-4 DEBUG <==      Total: 1
2018-8-11 14:21:08 http-nio-8803-exec-4 DEBUG ==>  Preparing: select id,addTime,deleteStatus,name,path,size,width,height,ext,info,user_id,album_id,config_id from redpigmall_accessory where id = ? 
2018-8-11 14:21:08 http-nio-8803-exec-4 DEBUG ==> Parameters: 3(Long)
2018-8-11 14:21:08 http-nio-8803-exec-4 DEBUG <==      Total: 1
2018-8-11 14:21:08 http-nio-8803-exec-4 DEBUG ==>  Preparing: select id,addTime,deleteStatus,name,path,size,width,height,ext,info,user_id,album_id,config_id from redpigmall_accessory where id = ? 
2018-8-11 14:21:08 http-nio-8803-exec-4 DEBUG ==> Parameters: 1(Long)
2018-8-11 14:21:08 http-nio-8803-exec-4 DEBUG <==      Total: 1
2018-8-11 14:21:08 http-nio-8803-exec-4 DEBUG ==>  Preparing: select id,addTime,deleteStatus,name,path,size,width,height,ext,info,user_id,album_id,config_id from redpigmall_accessory where id = ? 
2018-8-11 14:21:08 http-nio-8803-exec-4 DEBUG ==> Parameters: 2(Long)
2018-8-11 14:21:08 http-nio-8803-exec-4 DEBUG <==      Total: 1
2018-8-11 14:21:08 http-nio-8803-exec-5 DEBUG ==>  Preparing: SELECT id,addTime,deleteStatus,title,keywords,description,address,poweredby,copyRight,meta_generator,meta_author,company_name,uploadFilePath,sysLanguage,sysPcLanguage,sysStoreLanguage,integralRate,smsEnbale,smsURL,smsUserName,smsPassword,smsTest,emailEnable,emailHost,emailPort,emailUser,emailUserName,emailPws,emailTest,websiteName,hotSearch,websiteCss,websiteLogo_id,codeStat,websiteState,visitorConsult,closeReason,securityCodeType,securityCodeRegister,securityCodeLogin,securityCodeConsult,imageSuffix,imageWebServer,imageFilesize,smallWidth,smallHeight,middleWidth,middleHeight,bigWidth,bigHeight,integral,integralStore,voucher,deposit,groupBuy,group_meal_gold,gold,goldMarketValue,memberRegister,memberDayLogin,indentComment,consumptionRatio,everyIndentLimit,imageSaveType,complaint_time,storeImage_id,goodsImage_id,memberIcon_id,store_allow,user_level,templates,store_payment,share_code,ztc_status,ztc_goods_view,ztc_price,second_domain_open,domain_allow_count,sys_domain,qq_login,qq_login_id,qq_login_key,qq_domain_code,sina_login,sina_login_id,sina_login_key,sina_domain_code,lucene_update,combin_status,combin_amount,combin_count,combin_scheme_count,service_telphone_list,service_qq_list,admin_login_logo_id,admin_manage_logo_id,auto_order_notice,auto_order_confirm,auto_order_return,auto_order_evaluate,grouplife_order_return,kuaidi_id,kuaidi_id2,kuaidi_type,currency_code,weixin_store,weixin_qr_img_id,weixin_account,weixin_token,weixin_appId,weixin_appSecret,weixin_welecome_content,store_weixin_logo_id,payoff_count,payoff_date,payoff_mag_type,payoff_mag_default,payoff_mag_auto,payoff_all_sale,payoff_all_commission,payoff_all_amount,payoff_all_amount_reality,ofcard,ofcard_userid,ofcard_userpws,ofcard_mobile_profit,app_download,android_download,android_version,ios_download,ios_version,app_seller_download,android_seller_download,android_seller_version,ios_seller_download,ios_seller_version,buygift_status,buygift_meal_gold,enoughreduce_status,enoughreduce_meal_gold,enoughreduce_max_count,email_buy,email_buy_cost,sms_buy,sms_buy_cost,whether_free,lucenen_queue,lucenen_cluster,sms_queue,email_queue,circle_open,circle_count,circle_limit,circle_audit,publish_post_limit,publish_seller_limit,welcome_img_id,qr_logo_id,Website_ico_id,qr_login,apiKey,secretKey,evaluate_edit_deadline,evaluate_add_deadline,smsPlatType,ymrt_smsURL,ymrt_smsUserName,ymrt_smsPassword,ymrt_smsTest,websiteLogo_wide_id,sign_integral,auto_order_cancel,app_push_buyer_apiKey,app_push_buyer_secretKey,app_push_seller_apiKey,app_push_seller_secretKey,app_navigator,app_launch_ad,email_register,phone_register,weixin_login,weixin_navigator,open_weixin_appId,open_weixin_appSecret,index_type,cloudbuy,adminUrl,sellerUrl,indexUrl,h5Url,lucenePath,direct_selling,direct_selling_first_level_rate,direct_selling_second_level_rate,static_folder,vm_folder,cdnServer FROM redpigmall_sysconfig obj WHERE 1=1 ORDER BY addTime DESC 
2018-8-11 14:21:08 http-nio-8803-exec-5 DEBUG ==> Parameters: 
2018-8-11 14:21:08 http-nio-8803-exec-4 DEBUG ==>  Preparing: SELECT id,addTime,deleteStatus,title,keywords,description,address,poweredby,copyRight,meta_generator,meta_author,company_name,uploadFilePath,sysLanguage,sysPcLanguage,sysStoreLanguage,integralRate,smsEnbale,smsURL,smsUserName,smsPassword,smsTest,emailEnable,emailHost,emailPort,emailUser,emailUserName,emailPws,emailTest,websiteName,hotSearch,websiteCss,websiteLogo_id,codeStat,websiteState,visitorConsult,closeReason,securityCodeType,securityCodeRegister,securityCodeLogin,securityCodeConsult,imageSuffix,imageWebServer,imageFilesize,smallWidth,smallHeight,middleWidth,middleHeight,bigWidth,bigHeight,integral,integralStore,voucher,deposit,groupBuy,group_meal_gold,gold,goldMarketValue,memberRegister,memberDayLogin,indentComment,consumptionRatio,everyIndentLimit,imageSaveType,complaint_time,storeImage_id,goodsImage_id,memberIcon_id,store_allow,user_level,templates,store_payment,share_code,ztc_status,ztc_goods_view,ztc_price,second_domain_open,domain_allow_count,sys_domain,qq_login,qq_login_id,qq_login_key,qq_domain_code,sina_login,sina_login_id,sina_login_key,sina_domain_code,lucene_update,combin_status,combin_amount,combin_count,combin_scheme_count,service_telphone_list,service_qq_list,admin_login_logo_id,admin_manage_logo_id,auto_order_notice,auto_order_confirm,auto_order_return,auto_order_evaluate,grouplife_order_return,kuaidi_id,kuaidi_id2,kuaidi_type,currency_code,weixin_store,weixin_qr_img_id,weixin_account,weixin_token,weixin_appId,weixin_appSecret,weixin_welecome_content,store_weixin_logo_id,payoff_count,payoff_date,payoff_mag_type,payoff_mag_default,payoff_mag_auto,payoff_all_sale,payoff_all_commission,payoff_all_amount,payoff_all_amount_reality,ofcard,ofcard_userid,ofcard_userpws,ofcard_mobile_profit,app_download,android_download,android_version,ios_download,ios_version,app_seller_download,android_seller_download,android_seller_version,ios_seller_download,ios_seller_version,buygift_status,buygift_meal_gold,enoughreduce_status,enoughreduce_meal_gold,enoughreduce_max_count,email_buy,email_buy_cost,sms_buy,sms_buy_cost,whether_free,lucenen_queue,lucenen_cluster,sms_queue,email_queue,circle_open,circle_count,circle_limit,circle_audit,publish_post_limit,publish_seller_limit,welcome_img_id,qr_logo_id,Website_ico_id,qr_login,apiKey,secretKey,evaluate_edit_deadline,evaluate_add_deadline,smsPlatType,ymrt_smsURL,ymrt_smsUserName,ymrt_smsPassword,ymrt_smsTest,websiteLogo_wide_id,sign_integral,auto_order_cancel,app_push_buyer_apiKey,app_push_buyer_secretKey,app_push_seller_apiKey,app_push_seller_secretKey,app_navigator,app_launch_ad,email_register,phone_register,weixin_login,weixin_navigator,open_weixin_appId,open_weixin_appSecret,index_type,cloudbuy,adminUrl,sellerUrl,indexUrl,h5Url,lucenePath,direct_selling,direct_selling_first_level_rate,direct_selling_second_level_rate,static_folder,vm_folder,cdnServer FROM redpigmall_sysconfig obj WHERE 1=1 ORDER BY addTime DESC 
2018-8-11 14:21:08 http-nio-8803-exec-4 DEBUG ==> Parameters: 
2018-8-11 14:21:08 http-nio-8803-exec-5 DEBUG <==      Total: 1
2018-8-11 14:21:08 http-nio-8803-exec-5 DEBUG ==>  Preparing: select id,addTime,deleteStatus,name,path,size,width,height,ext,info,user_id,album_id,config_id from redpigmall_accessory where id = ? 
2018-8-11 14:21:08 http-nio-8803-exec-5 DEBUG ==> Parameters: 3(Long)
2018-8-11 14:21:08 http-nio-8803-exec-5 DEBUG <==      Total: 1
2018-8-11 14:21:08 http-nio-8803-exec-5 DEBUG ==>  Preparing: select id,addTime,deleteStatus,name,path,size,width,height,ext,info,user_id,album_id,config_id from redpigmall_accessory where id = ? 
2018-8-11 14:21:08 http-nio-8803-exec-5 DEBUG ==> Parameters: 1(Long)
2018-8-11 14:21:08 http-nio-8803-exec-5 DEBUG <==      Total: 1
2018-8-11 14:21:08 http-nio-8803-exec-5 DEBUG ==>  Preparing: select id,addTime,deleteStatus,name,path,size,width,height,ext,info,user_id,album_id,config_id from redpigmall_accessory where id = ? 
2018-8-11 14:21:08 http-nio-8803-exec-5 DEBUG ==> Parameters: 2(Long)
2018-8-11 14:21:08 http-nio-8803-exec-5 DEBUG <==      Total: 1
2018-8-11 14:21:08 http-nio-8803-exec-4 DEBUG <==      Total: 1
2018-8-11 14:21:08 http-nio-8803-exec-4 DEBUG ==>  Preparing: select id,addTime,deleteStatus,name,path,size,width,height,ext,info,user_id,album_id,config_id from redpigmall_accessory where id = ? 
2018-8-11 14:21:08 http-nio-8803-exec-4 DEBUG ==> Parameters: 3(Long)
2018-8-11 14:21:08 http-nio-8803-exec-4 DEBUG <==      Total: 1
2018-8-11 14:21:08 http-nio-8803-exec-4 DEBUG ==>  Preparing: select id,addTime,deleteStatus,name,path,size,width,height,ext,info,user_id,album_id,config_id from redpigmall_accessory where id = ? 
2018-8-11 14:21:08 http-nio-8803-exec-4 DEBUG ==> Parameters: 1(Long)
2018-8-11 14:21:08 http-nio-8803-exec-5 DEBUG ==>  Preparing: select id,addTime,deleteStatus,ap_title,ap_content,ap_type,ap_status,ap_use_status,ap_width,ap_height,ap_price,ap_sys_type,ap_show_type,ap_sale_type,ap_acc_id,ap_text,ap_acc_url,ap_code,ap_location from redpigmall_adv_pos where id = ? 
2018-8-11 14:21:08 http-nio-8803-exec-5 DEBUG ==> Parameters: 11(Long)
2018-8-11 14:21:08 http-nio-8803-exec-4 DEBUG <==      Total: 1
2018-8-11 14:21:08 http-nio-8803-exec-4 DEBUG ==>  Preparing: select id,addTime,deleteStatus,name,path,size,width,height,ext,info,user_id,album_id,config_id from redpigmall_accessory where id = ? 
2018-8-11 14:21:08 http-nio-8803-exec-4 DEBUG ==> Parameters: 2(Long)
2018-8-11 14:21:08 http-nio-8803-exec-4 DEBUG <==      Total: 1
2018-8-11 14:21:08 http-nio-8803-exec-5 DEBUG <==      Total: 1
2018-8-11 14:21:08 http-nio-8803-exec-5 DEBUG ==>  Preparing: select id,addTime,deleteStatus,ad_title,ad_begin_time,ad_end_time,ad_ap_id,ad_status,ad_acc_id,ad_text,ad_slide_sequence,ad_user_id,ad_url,ad_click_num,ad_gold,bg_color from redpigmall_advert where ad_ap_id = ? 
2018-8-11 14:21:08 http-nio-8803-exec-5 DEBUG ==> Parameters: 11(Long)
2018-8-11 14:21:08 http-nio-8803-exec-5 DEBUG <==      Total: 4
2018-8-11 14:21:08 http-nio-8803-exec-5 DEBUG ==>  Preparing: select id,addTime,deleteStatus,name,path,size,width,height,ext,info,user_id,album_id,config_id from redpigmall_accessory where id = ? 
2018-8-11 14:21:08 http-nio-8803-exec-5 DEBUG ==> Parameters: 19(Long)
2018-8-11 14:21:08 http-nio-8803-exec-5 DEBUG <==      Total: 1
2018-8-11 14:21:08 http-nio-8803-exec-5 DEBUG ==>  Preparing: select id,addTime,deleteStatus,name,path,size,width,height,ext,info,user_id,album_id,config_id from redpigmall_accessory where id = ? 
2018-8-11 14:21:08 http-nio-8803-exec-5 DEBUG ==> Parameters: 20(Long)
2018-8-11 14:21:08 http-nio-8803-exec-5 DEBUG <==      Total: 1
2018-8-11 14:21:08 http-nio-8803-exec-5 DEBUG ==>  Preparing: select id,addTime,deleteStatus,name,path,size,width,height,ext,info,user_id,album_id,config_id from redpigmall_accessory where id = ? 
2018-8-11 14:21:08 http-nio-8803-exec-5 DEBUG ==> Parameters: 21(Long)
2018-8-11 14:21:08 http-nio-8803-exec-5 DEBUG <==      Total: 1
2018-8-11 14:21:08 http-nio-8803-exec-5 DEBUG ==>  Preparing: select id,addTime,deleteStatus,name,path,size,width,height,ext,info,user_id,album_id,config_id from redpigmall_accessory where id = ? 
2018-8-11 14:21:08 http-nio-8803-exec-5 DEBUG ==> Parameters: 7896(Long)
2018-8-11 14:21:08 http-nio-8803-exec-5 DEBUG <==      Total: 1
2018-8-11 14:21:11 http-nio-8803-exec-6 DEBUG ==>  Preparing: select id, addTime, deleteStatus, seo_keywords, seo_description, goods_name, goods_price, store_price,goods_inventory,inventory_type,goods_salenum,goods_serial,goods_weight,goods_volume,goods_fee, goods_details,goods_details_mobile,pack_details,goods_service,store_recommend,store_recommend_time,goods_recommend, goods_click,goods_collect,goods_cod,goods_store_id,goods_status,publish_goods_status,goods_seller_time,goods_transfee, gc_id,goods_main_photo_id,goods_brand_id,goods_property,goods_inventory_detail,ztc_status,ztc_pay_status,ztc_price, ztc_dredge_price,ztc_apply_time,ztc_begin_time,ztc_gold,ztc_click_num,ztc_admin_id,ztc_admin_content,group_id,limitSelling_id,group_buy, evaluate_count,goods_choice_type,activity_status,activity_goods_id,goods_current_price,combin_status,combin_suit_id, combin_parts_id,mail_trans_fee,express_trans_fee,ems_trans_fee,transport_id,description_evaluate,well_evaluate, middle_evaluate,bad_evaluate,goods_type,user_admin_id,mobile_recommend,mobile_recommendTime,mobile_hot,mobile_hotTime, enough_reduce,direct_selling,order_enough_reduce_id,order_enough_give_status,order_enough_if_give,buyGift_amount,buyGift_id,tax_invoice, f_sale_type,goods_f_code,advance_sale_type,advance_date,goods_warn_inventory,warn_inventory_status,goods_top_format_id, goods_top_format_content,goods_bottom_format_id,goods_bottom_format_content,qr_img_path,price_history,delivery_area, delivery_area_id,whether_free,weixin_recommend,weixin_recommendTime,weixin_hot,weixin_hotTime,goods_specs_info, advance_sale_info,goods_limit,goods_limit_count,goods_ad_words,goods_color_json,goods_tags,recommand_goods,inventory_set, refuse_info,merchantService_info from redpigmall_goods where id = ? 
2018-8-11 14:21:11 http-nio-8803-exec-6 DEBUG ==> Parameters: 353(Long)
2018-8-11 14:21:11 http-nio-8803-exec-6 DEBUG <==      Total: 1
2018-8-11 14:21:18 http-nio-8803-exec-7 DEBUG ==>  Preparing: select id, addTime, deleteStatus, seo_keywords, seo_description, goods_name, goods_price, store_price,goods_inventory,inventory_type,goods_salenum,goods_serial,goods_weight,goods_volume,goods_fee, goods_details,goods_details_mobile,pack_details,goods_service,store_recommend,store_recommend_time,goods_recommend, goods_click,goods_collect,goods_cod,goods_store_id,goods_status,publish_goods_status,goods_seller_time,goods_transfee, gc_id,goods_main_photo_id,goods_brand_id,goods_property,goods_inventory_detail,ztc_status,ztc_pay_status,ztc_price, ztc_dredge_price,ztc_apply_time,ztc_begin_time,ztc_gold,ztc_click_num,ztc_admin_id,ztc_admin_content,group_id,limitSelling_id,group_buy, evaluate_count,goods_choice_type,activity_status,activity_goods_id,goods_current_price,combin_status,combin_suit_id, combin_parts_id,mail_trans_fee,express_trans_fee,ems_trans_fee,transport_id,description_evaluate,well_evaluate, middle_evaluate,bad_evaluate,goods_type,user_admin_id,mobile_recommend,mobile_recommendTime,mobile_hot,mobile_hotTime, enough_reduce,direct_selling,order_enough_reduce_id,order_enough_give_status,order_enough_if_give,buyGift_amount,buyGift_id,tax_invoice, f_sale_type,goods_f_code,advance_sale_type,advance_date,goods_warn_inventory,warn_inventory_status,goods_top_format_id, goods_top_format_content,goods_bottom_format_id,goods_bottom_format_content,qr_img_path,price_history,delivery_area, delivery_area_id,whether_free,weixin_recommend,weixin_recommendTime,weixin_hot,weixin_hotTime,goods_specs_info, advance_sale_info,goods_limit,goods_limit_count,goods_ad_words,goods_color_json,goods_tags,recommand_goods,inventory_set, refuse_info,merchantService_info from redpigmall_goods where id = ? 
2018-8-11 14:21:18 http-nio-8803-exec-7 DEBUG ==> Parameters: 348(Long)
2018-8-11 14:21:18 http-nio-8803-exec-7 DEBUG <==      Total: 1
2018-8-11 14:21:41 http-nio-8803-exec-10 DEBUG ==>  Preparing: SELECT id,addTime,deleteStatus,title,keywords,description,address,poweredby,copyRight,meta_generator,meta_author,company_name,uploadFilePath,sysLanguage,sysPcLanguage,sysStoreLanguage,integralRate,smsEnbale,smsURL,smsUserName,smsPassword,smsTest,emailEnable,emailHost,emailPort,emailUser,emailUserName,emailPws,emailTest,websiteName,hotSearch,websiteCss,websiteLogo_id,codeStat,websiteState,visitorConsult,closeReason,securityCodeType,securityCodeRegister,securityCodeLogin,securityCodeConsult,imageSuffix,imageWebServer,imageFilesize,smallWidth,smallHeight,middleWidth,middleHeight,bigWidth,bigHeight,integral,integralStore,voucher,deposit,groupBuy,group_meal_gold,gold,goldMarketValue,memberRegister,memberDayLogin,indentComment,consumptionRatio,everyIndentLimit,imageSaveType,complaint_time,storeImage_id,goodsImage_id,memberIcon_id,store_allow,user_level,templates,store_payment,share_code,ztc_status,ztc_goods_view,ztc_price,second_domain_open,domain_allow_count,sys_domain,qq_login,qq_login_id,qq_login_key,qq_domain_code,sina_login,sina_login_id,sina_login_key,sina_domain_code,lucene_update,combin_status,combin_amount,combin_count,combin_scheme_count,service_telphone_list,service_qq_list,admin_login_logo_id,admin_manage_logo_id,auto_order_notice,auto_order_confirm,auto_order_return,auto_order_evaluate,grouplife_order_return,kuaidi_id,kuaidi_id2,kuaidi_type,currency_code,weixin_store,weixin_qr_img_id,weixin_account,weixin_token,weixin_appId,weixin_appSecret,weixin_welecome_content,store_weixin_logo_id,payoff_count,payoff_date,payoff_mag_type,payoff_mag_default,payoff_mag_auto,payoff_all_sale,payoff_all_commission,payoff_all_amount,payoff_all_amount_reality,ofcard,ofcard_userid,ofcard_userpws,ofcard_mobile_profit,app_download,android_download,android_version,ios_download,ios_version,app_seller_download,android_seller_download,android_seller_version,ios_seller_download,ios_seller_version,buygift_status,buygift_meal_gold,enoughreduce_status,enoughreduce_meal_gold,enoughreduce_max_count,email_buy,email_buy_cost,sms_buy,sms_buy_cost,whether_free,lucenen_queue,lucenen_cluster,sms_queue,email_queue,circle_open,circle_count,circle_limit,circle_audit,publish_post_limit,publish_seller_limit,welcome_img_id,qr_logo_id,Website_ico_id,qr_login,apiKey,secretKey,evaluate_edit_deadline,evaluate_add_deadline,smsPlatType,ymrt_smsURL,ymrt_smsUserName,ymrt_smsPassword,ymrt_smsTest,websiteLogo_wide_id,sign_integral,auto_order_cancel,app_push_buyer_apiKey,app_push_buyer_secretKey,app_push_seller_apiKey,app_push_seller_secretKey,app_navigator,app_launch_ad,email_register,phone_register,weixin_login,weixin_navigator,open_weixin_appId,open_weixin_appSecret,index_type,cloudbuy,adminUrl,sellerUrl,indexUrl,h5Url,lucenePath,direct_selling,direct_selling_first_level_rate,direct_selling_second_level_rate,static_folder,vm_folder,cdnServer FROM redpigmall_sysconfig obj WHERE 1=1 ORDER BY addTime DESC 
2018-8-11 14:21:41 http-nio-8803-exec-10 DEBUG ==> Parameters: 
2018-8-11 14:21:41 http-nio-8803-exec-10 DEBUG <==      Total: 1
2018-8-11 14:21:41 http-nio-8803-exec-10 DEBUG ==>  Preparing: select id,addTime,deleteStatus,name,path,size,width,height,ext,info,user_id,album_id,config_id from redpigmall_accessory where id = ? 
2018-8-11 14:21:41 http-nio-8803-exec-10 DEBUG ==> Parameters: 3(Long)
2018-8-11 14:21:41 http-nio-8803-exec-10 DEBUG <==      Total: 1
2018-8-11 14:21:41 http-nio-8803-exec-10 DEBUG ==>  Preparing: select id,addTime,deleteStatus,name,path,size,width,height,ext,info,user_id,album_id,config_id from redpigmall_accessory where id = ? 
2018-8-11 14:21:41 http-nio-8803-exec-10 DEBUG ==> Parameters: 1(Long)
2018-8-11 14:21:41 http-nio-8803-exec-10 DEBUG <==      Total: 1
2018-8-11 14:21:41 http-nio-8803-exec-10 DEBUG ==>  Preparing: select id,addTime,deleteStatus,name,path,size,width,height,ext,info,user_id,album_id,config_id from redpigmall_accessory where id = ? 
2018-8-11 14:21:41 http-nio-8803-exec-10 DEBUG ==> Parameters: 2(Long)
2018-8-11 14:21:41 http-nio-8803-exec-10 DEBUG <==      Total: 1
2018-8-11 14:21:41 http-nio-8803-exec-10 DEBUG ==>  Preparing: select id,addTime,deleteStatus,title,sequence,display,lines_info,more_link from redpigmall_weixin_floor obj WHERE 1=1 order by sequence asc 
2018-8-11 14:21:41 http-nio-8803-exec-10 DEBUG ==> Parameters: 
2018-8-11 14:21:41 http-nio-8803-exec-10 DEBUG <==      Total: 4
2018-8-11 14:21:41 http-nio-8803-exec-10 DEBUG ==>  Preparing: SELECT id,addTime,deleteStatus,title,keywords,description,address,poweredby,copyRight,meta_generator,meta_author,company_name,uploadFilePath,sysLanguage,sysPcLanguage,sysStoreLanguage,integralRate,smsEnbale,smsURL,smsUserName,smsPassword,smsTest,emailEnable,emailHost,emailPort,emailUser,emailUserName,emailPws,emailTest,websiteName,hotSearch,websiteCss,websiteLogo_id,codeStat,websiteState,visitorConsult,closeReason,securityCodeType,securityCodeRegister,securityCodeLogin,securityCodeConsult,imageSuffix,imageWebServer,imageFilesize,smallWidth,smallHeight,middleWidth,middleHeight,bigWidth,bigHeight,integral,integralStore,voucher,deposit,groupBuy,group_meal_gold,gold,goldMarketValue,memberRegister,memberDayLogin,indentComment,consumptionRatio,everyIndentLimit,imageSaveType,complaint_time,storeImage_id,goodsImage_id,memberIcon_id,store_allow,user_level,templates,store_payment,share_code,ztc_status,ztc_goods_view,ztc_price,second_domain_open,domain_allow_count,sys_domain,qq_login,qq_login_id,qq_login_key,qq_domain_code,sina_login,sina_login_id,sina_login_key,sina_domain_code,lucene_update,combin_status,combin_amount,combin_count,combin_scheme_count,service_telphone_list,service_qq_list,admin_login_logo_id,admin_manage_logo_id,auto_order_notice,auto_order_confirm,auto_order_return,auto_order_evaluate,grouplife_order_return,kuaidi_id,kuaidi_id2,kuaidi_type,currency_code,weixin_store,weixin_qr_img_id,weixin_account,weixin_token,weixin_appId,weixin_appSecret,weixin_welecome_content,store_weixin_logo_id,payoff_count,payoff_date,payoff_mag_type,payoff_mag_default,payoff_mag_auto,payoff_all_sale,payoff_all_commission,payoff_all_amount,payoff_all_amount_reality,ofcard,ofcard_userid,ofcard_userpws,ofcard_mobile_profit,app_download,android_download,android_version,ios_download,ios_version,app_seller_download,android_seller_download,android_seller_version,ios_seller_download,ios_seller_version,buygift_status,buygift_meal_gold,enoughreduce_status,enoughreduce_meal_gold,enoughreduce_max_count,email_buy,email_buy_cost,sms_buy,sms_buy_cost,whether_free,lucenen_queue,lucenen_cluster,sms_queue,email_queue,circle_open,circle_count,circle_limit,circle_audit,publish_post_limit,publish_seller_limit,welcome_img_id,qr_logo_id,Website_ico_id,qr_login,apiKey,secretKey,evaluate_edit_deadline,evaluate_add_deadline,smsPlatType,ymrt_smsURL,ymrt_smsUserName,ymrt_smsPassword,ymrt_smsTest,websiteLogo_wide_id,sign_integral,auto_order_cancel,app_push_buyer_apiKey,app_push_buyer_secretKey,app_push_seller_apiKey,app_push_seller_secretKey,app_navigator,app_launch_ad,email_register,phone_register,weixin_login,weixin_navigator,open_weixin_appId,open_weixin_appSecret,index_type,cloudbuy,adminUrl,sellerUrl,indexUrl,h5Url,lucenePath,direct_selling,direct_selling_first_level_rate,direct_selling_second_level_rate,static_folder,vm_folder,cdnServer FROM redpigmall_sysconfig obj WHERE 1=1 ORDER BY addTime DESC 
2018-8-11 14:21:41 http-nio-8803-exec-10 DEBUG ==> Parameters: 
2018-8-11 14:21:41 http-nio-8803-exec-10 DEBUG <==      Total: 1
2018-8-11 14:21:41 http-nio-8803-exec-10 DEBUG ==>  Preparing: select id,addTime,deleteStatus,name,path,size,width,height,ext,info,user_id,album_id,config_id from redpigmall_accessory where id = ? 
2018-8-11 14:21:41 http-nio-8803-exec-10 DEBUG ==> Parameters: 3(Long)
2018-8-11 14:21:41 http-nio-8803-exec-10 DEBUG <==      Total: 1
2018-8-11 14:21:41 http-nio-8803-exec-10 DEBUG ==>  Preparing: select id,addTime,deleteStatus,name,path,size,width,height,ext,info,user_id,album_id,config_id from redpigmall_accessory where id = ? 
2018-8-11 14:21:41 http-nio-8803-exec-10 DEBUG ==> Parameters: 1(Long)
2018-8-11 14:21:41 http-nio-8803-exec-10 DEBUG <==      Total: 1
2018-8-11 14:21:41 http-nio-8803-exec-10 DEBUG ==>  Preparing: select id,addTime,deleteStatus,name,path,size,width,height,ext,info,user_id,album_id,config_id from redpigmall_accessory where id = ? 
2018-8-11 14:21:41 http-nio-8803-exec-10 DEBUG ==> Parameters: 2(Long)
2018-8-11 14:21:41 http-nio-8803-exec-10 DEBUG <==      Total: 1
2018-8-11 14:21:41 http-nio-8803-exec-10 DEBUG ==>  Preparing: select id,addTime,deleteStatus,title,sequence,display,lines_info,more_link from redpigmall_weixin_floor where id = ? 
2018-8-11 14:21:41 http-nio-8803-exec-10 DEBUG ==> Parameters: 37(Long)
2018-8-11 14:21:41 http-nio-8803-exec-10 DEBUG <==      Total: 1
2018-8-11 14:21:41 http-nio-8803-exec-10 DEBUG ==>  Preparing: select id,addTime,deleteStatus,title,sequence,display,lines_info,more_link from redpigmall_weixin_floor where id = ? 
2018-8-11 14:21:41 http-nio-8803-exec-10 DEBUG ==> Parameters: 38(Long)
2018-8-11 14:21:41 http-nio-8803-exec-10 DEBUG <==      Total: 1
2018-8-11 14:21:41 http-nio-8803-exec-10 DEBUG ==>  Preparing: select id,addTime,deleteStatus,title,sequence,display,lines_info,more_link from redpigmall_weixin_floor where id = ? 
2018-8-11 14:21:41 http-nio-8803-exec-10 DEBUG ==> Parameters: 39(Long)
2018-8-11 14:21:41 http-nio-8803-exec-10 DEBUG <==      Total: 1
2018-8-11 14:21:41 http-nio-8803-exec-10 DEBUG ==>  Preparing: select id,addTime,deleteStatus,title,sequence,display,lines_info,more_link from redpigmall_weixin_floor where id = ? 
2018-8-11 14:21:41 http-nio-8803-exec-10 DEBUG ==> Parameters: 40(Long)
2018-8-11 14:21:41 http-nio-8803-exec-10 DEBUG <==      Total: 1
2018-8-11 14:21:41 http-nio-8803-exec-10 DEBUG ==>  Preparing: SELECT id,addTime,deleteStatus,title,keywords,description,address,poweredby,copyRight,meta_generator,meta_author,company_name,uploadFilePath,sysLanguage,sysPcLanguage,sysStoreLanguage,integralRate,smsEnbale,smsURL,smsUserName,smsPassword,smsTest,emailEnable,emailHost,emailPort,emailUser,emailUserName,emailPws,emailTest,websiteName,hotSearch,websiteCss,websiteLogo_id,codeStat,websiteState,visitorConsult,closeReason,securityCodeType,securityCodeRegister,securityCodeLogin,securityCodeConsult,imageSuffix,imageWebServer,imageFilesize,smallWidth,smallHeight,middleWidth,middleHeight,bigWidth,bigHeight,integral,integralStore,voucher,deposit,groupBuy,group_meal_gold,gold,goldMarketValue,memberRegister,memberDayLogin,indentComment,consumptionRatio,everyIndentLimit,imageSaveType,complaint_time,storeImage_id,goodsImage_id,memberIcon_id,store_allow,user_level,templates,store_payment,share_code,ztc_status,ztc_goods_view,ztc_price,second_domain_open,domain_allow_count,sys_domain,qq_login,qq_login_id,qq_login_key,qq_domain_code,sina_login,sina_login_id,sina_login_key,sina_domain_code,lucene_update,combin_status,combin_amount,combin_count,combin_scheme_count,service_telphone_list,service_qq_list,admin_login_logo_id,admin_manage_logo_id,auto_order_notice,auto_order_confirm,auto_order_return,auto_order_evaluate,grouplife_order_return,kuaidi_id,kuaidi_id2,kuaidi_type,currency_code,weixin_store,weixin_qr_img_id,weixin_account,weixin_token,weixin_appId,weixin_appSecret,weixin_welecome_content,store_weixin_logo_id,payoff_count,payoff_date,payoff_mag_type,payoff_mag_default,payoff_mag_auto,payoff_all_sale,payoff_all_commission,payoff_all_amount,payoff_all_amount_reality,ofcard,ofcard_userid,ofcard_userpws,ofcard_mobile_profit,app_download,android_download,android_version,ios_download,ios_version,app_seller_download,android_seller_download,android_seller_version,ios_seller_download,ios_seller_version,buygift_status,buygift_meal_gold,enoughreduce_status,enoughreduce_meal_gold,enoughreduce_max_count,email_buy,email_buy_cost,sms_buy,sms_buy_cost,whether_free,lucenen_queue,lucenen_cluster,sms_queue,email_queue,circle_open,circle_count,circle_limit,circle_audit,publish_post_limit,publish_seller_limit,welcome_img_id,qr_logo_id,Website_ico_id,qr_login,apiKey,secretKey,evaluate_edit_deadline,evaluate_add_deadline,smsPlatType,ymrt_smsURL,ymrt_smsUserName,ymrt_smsPassword,ymrt_smsTest,websiteLogo_wide_id,sign_integral,auto_order_cancel,app_push_buyer_apiKey,app_push_buyer_secretKey,app_push_seller_apiKey,app_push_seller_secretKey,app_navigator,app_launch_ad,email_register,phone_register,weixin_login,weixin_navigator,open_weixin_appId,open_weixin_appSecret,index_type,cloudbuy,adminUrl,sellerUrl,indexUrl,h5Url,lucenePath,direct_selling,direct_selling_first_level_rate,direct_selling_second_level_rate,static_folder,vm_folder,cdnServer FROM redpigmall_sysconfig obj WHERE 1=1 ORDER BY addTime DESC 
2018-8-11 14:21:41 http-nio-8803-exec-10 DEBUG ==> Parameters: 
2018-8-11 14:21:41 http-nio-8803-exec-1 DEBUG ==>  Preparing: SELECT id,addTime,deleteStatus,title,keywords,description,address,poweredby,copyRight,meta_generator,meta_author,company_name,uploadFilePath,sysLanguage,sysPcLanguage,sysStoreLanguage,integralRate,smsEnbale,smsURL,smsUserName,smsPassword,smsTest,emailEnable,emailHost,emailPort,emailUser,emailUserName,emailPws,emailTest,websiteName,hotSearch,websiteCss,websiteLogo_id,codeStat,websiteState,visitorConsult,closeReason,securityCodeType,securityCodeRegister,securityCodeLogin,securityCodeConsult,imageSuffix,imageWebServer,imageFilesize,smallWidth,smallHeight,middleWidth,middleHeight,bigWidth,bigHeight,integral,integralStore,voucher,deposit,groupBuy,group_meal_gold,gold,goldMarketValue,memberRegister,memberDayLogin,indentComment,consumptionRatio,everyIndentLimit,imageSaveType,complaint_time,storeImage_id,goodsImage_id,memberIcon_id,store_allow,user_level,templates,store_payment,share_code,ztc_status,ztc_goods_view,ztc_price,second_domain_open,domain_allow_count,sys_domain,qq_login,qq_login_id,qq_login_key,qq_domain_code,sina_login,sina_login_id,sina_login_key,sina_domain_code,lucene_update,combin_status,combin_amount,combin_count,combin_scheme_count,service_telphone_list,service_qq_list,admin_login_logo_id,admin_manage_logo_id,auto_order_notice,auto_order_confirm,auto_order_return,auto_order_evaluate,grouplife_order_return,kuaidi_id,kuaidi_id2,kuaidi_type,currency_code,weixin_store,weixin_qr_img_id,weixin_account,weixin_token,weixin_appId,weixin_appSecret,weixin_welecome_content,store_weixin_logo_id,payoff_count,payoff_date,payoff_mag_type,payoff_mag_default,payoff_mag_auto,payoff_all_sale,payoff_all_commission,payoff_all_amount,payoff_all_amount_reality,ofcard,ofcard_userid,ofcard_userpws,ofcard_mobile_profit,app_download,android_download,android_version,ios_download,ios_version,app_seller_download,android_seller_download,android_seller_version,ios_seller_download,ios_seller_version,buygift_status,buygift_meal_gold,enoughreduce_status,enoughreduce_meal_gold,enoughreduce_max_count,email_buy,email_buy_cost,sms_buy,sms_buy_cost,whether_free,lucenen_queue,lucenen_cluster,sms_queue,email_queue,circle_open,circle_count,circle_limit,circle_audit,publish_post_limit,publish_seller_limit,welcome_img_id,qr_logo_id,Website_ico_id,qr_login,apiKey,secretKey,evaluate_edit_deadline,evaluate_add_deadline,smsPlatType,ymrt_smsURL,ymrt_smsUserName,ymrt_smsPassword,ymrt_smsTest,websiteLogo_wide_id,sign_integral,auto_order_cancel,app_push_buyer_apiKey,app_push_buyer_secretKey,app_push_seller_apiKey,app_push_seller_secretKey,app_navigator,app_launch_ad,email_register,phone_register,weixin_login,weixin_navigator,open_weixin_appId,open_weixin_appSecret,index_type,cloudbuy,adminUrl,sellerUrl,indexUrl,h5Url,lucenePath,direct_selling,direct_selling_first_level_rate,direct_selling_second_level_rate,static_folder,vm_folder,cdnServer FROM redpigmall_sysconfig obj WHERE 1=1 ORDER BY addTime DESC 
2018-8-11 14:21:41 http-nio-8803-exec-1 DEBUG ==> Parameters: 
2018-8-11 14:21:41 http-nio-8803-exec-10 DEBUG <==      Total: 1
2018-8-11 14:21:41 http-nio-8803-exec-10 DEBUG ==>  Preparing: select id,addTime,deleteStatus,name,path,size,width,height,ext,info,user_id,album_id,config_id from redpigmall_accessory where id = ? 
2018-8-11 14:21:41 http-nio-8803-exec-10 DEBUG ==> Parameters: 3(Long)
2018-8-11 14:21:41 http-nio-8803-exec-10 DEBUG <==      Total: 1
2018-8-11 14:21:41 http-nio-8803-exec-10 DEBUG ==>  Preparing: select id,addTime,deleteStatus,name,path,size,width,height,ext,info,user_id,album_id,config_id from redpigmall_accessory where id = ? 
2018-8-11 14:21:41 http-nio-8803-exec-10 DEBUG ==> Parameters: 1(Long)
2018-8-11 14:21:41 http-nio-8803-exec-1 DEBUG <==      Total: 1
2018-8-11 14:21:41 http-nio-8803-exec-10 DEBUG <==      Total: 1
2018-8-11 14:21:41 http-nio-8803-exec-10 DEBUG ==>  Preparing: select id,addTime,deleteStatus,name,path,size,width,height,ext,info,user_id,album_id,config_id from redpigmall_accessory where id = ? 
2018-8-11 14:21:41 http-nio-8803-exec-1 DEBUG ==>  Preparing: select id,addTime,deleteStatus,name,path,size,width,height,ext,info,user_id,album_id,config_id from redpigmall_accessory where id = ? 
2018-8-11 14:21:41 http-nio-8803-exec-10 DEBUG ==> Parameters: 2(Long)
2018-8-11 14:21:41 http-nio-8803-exec-1 DEBUG ==> Parameters: 3(Long)
2018-8-11 14:21:41 http-nio-8803-exec-1 DEBUG <==      Total: 1
2018-8-11 14:21:41 http-nio-8803-exec-10 DEBUG <==      Total: 1
2018-8-11 14:21:41 http-nio-8803-exec-1 DEBUG ==>  Preparing: select id,addTime,deleteStatus,name,path,size,width,height,ext,info,user_id,album_id,config_id from redpigmall_accessory where id = ? 
2018-8-11 14:21:41 http-nio-8803-exec-1 DEBUG ==> Parameters: 1(Long)
2018-8-11 14:21:41 http-nio-8803-exec-1 DEBUG <==      Total: 1
2018-8-11 14:21:41 http-nio-8803-exec-1 DEBUG ==>  Preparing: select id,addTime,deleteStatus,name,path,size,width,height,ext,info,user_id,album_id,config_id from redpigmall_accessory where id = ? 
2018-8-11 14:21:41 http-nio-8803-exec-1 DEBUG ==> Parameters: 2(Long)
2018-8-11 14:21:41 http-nio-8803-exec-1 DEBUG <==      Total: 1
2018-8-11 14:21:41 http-nio-8803-exec-10 DEBUG ==>  Preparing: SELECT id,addTime,deleteStatus,title,keywords,description,address,poweredby,copyRight,meta_generator,meta_author,company_name,uploadFilePath,sysLanguage,sysPcLanguage,sysStoreLanguage,integralRate,smsEnbale,smsURL,smsUserName,smsPassword,smsTest,emailEnable,emailHost,emailPort,emailUser,emailUserName,emailPws,emailTest,websiteName,hotSearch,websiteCss,websiteLogo_id,codeStat,websiteState,visitorConsult,closeReason,securityCodeType,securityCodeRegister,securityCodeLogin,securityCodeConsult,imageSuffix,imageWebServer,imageFilesize,smallWidth,smallHeight,middleWidth,middleHeight,bigWidth,bigHeight,integral,integralStore,voucher,deposit,groupBuy,group_meal_gold,gold,goldMarketValue,memberRegister,memberDayLogin,indentComment,consumptionRatio,everyIndentLimit,imageSaveType,complaint_time,storeImage_id,goodsImage_id,memberIcon_id,store_allow,user_level,templates,store_payment,share_code,ztc_status,ztc_goods_view,ztc_price,second_domain_open,domain_allow_count,sys_domain,qq_login,qq_login_id,qq_login_key,qq_domain_code,sina_login,sina_login_id,sina_login_key,sina_domain_code,lucene_update,combin_status,combin_amount,combin_count,combin_scheme_count,service_telphone_list,service_qq_list,admin_login_logo_id,admin_manage_logo_id,auto_order_notice,auto_order_confirm,auto_order_return,auto_order_evaluate,grouplife_order_return,kuaidi_id,kuaidi_id2,kuaidi_type,currency_code,weixin_store,weixin_qr_img_id,weixin_account,weixin_token,weixin_appId,weixin_appSecret,weixin_welecome_content,store_weixin_logo_id,payoff_count,payoff_date,payoff_mag_type,payoff_mag_default,payoff_mag_auto,payoff_all_sale,payoff_all_commission,payoff_all_amount,payoff_all_amount_reality,ofcard,ofcard_userid,ofcard_userpws,ofcard_mobile_profit,app_download,android_download,android_version,ios_download,ios_version,app_seller_download,android_seller_download,android_seller_version,ios_seller_download,ios_seller_version,buygift_status,buygift_meal_gold,enoughreduce_status,enoughreduce_meal_gold,enoughreduce_max_count,email_buy,email_buy_cost,sms_buy,sms_buy_cost,whether_free,lucenen_queue,lucenen_cluster,sms_queue,email_queue,circle_open,circle_count,circle_limit,circle_audit,publish_post_limit,publish_seller_limit,welcome_img_id,qr_logo_id,Website_ico_id,qr_login,apiKey,secretKey,evaluate_edit_deadline,evaluate_add_deadline,smsPlatType,ymrt_smsURL,ymrt_smsUserName,ymrt_smsPassword,ymrt_smsTest,websiteLogo_wide_id,sign_integral,auto_order_cancel,app_push_buyer_apiKey,app_push_buyer_secretKey,app_push_seller_apiKey,app_push_seller_secretKey,app_navigator,app_launch_ad,email_register,phone_register,weixin_login,weixin_navigator,open_weixin_appId,open_weixin_appSecret,index_type,cloudbuy,adminUrl,sellerUrl,indexUrl,h5Url,lucenePath,direct_selling,direct_selling_first_level_rate,direct_selling_second_level_rate,static_folder,vm_folder,cdnServer FROM redpigmall_sysconfig obj WHERE 1=1 ORDER BY addTime DESC 
2018-8-11 14:21:41 http-nio-8803-exec-10 DEBUG ==> Parameters: 
2018-8-11 14:21:41 http-nio-8803-exec-1 DEBUG ==>  Preparing: select id,addTime,deleteStatus,ap_title,ap_content,ap_type,ap_status,ap_use_status,ap_width,ap_height,ap_price,ap_sys_type,ap_show_type,ap_sale_type,ap_acc_id,ap_text,ap_acc_url,ap_code,ap_location from redpigmall_adv_pos where id = ? 
2018-8-11 14:21:41 http-nio-8803-exec-1 DEBUG ==> Parameters: 11(Long)
2018-8-11 14:21:41 http-nio-8803-exec-1 DEBUG <==      Total: 1
2018-8-11 14:21:41 http-nio-8803-exec-10 DEBUG <==      Total: 1
2018-8-11 14:21:41 http-nio-8803-exec-10 DEBUG ==>  Preparing: select id,addTime,deleteStatus,name,path,size,width,height,ext,info,user_id,album_id,config_id from redpigmall_accessory where id = ? 
2018-8-11 14:21:41 http-nio-8803-exec-10 DEBUG ==> Parameters: 3(Long)
2018-8-11 14:21:41 http-nio-8803-exec-1 DEBUG ==>  Preparing: select id,addTime,deleteStatus,ad_title,ad_begin_time,ad_end_time,ad_ap_id,ad_status,ad_acc_id,ad_text,ad_slide_sequence,ad_user_id,ad_url,ad_click_num,ad_gold,bg_color from redpigmall_advert where ad_ap_id = ? 
2018-8-11 14:21:41 http-nio-8803-exec-1 DEBUG ==> Parameters: 11(Long)
2018-8-11 14:21:41 http-nio-8803-exec-10 DEBUG <==      Total: 1
2018-8-11 14:21:41 http-nio-8803-exec-10 DEBUG ==>  Preparing: select id,addTime,deleteStatus,name,path,size,width,height,ext,info,user_id,album_id,config_id from redpigmall_accessory where id = ? 
2018-8-11 14:21:41 http-nio-8803-exec-10 DEBUG ==> Parameters: 1(Long)
2018-8-11 14:21:41 http-nio-8803-exec-10 DEBUG <==      Total: 1
2018-8-11 14:21:41 http-nio-8803-exec-10 DEBUG ==>  Preparing: select id,addTime,deleteStatus,name,path,size,width,height,ext,info,user_id,album_id,config_id from redpigmall_accessory where id = ? 
2018-8-11 14:21:41 http-nio-8803-exec-10 DEBUG ==> Parameters: 2(Long)
2018-8-11 14:21:41 http-nio-8803-exec-1 DEBUG <==      Total: 4
2018-8-11 14:21:41 http-nio-8803-exec-10 DEBUG <==      Total: 1
2018-8-11 14:21:41 http-nio-8803-exec-1 DEBUG ==>  Preparing: select id,addTime,deleteStatus,name,path,size,width,height,ext,info,user_id,album_id,config_id from redpigmall_accessory where id = ? 
2018-8-11 14:21:41 http-nio-8803-exec-1 DEBUG ==> Parameters: 19(Long)
2018-8-11 14:21:41 http-nio-8803-exec-1 DEBUG <==      Total: 1
2018-8-11 14:21:41 http-nio-8803-exec-1 DEBUG ==>  Preparing: select id,addTime,deleteStatus,name,path,size,width,height,ext,info,user_id,album_id,config_id from redpigmall_accessory where id = ? 
2018-8-11 14:21:41 http-nio-8803-exec-1 DEBUG ==> Parameters: 20(Long)
2018-8-11 14:21:41 http-nio-8803-exec-1 DEBUG <==      Total: 1
2018-8-11 14:21:41 http-nio-8803-exec-1 DEBUG ==>  Preparing: select id,addTime,deleteStatus,name,path,size,width,height,ext,info,user_id,album_id,config_id from redpigmall_accessory where id = ? 
2018-8-11 14:21:41 http-nio-8803-exec-1 DEBUG ==> Parameters: 21(Long)
2018-8-11 14:21:41 http-nio-8803-exec-1 DEBUG <==      Total: 1
2018-8-11 14:21:41 http-nio-8803-exec-1 DEBUG ==>  Preparing: select id,addTime,deleteStatus,name,path,size,width,height,ext,info,user_id,album_id,config_id from redpigmall_accessory where id = ? 
2018-8-11 14:21:41 http-nio-8803-exec-1 DEBUG ==> Parameters: 7896(Long)
2018-8-11 14:21:41 http-nio-8803-exec-1 DEBUG <==      Total: 1
2018-8-11 14:21:42 http-nio-8803-exec-3 DEBUG ==>  Preparing: select id, addTime, deleteStatus, seo_keywords, seo_description, goods_name, goods_price, store_price,goods_inventory,inventory_type,goods_salenum,goods_serial,goods_weight,goods_volume,goods_fee, goods_details,goods_details_mobile,pack_details,goods_service,store_recommend,store_recommend_time,goods_recommend, goods_click,goods_collect,goods_cod,goods_store_id,goods_status,publish_goods_status,goods_seller_time,goods_transfee, gc_id,goods_main_photo_id,goods_brand_id,goods_property,goods_inventory_detail,ztc_status,ztc_pay_status,ztc_price, ztc_dredge_price,ztc_apply_time,ztc_begin_time,ztc_gold,ztc_click_num,ztc_admin_id,ztc_admin_content,group_id,limitSelling_id,group_buy, evaluate_count,goods_choice_type,activity_status,activity_goods_id,goods_current_price,combin_status,combin_suit_id, combin_parts_id,mail_trans_fee,express_trans_fee,ems_trans_fee,transport_id,description_evaluate,well_evaluate, middle_evaluate,bad_evaluate,goods_type,user_admin_id,mobile_recommend,mobile_recommendTime,mobile_hot,mobile_hotTime, enough_reduce,direct_selling,order_enough_reduce_id,order_enough_give_status,order_enough_if_give,buyGift_amount,buyGift_id,tax_invoice, f_sale_type,goods_f_code,advance_sale_type,advance_date,goods_warn_inventory,warn_inventory_status,goods_top_format_id, goods_top_format_content,goods_bottom_format_id,goods_bottom_format_content,qr_img_path,price_history,delivery_area, delivery_area_id,whether_free,weixin_recommend,weixin_recommendTime,weixin_hot,weixin_hotTime,goods_specs_info, advance_sale_info,goods_limit,goods_limit_count,goods_ad_words,goods_color_json,goods_tags,recommand_goods,inventory_set, refuse_info,merchantService_info from redpigmall_goods where id = ? 
2018-8-11 14:21:42 http-nio-8803-exec-3 DEBUG ==> Parameters: 347(Long)
2018-8-11 14:21:42 http-nio-8803-exec-3 DEBUG <==      Total: 1
2018-8-11 14:53:35 restartedMain INFO Starting RedPigWebWap on OHCQQJTD6YJ2NKW with PID 7060 (D:\redpigcloud\redpigcloud_jd20180804\redpig-web-h5\target\classes started by Administrator in D:\redpigcloud\redpigcloud_jd20180804\redpig-web-h5)
2018-8-11 14:53:35 restartedMain DEBUG Running with Spring Boot v2.0.2.RELEASE, Spring v5.0.6.RELEASE
2018-8-11 14:53:35 restartedMain INFO No active profile set, falling back to default profiles: default
2018-8-11 14:53:44 localhost-startStop-1 INFO init Druid Servlet Configuration 
2018-8-11 14:53:45 localhost-startStop-1 DEBUG 开始初始化SpringUtil...
2018-8-11 14:53:45 localhost-startStop-1 DEBUG web root abs path=D:\redpigcloud\redpigcloud_jd20180804\redpig-web-h5\src\main\webapp\
2018-8-11 14:53:45 localhost-startStop-1 DEBUG SpringUtil初始化完成.
2018-8-11 14:54:09 restartedMain DEBUG ==>  Preparing: SELECT id,addTime,deleteStatus,title,keywords,description,address,poweredby,copyRight,meta_generator,meta_author,company_name,uploadFilePath,sysLanguage,sysPcLanguage,sysStoreLanguage,integralRate,smsEnbale,smsURL,smsUserName,smsPassword,smsTest,emailEnable,emailHost,emailPort,emailUser,emailUserName,emailPws,emailTest,websiteName,hotSearch,websiteCss,websiteLogo_id,codeStat,websiteState,visitorConsult,closeReason,securityCodeType,securityCodeRegister,securityCodeLogin,securityCodeConsult,imageSuffix,imageWebServer,imageFilesize,smallWidth,smallHeight,middleWidth,middleHeight,bigWidth,bigHeight,integral,integralStore,voucher,deposit,groupBuy,group_meal_gold,gold,goldMarketValue,memberRegister,memberDayLogin,indentComment,consumptionRatio,everyIndentLimit,imageSaveType,complaint_time,storeImage_id,goodsImage_id,memberIcon_id,store_allow,user_level,templates,store_payment,share_code,ztc_status,ztc_goods_view,ztc_price,second_domain_open,domain_allow_count,sys_domain,qq_login,qq_login_id,qq_login_key,qq_domain_code,sina_login,sina_login_id,sina_login_key,sina_domain_code,lucene_update,combin_status,combin_amount,combin_count,combin_scheme_count,service_telphone_list,service_qq_list,admin_login_logo_id,admin_manage_logo_id,auto_order_notice,auto_order_confirm,auto_order_return,auto_order_evaluate,grouplife_order_return,kuaidi_id,kuaidi_id2,kuaidi_type,currency_code,weixin_store,weixin_qr_img_id,weixin_account,weixin_token,weixin_appId,weixin_appSecret,weixin_welecome_content,store_weixin_logo_id,payoff_count,payoff_date,payoff_mag_type,payoff_mag_default,payoff_mag_auto,payoff_all_sale,payoff_all_commission,payoff_all_amount,payoff_all_amount_reality,ofcard,ofcard_userid,ofcard_userpws,ofcard_mobile_profit,app_download,android_download,android_version,ios_download,ios_version,app_seller_download,android_seller_download,android_seller_version,ios_seller_download,ios_seller_version,buygift_status,buygift_meal_gold,enoughreduce_status,enoughreduce_meal_gold,enoughreduce_max_count,email_buy,email_buy_cost,sms_buy,sms_buy_cost,whether_free,lucenen_queue,lucenen_cluster,sms_queue,email_queue,circle_open,circle_count,circle_limit,circle_audit,publish_post_limit,publish_seller_limit,welcome_img_id,qr_logo_id,Website_ico_id,qr_login,apiKey,secretKey,evaluate_edit_deadline,evaluate_add_deadline,smsPlatType,ymrt_smsURL,ymrt_smsUserName,ymrt_smsPassword,ymrt_smsTest,websiteLogo_wide_id,sign_integral,auto_order_cancel,app_push_buyer_apiKey,app_push_buyer_secretKey,app_push_seller_apiKey,app_push_seller_secretKey,app_navigator,app_launch_ad,email_register,phone_register,weixin_login,weixin_navigator,open_weixin_appId,open_weixin_appSecret,index_type,cloudbuy,adminUrl,sellerUrl,indexUrl,h5Url,lucenePath,direct_selling,direct_selling_first_level_rate,direct_selling_second_level_rate,static_folder,vm_folder,cdnServer FROM redpigmall_sysconfig obj WHERE 1=1 ORDER BY addTime DESC 
2018-8-11 14:54:09 restartedMain DEBUG ==> Parameters: 
2018-8-11 14:54:09 restartedMain DEBUG <==      Total: 1
2018-8-11 14:54:09 restartedMain DEBUG ==>  Preparing: select id,addTime,deleteStatus,name,path,size,width,height,ext,info,user_id,album_id,config_id from redpigmall_accessory where id = ? 
2018-8-11 14:54:09 restartedMain DEBUG ==> Parameters: 3(Long)
2018-8-11 14:54:09 restartedMain DEBUG <==      Total: 1
2018-8-11 14:54:09 restartedMain DEBUG ==>  Preparing: select id,addTime,deleteStatus,name,path,size,width,height,ext,info,user_id,album_id,config_id from redpigmall_accessory where id = ? 
2018-8-11 14:54:09 restartedMain DEBUG ==> Parameters: 1(Long)
2018-8-11 14:54:09 restartedMain DEBUG <==      Total: 1
2018-8-11 14:54:09 restartedMain DEBUG ==>  Preparing: select id,addTime,deleteStatus,name,path,size,width,height,ext,info,user_id,album_id,config_id from redpigmall_accessory where id = ? 
2018-8-11 14:54:09 restartedMain DEBUG ==> Parameters: 2(Long)
2018-8-11 14:54:09 restartedMain DEBUG <==      Total: 1
2018-8-11 14:54:09 restartedMain INFO Started RedPigWebWap in 35.463 seconds (JVM running for 37.005)
