2019-5-12 09:22:47 restartedMain INFO Starting RedPigWebWap on PC-20180115OHFV with PID 5232 (F:\work_yemaill\ye_maill\redpig-web-h5\target\classes started by Administrator in F:\work_yemaill\ye_maill\redpig-web-h5)
2019-5-12 09:22:47 restartedMain DEBUG Running with Spring Boot v2.0.2.RELEASE, Spring v5.0.6.RELEASE
2019-5-12 09:22:47 restartedMain INFO No active profile set, falling back to default profiles: default
2019-5-12 09:22:58 localhost-startStop-1 INFO init Druid Servlet Configuration 
2019-5-12 09:22:58 localhost-startStop-1 DEBUG 开始初始化SpringUtil...
2019-5-12 09:22:58 localhost-startStop-1 DEBUG web root abs path=C:\Users\Administrator\AppData\Local\Temp\tomcat-docbase.2904121366158522442.8803\
2019-5-12 09:22:58 localhost-startStop-1 DEBUG SpringUtil初始化完成.
2019-5-12 09:23:29 restartedMain INFO Started RedPigWebWap in 46.491 seconds (JVM running for 51.575)
2019-5-12 12:44:05 restartedMain INFO Starting RedPigWebWap on PC-20180115OHFV with PID 10164 (F:\work_yemaill\ye_maill\redpig-web-h5\target\classes started by Administrator in F:\work_yemaill\ye_maill\redpig-web-h5)
2019-5-12 12:44:05 restartedMain DEBUG Running with Spring Boot v2.0.2.RELEASE, Spring v5.0.6.RELEASE
2019-5-12 12:44:05 restartedMain INFO No active profile set, falling back to default profiles: default
2019-5-12 12:44:26 localhost-startStop-1 INFO init Druid Servlet Configuration 
2019-5-12 12:44:27 localhost-startStop-1 DEBUG 开始初始化SpringUtil...
2019-5-12 12:44:27 localhost-startStop-1 DEBUG web root abs path=C:\Users\Administrator\AppData\Local\Temp\tomcat-docbase.4519316735484767028.8803\
2019-5-12 12:44:27 localhost-startStop-1 DEBUG SpringUtil初始化完成.
2019-5-12 12:44:48 restartedMain INFO Started RedPigWebWap in 45.328 seconds (JVM running for 51.065)
2019-5-12 12:54:49 restartedMain INFO Starting RedPigWebWap on PC-20180115OHFV with PID 3064 (F:\work_yemaill\ye_maill\redpig-web-h5\target\classes started by Administrator in F:\work_yemaill\ye_maill\redpig-web-h5)
2019-5-12 12:54:49 restartedMain DEBUG Running with Spring Boot v2.0.2.RELEASE, Spring v5.0.6.RELEASE
2019-5-12 12:54:49 restartedMain INFO No active profile set, falling back to default profiles: default
2019-5-12 12:55:08 localhost-startStop-1 INFO init Druid Servlet Configuration 
2019-5-12 12:55:09 localhost-startStop-1 DEBUG 开始初始化SpringUtil...
2019-5-12 12:55:09 localhost-startStop-1 DEBUG web root abs path=C:\Users\Administrator\AppData\Local\Temp\tomcat-docbase.438142440344686227.8803\
2019-5-12 12:55:09 localhost-startStop-1 DEBUG SpringUtil初始化完成.
2019-5-12 12:55:28 restartedMain INFO Started RedPigWebWap in 40.02 seconds (JVM running for 42.116)
2019-5-12 12:59:57 restartedMain INFO Starting RedPigWebWap on PC-20180115OHFV with PID 9164 (F:\work_yemaill\ye_maill\redpig-web-h5\target\classes started by Administrator in F:\work_yemaill\ye_maill\redpig-web-h5)
2019-5-12 12:59:57 restartedMain DEBUG Running with Spring Boot v2.0.2.RELEASE, Spring v5.0.6.RELEASE
2019-5-12 12:59:57 restartedMain INFO No active profile set, falling back to default profiles: default
2019-5-12 13:00:05 localhost-startStop-1 INFO init Druid Servlet Configuration 
2019-5-12 13:00:05 localhost-startStop-1 DEBUG 开始初始化SpringUtil...
2019-5-12 13:00:05 localhost-startStop-1 DEBUG web root abs path=C:\Users\Administrator\AppData\Local\Temp\tomcat-docbase.2864771451280104780.8803\
2019-5-12 13:00:05 localhost-startStop-1 DEBUG SpringUtil初始化完成.
2019-5-12 13:00:21 restartedMain INFO Started RedPigWebWap in 24.554 seconds (JVM running for 25.487)
2019-5-12 13:07:48 restartedMain INFO Starting RedPigWebWap on PC-20180115OHFV with PID 2984 (F:\work_yemaill\ye_maill\redpig-web-h5\target\classes started by Administrator in F:\work_yemaill\ye_maill\redpig-web-h5)
2019-5-12 13:07:48 restartedMain DEBUG Running with Spring Boot v2.0.2.RELEASE, Spring v5.0.6.RELEASE
2019-5-12 13:07:48 restartedMain INFO No active profile set, falling back to default profiles: default
2019-5-12 13:08:09 localhost-startStop-1 INFO init Druid Servlet Configuration 
2019-5-12 13:08:09 localhost-startStop-1 DEBUG 开始初始化SpringUtil...
2019-5-12 13:08:09 localhost-startStop-1 DEBUG web root abs path=C:\Users\Administrator\AppData\Local\Temp\tomcat-docbase.3208023842594451869.8803\
2019-5-12 13:08:09 localhost-startStop-1 DEBUG SpringUtil初始化完成.
2019-5-12 13:08:35 restartedMain INFO Started RedPigWebWap in 48.253 seconds (JVM running for 50.632)
2019-5-12 13:11:00 restartedMain INFO Starting RedPigWebWap on PC-20180115OHFV with PID 5632 (F:\work_yemaill\ye_maill\redpig-web-h5\target\classes started by Administrator in F:\work_yemaill\ye_maill\redpig-web-h5)
2019-5-12 13:11:00 restartedMain DEBUG Running with Spring Boot v2.0.2.RELEASE, Spring v5.0.6.RELEASE
2019-5-12 13:11:00 restartedMain INFO No active profile set, falling back to default profiles: default
2019-5-12 13:11:09 localhost-startStop-1 INFO init Druid Servlet Configuration 
2019-5-12 13:11:09 localhost-startStop-1 DEBUG 开始初始化SpringUtil...
2019-5-12 13:11:09 localhost-startStop-1 DEBUG web root abs path=C:\Users\Administrator\AppData\Local\Temp\tomcat-docbase.1867098557383839631.8803\
2019-5-12 13:11:09 localhost-startStop-1 DEBUG SpringUtil初始化完成.
2019-5-12 13:11:29 restartedMain INFO Started RedPigWebWap in 29.458 seconds (JVM running for 30.565)
2019-5-12 13:18:05 restartedMain INFO Starting RedPigWebWap on PC-20180115OHFV with PID 708 (F:\work_yemaill\ye_maill\redpig-web-h5\target\classes started by Administrator in F:\work_yemaill\ye_maill\redpig-web-h5)
2019-5-12 13:18:05 restartedMain DEBUG Running with Spring Boot v2.0.2.RELEASE, Spring v5.0.6.RELEASE
2019-5-12 13:18:05 restartedMain INFO No active profile set, falling back to default profiles: default
2019-5-12 13:18:28 localhost-startStop-1 INFO init Druid Servlet Configuration 
2019-5-12 13:18:28 localhost-startStop-1 DEBUG 开始初始化SpringUtil...
2019-5-12 13:18:28 localhost-startStop-1 DEBUG web root abs path=C:\Users\Administrator\AppData\Local\Temp\tomcat-docbase.6371467329784958038.8803\
2019-5-12 13:18:28 localhost-startStop-1 DEBUG SpringUtil初始化完成.
2019-5-12 13:18:55 restartedMain INFO Started RedPigWebWap in 51.503 seconds (JVM running for 55.916)
2019-5-12 13:23:46 restartedMain INFO Starting RedPigWebWap on PC-20180115OHFV with PID 7752 (F:\work_yemaill\ye_maill\redpig-web-h5\target\classes started by Administrator in F:\work_yemaill\ye_maill\redpig-web-h5)
2019-5-12 13:23:46 restartedMain DEBUG Running with Spring Boot v2.0.2.RELEASE, Spring v5.0.6.RELEASE
2019-5-12 13:23:46 restartedMain INFO No active profile set, falling back to default profiles: default
2019-5-12 13:23:56 restartedMain INFO Starting RedPigWebWap on PC-20180115OHFV with PID 9544 (F:\work_yemaill\ye_maill\redpig-web-h5\target\classes started by Administrator in F:\work_yemaill\ye_maill\redpig-web-h5)
2019-5-12 13:23:56 restartedMain DEBUG Running with Spring Boot v2.0.2.RELEASE, Spring v5.0.6.RELEASE
2019-5-12 13:23:56 restartedMain INFO No active profile set, falling back to default profiles: default
2019-5-12 13:24:18 localhost-startStop-1 INFO init Druid Servlet Configuration 
2019-5-12 13:24:19 localhost-startStop-1 DEBUG 开始初始化SpringUtil...
2019-5-12 13:24:19 localhost-startStop-1 DEBUG web root abs path=C:\Users\Administrator\AppData\Local\Temp\tomcat-docbase.8597719602322593314.8803\
2019-5-12 13:24:19 localhost-startStop-1 DEBUG SpringUtil初始化完成.
2019-5-12 13:24:47 restartedMain INFO Started RedPigWebWap in 52.583 seconds (JVM running for 54.508)
2019-5-12 13:47:15 restartedMain INFO Starting RedPigWebWap on PC-20180115OHFV with PID 1856 (F:\work_yemaill\ye_maill\redpig-web-h5\target\classes started by Administrator in F:\work_yemaill\ye_maill\redpig-web-h5)
2019-5-12 13:47:15 restartedMain DEBUG Running with Spring Boot v2.0.2.RELEASE, Spring v5.0.6.RELEASE
2019-5-12 13:47:15 restartedMain INFO No active profile set, falling back to default profiles: default
2019-5-12 13:47:37 localhost-startStop-1 INFO init Druid Servlet Configuration 
2019-5-12 13:47:38 localhost-startStop-1 DEBUG 开始初始化SpringUtil...
2019-5-12 13:47:38 localhost-startStop-1 DEBUG web root abs path=C:\Users\Administrator\AppData\Local\Temp\tomcat-docbase.8690537666722012408.8803\
2019-5-12 13:47:38 localhost-startStop-1 DEBUG SpringUtil初始化完成.
2019-5-12 13:48:04 restartedMain INFO Started RedPigWebWap in 49.88 seconds (JVM running for 53.181)
2019-5-12 15:25:59 restartedMain INFO Starting RedPigWebWap on PC-20180115OHFV with PID 7976 (F:\work_yemaill\ye_maill\redpig-web-h5\target\classes started by Administrator in F:\work_yemaill\ye_maill\redpig-web-h5)
2019-5-12 15:25:59 restartedMain DEBUG Running with Spring Boot v2.0.2.RELEASE, Spring v5.0.6.RELEASE
2019-5-12 15:25:59 restartedMain INFO No active profile set, falling back to default profiles: default
2019-5-12 15:26:21 localhost-startStop-1 INFO init Druid Servlet Configuration 
2019-5-12 15:26:22 localhost-startStop-1 DEBUG 开始初始化SpringUtil...
2019-5-12 15:26:22 localhost-startStop-1 DEBUG web root abs path=C:\Users\Administrator\AppData\Local\Temp\tomcat-docbase.1421093140177573339.8803\
2019-5-12 15:26:22 localhost-startStop-1 DEBUG SpringUtil初始化完成.
2019-5-12 15:26:54 restartedMain INFO Started RedPigWebWap in 56.067 seconds (JVM running for 59.809)
2019-5-12 15:30:26 restartedMain INFO Starting RedPigWebWap on PC-20180115OHFV with PID 7396 (F:\work_yemaill\ye_maill\redpig-web-h5\target\classes started by Administrator in F:\work_yemaill\ye_maill\redpig-web-h5)
2019-5-12 15:30:26 restartedMain DEBUG Running with Spring Boot v2.0.2.RELEASE, Spring v5.0.6.RELEASE
2019-5-12 15:30:26 restartedMain INFO No active profile set, falling back to default profiles: default
2019-5-12 15:30:48 localhost-startStop-1 INFO init Druid Servlet Configuration 
2019-5-12 15:30:49 localhost-startStop-1 DEBUG 开始初始化SpringUtil...
2019-5-12 15:30:49 localhost-startStop-1 DEBUG web root abs path=C:\Users\Administrator\AppData\Local\Temp\tomcat-docbase.3309935832245920828.8803\
2019-5-12 15:30:49 localhost-startStop-1 DEBUG SpringUtil初始化完成.
2019-5-12 15:31:18 restartedMain INFO Started RedPigWebWap in 53.264 seconds (JVM running for 56.451)
2019-5-12 15:35:15 restartedMain INFO Starting RedPigWebWap on PC-20180115OHFV with PID 10084 (F:\work_yemaill\ye_maill\redpig-web-h5\target\classes started by Administrator in F:\work_yemaill\ye_maill\redpig-web-h5)
2019-5-12 15:35:15 restartedMain DEBUG Running with Spring Boot v2.0.2.RELEASE, Spring v5.0.6.RELEASE
2019-5-12 15:35:15 restartedMain INFO No active profile set, falling back to default profiles: default
2019-5-12 15:35:43 localhost-startStop-1 INFO init Druid Servlet Configuration 
2019-5-12 15:35:45 localhost-startStop-1 DEBUG 开始初始化SpringUtil...
2019-5-12 15:35:45 localhost-startStop-1 DEBUG web root abs path=C:\Users\Administrator\AppData\Local\Temp\tomcat-docbase.7617481629722454852.8803\
2019-5-12 15:35:45 localhost-startStop-1 DEBUG SpringUtil初始化完成.
2019-5-12 15:36:15 restartedMain INFO Started RedPigWebWap in 62.256 seconds (JVM running for 69.215)
2019-5-12 15:38:28 restartedMain INFO Starting RedPigWebWap on PC-20180115OHFV with PID 2472 (F:\work_yemaill\ye_maill\redpig-web-h5\target\classes started by Administrator in F:\work_yemaill\ye_maill\redpig-web-h5)
2019-5-12 15:38:28 restartedMain DEBUG Running with Spring Boot v2.0.2.RELEASE, Spring v5.0.6.RELEASE
2019-5-12 15:38:28 restartedMain INFO No active profile set, falling back to default profiles: default
2019-5-12 15:38:50 localhost-startStop-1 INFO init Druid Servlet Configuration 
2019-5-12 15:38:51 localhost-startStop-1 DEBUG 开始初始化SpringUtil...
2019-5-12 15:38:51 localhost-startStop-1 DEBUG web root abs path=C:\Users\Administrator\AppData\Local\Temp\tomcat-docbase.1426182454863892952.8803\
2019-5-12 15:38:51 localhost-startStop-1 DEBUG SpringUtil初始化完成.
2019-5-12 15:39:18 restartedMain INFO Started RedPigWebWap in 52.204 seconds (JVM running for 55.682)
2019-5-12 15:40:38 restartedMain INFO Starting RedPigWebWap on PC-20180115OHFV with PID 10528 (F:\work_yemaill\ye_maill\redpig-web-h5\target\classes started by Administrator in F:\work_yemaill\ye_maill\redpig-web-h5)
2019-5-12 15:40:38 restartedMain DEBUG Running with Spring Boot v2.0.2.RELEASE, Spring v5.0.6.RELEASE
2019-5-12 15:40:38 restartedMain INFO No active profile set, falling back to default profiles: default
2019-5-12 15:41:00 localhost-startStop-1 INFO init Druid Servlet Configuration 
2019-5-12 15:41:01 localhost-startStop-1 DEBUG 开始初始化SpringUtil...
2019-5-12 15:41:01 localhost-startStop-1 DEBUG web root abs path=C:\Users\Administrator\AppData\Local\Temp\tomcat-docbase.4562772922837721610.8803\
2019-5-12 15:41:01 localhost-startStop-1 DEBUG SpringUtil初始化完成.
2019-5-12 15:41:29 restartedMain INFO Started RedPigWebWap in 52.343 seconds (JVM running for 56.214)
2019-5-12 16:08:13 restartedMain INFO Starting RedPigWebWap on PC-20180115OHFV with PID 9884 (F:\work_yemaill\ye_maill\redpig-web-h5\target\classes started by Administrator in F:\work_yemaill\ye_maill\redpig-web-h5)
2019-5-12 16:08:13 restartedMain DEBUG Running with Spring Boot v2.0.2.RELEASE, Spring v5.0.6.RELEASE
2019-5-12 16:08:13 restartedMain INFO No active profile set, falling back to default profiles: default
2019-5-12 16:08:35 localhost-startStop-1 INFO init Druid Servlet Configuration 
2019-5-12 16:08:36 localhost-startStop-1 DEBUG 开始初始化SpringUtil...
2019-5-12 16:08:36 localhost-startStop-1 DEBUG web root abs path=C:\Users\Administrator\AppData\Local\Temp\tomcat-docbase.5286218074076413504.8803\
2019-5-12 16:08:36 localhost-startStop-1 DEBUG SpringUtil初始化完成.
2019-5-12 16:09:05 restartedMain INFO Started RedPigWebWap in 53.473 seconds (JVM running for 58.653)
2019-5-12 18:34:58 restartedMain INFO Starting RedPigWebWap on PC-20180115OHFV with PID 2968 (F:\work_yemaill\ye_maill\redpig-web-h5\target\classes started by Administrator in F:\work_yemaill\ye_maill\redpig-web-h5)
2019-5-12 18:34:58 restartedMain DEBUG Running with Spring Boot v2.0.2.RELEASE, Spring v5.0.6.RELEASE
2019-5-12 18:34:58 restartedMain INFO No active profile set, falling back to default profiles: default
2019-5-12 18:35:51 localhost-startStop-1 INFO init Druid Servlet Configuration 
2019-5-12 18:35:53 localhost-startStop-1 DEBUG 开始初始化SpringUtil...
2019-5-12 18:35:53 localhost-startStop-1 DEBUG web root abs path=C:\Users\Administrator\AppData\Local\Temp\tomcat-docbase.5018510638019640396.8803\
2019-5-12 18:35:53 localhost-startStop-1 DEBUG SpringUtil初始化完成.
2019-5-12 18:37:05 restartedMain INFO Started RedPigWebWap in 131.666 seconds (JVM running for 140.64)
2019-5-12 18:40:39 restartedMain INFO Starting RedPigWebWap on PC-20180115OHFV with PID 10628 (F:\work_yemaill\ye_maill\redpig-web-h5\target\classes started by Administrator in F:\work_yemaill\ye_maill\redpig-web-h5)
2019-5-12 18:40:39 restartedMain DEBUG Running with Spring Boot v2.0.2.RELEASE, Spring v5.0.6.RELEASE
2019-5-12 18:40:39 restartedMain INFO No active profile set, falling back to default profiles: default
2019-5-12 18:41:10 localhost-startStop-1 INFO init Druid Servlet Configuration 
2019-5-12 18:41:10 localhost-startStop-1 DEBUG 开始初始化SpringUtil...
2019-5-12 18:41:10 localhost-startStop-1 DEBUG web root abs path=C:\Users\Administrator\AppData\Local\Temp\tomcat-docbase.7440722640275032654.8803\
2019-5-12 18:41:10 localhost-startStop-1 DEBUG SpringUtil初始化完成.
2019-5-12 18:41:36 restartedMain INFO Started RedPigWebWap in 58.347 seconds (JVM running for 62.743)
2019-5-12 18:44:16 restartedMain INFO Starting RedPigWebWap on PC-20180115OHFV with PID 10596 (F:\work_yemaill\ye_maill\redpig-web-h5\target\classes started by Administrator in F:\work_yemaill\ye_maill\redpig-web-h5)
2019-5-12 18:44:16 restartedMain DEBUG Running with Spring Boot v2.0.2.RELEASE, Spring v5.0.6.RELEASE
2019-5-12 18:44:16 restartedMain INFO No active profile set, falling back to default profiles: default
2019-5-12 18:44:27 localhost-startStop-1 INFO init Druid Servlet Configuration 
2019-5-12 18:44:27 localhost-startStop-1 DEBUG 开始初始化SpringUtil...
2019-5-12 18:44:27 localhost-startStop-1 DEBUG web root abs path=C:\Users\Administrator\AppData\Local\Temp\tomcat-docbase.6165711892639329786.8803\
2019-5-12 18:44:27 localhost-startStop-1 DEBUG SpringUtil初始化完成.
2019-5-12 18:44:48 restartedMain INFO Started RedPigWebWap in 33.229 seconds (JVM running for 35.217)
2019-5-12 18:46:42 restartedMain INFO Starting RedPigWebWap on PC-20180115OHFV with PID 1244 (F:\work_yemaill\ye_maill\redpig-web-h5\target\classes started by Administrator in F:\work_yemaill\ye_maill\redpig-web-h5)
2019-5-12 18:46:42 restartedMain DEBUG Running with Spring Boot v2.0.2.RELEASE, Spring v5.0.6.RELEASE
2019-5-12 18:46:42 restartedMain INFO No active profile set, falling back to default profiles: default
2019-5-12 18:47:03 localhost-startStop-1 INFO init Druid Servlet Configuration 
2019-5-12 18:47:03 localhost-startStop-1 DEBUG 开始初始化SpringUtil...
2019-5-12 18:47:03 localhost-startStop-1 DEBUG web root abs path=C:\Users\Administrator\AppData\Local\Temp\tomcat-docbase.1308842193907023669.8803\
2019-5-12 18:47:03 localhost-startStop-1 DEBUG SpringUtil初始化完成.
2019-5-12 18:47:25 restartedMain INFO Started RedPigWebWap in 43.937 seconds (JVM running for 46.904)
2019-5-12 18:50:19 restartedMain INFO Starting RedPigWebWap on PC-20180115OHFV with PID 9724 (F:\work_yemaill\ye_maill\redpig-web-h5\target\classes started by Administrator in F:\work_yemaill\ye_maill\redpig-web-h5)
2019-5-12 18:50:19 restartedMain DEBUG Running with Spring Boot v2.0.2.RELEASE, Spring v5.0.6.RELEASE
2019-5-12 18:50:19 restartedMain INFO No active profile set, falling back to default profiles: default
2019-5-12 18:50:28 localhost-startStop-1 INFO init Druid Servlet Configuration 
2019-5-12 18:50:29 localhost-startStop-1 DEBUG 开始初始化SpringUtil...
2019-5-12 18:50:29 localhost-startStop-1 DEBUG web root abs path=C:\Users\Administrator\AppData\Local\Temp\tomcat-docbase.2743215746890386659.8803\
2019-5-12 18:50:29 localhost-startStop-1 DEBUG SpringUtil初始化完成.
2019-5-12 18:50:50 restartedMain INFO Started RedPigWebWap in 31.458 seconds (JVM running for 32.602)
2019-5-12 18:57:14 restartedMain INFO Starting RedPigWebWap on PC-20180115OHFV with PID 10824 (F:\work_yemaill\ye_maill\redpig-web-h5\target\classes started by Administrator in F:\work_yemaill\ye_maill\redpig-web-h5)
2019-5-12 18:57:14 restartedMain DEBUG Running with Spring Boot v2.0.2.RELEASE, Spring v5.0.6.RELEASE
2019-5-12 18:57:14 restartedMain INFO No active profile set, falling back to default profiles: default
2019-5-12 18:57:41 localhost-startStop-1 INFO init Druid Servlet Configuration 
2019-5-12 18:57:42 localhost-startStop-1 DEBUG 开始初始化SpringUtil...
2019-5-12 18:57:42 localhost-startStop-1 DEBUG web root abs path=C:\Users\Administrator\AppData\Local\Temp\tomcat-docbase.3517642332431473866.8803\
2019-5-12 18:57:42 localhost-startStop-1 DEBUG SpringUtil初始化完成.
2019-5-12 18:58:23 restartedMain INFO Started RedPigWebWap in 72.009 seconds (JVM running for 76.81)
2019-5-12 19:12:07 restartedMain INFO Starting RedPigWebWap on PC-20180115OHFV with PID 5496 (F:\work_yemaill\ye_maill\redpig-web-h5\target\classes started by Administrator in F:\work_yemaill\ye_maill\redpig-web-h5)
2019-5-12 19:12:07 restartedMain DEBUG Running with Spring Boot v2.0.2.RELEASE, Spring v5.0.6.RELEASE
2019-5-12 19:12:07 restartedMain INFO No active profile set, falling back to default profiles: default
2019-5-12 19:12:36 localhost-startStop-1 INFO init Druid Servlet Configuration 
2019-5-12 19:12:36 localhost-startStop-1 DEBUG 开始初始化SpringUtil...
2019-5-12 19:12:36 localhost-startStop-1 DEBUG web root abs path=C:\Users\Administrator\AppData\Local\Temp\tomcat-docbase.5750039826392170226.8803\
2019-5-12 19:12:36 localhost-startStop-1 DEBUG SpringUtil初始化完成.
2019-5-12 19:13:12 restartedMain INFO Started RedPigWebWap in 68.193 seconds (JVM running for 73.677)
2019-5-12 19:15:16 restartedMain INFO Starting RedPigWebWap on PC-20180115OHFV with PID 6512 (F:\work_yemaill\ye_maill\redpig-web-h5\target\classes started by Administrator in F:\work_yemaill\ye_maill\redpig-web-h5)
2019-5-12 19:15:16 restartedMain DEBUG Running with Spring Boot v2.0.2.RELEASE, Spring v5.0.6.RELEASE
2019-5-12 19:15:16 restartedMain INFO No active profile set, falling back to default profiles: default
2019-5-12 19:15:42 localhost-startStop-1 INFO init Druid Servlet Configuration 
2019-5-12 19:15:43 localhost-startStop-1 DEBUG 开始初始化SpringUtil...
2019-5-12 19:15:43 localhost-startStop-1 DEBUG web root abs path=C:\Users\Administrator\AppData\Local\Temp\tomcat-docbase.7114796912259646766.8803\
2019-5-12 19:15:43 localhost-startStop-1 DEBUG SpringUtil初始化完成.
2019-5-12 19:16:18 restartedMain INFO Started RedPigWebWap in 64.879 seconds (JVM running for 70.318)
2019-5-12 19:18:21 restartedMain INFO Starting RedPigWebWap on PC-20180115OHFV with PID 5956 (F:\work_yemaill\ye_maill\redpig-web-h5\target\classes started by Administrator in F:\work_yemaill\ye_maill\redpig-web-h5)
2019-5-12 19:18:21 restartedMain DEBUG Running with Spring Boot v2.0.2.RELEASE, Spring v5.0.6.RELEASE
2019-5-12 19:18:21 restartedMain INFO No active profile set, falling back to default profiles: default
2019-5-12 19:18:47 localhost-startStop-1 INFO init Druid Servlet Configuration 
2019-5-12 19:18:49 localhost-startStop-1 DEBUG 开始初始化SpringUtil...
2019-5-12 19:18:49 localhost-startStop-1 DEBUG web root abs path=C:\Users\Administrator\AppData\Local\Temp\tomcat-docbase.8743875273389596465.8803\
2019-5-12 19:18:49 localhost-startStop-1 DEBUG SpringUtil初始化完成.
2019-5-12 19:19:22 restartedMain INFO Started RedPigWebWap in 65.123 seconds (JVM running for 70.471)
2019-5-12 20:46:23 restartedMain INFO Starting RedPigWebWap on PC-20180115OHFV with PID 8436 (F:\work_yemaill\ye_maill\redpig-web-h5\target\classes started by Administrator in F:\work_yemaill\ye_maill\redpig-web-h5)
2019-5-12 20:46:23 restartedMain DEBUG Running with Spring Boot v2.0.2.RELEASE, Spring v5.0.6.RELEASE
2019-5-12 20:46:23 restartedMain INFO No active profile set, falling back to default profiles: default
2019-5-12 20:46:46 localhost-startStop-1 INFO init Druid Servlet Configuration 
2019-5-12 20:46:47 localhost-startStop-1 DEBUG 开始初始化SpringUtil...
2019-5-12 20:46:47 localhost-startStop-1 DEBUG web root abs path=C:\Users\Administrator\AppData\Local\Temp\tomcat-docbase.2882263039869759947.8803\
2019-5-12 20:46:47 localhost-startStop-1 DEBUG SpringUtil初始化完成.
2019-5-12 20:47:12 restartedMain INFO Started RedPigWebWap in 51.49 seconds (JVM running for 61.219)
