2019-7-20 18:45:47 restartedMain INFO Starting RedPigWebStore on PC-20180115OHFV with PID 9480 (F:\e-Commerce\project\ye_maill\redpig-web-store\target\classes started by Administrator in F:\e-Commerce\project\ye_maill\redpig-web-store)
2019-7-20 18:45:47 restartedMain DEBUG Running with Spring Boot v2.0.2.RELEASE, Spring v5.0.6.RELEASE
2019-7-20 18:45:47 restartedMain INFO No active profile set, falling back to default profiles: default
2019-7-20 18:46:12 localhost-startStop-1 INFO init Druid Servlet Configuration 
2019-7-20 18:46:13 localhost-startStop-1 DEBUG 开始初始化SpringUtil...
2019-7-20 18:46:13 localhost-startStop-1 DEBUG web root abs path=F:\e-Commerce\project\ye_maill\redpig-web-store\src\main\webapp\
2019-7-20 18:46:13 localhost-startStop-1 DEBUG SpringUtil初始化完成.
2019-7-20 18:46:51 restartedMain INFO Started RedPigWebStore in 67.707 seconds (JVM running for 76.079)
2019-7-20 18:50:52 restartedMain INFO Starting RedPigWebStore on PC-20180115OHFV with PID 9996 (F:\e-Commerce\project\ye_maill\redpig-web-store\target\classes started by Administrator in F:\e-Commerce\project\ye_maill\redpig-web-store)
2019-7-20 18:50:52 restartedMain DEBUG Running with Spring Boot v2.0.2.RELEASE, Spring v5.0.6.RELEASE
2019-7-20 18:50:52 restartedMain INFO No active profile set, falling back to default profiles: default
2019-7-20 18:53:18 localhost-startStop-1 INFO init Druid Servlet Configuration 
2019-7-20 18:53:23 localhost-startStop-1 DEBUG 开始初始化SpringUtil...
2019-7-20 18:53:23 localhost-startStop-1 DEBUG web root abs path=F:\e-Commerce\project\ye_maill\redpig-web-store\src\main\webapp\
2019-7-20 18:53:23 localhost-startStop-1 DEBUG SpringUtil初始化完成.
2019-7-20 18:54:57 restartedMain DEBUG ==>  Preparing: SELECT id,addTime,deleteStatus,title,keywords,description,address,poweredby,copyRight,meta_generator,meta_author,company_name,uploadFilePath,sysLanguage,sysPcLanguage,sysStoreLanguage,integralRate,smsEnbale,smsURL,smsUserName,smsPassword,smsTest,emailEnable,emailHost,emailPort,emailUser,emailUserName,emailPws,emailTest,websiteName,hotSearch,websiteCss,websiteLogo_id,codeStat,websiteState,visitorConsult,closeReason,securityCodeType,securityCodeRegister,securityCodeLogin,securityCodeConsult,imageSuffix,imageWebServer,imageFilesize,smallWidth,smallHeight,middleWidth,middleHeight,bigWidth,bigHeight,integral,integralStore,voucher,deposit,groupBuy,group_meal_gold,gold,goldMarketValue,memberRegister,memberDayLogin,indentComment,consumptionRatio,everyIndentLimit,imageSaveType,complaint_time,storeImage_id,goodsImage_id,memberIcon_id,store_allow,user_level,templates,store_payment,share_code,ztc_status,ztc_goods_view,ztc_price,second_domain_open,domain_allow_count,sys_domain,qq_login,qq_login_id,qq_login_key,qq_domain_code,sina_login,sina_login_id,sina_login_key,sina_domain_code,lucene_update,combin_status,combin_amount,combin_count,combin_scheme_count,service_telphone_list,service_qq_list,admin_login_logo_id,admin_manage_logo_id,auto_order_notice,auto_order_confirm,auto_order_return,auto_order_evaluate,grouplife_order_return,kuaidi_id,kuaidi_id2,kuaidi_type,currency_code,weixin_store,weixin_qr_img_id,weixin_account,weixin_token,weixin_appId,weixin_appSecret,weixin_welecome_content,store_weixin_logo_id,payoff_count,payoff_date,payoff_mag_type,payoff_mag_default,payoff_mag_auto,payoff_all_sale,payoff_all_commission,payoff_all_amount,payoff_all_amount_reality,ofcard,ofcard_userid,ofcard_userpws,ofcard_mobile_profit,app_download,android_download,android_version,ios_download,ios_version,app_seller_download,android_seller_download,android_seller_version,ios_seller_download,ios_seller_version,buygift_status,buygift_meal_gold,enoughreduce_status,enoughreduce_meal_gold,enoughreduce_max_count,email_buy,email_buy_cost,sms_buy,sms_buy_cost,whether_free,lucenen_queue,lucenen_cluster,sms_queue,email_queue,circle_open,circle_count,circle_limit,circle_audit,publish_post_limit,publish_seller_limit,welcome_img_id,qr_logo_id,Website_ico_id,qr_login,apiKey,secretKey,evaluate_edit_deadline,evaluate_add_deadline,smsPlatType,ymrt_smsURL,ymrt_smsUserName,ymrt_smsPassword,ymrt_smsTest,websiteLogo_wide_id,sign_integral,auto_order_cancel,app_push_buyer_apiKey,app_push_buyer_secretKey,app_push_seller_apiKey,app_push_seller_secretKey,app_navigator,app_launch_ad,email_register,phone_register,weixin_login,weixin_navigator,open_weixin_appId,open_weixin_appSecret,index_type,cloudbuy,adminUrl,sellerUrl,indexUrl,h5Url,lucenePath,direct_selling,direct_selling_first_level_rate,direct_selling_second_level_rate,static_folder,vm_folder,cdnServer FROM redpigmall_sysconfig obj WHERE 1=1 ORDER BY addTime DESC 
2019-7-20 18:54:57 restartedMain DEBUG ==> Parameters: 
2019-7-20 18:54:57 restartedMain DEBUG <==      Total: 1
2019-7-20 18:54:57 restartedMain DEBUG ==>  Preparing: select id,addTime,deleteStatus,name,path,size,width,height,ext,info,user_id,album_id,config_id from redpigmall_accessory where id = ? 
2019-7-20 18:54:57 restartedMain DEBUG ==> Parameters: 3(Long)
2019-7-20 18:54:57 restartedMain DEBUG <==      Total: 1
2019-7-20 18:54:57 restartedMain DEBUG ==>  Preparing: select id,addTime,deleteStatus,name,path,size,width,height,ext,info,user_id,album_id,config_id from redpigmall_accessory where id = ? 
2019-7-20 18:54:57 restartedMain DEBUG ==> Parameters: 1(Long)
2019-7-20 18:54:57 restartedMain DEBUG <==      Total: 1
2019-7-20 18:54:57 restartedMain DEBUG ==>  Preparing: select id,addTime,deleteStatus,name,path,size,width,height,ext,info,user_id,album_id,config_id from redpigmall_accessory where id = ? 
2019-7-20 18:54:57 restartedMain DEBUG ==> Parameters: 2(Long)
2019-7-20 18:54:57 restartedMain DEBUG <==      Total: 1
2019-7-20 18:54:58 restartedMain INFO Started RedPigWebStore in 266.139 seconds (JVM running for 299.885)
2019-7-20 18:55:24 http-nio-8802-exec-2 DEBUG ==>  Preparing: SELECT id,addTime,deleteStatus,title,keywords,description,address,poweredby,copyRight,meta_generator,meta_author,company_name,uploadFilePath,sysLanguage,sysPcLanguage,sysStoreLanguage,integralRate,smsEnbale,smsURL,smsUserName,smsPassword,smsTest,emailEnable,emailHost,emailPort,emailUser,emailUserName,emailPws,emailTest,websiteName,hotSearch,websiteCss,websiteLogo_id,codeStat,websiteState,visitorConsult,closeReason,securityCodeType,securityCodeRegister,securityCodeLogin,securityCodeConsult,imageSuffix,imageWebServer,imageFilesize,smallWidth,smallHeight,middleWidth,middleHeight,bigWidth,bigHeight,integral,integralStore,voucher,deposit,groupBuy,group_meal_gold,gold,goldMarketValue,memberRegister,memberDayLogin,indentComment,consumptionRatio,everyIndentLimit,imageSaveType,complaint_time,storeImage_id,goodsImage_id,memberIcon_id,store_allow,user_level,templates,store_payment,share_code,ztc_status,ztc_goods_view,ztc_price,second_domain_open,domain_allow_count,sys_domain,qq_login,qq_login_id,qq_login_key,qq_domain_code,sina_login,sina_login_id,sina_login_key,sina_domain_code,lucene_update,combin_status,combin_amount,combin_count,combin_scheme_count,service_telphone_list,service_qq_list,admin_login_logo_id,admin_manage_logo_id,auto_order_notice,auto_order_confirm,auto_order_return,auto_order_evaluate,grouplife_order_return,kuaidi_id,kuaidi_id2,kuaidi_type,currency_code,weixin_store,weixin_qr_img_id,weixin_account,weixin_token,weixin_appId,weixin_appSecret,weixin_welecome_content,store_weixin_logo_id,payoff_count,payoff_date,payoff_mag_type,payoff_mag_default,payoff_mag_auto,payoff_all_sale,payoff_all_commission,payoff_all_amount,payoff_all_amount_reality,ofcard,ofcard_userid,ofcard_userpws,ofcard_mobile_profit,app_download,android_download,android_version,ios_download,ios_version,app_seller_download,android_seller_download,android_seller_version,ios_seller_download,ios_seller_version,buygift_status,buygift_meal_gold,enoughreduce_status,enoughreduce_meal_gold,enoughreduce_max_count,email_buy,email_buy_cost,sms_buy,sms_buy_cost,whether_free,lucenen_queue,lucenen_cluster,sms_queue,email_queue,circle_open,circle_count,circle_limit,circle_audit,publish_post_limit,publish_seller_limit,welcome_img_id,qr_logo_id,Website_ico_id,qr_login,apiKey,secretKey,evaluate_edit_deadline,evaluate_add_deadline,smsPlatType,ymrt_smsURL,ymrt_smsUserName,ymrt_smsPassword,ymrt_smsTest,websiteLogo_wide_id,sign_integral,auto_order_cancel,app_push_buyer_apiKey,app_push_buyer_secretKey,app_push_seller_apiKey,app_push_seller_secretKey,app_navigator,app_launch_ad,email_register,phone_register,weixin_login,weixin_navigator,open_weixin_appId,open_weixin_appSecret,index_type,cloudbuy,adminUrl,sellerUrl,indexUrl,h5Url,lucenePath,direct_selling,direct_selling_first_level_rate,direct_selling_second_level_rate,static_folder,vm_folder,cdnServer FROM redpigmall_sysconfig obj WHERE 1=1 ORDER BY addTime DESC 
2019-7-20 18:55:24 http-nio-8802-exec-2 DEBUG ==> Parameters: 
2019-7-20 18:55:24 http-nio-8802-exec-2 DEBUG <==      Total: 1
2019-7-20 18:55:24 http-nio-8802-exec-2 DEBUG ==>  Preparing: select id,addTime,deleteStatus,name,path,size,width,height,ext,info,user_id,album_id,config_id from redpigmall_accessory where id = ? 
2019-7-20 18:55:24 http-nio-8802-exec-2 DEBUG ==> Parameters: 3(Long)
2019-7-20 18:55:24 http-nio-8802-exec-2 DEBUG <==      Total: 1
2019-7-20 18:55:24 http-nio-8802-exec-2 DEBUG ==>  Preparing: select id,addTime,deleteStatus,name,path,size,width,height,ext,info,user_id,album_id,config_id from redpigmall_accessory where id = ? 
2019-7-20 18:55:24 http-nio-8802-exec-2 DEBUG ==> Parameters: 1(Long)
2019-7-20 18:55:24 http-nio-8802-exec-2 DEBUG <==      Total: 1
2019-7-20 18:55:24 http-nio-8802-exec-2 DEBUG ==>  Preparing: select id,addTime,deleteStatus,name,path,size,width,height,ext,info,user_id,album_id,config_id from redpigmall_accessory where id = ? 
2019-7-20 18:55:24 http-nio-8802-exec-2 DEBUG ==> Parameters: 2(Long)
2019-7-20 18:55:24 http-nio-8802-exec-2 DEBUG <==      Total: 1
