2019-2-5 10:39:11 restartedMain INFO Starting RedPigWebAdmin on PC-20180115OHFV with PID 4552 (F:\work_yemaill\ye_maill\redpig-web-admin\target\classes started by Administrator in F:\work_yemaill\ye_maill\redpig-web-admin)
2019-2-5 10:39:11 restartedMain DEBUG Running with Spring Boot v2.0.2.RELEASE, Spring v5.0.6.RELEASE
2019-2-5 10:39:11 restartedMain INFO No active profile set, falling back to default profiles: default
2019-2-5 10:39:36 localhost-startStop-1 INFO init Druid Servlet Configuration 
2019-2-5 10:39:37 localhost-startStop-1 DEBUG 开始初始化SpringUtil...
2019-2-5 10:39:37 localhost-startStop-1 DEBUG web root abs path=F:\work_yemaill\ye_maill\redpig-web-admin\src\main\webapp\
2019-2-5 10:39:37 localhost-startStop-1 DEBUG SpringUtil初始化完成.
2019-2-5 10:40:16 restartedMain INFO Started RedPigWebAdmin in 65.138 seconds (JVM running for 66.814)
2019-2-5 10:40:30 pool-4-thread-1 INFO 开始：[com.redpigmall.domain.UserDistribution_$$_jvst8d9_2@aad01c9]的数据获取！
2019-2-5 10:40:30 pool-4-thread-1 INFO 用户180获取为:[com.redpigmall.domain.DistributionCommission_$$_jvst8d9_4@5e5a0562]
2019-2-5 10:40:30 pool-4-thread-1 INFO 用户1获取到的一级分销列表:[[com.redpigmall.domain.UserDistribution_$$_jvst8d9_2@6451795e, com.redpigmall.domain.UserDistribution_$$_jvst8d9_2@23e93c80]]
2019-2-5 10:40:30 pool-4-thread-1 INFO 一级分销用户:1获取的数据[[]]
2019-2-5 10:40:30 pool-4-thread-1 INFO 一级分销用户:6获取的数据[[]]
2019-2-5 10:40:30 pool-4-thread-1 INFO 原有的可提现金额为:526.35
2019-2-5 10:40:30 pool-4-thread-1 INFO 新结余为:526.3500
2019-2-5 10:40:30 pool-4-thread-1 INFO 开始：[com.redpigmall.domain.UserDistribution_$$_jvst8d9_2@22fa000e]的数据获取！
2019-2-5 10:40:30 pool-4-thread-1 INFO 用户1获取为:[com.redpigmall.domain.DistributionCommission_$$_jvst8d9_4@1db4c540]
2019-2-5 10:40:30 pool-4-thread-1 INFO 用户2获取到的一级分销列表:[[com.redpigmall.domain.UserDistribution_$$_jvst8d9_2@432eca2, com.redpigmall.domain.UserDistribution_$$_jvst8d9_2@5f873fe2]]
2019-2-5 10:40:30 pool-4-thread-1 INFO 一级分销用户:5获取的数据[[]]
2019-2-5 10:40:30 pool-4-thread-1 INFO 一级分销用户:7获取的数据[[]]
2019-2-5 10:40:30 pool-4-thread-1 INFO 原有的可提现金额为:2907.96
2019-2-5 10:40:30 pool-4-thread-1 INFO 新结余为:2907.9600
2019-2-5 10:40:30 pool-4-thread-1 INFO 开始：[com.redpigmall.domain.UserDistribution_$$_jvst8d9_2@70f7911b]的数据获取！
2019-2-5 10:40:30 pool-4-thread-1 INFO 用户5获取为:[com.redpigmall.domain.DistributionCommission_$$_jvst8d9_4@64479345]
2019-2-5 10:40:30 pool-4-thread-1 INFO 用户3获取到的一级分销列表:[[com.redpigmall.domain.UserDistribution_$$_jvst8d9_2@6d17f5a8]]
2019-2-5 10:40:30 pool-4-thread-1 INFO 一级分销用户:4获取的数据[[]]
2019-2-5 10:40:30 pool-4-thread-1 INFO 原有的可提现金额为:526.35
2019-2-5 10:40:30 pool-4-thread-1 INFO 新结余为:526.3500
2019-2-5 10:40:30 pool-4-thread-1 INFO 开始：[com.redpigmall.domain.UserDistribution_$$_jvst8d9_2@7a663443]的数据获取！
2019-2-5 10:40:30 pool-4-thread-1 INFO 用户6获取为:[com.redpigmall.domain.DistributionCommission_$$_jvst8d9_4@35c5f1cf]
2019-2-5 10:40:30 pool-4-thread-1 INFO 用户4获取到的一级分销列表:[[com.redpigmall.domain.UserDistribution_$$_jvst8d9_2@388437aa]]
2019-2-5 10:40:30 pool-4-thread-1 INFO 一级分销用户:179获取的数据[[]]
2019-2-5 10:40:30 pool-4-thread-1 INFO 原有的可提现金额为:0.00
2019-2-5 10:40:30 pool-4-thread-1 INFO 新结余为:0.0000
2019-2-5 10:40:30 pool-4-thread-1 INFO 开始：[com.redpigmall.domain.UserDistribution_$$_jvst8d9_2@25527978]的数据获取！
2019-2-5 10:40:30 pool-4-thread-1 INFO 用户182获取为:[null]
2019-2-5 10:40:30 pool-4-thread-1 INFO 用户5获取到的一级分销列表:[[]]
2019-2-5 10:40:30 pool-4-thread-1 INFO 开始：[com.redpigmall.domain.UserDistribution_$$_jvst8d9_2@342279be]的数据获取！
2019-2-5 10:40:30 pool-4-thread-1 INFO 用户4获取为:[com.redpigmall.domain.DistributionCommission_$$_jvst8d9_4@2d168a8f]
2019-2-5 10:40:30 pool-4-thread-1 INFO 用户6获取到的一级分销列表:[[com.redpigmall.domain.UserDistribution_$$_jvst8d9_2@62720caa]]
2019-2-5 10:40:30 pool-4-thread-1 INFO 一级分销用户:182获取的数据[[]]
2019-2-5 10:40:30 pool-4-thread-1 INFO 原有的可提现金额为:0.00
2019-2-5 10:40:30 pool-4-thread-1 INFO 新结余为:0.0000
2019-2-5 10:40:30 pool-4-thread-1 INFO 开始：[com.redpigmall.domain.UserDistribution_$$_jvst8d9_2@15a85d0e]的数据获取！
2019-2-5 10:40:30 pool-4-thread-1 INFO 用户7获取为:[com.redpigmall.domain.DistributionCommission_$$_jvst8d9_4@751c1cfc]
2019-2-5 10:40:30 pool-4-thread-1 INFO 用户7获取到的一级分销列表:[[com.redpigmall.domain.UserDistribution_$$_jvst8d9_2@1f7aedc3]]
2019-2-5 10:40:30 pool-4-thread-1 INFO 一级分销用户:29获取的数据[[]]
2019-2-5 10:40:30 pool-4-thread-1 INFO 原有的可提现金额为:0.00
2019-2-5 10:40:30 pool-4-thread-1 INFO 新结余为:0.0000
2019-2-5 10:40:30 pool-4-thread-1 INFO 开始：[com.redpigmall.domain.UserDistribution_$$_jvst8d9_2@7e4f9095]的数据获取！
2019-2-5 10:40:30 pool-4-thread-1 INFO 用户29获取为:[null]
2019-2-5 10:40:30 pool-4-thread-1 INFO 用户8获取到的一级分销列表:[[]]
2019-2-5 10:40:30 pool-4-thread-1 INFO 开始：[com.redpigmall.domain.UserDistribution_$$_jvst8d9_2@697d03cd]的数据获取！
2019-2-5 10:40:30 pool-4-thread-1 INFO 用户179获取为:[null]
2019-2-5 10:40:30 pool-4-thread-1 INFO 用户9获取到的一级分销列表:[[]]
2019-2-5 10:41:30 pool-4-thread-1 INFO 开始：[com.redpigmall.domain.UserDistribution_$$_jvst8d9_2@ae528cb]的数据获取！
2019-2-5 10:41:30 pool-4-thread-1 INFO 用户180获取为:[com.redpigmall.domain.DistributionCommission_$$_jvst8d9_4@66fec4b5]
2019-2-5 10:41:30 pool-4-thread-1 INFO 用户1获取到的一级分销列表:[[com.redpigmall.domain.UserDistribution_$$_jvst8d9_2@2540f6e6, com.redpigmall.domain.UserDistribution_$$_jvst8d9_2@75e304ee]]
2019-2-5 10:41:30 pool-4-thread-1 INFO 一级分销用户:1获取的数据[[]]
2019-2-5 10:41:30 pool-4-thread-1 INFO 一级分销用户:6获取的数据[[]]
2019-2-5 10:41:30 pool-4-thread-1 INFO 原有的可提现金额为:526.35
2019-2-5 10:41:30 pool-4-thread-1 INFO 新结余为:526.3500
2019-2-5 10:41:30 pool-4-thread-1 INFO 开始：[com.redpigmall.domain.UserDistribution_$$_jvst8d9_2@52aac84]的数据获取！
2019-2-5 10:41:30 pool-4-thread-1 INFO 用户1获取为:[com.redpigmall.domain.DistributionCommission_$$_jvst8d9_4@5c635eb]
2019-2-5 10:41:30 pool-4-thread-1 INFO 用户2获取到的一级分销列表:[[com.redpigmall.domain.UserDistribution_$$_jvst8d9_2@27146cd, com.redpigmall.domain.UserDistribution_$$_jvst8d9_2@68c747bb]]
2019-2-5 10:41:30 pool-4-thread-1 INFO 一级分销用户:5获取的数据[[]]
2019-2-5 10:41:30 pool-4-thread-1 INFO 一级分销用户:7获取的数据[[]]
2019-2-5 10:41:30 pool-4-thread-1 INFO 原有的可提现金额为:2907.96
2019-2-5 10:41:30 pool-4-thread-1 INFO 新结余为:2907.9600
2019-2-5 10:41:30 pool-4-thread-1 INFO 开始：[com.redpigmall.domain.UserDistribution_$$_jvst8d9_2@2ed10520]的数据获取！
2019-2-5 10:41:30 pool-4-thread-1 INFO 用户5获取为:[com.redpigmall.domain.DistributionCommission_$$_jvst8d9_4@69fb4665]
2019-2-5 10:41:30 pool-4-thread-1 INFO 用户3获取到的一级分销列表:[[com.redpigmall.domain.UserDistribution_$$_jvst8d9_2@6a270149]]
2019-2-5 10:41:30 pool-4-thread-1 INFO 一级分销用户:4获取的数据[[]]
2019-2-5 10:41:30 pool-4-thread-1 INFO 原有的可提现金额为:526.35
2019-2-5 10:41:30 pool-4-thread-1 INFO 新结余为:526.3500
2019-2-5 10:41:30 pool-4-thread-1 INFO 开始：[com.redpigmall.domain.UserDistribution_$$_jvst8d9_2@144daff3]的数据获取！
2019-2-5 10:41:30 pool-4-thread-1 INFO 用户6获取为:[com.redpigmall.domain.DistributionCommission_$$_jvst8d9_4@28af5367]
2019-2-5 10:41:30 pool-4-thread-1 INFO 用户4获取到的一级分销列表:[[com.redpigmall.domain.UserDistribution_$$_jvst8d9_2@8c7f6c7]]
2019-2-5 10:41:30 pool-4-thread-1 INFO 一级分销用户:179获取的数据[[]]
2019-2-5 10:41:30 pool-4-thread-1 INFO 原有的可提现金额为:0.00
2019-2-5 10:41:30 pool-4-thread-1 INFO 新结余为:0.0000
2019-2-5 10:41:30 pool-4-thread-1 INFO 开始：[com.redpigmall.domain.UserDistribution_$$_jvst8d9_2@2bb99abf]的数据获取！
2019-2-5 10:41:30 pool-4-thread-1 INFO 用户182获取为:[null]
2019-2-5 10:41:30 pool-4-thread-1 INFO 用户5获取到的一级分销列表:[[]]
2019-2-5 10:41:30 pool-4-thread-1 INFO 开始：[com.redpigmall.domain.UserDistribution_$$_jvst8d9_2@5ad9ad00]的数据获取！
2019-2-5 10:41:30 pool-4-thread-1 INFO 用户4获取为:[com.redpigmall.domain.DistributionCommission_$$_jvst8d9_4@2476881]
2019-2-5 10:41:30 pool-4-thread-1 INFO 用户6获取到的一级分销列表:[[com.redpigmall.domain.UserDistribution_$$_jvst8d9_2@3db88c4c]]
2019-2-5 10:41:30 pool-4-thread-1 INFO 一级分销用户:182获取的数据[[]]
2019-2-5 10:41:30 pool-4-thread-1 INFO 原有的可提现金额为:0.00
2019-2-5 10:41:30 pool-4-thread-1 INFO 新结余为:0.0000
2019-2-5 10:41:30 pool-4-thread-1 INFO 开始：[com.redpigmall.domain.UserDistribution_$$_jvst8d9_2@25d56a57]的数据获取！
2019-2-5 10:41:30 pool-4-thread-1 INFO 用户7获取为:[com.redpigmall.domain.DistributionCommission_$$_jvst8d9_4@7bf9b0db]
2019-2-5 10:41:30 pool-4-thread-1 INFO 用户7获取到的一级分销列表:[[com.redpigmall.domain.UserDistribution_$$_jvst8d9_2@54571ffb]]
2019-2-5 10:41:30 pool-4-thread-1 INFO 一级分销用户:29获取的数据[[]]
2019-2-5 10:41:30 pool-4-thread-1 INFO 原有的可提现金额为:0.00
2019-2-5 10:41:30 pool-4-thread-1 INFO 新结余为:0.0000
2019-2-5 10:41:30 pool-4-thread-1 INFO 开始：[com.redpigmall.domain.UserDistribution_$$_jvst8d9_2@74dc2e2c]的数据获取！
2019-2-5 10:41:30 pool-4-thread-1 INFO 用户29获取为:[null]
2019-2-5 10:41:30 pool-4-thread-1 INFO 用户8获取到的一级分销列表:[[]]
2019-2-5 10:41:30 pool-4-thread-1 INFO 开始：[com.redpigmall.domain.UserDistribution_$$_jvst8d9_2@b639ab3]的数据获取！
2019-2-5 10:41:30 pool-4-thread-1 INFO 用户179获取为:[null]
2019-2-5 10:41:30 pool-4-thread-1 INFO 用户9获取到的一级分销列表:[[]]
2019-2-5 10:42:30 pool-4-thread-1 INFO 开始：[com.redpigmall.domain.UserDistribution_$$_jvst8d9_2@1de3e26]的数据获取！
2019-2-5 10:42:30 pool-4-thread-1 INFO 用户180获取为:[com.redpigmall.domain.DistributionCommission_$$_jvst8d9_4@5a927bfb]
2019-2-5 10:42:30 pool-4-thread-1 INFO 用户1获取到的一级分销列表:[[com.redpigmall.domain.UserDistribution_$$_jvst8d9_2@d30fe60, com.redpigmall.domain.UserDistribution_$$_jvst8d9_2@70d5e425]]
2019-2-5 10:42:30 pool-4-thread-1 INFO 一级分销用户:1获取的数据[[]]
2019-2-5 10:42:30 pool-4-thread-1 INFO 一级分销用户:6获取的数据[[]]
2019-2-5 10:42:30 pool-4-thread-1 INFO 原有的可提现金额为:526.35
2019-2-5 10:42:30 pool-4-thread-1 INFO 新结余为:526.3500
2019-2-5 10:42:30 pool-4-thread-1 INFO 开始：[com.redpigmall.domain.UserDistribution_$$_jvst8d9_2@10d861fa]的数据获取！
2019-2-5 10:42:30 pool-4-thread-1 INFO 用户1获取为:[com.redpigmall.domain.DistributionCommission_$$_jvst8d9_4@1192ae1]
2019-2-5 10:42:30 pool-4-thread-1 INFO 用户2获取到的一级分销列表:[[com.redpigmall.domain.UserDistribution_$$_jvst8d9_2@50af952, com.redpigmall.domain.UserDistribution_$$_jvst8d9_2@5f46bcbb]]
2019-2-5 10:42:30 pool-4-thread-1 INFO 一级分销用户:5获取的数据[[]]
2019-2-5 10:42:30 pool-4-thread-1 INFO 一级分销用户:7获取的数据[[]]
2019-2-5 10:42:30 pool-4-thread-1 INFO 原有的可提现金额为:2907.96
2019-2-5 10:42:30 pool-4-thread-1 INFO 新结余为:2907.9600
2019-2-5 10:42:30 pool-4-thread-1 INFO 开始：[com.redpigmall.domain.UserDistribution_$$_jvst8d9_2@2b9231ff]的数据获取！
2019-2-5 10:42:30 pool-4-thread-1 INFO 用户5获取为:[com.redpigmall.domain.DistributionCommission_$$_jvst8d9_4@77cadb25]
2019-2-5 10:42:30 pool-4-thread-1 INFO 用户3获取到的一级分销列表:[[com.redpigmall.domain.UserDistribution_$$_jvst8d9_2@51690a5a]]
2019-2-5 10:42:30 pool-4-thread-1 INFO 一级分销用户:4获取的数据[[]]
2019-2-5 10:42:30 pool-4-thread-1 INFO 原有的可提现金额为:526.35
2019-2-5 10:42:30 pool-4-thread-1 INFO 新结余为:526.3500
2019-2-5 10:42:30 pool-4-thread-1 INFO 开始：[com.redpigmall.domain.UserDistribution_$$_jvst8d9_2@33bb418]的数据获取！
2019-2-5 10:42:30 pool-4-thread-1 INFO 用户6获取为:[com.redpigmall.domain.DistributionCommission_$$_jvst8d9_4@13ff4561]
2019-2-5 10:42:30 pool-4-thread-1 INFO 用户4获取到的一级分销列表:[[com.redpigmall.domain.UserDistribution_$$_jvst8d9_2@491afedf]]
2019-2-5 10:42:30 pool-4-thread-1 INFO 一级分销用户:179获取的数据[[]]
2019-2-5 10:42:30 pool-4-thread-1 INFO 原有的可提现金额为:0.00
2019-2-5 10:42:30 pool-4-thread-1 INFO 新结余为:0.0000
2019-2-5 10:42:30 pool-4-thread-1 INFO 开始：[com.redpigmall.domain.UserDistribution_$$_jvst8d9_2@3e90ffc2]的数据获取！
2019-2-5 10:42:30 pool-4-thread-1 INFO 用户182获取为:[null]
2019-2-5 10:42:30 pool-4-thread-1 INFO 用户5获取到的一级分销列表:[[]]
2019-2-5 10:42:30 pool-4-thread-1 INFO 开始：[com.redpigmall.domain.UserDistribution_$$_jvst8d9_2@20a88aa0]的数据获取！
2019-2-5 10:42:30 pool-4-thread-1 INFO 用户4获取为:[com.redpigmall.domain.DistributionCommission_$$_jvst8d9_4@5227f9eb]
2019-2-5 10:42:30 pool-4-thread-1 INFO 用户6获取到的一级分销列表:[[com.redpigmall.domain.UserDistribution_$$_jvst8d9_2@57e5b040]]
2019-2-5 10:42:30 pool-4-thread-1 INFO 一级分销用户:182获取的数据[[]]
2019-2-5 10:42:30 pool-4-thread-1 INFO 原有的可提现金额为:0.00
2019-2-5 10:42:30 pool-4-thread-1 INFO 新结余为:0.0000
2019-2-5 10:42:30 pool-4-thread-1 INFO 开始：[com.redpigmall.domain.UserDistribution_$$_jvst8d9_2@1c9da0a9]的数据获取！
2019-2-5 10:42:30 pool-4-thread-1 INFO 用户7获取为:[com.redpigmall.domain.DistributionCommission_$$_jvst8d9_4@5b87e261]
2019-2-5 10:42:30 pool-4-thread-1 INFO 用户7获取到的一级分销列表:[[com.redpigmall.domain.UserDistribution_$$_jvst8d9_2@1603cce6]]
2019-2-5 10:42:30 pool-4-thread-1 INFO 一级分销用户:29获取的数据[[]]
2019-2-5 10:42:30 pool-4-thread-1 INFO 原有的可提现金额为:0.00
2019-2-5 10:42:30 pool-4-thread-1 INFO 新结余为:0.0000
2019-2-5 10:42:30 pool-4-thread-1 INFO 开始：[com.redpigmall.domain.UserDistribution_$$_jvst8d9_2@7497155c]的数据获取！
2019-2-5 10:42:30 pool-4-thread-1 INFO 用户29获取为:[null]
2019-2-5 10:42:30 pool-4-thread-1 INFO 用户8获取到的一级分销列表:[[]]
2019-2-5 10:42:30 pool-4-thread-1 INFO 开始：[com.redpigmall.domain.UserDistribution_$$_jvst8d9_2@17cc4d33]的数据获取！
2019-2-5 10:42:30 pool-4-thread-1 INFO 用户179获取为:[null]
2019-2-5 10:42:30 pool-4-thread-1 INFO 用户9获取到的一级分销列表:[[]]
2019-2-5 10:43:30 pool-4-thread-1 INFO 开始：[com.redpigmall.domain.UserDistribution_$$_jvst8d9_2@e10e56c]的数据获取！
2019-2-5 10:43:30 pool-4-thread-1 INFO 用户180获取为:[com.redpigmall.domain.DistributionCommission_$$_jvst8d9_4@189679cd]
2019-2-5 10:43:30 pool-4-thread-1 INFO 用户1获取到的一级分销列表:[[com.redpigmall.domain.UserDistribution_$$_jvst8d9_2@75ac379b, com.redpigmall.domain.UserDistribution_$$_jvst8d9_2@8e0a2a2]]
2019-2-5 10:43:30 pool-4-thread-1 INFO 一级分销用户:1获取的数据[[]]
2019-2-5 10:43:30 pool-4-thread-1 INFO 一级分销用户:6获取的数据[[]]
2019-2-5 10:43:30 pool-4-thread-1 INFO 原有的可提现金额为:526.35
2019-2-5 10:43:30 pool-4-thread-1 INFO 新结余为:526.3500
2019-2-5 10:43:30 pool-4-thread-1 INFO 开始：[com.redpigmall.domain.UserDistribution_$$_jvst8d9_2@490e999c]的数据获取！
2019-2-5 10:43:30 pool-4-thread-1 INFO 用户1获取为:[com.redpigmall.domain.DistributionCommission_$$_jvst8d9_4@795ef2f4]
2019-2-5 10:43:30 pool-4-thread-1 INFO 用户2获取到的一级分销列表:[[com.redpigmall.domain.UserDistribution_$$_jvst8d9_2@20e8b960, com.redpigmall.domain.UserDistribution_$$_jvst8d9_2@6fe54361]]
2019-2-5 10:43:30 pool-4-thread-1 INFO 一级分销用户:5获取的数据[[]]
2019-2-5 10:43:30 pool-4-thread-1 INFO 一级分销用户:7获取的数据[[]]
2019-2-5 10:43:30 pool-4-thread-1 INFO 原有的可提现金额为:2907.96
2019-2-5 10:43:30 pool-4-thread-1 INFO 新结余为:2907.9600
2019-2-5 10:43:30 pool-4-thread-1 INFO 开始：[com.redpigmall.domain.UserDistribution_$$_jvst8d9_2@3a6ae1dc]的数据获取！
2019-2-5 10:43:30 pool-4-thread-1 INFO 用户5获取为:[com.redpigmall.domain.DistributionCommission_$$_jvst8d9_4@1f172ae7]
2019-2-5 10:43:30 pool-4-thread-1 INFO 用户3获取到的一级分销列表:[[com.redpigmall.domain.UserDistribution_$$_jvst8d9_2@55039788]]
2019-2-5 10:43:30 pool-4-thread-1 INFO 一级分销用户:4获取的数据[[]]
2019-2-5 10:43:30 pool-4-thread-1 INFO 原有的可提现金额为:526.35
2019-2-5 10:43:30 pool-4-thread-1 INFO 新结余为:526.3500
2019-2-5 10:43:30 pool-4-thread-1 INFO 开始：[com.redpigmall.domain.UserDistribution_$$_jvst8d9_2@5cd7351a]的数据获取！
2019-2-5 10:43:30 pool-4-thread-1 INFO 用户6获取为:[com.redpigmall.domain.DistributionCommission_$$_jvst8d9_4@348234bb]
2019-2-5 10:43:30 pool-4-thread-1 INFO 用户4获取到的一级分销列表:[[com.redpigmall.domain.UserDistribution_$$_jvst8d9_2@759c333c]]
2019-2-5 10:43:30 pool-4-thread-1 INFO 一级分销用户:179获取的数据[[]]
2019-2-5 10:43:30 pool-4-thread-1 INFO 原有的可提现金额为:0.00
2019-2-5 10:43:30 pool-4-thread-1 INFO 新结余为:0.0000
2019-2-5 10:43:30 pool-4-thread-1 INFO 开始：[com.redpigmall.domain.UserDistribution_$$_jvst8d9_2@64fe7ce4]的数据获取！
2019-2-5 10:43:30 pool-4-thread-1 INFO 用户182获取为:[null]
2019-2-5 10:43:30 pool-4-thread-1 INFO 用户5获取到的一级分销列表:[[]]
2019-2-5 10:43:30 pool-4-thread-1 INFO 开始：[com.redpigmall.domain.UserDistribution_$$_jvst8d9_2@6cc0be29]的数据获取！
2019-2-5 10:43:30 pool-4-thread-1 INFO 用户4获取为:[com.redpigmall.domain.DistributionCommission_$$_jvst8d9_4@22e639c7]
2019-2-5 10:43:30 pool-4-thread-1 INFO 用户6获取到的一级分销列表:[[com.redpigmall.domain.UserDistribution_$$_jvst8d9_2@475ba2d8]]
2019-2-5 10:43:30 pool-4-thread-1 INFO 一级分销用户:182获取的数据[[]]
2019-2-5 10:43:30 pool-4-thread-1 INFO 原有的可提现金额为:0.00
2019-2-5 10:43:30 pool-4-thread-1 INFO 新结余为:0.0000
2019-2-5 10:43:30 pool-4-thread-1 INFO 开始：[com.redpigmall.domain.UserDistribution_$$_jvst8d9_2@3d4628e3]的数据获取！
2019-2-5 10:43:30 pool-4-thread-1 INFO 用户7获取为:[com.redpigmall.domain.DistributionCommission_$$_jvst8d9_4@8682d1f]
2019-2-5 10:43:30 pool-4-thread-1 INFO 用户7获取到的一级分销列表:[[com.redpigmall.domain.UserDistribution_$$_jvst8d9_2@27784b75]]
2019-2-5 10:43:30 pool-4-thread-1 INFO 一级分销用户:29获取的数据[[]]
2019-2-5 10:43:30 pool-4-thread-1 INFO 原有的可提现金额为:0.00
2019-2-5 10:43:30 pool-4-thread-1 INFO 新结余为:0.0000
2019-2-5 10:43:30 pool-4-thread-1 INFO 开始：[com.redpigmall.domain.UserDistribution_$$_jvst8d9_2@10deb0a2]的数据获取！
2019-2-5 10:43:30 pool-4-thread-1 INFO 用户29获取为:[null]
2019-2-5 10:43:30 pool-4-thread-1 INFO 用户8获取到的一级分销列表:[[]]
2019-2-5 10:43:30 pool-4-thread-1 INFO 开始：[com.redpigmall.domain.UserDistribution_$$_jvst8d9_2@74d5e1ff]的数据获取！
2019-2-5 10:43:30 pool-4-thread-1 INFO 用户179获取为:[null]
2019-2-5 10:43:30 pool-4-thread-1 INFO 用户9获取到的一级分销列表:[[]]
2019-2-5 10:44:30 pool-4-thread-1 INFO 开始：[com.redpigmall.domain.UserDistribution_$$_jvst8d9_2@7d7f9853]的数据获取！
2019-2-5 10:44:30 pool-4-thread-1 INFO 用户180获取为:[com.redpigmall.domain.DistributionCommission_$$_jvst8d9_4@61e1fd43]
2019-2-5 10:44:30 pool-4-thread-1 INFO 用户1获取到的一级分销列表:[[com.redpigmall.domain.UserDistribution_$$_jvst8d9_2@32f16fdf, com.redpigmall.domain.UserDistribution_$$_jvst8d9_2@5eee4160]]
2019-2-5 10:44:30 pool-4-thread-1 INFO 一级分销用户:1获取的数据[[]]
2019-2-5 10:44:30 pool-4-thread-1 INFO 一级分销用户:6获取的数据[[]]
2019-2-5 10:44:30 pool-4-thread-1 INFO 原有的可提现金额为:526.35
2019-2-5 10:44:30 pool-4-thread-1 INFO 新结余为:526.3500
2019-2-5 10:44:30 pool-4-thread-1 INFO 开始：[com.redpigmall.domain.UserDistribution_$$_jvst8d9_2@4e8d835a]的数据获取！
2019-2-5 10:44:30 pool-4-thread-1 INFO 用户1获取为:[com.redpigmall.domain.DistributionCommission_$$_jvst8d9_4@248807f6]
2019-2-5 10:44:30 pool-4-thread-1 INFO 用户2获取到的一级分销列表:[[com.redpigmall.domain.UserDistribution_$$_jvst8d9_2@6bd4ee5b, com.redpigmall.domain.UserDistribution_$$_jvst8d9_2@48abc83]]
2019-2-5 10:44:30 pool-4-thread-1 INFO 一级分销用户:5获取的数据[[]]
2019-2-5 10:44:30 pool-4-thread-1 INFO 一级分销用户:7获取的数据[[]]
2019-2-5 10:44:30 pool-4-thread-1 INFO 原有的可提现金额为:2907.96
2019-2-5 10:44:30 pool-4-thread-1 INFO 新结余为:2907.9600
2019-2-5 10:44:30 pool-4-thread-1 INFO 开始：[com.redpigmall.domain.UserDistribution_$$_jvst8d9_2@4225ece1]的数据获取！
2019-2-5 10:44:30 pool-4-thread-1 INFO 用户5获取为:[com.redpigmall.domain.DistributionCommission_$$_jvst8d9_4@4f72c063]
2019-2-5 10:44:30 pool-4-thread-1 INFO 用户3获取到的一级分销列表:[[com.redpigmall.domain.UserDistribution_$$_jvst8d9_2@c1d2797]]
2019-2-5 10:44:30 pool-4-thread-1 INFO 一级分销用户:4获取的数据[[]]
2019-2-5 10:44:30 pool-4-thread-1 INFO 原有的可提现金额为:526.35
2019-2-5 10:44:30 pool-4-thread-1 INFO 新结余为:526.3500
2019-2-5 10:44:30 pool-4-thread-1 INFO 开始：[com.redpigmall.domain.UserDistribution_$$_jvst8d9_2@336963c7]的数据获取！
2019-2-5 10:44:30 pool-4-thread-1 INFO 用户6获取为:[com.redpigmall.domain.DistributionCommission_$$_jvst8d9_4@4372755e]
2019-2-5 10:44:30 pool-4-thread-1 INFO 用户4获取到的一级分销列表:[[com.redpigmall.domain.UserDistribution_$$_jvst8d9_2@71cb2b8e]]
2019-2-5 10:44:30 pool-4-thread-1 INFO 一级分销用户:179获取的数据[[]]
2019-2-5 10:44:30 pool-4-thread-1 INFO 原有的可提现金额为:0.00
2019-2-5 10:44:30 pool-4-thread-1 INFO 新结余为:0.0000
2019-2-5 10:44:30 pool-4-thread-1 INFO 开始：[com.redpigmall.domain.UserDistribution_$$_jvst8d9_2@1e6f5637]的数据获取！
2019-2-5 10:44:30 pool-4-thread-1 INFO 用户182获取为:[null]
2019-2-5 10:44:30 pool-4-thread-1 INFO 用户5获取到的一级分销列表:[[]]
2019-2-5 10:44:30 pool-4-thread-1 INFO 开始：[com.redpigmall.domain.UserDistribution_$$_jvst8d9_2@21438c8b]的数据获取！
2019-2-5 10:44:30 pool-4-thread-1 INFO 用户4获取为:[com.redpigmall.domain.DistributionCommission_$$_jvst8d9_4@6b4733ea]
2019-2-5 10:44:30 pool-4-thread-1 INFO 用户6获取到的一级分销列表:[[com.redpigmall.domain.UserDistribution_$$_jvst8d9_2@5e8b531e]]
2019-2-5 10:44:30 pool-4-thread-1 INFO 一级分销用户:182获取的数据[[]]
2019-2-5 10:44:30 pool-4-thread-1 INFO 原有的可提现金额为:0.00
2019-2-5 10:44:30 pool-4-thread-1 INFO 新结余为:0.0000
2019-2-5 10:44:30 pool-4-thread-1 INFO 开始：[com.redpigmall.domain.UserDistribution_$$_jvst8d9_2@115bc2e]的数据获取！
2019-2-5 10:44:30 pool-4-thread-1 INFO 用户7获取为:[com.redpigmall.domain.DistributionCommission_$$_jvst8d9_4@1776b5df]
2019-2-5 10:44:30 pool-4-thread-1 INFO 用户7获取到的一级分销列表:[[com.redpigmall.domain.UserDistribution_$$_jvst8d9_2@388a2b46]]
2019-2-5 10:44:30 pool-4-thread-1 INFO 一级分销用户:29获取的数据[[]]
2019-2-5 10:44:30 pool-4-thread-1 INFO 原有的可提现金额为:0.00
2019-2-5 10:44:30 pool-4-thread-1 INFO 新结余为:0.0000
2019-2-5 10:44:30 pool-4-thread-1 INFO 开始：[com.redpigmall.domain.UserDistribution_$$_jvst8d9_2@70a03081]的数据获取！
2019-2-5 10:44:30 pool-4-thread-1 INFO 用户29获取为:[null]
2019-2-5 10:44:30 pool-4-thread-1 INFO 用户8获取到的一级分销列表:[[]]
2019-2-5 10:44:30 pool-4-thread-1 INFO 开始：[com.redpigmall.domain.UserDistribution_$$_jvst8d9_2@792a1363]的数据获取！
2019-2-5 10:44:30 pool-4-thread-1 INFO 用户179获取为:[null]
2019-2-5 10:44:30 pool-4-thread-1 INFO 用户9获取到的一级分销列表:[[]]
2019-2-5 10:45:30 pool-4-thread-1 INFO 开始：[com.redpigmall.domain.UserDistribution_$$_jvst8d9_2@3cb8fa2b]的数据获取！
2019-2-5 10:45:30 pool-4-thread-1 INFO 用户180获取为:[com.redpigmall.domain.DistributionCommission_$$_jvst8d9_4@289f145]
2019-2-5 10:45:30 pool-4-thread-1 INFO 用户1获取到的一级分销列表:[[com.redpigmall.domain.UserDistribution_$$_jvst8d9_2@4a9c0ce1, com.redpigmall.domain.UserDistribution_$$_jvst8d9_2@11afab37]]
2019-2-5 10:45:30 pool-4-thread-1 INFO 一级分销用户:1获取的数据[[]]
2019-2-5 10:45:30 pool-4-thread-1 INFO 一级分销用户:6获取的数据[[]]
2019-2-5 10:45:30 pool-4-thread-1 INFO 原有的可提现金额为:526.35
2019-2-5 10:45:30 pool-4-thread-1 INFO 新结余为:526.3500
2019-2-5 10:45:30 pool-4-thread-1 INFO 开始：[com.redpigmall.domain.UserDistribution_$$_jvst8d9_2@7cd14229]的数据获取！
2019-2-5 10:45:30 pool-4-thread-1 INFO 用户1获取为:[com.redpigmall.domain.DistributionCommission_$$_jvst8d9_4@22707829]
2019-2-5 10:45:30 pool-4-thread-1 INFO 用户2获取到的一级分销列表:[[com.redpigmall.domain.UserDistribution_$$_jvst8d9_2@440ad0e3, com.redpigmall.domain.UserDistribution_$$_jvst8d9_2@41e8ba89]]
2019-2-5 10:45:30 pool-4-thread-1 INFO 一级分销用户:5获取的数据[[]]
2019-2-5 10:45:30 pool-4-thread-1 INFO 一级分销用户:7获取的数据[[]]
2019-2-5 10:45:30 pool-4-thread-1 INFO 原有的可提现金额为:2907.96
2019-2-5 10:45:30 pool-4-thread-1 INFO 新结余为:2907.9600
2019-2-5 10:45:30 pool-4-thread-1 INFO 开始：[com.redpigmall.domain.UserDistribution_$$_jvst8d9_2@7e8a46b]的数据获取！
2019-2-5 10:45:30 pool-4-thread-1 INFO 用户5获取为:[com.redpigmall.domain.DistributionCommission_$$_jvst8d9_4@3f6b4650]
2019-2-5 10:45:30 pool-4-thread-1 INFO 用户3获取到的一级分销列表:[[com.redpigmall.domain.UserDistribution_$$_jvst8d9_2@4eefc9e8]]
2019-2-5 10:45:30 pool-4-thread-1 INFO 一级分销用户:4获取的数据[[]]
2019-2-5 10:45:30 pool-4-thread-1 INFO 原有的可提现金额为:526.35
2019-2-5 10:45:30 pool-4-thread-1 INFO 新结余为:526.3500
2019-2-5 10:45:30 pool-4-thread-1 INFO 开始：[com.redpigmall.domain.UserDistribution_$$_jvst8d9_2@5c9a76d7]的数据获取！
2019-2-5 10:45:30 pool-4-thread-1 INFO 用户6获取为:[com.redpigmall.domain.DistributionCommission_$$_jvst8d9_4@16908cad]
2019-2-5 10:45:30 pool-4-thread-1 INFO 用户4获取到的一级分销列表:[[com.redpigmall.domain.UserDistribution_$$_jvst8d9_2@7d549751]]
2019-2-5 10:45:30 pool-4-thread-1 INFO 一级分销用户:179获取的数据[[]]
2019-2-5 10:45:30 pool-4-thread-1 INFO 原有的可提现金额为:0.00
2019-2-5 10:45:30 pool-4-thread-1 INFO 新结余为:0.0000
2019-2-5 10:45:30 pool-4-thread-1 INFO 开始：[com.redpigmall.domain.UserDistribution_$$_jvst8d9_2@627d5a10]的数据获取！
2019-2-5 10:45:30 pool-4-thread-1 INFO 用户182获取为:[null]
2019-2-5 10:45:30 pool-4-thread-1 INFO 用户5获取到的一级分销列表:[[]]
2019-2-5 10:45:30 pool-4-thread-1 INFO 开始：[com.redpigmall.domain.UserDistribution_$$_jvst8d9_2@2f84b063]的数据获取！
2019-2-5 10:45:30 pool-4-thread-1 INFO 用户4获取为:[com.redpigmall.domain.DistributionCommission_$$_jvst8d9_4@72bd5720]
2019-2-5 10:45:30 pool-4-thread-1 INFO 用户6获取到的一级分销列表:[[com.redpigmall.domain.UserDistribution_$$_jvst8d9_2@51a26d2f]]
2019-2-5 10:45:30 pool-4-thread-1 INFO 一级分销用户:182获取的数据[[]]
2019-2-5 10:45:30 pool-4-thread-1 INFO 原有的可提现金额为:0.00
2019-2-5 10:45:30 pool-4-thread-1 INFO 新结余为:0.0000
2019-2-5 10:45:30 pool-4-thread-1 INFO 开始：[com.redpigmall.domain.UserDistribution_$$_jvst8d9_2@27af3f32]的数据获取！
2019-2-5 10:45:30 pool-4-thread-1 INFO 用户7获取为:[com.redpigmall.domain.DistributionCommission_$$_jvst8d9_4@474d3f01]
2019-2-5 10:45:30 pool-4-thread-1 INFO 用户7获取到的一级分销列表:[[com.redpigmall.domain.UserDistribution_$$_jvst8d9_2@17059a7d]]
2019-2-5 10:45:30 pool-4-thread-1 INFO 一级分销用户:29获取的数据[[]]
2019-2-5 10:45:30 pool-4-thread-1 INFO 原有的可提现金额为:0.00
2019-2-5 10:45:30 pool-4-thread-1 INFO 新结余为:0.0000
2019-2-5 10:45:30 pool-4-thread-1 INFO 开始：[com.redpigmall.domain.UserDistribution_$$_jvst8d9_2@625ebbfd]的数据获取！
2019-2-5 10:45:30 pool-4-thread-1 INFO 用户29获取为:[null]
2019-2-5 10:45:30 pool-4-thread-1 INFO 用户8获取到的一级分销列表:[[]]
2019-2-5 10:45:30 pool-4-thread-1 INFO 开始：[com.redpigmall.domain.UserDistribution_$$_jvst8d9_2@46252ecc]的数据获取！
2019-2-5 10:45:30 pool-4-thread-1 INFO 用户179获取为:[null]
2019-2-5 10:45:30 pool-4-thread-1 INFO 用户9获取到的一级分销列表:[[]]
2019-2-5 10:46:30 pool-4-thread-1 INFO 开始：[com.redpigmall.domain.UserDistribution_$$_jvst8d9_2@4c0e18cb]的数据获取！
2019-2-5 10:46:30 pool-4-thread-1 INFO 用户180获取为:[com.redpigmall.domain.DistributionCommission_$$_jvst8d9_4@287f9aec]
2019-2-5 10:46:30 pool-4-thread-1 INFO 用户1获取到的一级分销列表:[[com.redpigmall.domain.UserDistribution_$$_jvst8d9_2@20083dd, com.redpigmall.domain.UserDistribution_$$_jvst8d9_2@62cec446]]
2019-2-5 10:46:30 pool-4-thread-1 INFO 一级分销用户:1获取的数据[[]]
2019-2-5 10:46:30 pool-4-thread-1 INFO 一级分销用户:6获取的数据[[]]
2019-2-5 10:46:30 pool-4-thread-1 INFO 原有的可提现金额为:526.35
2019-2-5 10:46:30 pool-4-thread-1 INFO 新结余为:526.3500
2019-2-5 10:46:30 pool-4-thread-1 INFO 开始：[com.redpigmall.domain.UserDistribution_$$_jvst8d9_2@4cfcbe46]的数据获取！
2019-2-5 10:46:30 pool-4-thread-1 INFO 用户1获取为:[com.redpigmall.domain.DistributionCommission_$$_jvst8d9_4@1d6bec99]
2019-2-5 10:46:30 pool-4-thread-1 INFO 用户2获取到的一级分销列表:[[com.redpigmall.domain.UserDistribution_$$_jvst8d9_2@4c777370, com.redpigmall.domain.UserDistribution_$$_jvst8d9_2@51e058fa]]
2019-2-5 10:46:30 pool-4-thread-1 INFO 一级分销用户:5获取的数据[[]]
2019-2-5 10:46:30 pool-4-thread-1 INFO 一级分销用户:7获取的数据[[]]
2019-2-5 10:46:30 pool-4-thread-1 INFO 原有的可提现金额为:2907.96
2019-2-5 10:46:30 pool-4-thread-1 INFO 新结余为:2907.9600
2019-2-5 10:46:30 pool-4-thread-1 INFO 开始：[com.redpigmall.domain.UserDistribution_$$_jvst8d9_2@3dfdbaeb]的数据获取！
2019-2-5 10:46:30 pool-4-thread-1 INFO 用户5获取为:[com.redpigmall.domain.DistributionCommission_$$_jvst8d9_4@7ed4a2fc]
2019-2-5 10:46:30 pool-4-thread-1 INFO 用户3获取到的一级分销列表:[[com.redpigmall.domain.UserDistribution_$$_jvst8d9_2@79f32cf5]]
2019-2-5 10:46:30 pool-4-thread-1 INFO 一级分销用户:4获取的数据[[]]
2019-2-5 10:46:30 pool-4-thread-1 INFO 原有的可提现金额为:526.35
2019-2-5 10:46:30 pool-4-thread-1 INFO 新结余为:526.3500
2019-2-5 10:46:30 pool-4-thread-1 INFO 开始：[com.redpigmall.domain.UserDistribution_$$_jvst8d9_2@58a515ba]的数据获取！
2019-2-5 10:46:30 pool-4-thread-1 INFO 用户6获取为:[com.redpigmall.domain.DistributionCommission_$$_jvst8d9_4@18b55bc0]
2019-2-5 10:46:30 pool-4-thread-1 INFO 用户4获取到的一级分销列表:[[com.redpigmall.domain.UserDistribution_$$_jvst8d9_2@355f5fab]]
2019-2-5 10:46:30 pool-4-thread-1 INFO 一级分销用户:179获取的数据[[]]
2019-2-5 10:46:30 pool-4-thread-1 INFO 原有的可提现金额为:0.00
2019-2-5 10:46:30 pool-4-thread-1 INFO 新结余为:0.0000
2019-2-5 10:46:30 pool-4-thread-1 INFO 开始：[com.redpigmall.domain.UserDistribution_$$_jvst8d9_2@17a91e63]的数据获取！
2019-2-5 10:46:30 pool-4-thread-1 INFO 用户182获取为:[null]
2019-2-5 10:46:30 pool-4-thread-1 INFO 用户5获取到的一级分销列表:[[]]
2019-2-5 10:46:30 pool-4-thread-1 INFO 开始：[com.redpigmall.domain.UserDistribution_$$_jvst8d9_2@2d44ca4e]的数据获取！
2019-2-5 10:46:30 pool-4-thread-1 INFO 用户4获取为:[com.redpigmall.domain.DistributionCommission_$$_jvst8d9_4@784f39b1]
2019-2-5 10:46:30 pool-4-thread-1 INFO 用户6获取到的一级分销列表:[[com.redpigmall.domain.UserDistribution_$$_jvst8d9_2@dae98f9]]
2019-2-5 10:46:30 pool-4-thread-1 INFO 一级分销用户:182获取的数据[[]]
2019-2-5 10:46:30 pool-4-thread-1 INFO 原有的可提现金额为:0.00
2019-2-5 10:46:30 pool-4-thread-1 INFO 新结余为:0.0000
2019-2-5 10:46:30 pool-4-thread-1 INFO 开始：[com.redpigmall.domain.UserDistribution_$$_jvst8d9_2@5dfe4ed]的数据获取！
2019-2-5 10:46:30 pool-4-thread-1 INFO 用户7获取为:[com.redpigmall.domain.DistributionCommission_$$_jvst8d9_4@56c58e7]
2019-2-5 10:46:30 pool-4-thread-1 INFO 用户7获取到的一级分销列表:[[com.redpigmall.domain.UserDistribution_$$_jvst8d9_2@6c16e811]]
2019-2-5 10:46:30 pool-4-thread-1 INFO 一级分销用户:29获取的数据[[]]
2019-2-5 10:46:30 pool-4-thread-1 INFO 原有的可提现金额为:0.00
2019-2-5 10:46:30 pool-4-thread-1 INFO 新结余为:0.0000
2019-2-5 10:46:30 pool-4-thread-1 INFO 开始：[com.redpigmall.domain.UserDistribution_$$_jvst8d9_2@21af3cbf]的数据获取！
2019-2-5 10:46:30 pool-4-thread-1 INFO 用户29获取为:[null]
2019-2-5 10:46:30 pool-4-thread-1 INFO 用户8获取到的一级分销列表:[[]]
2019-2-5 10:46:30 pool-4-thread-1 INFO 开始：[com.redpigmall.domain.UserDistribution_$$_jvst8d9_2@6570b1fd]的数据获取！
2019-2-5 10:46:30 pool-4-thread-1 INFO 用户179获取为:[null]
2019-2-5 10:46:30 pool-4-thread-1 INFO 用户9获取到的一级分销列表:[[]]
2019-2-5 10:47:30 pool-4-thread-1 INFO 开始：[com.redpigmall.domain.UserDistribution_$$_jvst8d9_2@6c3994d2]的数据获取！
2019-2-5 10:47:30 pool-4-thread-1 INFO 用户180获取为:[com.redpigmall.domain.DistributionCommission_$$_jvst8d9_4@2289a889]
2019-2-5 10:47:30 pool-4-thread-1 INFO 用户1获取到的一级分销列表:[[com.redpigmall.domain.UserDistribution_$$_jvst8d9_2@2282d7be, com.redpigmall.domain.UserDistribution_$$_jvst8d9_2@6fad4d06]]
2019-2-5 10:47:30 pool-4-thread-1 INFO 一级分销用户:1获取的数据[[]]
2019-2-5 10:47:30 pool-4-thread-1 INFO 一级分销用户:6获取的数据[[]]
2019-2-5 10:47:30 pool-4-thread-1 INFO 原有的可提现金额为:526.35
2019-2-5 10:47:30 pool-4-thread-1 INFO 新结余为:526.3500
2019-2-5 10:47:30 pool-4-thread-1 INFO 开始：[com.redpigmall.domain.UserDistribution_$$_jvst8d9_2@48ae185a]的数据获取！
2019-2-5 10:47:30 pool-4-thread-1 INFO 用户1获取为:[com.redpigmall.domain.DistributionCommission_$$_jvst8d9_4@5dcf2963]
2019-2-5 10:47:30 pool-4-thread-1 INFO 用户2获取到的一级分销列表:[[com.redpigmall.domain.UserDistribution_$$_jvst8d9_2@15e29cee, com.redpigmall.domain.UserDistribution_$$_jvst8d9_2@4117d49f]]
2019-2-5 10:47:30 pool-4-thread-1 INFO 一级分销用户:5获取的数据[[]]
2019-2-5 10:47:30 pool-4-thread-1 INFO 一级分销用户:7获取的数据[[]]
2019-2-5 10:47:30 pool-4-thread-1 INFO 原有的可提现金额为:2907.96
2019-2-5 10:47:30 pool-4-thread-1 INFO 新结余为:2907.9600
2019-2-5 10:47:30 pool-4-thread-1 INFO 开始：[com.redpigmall.domain.UserDistribution_$$_jvst8d9_2@6f63c189]的数据获取！
2019-2-5 10:47:30 pool-4-thread-1 INFO 用户5获取为:[com.redpigmall.domain.DistributionCommission_$$_jvst8d9_4@37ae23f1]
2019-2-5 10:47:30 pool-4-thread-1 INFO 用户3获取到的一级分销列表:[[com.redpigmall.domain.UserDistribution_$$_jvst8d9_2@563bd073]]
2019-2-5 10:47:30 pool-4-thread-1 INFO 一级分销用户:4获取的数据[[]]
2019-2-5 10:47:30 pool-4-thread-1 INFO 原有的可提现金额为:526.35
2019-2-5 10:47:30 pool-4-thread-1 INFO 新结余为:526.3500
2019-2-5 10:47:30 pool-4-thread-1 INFO 开始：[com.redpigmall.domain.UserDistribution_$$_jvst8d9_2@2b98d729]的数据获取！
2019-2-5 10:47:30 pool-4-thread-1 INFO 用户6获取为:[com.redpigmall.domain.DistributionCommission_$$_jvst8d9_4@367cf077]
2019-2-5 10:47:30 pool-4-thread-1 INFO 用户4获取到的一级分销列表:[[com.redpigmall.domain.UserDistribution_$$_jvst8d9_2@17068557]]
2019-2-5 10:47:30 pool-4-thread-1 INFO 一级分销用户:179获取的数据[[]]
2019-2-5 10:47:30 pool-4-thread-1 INFO 原有的可提现金额为:0.00
2019-2-5 10:47:30 pool-4-thread-1 INFO 新结余为:0.0000
2019-2-5 10:47:30 pool-4-thread-1 INFO 开始：[com.redpigmall.domain.UserDistribution_$$_jvst8d9_2@31c1a213]的数据获取！
2019-2-5 10:47:30 pool-4-thread-1 INFO 用户182获取为:[null]
2019-2-5 10:47:30 pool-4-thread-1 INFO 用户5获取到的一级分销列表:[[]]
2019-2-5 10:47:30 pool-4-thread-1 INFO 开始：[com.redpigmall.domain.UserDistribution_$$_jvst8d9_2@b96e924]的数据获取！
2019-2-5 10:47:30 pool-4-thread-1 INFO 用户4获取为:[com.redpigmall.domain.DistributionCommission_$$_jvst8d9_4@2711e0c9]
2019-2-5 10:47:30 pool-4-thread-1 INFO 用户6获取到的一级分销列表:[[com.redpigmall.domain.UserDistribution_$$_jvst8d9_2@74c1a324]]
2019-2-5 10:47:30 pool-4-thread-1 INFO 一级分销用户:182获取的数据[[]]
2019-2-5 10:47:30 pool-4-thread-1 INFO 原有的可提现金额为:0.00
2019-2-5 10:47:30 pool-4-thread-1 INFO 新结余为:0.0000
2019-2-5 10:47:30 pool-4-thread-1 INFO 开始：[com.redpigmall.domain.UserDistribution_$$_jvst8d9_2@645ea18e]的数据获取！
2019-2-5 10:47:30 pool-4-thread-1 INFO 用户7获取为:[com.redpigmall.domain.DistributionCommission_$$_jvst8d9_4@5caca3]
2019-2-5 10:47:30 pool-4-thread-1 INFO 用户7获取到的一级分销列表:[[com.redpigmall.domain.UserDistribution_$$_jvst8d9_2@3dbfb3b2]]
2019-2-5 10:47:30 pool-4-thread-1 INFO 一级分销用户:29获取的数据[[]]
2019-2-5 10:47:30 pool-4-thread-1 INFO 原有的可提现金额为:0.00
2019-2-5 10:47:30 pool-4-thread-1 INFO 新结余为:0.0000
2019-2-5 10:47:30 pool-4-thread-1 INFO 开始：[com.redpigmall.domain.UserDistribution_$$_jvst8d9_2@58e26cd6]的数据获取！
2019-2-5 10:47:30 pool-4-thread-1 INFO 用户29获取为:[null]
2019-2-5 10:47:30 pool-4-thread-1 INFO 用户8获取到的一级分销列表:[[]]
2019-2-5 10:47:30 pool-4-thread-1 INFO 开始：[com.redpigmall.domain.UserDistribution_$$_jvst8d9_2@7d0af7da]的数据获取！
2019-2-5 10:47:30 pool-4-thread-1 INFO 用户179获取为:[null]
2019-2-5 10:47:30 pool-4-thread-1 INFO 用户9获取到的一级分销列表:[[]]
