2018-8-24 11:23:29 restartedMain INFO Starting RedPigWebAdmin on csh with PID 2124 (E:\mall\redpigcloud\redpigcloud_jd20180804\redpig-web-admin\target\classes started by Administrator in E:\mall\redpigcloud\redpigcloud_jd20180804\redpig-web-admin)
2018-8-24 11:23:29 restartedMain DEBUG Running with Spring Boot v2.0.2.RELEASE, Spring v5.0.6.RELEASE
2018-8-24 11:23:29 restartedMain INFO No active profile set, falling back to default profiles: default
2018-8-24 11:23:45 localhost-startStop-1 INFO init Druid Servlet Configuration 
2018-8-24 11:23:46 localhost-startStop-1 DEBUG 开始初始化SpringUtil...
2018-8-24 11:23:46 localhost-startStop-1 DEBUG web root abs path=E:\mall\redpigcloud\redpigcloud_jd20180804\redpig-web-admin\src\main\webapp\
2018-8-24 11:23:46 localhost-startStop-1 DEBUG SpringUtil初始化完成.
2018-8-24 11:24:28 restartedMain DEBUG ==>  Preparing: SELECT id,addTime,deleteStatus,title,keywords,description,address,poweredby,copyRight,meta_generator,meta_author,company_name,uploadFilePath,sysLanguage,sysPcLanguage,sysStoreLanguage,integralRate,smsEnbale,smsURL,smsUserName,smsPassword,smsTest,emailEnable,emailHost,emailPort,emailUser,emailUserName,emailPws,emailTest,websiteName,hotSearch,websiteCss,websiteLogo_id,codeStat,websiteState,visitorConsult,closeReason,securityCodeType,securityCodeRegister,securityCodeLogin,securityCodeConsult,imageSuffix,imageWebServer,imageFilesize,smallWidth,smallHeight,middleWidth,middleHeight,bigWidth,bigHeight,integral,integralStore,voucher,deposit,groupBuy,group_meal_gold,gold,goldMarketValue,memberRegister,memberDayLogin,indentComment,consumptionRatio,everyIndentLimit,imageSaveType,complaint_time,storeImage_id,goodsImage_id,memberIcon_id,store_allow,user_level,templates,store_payment,share_code,ztc_status,ztc_goods_view,ztc_price,second_domain_open,domain_allow_count,sys_domain,qq_login,qq_login_id,qq_login_key,qq_domain_code,sina_login,sina_login_id,sina_login_key,sina_domain_code,lucene_update,combin_status,combin_amount,combin_count,combin_scheme_count,service_telphone_list,service_qq_list,admin_login_logo_id,admin_manage_logo_id,auto_order_notice,auto_order_confirm,auto_order_return,auto_order_evaluate,grouplife_order_return,kuaidi_id,kuaidi_id2,kuaidi_type,currency_code,weixin_store,weixin_qr_img_id,weixin_account,weixin_token,weixin_appId,weixin_appSecret,weixin_welecome_content,store_weixin_logo_id,payoff_count,payoff_date,payoff_mag_type,payoff_mag_default,payoff_mag_auto,payoff_all_sale,payoff_all_commission,payoff_all_amount,payoff_all_amount_reality,ofcard,ofcard_userid,ofcard_userpws,ofcard_mobile_profit,app_download,android_download,android_version,ios_download,ios_version,app_seller_download,android_seller_download,android_seller_version,ios_seller_download,ios_seller_version,buygift_status,buygift_meal_gold,enoughreduce_status,enoughreduce_meal_gold,enoughreduce_max_count,email_buy,email_buy_cost,sms_buy,sms_buy_cost,whether_free,lucenen_queue,lucenen_cluster,sms_queue,email_queue,circle_open,circle_count,circle_limit,circle_audit,publish_post_limit,publish_seller_limit,welcome_img_id,qr_logo_id,Website_ico_id,qr_login,apiKey,secretKey,evaluate_edit_deadline,evaluate_add_deadline,smsPlatType,ymrt_smsURL,ymrt_smsUserName,ymrt_smsPassword,ymrt_smsTest,websiteLogo_wide_id,sign_integral,auto_order_cancel,app_push_buyer_apiKey,app_push_buyer_secretKey,app_push_seller_apiKey,app_push_seller_secretKey,app_navigator,app_launch_ad,email_register,phone_register,weixin_login,weixin_navigator,open_weixin_appId,open_weixin_appSecret,index_type,cloudbuy,adminUrl,sellerUrl,indexUrl,h5Url,lucenePath,direct_selling,direct_selling_first_level_rate,direct_selling_second_level_rate,static_folder,vm_folder,cdnServer FROM redpigmall_sysconfig obj WHERE 1=1 ORDER BY addTime DESC 
2018-8-24 11:24:29 restartedMain DEBUG ==> Parameters: 
2018-8-24 11:24:29 restartedMain DEBUG <==      Total: 1
2018-8-24 11:24:29 restartedMain DEBUG ==>  Preparing: select id,addTime,deleteStatus,name,path,size,width,height,ext,info,user_id,album_id,config_id from redpigmall_accessory where id = ? 
2018-8-24 11:24:29 restartedMain DEBUG ==> Parameters: 3(Long)
2018-8-24 11:24:29 restartedMain DEBUG <==      Total: 1
2018-8-24 11:24:29 restartedMain DEBUG ==>  Preparing: select id,addTime,deleteStatus,name,path,size,width,height,ext,info,user_id,album_id,config_id from redpigmall_accessory where id = ? 
2018-8-24 11:24:29 restartedMain DEBUG ==> Parameters: 1(Long)
2018-8-24 11:24:29 restartedMain DEBUG <==      Total: 1
2018-8-24 11:24:29 restartedMain DEBUG ==>  Preparing: select id,addTime,deleteStatus,name,path,size,width,height,ext,info,user_id,album_id,config_id from redpigmall_accessory where id = ? 
2018-8-24 11:24:29 restartedMain DEBUG ==> Parameters: 2(Long)
2018-8-24 11:24:29 restartedMain DEBUG <==      Total: 1
2018-8-24 11:24:29 restartedMain INFO Started RedPigWebAdmin in 61.206 seconds (JVM running for 62.413)
2018-8-24 11:26:08 http-nio-8801-exec-9 DEBUG ==>  Preparing: SELECT id,addTime,deleteStatus,title,keywords,description,address,poweredby,copyRight,meta_generator,meta_author,company_name,uploadFilePath,sysLanguage,sysPcLanguage,sysStoreLanguage,integralRate,smsEnbale,smsURL,smsUserName,smsPassword,smsTest,emailEnable,emailHost,emailPort,emailUser,emailUserName,emailPws,emailTest,websiteName,hotSearch,websiteCss,websiteLogo_id,codeStat,websiteState,visitorConsult,closeReason,securityCodeType,securityCodeRegister,securityCodeLogin,securityCodeConsult,imageSuffix,imageWebServer,imageFilesize,smallWidth,smallHeight,middleWidth,middleHeight,bigWidth,bigHeight,integral,integralStore,voucher,deposit,groupBuy,group_meal_gold,gold,goldMarketValue,memberRegister,memberDayLogin,indentComment,consumptionRatio,everyIndentLimit,imageSaveType,complaint_time,storeImage_id,goodsImage_id,memberIcon_id,store_allow,user_level,templates,store_payment,share_code,ztc_status,ztc_goods_view,ztc_price,second_domain_open,domain_allow_count,sys_domain,qq_login,qq_login_id,qq_login_key,qq_domain_code,sina_login,sina_login_id,sina_login_key,sina_domain_code,lucene_update,combin_status,combin_amount,combin_count,combin_scheme_count,service_telphone_list,service_qq_list,admin_login_logo_id,admin_manage_logo_id,auto_order_notice,auto_order_confirm,auto_order_return,auto_order_evaluate,grouplife_order_return,kuaidi_id,kuaidi_id2,kuaidi_type,currency_code,weixin_store,weixin_qr_img_id,weixin_account,weixin_token,weixin_appId,weixin_appSecret,weixin_welecome_content,store_weixin_logo_id,payoff_count,payoff_date,payoff_mag_type,payoff_mag_default,payoff_mag_auto,payoff_all_sale,payoff_all_commission,payoff_all_amount,payoff_all_amount_reality,ofcard,ofcard_userid,ofcard_userpws,ofcard_mobile_profit,app_download,android_download,android_version,ios_download,ios_version,app_seller_download,android_seller_download,android_seller_version,ios_seller_download,ios_seller_version,buygift_status,buygift_meal_gold,enoughreduce_status,enoughreduce_meal_gold,enoughreduce_max_count,email_buy,email_buy_cost,sms_buy,sms_buy_cost,whether_free,lucenen_queue,lucenen_cluster,sms_queue,email_queue,circle_open,circle_count,circle_limit,circle_audit,publish_post_limit,publish_seller_limit,welcome_img_id,qr_logo_id,Website_ico_id,qr_login,apiKey,secretKey,evaluate_edit_deadline,evaluate_add_deadline,smsPlatType,ymrt_smsURL,ymrt_smsUserName,ymrt_smsPassword,ymrt_smsTest,websiteLogo_wide_id,sign_integral,auto_order_cancel,app_push_buyer_apiKey,app_push_buyer_secretKey,app_push_seller_apiKey,app_push_seller_secretKey,app_navigator,app_launch_ad,email_register,phone_register,weixin_login,weixin_navigator,open_weixin_appId,open_weixin_appSecret,index_type,cloudbuy,adminUrl,sellerUrl,indexUrl,h5Url,lucenePath,direct_selling,direct_selling_first_level_rate,direct_selling_second_level_rate,static_folder,vm_folder,cdnServer FROM redpigmall_sysconfig obj WHERE 1=1 ORDER BY addTime DESC 
2018-8-24 11:26:08 http-nio-8801-exec-9 DEBUG ==> Parameters: 
2018-8-24 11:26:08 http-nio-8801-exec-9 DEBUG <==      Total: 1
2018-8-24 11:26:08 http-nio-8801-exec-9 DEBUG ==>  Preparing: select id,addTime,deleteStatus,name,path,size,width,height,ext,info,user_id,album_id,config_id from redpigmall_accessory where id = ? 
2018-8-24 11:26:08 http-nio-8801-exec-9 DEBUG ==> Parameters: 3(Long)
2018-8-24 11:26:08 http-nio-8801-exec-9 DEBUG <==      Total: 1
2018-8-24 11:26:08 http-nio-8801-exec-9 DEBUG ==>  Preparing: select id,addTime,deleteStatus,name,path,size,width,height,ext,info,user_id,album_id,config_id from redpigmall_accessory where id = ? 
2018-8-24 11:26:08 http-nio-8801-exec-9 DEBUG ==> Parameters: 1(Long)
2018-8-24 11:26:08 http-nio-8801-exec-9 DEBUG <==      Total: 1
2018-8-24 11:26:08 http-nio-8801-exec-9 DEBUG ==>  Preparing: select id,addTime,deleteStatus,name,path,size,width,height,ext,info,user_id,album_id,config_id from redpigmall_accessory where id = ? 
2018-8-24 11:26:08 http-nio-8801-exec-9 DEBUG ==> Parameters: 2(Long)
2018-8-24 11:26:08 http-nio-8801-exec-9 DEBUG <==      Total: 1
2018-8-24 11:28:22 http-nio-8801-exec-6 DEBUG ==>  Preparing: SELECT id,addTime,deleteStatus,title,keywords,description,address,poweredby,copyRight,meta_generator,meta_author,company_name,uploadFilePath,sysLanguage,sysPcLanguage,sysStoreLanguage,integralRate,smsEnbale,smsURL,smsUserName,smsPassword,smsTest,emailEnable,emailHost,emailPort,emailUser,emailUserName,emailPws,emailTest,websiteName,hotSearch,websiteCss,websiteLogo_id,codeStat,websiteState,visitorConsult,closeReason,securityCodeType,securityCodeRegister,securityCodeLogin,securityCodeConsult,imageSuffix,imageWebServer,imageFilesize,smallWidth,smallHeight,middleWidth,middleHeight,bigWidth,bigHeight,integral,integralStore,voucher,deposit,groupBuy,group_meal_gold,gold,goldMarketValue,memberRegister,memberDayLogin,indentComment,consumptionRatio,everyIndentLimit,imageSaveType,complaint_time,storeImage_id,goodsImage_id,memberIcon_id,store_allow,user_level,templates,store_payment,share_code,ztc_status,ztc_goods_view,ztc_price,second_domain_open,domain_allow_count,sys_domain,qq_login,qq_login_id,qq_login_key,qq_domain_code,sina_login,sina_login_id,sina_login_key,sina_domain_code,lucene_update,combin_status,combin_amount,combin_count,combin_scheme_count,service_telphone_list,service_qq_list,admin_login_logo_id,admin_manage_logo_id,auto_order_notice,auto_order_confirm,auto_order_return,auto_order_evaluate,grouplife_order_return,kuaidi_id,kuaidi_id2,kuaidi_type,currency_code,weixin_store,weixin_qr_img_id,weixin_account,weixin_token,weixin_appId,weixin_appSecret,weixin_welecome_content,store_weixin_logo_id,payoff_count,payoff_date,payoff_mag_type,payoff_mag_default,payoff_mag_auto,payoff_all_sale,payoff_all_commission,payoff_all_amount,payoff_all_amount_reality,ofcard,ofcard_userid,ofcard_userpws,ofcard_mobile_profit,app_download,android_download,android_version,ios_download,ios_version,app_seller_download,android_seller_download,android_seller_version,ios_seller_download,ios_seller_version,buygift_status,buygift_meal_gold,enoughreduce_status,enoughreduce_meal_gold,enoughreduce_max_count,email_buy,email_buy_cost,sms_buy,sms_buy_cost,whether_free,lucenen_queue,lucenen_cluster,sms_queue,email_queue,circle_open,circle_count,circle_limit,circle_audit,publish_post_limit,publish_seller_limit,welcome_img_id,qr_logo_id,Website_ico_id,qr_login,apiKey,secretKey,evaluate_edit_deadline,evaluate_add_deadline,smsPlatType,ymrt_smsURL,ymrt_smsUserName,ymrt_smsPassword,ymrt_smsTest,websiteLogo_wide_id,sign_integral,auto_order_cancel,app_push_buyer_apiKey,app_push_buyer_secretKey,app_push_seller_apiKey,app_push_seller_secretKey,app_navigator,app_launch_ad,email_register,phone_register,weixin_login,weixin_navigator,open_weixin_appId,open_weixin_appSecret,index_type,cloudbuy,adminUrl,sellerUrl,indexUrl,h5Url,lucenePath,direct_selling,direct_selling_first_level_rate,direct_selling_second_level_rate,static_folder,vm_folder,cdnServer FROM redpigmall_sysconfig obj WHERE 1=1 ORDER BY addTime DESC 
2018-8-24 11:28:22 http-nio-8801-exec-6 DEBUG ==> Parameters: 
2018-8-24 11:28:22 http-nio-8801-exec-6 DEBUG <==      Total: 1
2018-8-24 11:28:22 http-nio-8801-exec-6 DEBUG ==>  Preparing: select id,addTime,deleteStatus,name,path,size,width,height,ext,info,user_id,album_id,config_id from redpigmall_accessory where id = ? 
2018-8-24 11:28:22 http-nio-8801-exec-6 DEBUG ==> Parameters: 3(Long)
2018-8-24 11:28:22 http-nio-8801-exec-6 DEBUG <==      Total: 1
2018-8-24 11:28:22 http-nio-8801-exec-6 DEBUG ==>  Preparing: select id,addTime,deleteStatus,name,path,size,width,height,ext,info,user_id,album_id,config_id from redpigmall_accessory where id = ? 
2018-8-24 11:28:22 http-nio-8801-exec-6 DEBUG ==> Parameters: 1(Long)
2018-8-24 11:28:22 http-nio-8801-exec-6 DEBUG <==      Total: 1
2018-8-24 11:28:22 http-nio-8801-exec-6 DEBUG ==>  Preparing: select id,addTime,deleteStatus,name,path,size,width,height,ext,info,user_id,album_id,config_id from redpigmall_accessory where id = ? 
2018-8-24 11:28:22 http-nio-8801-exec-6 DEBUG ==> Parameters: 2(Long)
2018-8-24 11:28:22 http-nio-8801-exec-6 DEBUG <==      Total: 1
2018-8-24 11:30:07 http-nio-8801-exec-3 DEBUG ==>  Preparing: SELECT id,addTime,deleteStatus,title,keywords,description,address,poweredby,copyRight,meta_generator,meta_author,company_name,uploadFilePath,sysLanguage,sysPcLanguage,sysStoreLanguage,integralRate,smsEnbale,smsURL,smsUserName,smsPassword,smsTest,emailEnable,emailHost,emailPort,emailUser,emailUserName,emailPws,emailTest,websiteName,hotSearch,websiteCss,websiteLogo_id,codeStat,websiteState,visitorConsult,closeReason,securityCodeType,securityCodeRegister,securityCodeLogin,securityCodeConsult,imageSuffix,imageWebServer,imageFilesize,smallWidth,smallHeight,middleWidth,middleHeight,bigWidth,bigHeight,integral,integralStore,voucher,deposit,groupBuy,group_meal_gold,gold,goldMarketValue,memberRegister,memberDayLogin,indentComment,consumptionRatio,everyIndentLimit,imageSaveType,complaint_time,storeImage_id,goodsImage_id,memberIcon_id,store_allow,user_level,templates,store_payment,share_code,ztc_status,ztc_goods_view,ztc_price,second_domain_open,domain_allow_count,sys_domain,qq_login,qq_login_id,qq_login_key,qq_domain_code,sina_login,sina_login_id,sina_login_key,sina_domain_code,lucene_update,combin_status,combin_amount,combin_count,combin_scheme_count,service_telphone_list,service_qq_list,admin_login_logo_id,admin_manage_logo_id,auto_order_notice,auto_order_confirm,auto_order_return,auto_order_evaluate,grouplife_order_return,kuaidi_id,kuaidi_id2,kuaidi_type,currency_code,weixin_store,weixin_qr_img_id,weixin_account,weixin_token,weixin_appId,weixin_appSecret,weixin_welecome_content,store_weixin_logo_id,payoff_count,payoff_date,payoff_mag_type,payoff_mag_default,payoff_mag_auto,payoff_all_sale,payoff_all_commission,payoff_all_amount,payoff_all_amount_reality,ofcard,ofcard_userid,ofcard_userpws,ofcard_mobile_profit,app_download,android_download,android_version,ios_download,ios_version,app_seller_download,android_seller_download,android_seller_version,ios_seller_download,ios_seller_version,buygift_status,buygift_meal_gold,enoughreduce_status,enoughreduce_meal_gold,enoughreduce_max_count,email_buy,email_buy_cost,sms_buy,sms_buy_cost,whether_free,lucenen_queue,lucenen_cluster,sms_queue,email_queue,circle_open,circle_count,circle_limit,circle_audit,publish_post_limit,publish_seller_limit,welcome_img_id,qr_logo_id,Website_ico_id,qr_login,apiKey,secretKey,evaluate_edit_deadline,evaluate_add_deadline,smsPlatType,ymrt_smsURL,ymrt_smsUserName,ymrt_smsPassword,ymrt_smsTest,websiteLogo_wide_id,sign_integral,auto_order_cancel,app_push_buyer_apiKey,app_push_buyer_secretKey,app_push_seller_apiKey,app_push_seller_secretKey,app_navigator,app_launch_ad,email_register,phone_register,weixin_login,weixin_navigator,open_weixin_appId,open_weixin_appSecret,index_type,cloudbuy,adminUrl,sellerUrl,indexUrl,h5Url,lucenePath,direct_selling,direct_selling_first_level_rate,direct_selling_second_level_rate,static_folder,vm_folder,cdnServer FROM redpigmall_sysconfig obj WHERE 1=1 ORDER BY addTime DESC 
2018-8-24 11:30:07 http-nio-8801-exec-3 DEBUG ==> Parameters: 
2018-8-24 11:30:07 http-nio-8801-exec-3 DEBUG <==      Total: 1
2018-8-24 11:30:07 http-nio-8801-exec-3 DEBUG ==>  Preparing: select id,addTime,deleteStatus,name,path,size,width,height,ext,info,user_id,album_id,config_id from redpigmall_accessory where id = ? 
2018-8-24 11:30:07 http-nio-8801-exec-3 DEBUG ==> Parameters: 3(Long)
2018-8-24 11:30:07 http-nio-8801-exec-3 DEBUG <==      Total: 1
2018-8-24 11:30:07 http-nio-8801-exec-3 DEBUG ==>  Preparing: select id,addTime,deleteStatus,name,path,size,width,height,ext,info,user_id,album_id,config_id from redpigmall_accessory where id = ? 
2018-8-24 11:30:07 http-nio-8801-exec-3 DEBUG ==> Parameters: 1(Long)
2018-8-24 11:30:07 http-nio-8801-exec-3 DEBUG <==      Total: 1
2018-8-24 11:30:07 http-nio-8801-exec-3 DEBUG ==>  Preparing: select id,addTime,deleteStatus,name,path,size,width,height,ext,info,user_id,album_id,config_id from redpigmall_accessory where id = ? 
2018-8-24 11:30:07 http-nio-8801-exec-3 DEBUG ==> Parameters: 2(Long)
2018-8-24 11:30:07 http-nio-8801-exec-3 DEBUG <==      Total: 1
2018-8-24 11:30:07 http-nio-8801-exec-3 DEBUG ==>  Preparing: select obj.* from redpigmall_user obj where 1=1 and ( password = ? and userName = ? ) or ( password = ? and mobile = ? ) or ( password = ? and email = ? ) 
2018-8-24 11:30:07 http-nio-8801-exec-3 DEBUG ==> Parameters: e10adc3949ba59abbe56e057f20f883e(String), admin(String), e10adc3949ba59abbe56e057f20f883e(String), admin(String), e10adc3949ba59abbe56e057f20f883e(String), admin(String)
2018-8-24 11:30:07 http-nio-8801-exec-3 DEBUG <==      Total: 1
2018-8-24 11:30:07 http-nio-8801-exec-2 DEBUG ==>  Preparing: select id,addTime,deleteStatus,application_seller_login_token,pay_password,buy_goods_limit_info,day_msg_count,validateCode,weixin_unionID,integral_signDate,seller_application_loginTime,userName,nickName,trueName,password,userRole,birthday,telephone,QQ,WW,month_income,years,MSN,address,sex,email,mobile,card,photo_id,area_id,status,lastLoginDate,loginDate,lastLoginIp,loginIp,loginCount,report,availableBalance,freezeBlance,integral,gold,store_id,parent_id,directSellingParent_id,qq_openid,sina_openid,user_type,contact_user,department,company_name,company_address,company_purpose,company_url,company_person_num,company_trade,company_nature,store_apply_step,user_goods_fee,staple_gc,app_login_token,app_seller_login_token,user_form,mobile_pay_password,invoice,invoiceType,delivery_id,whether_attention,circle_create_info,circle_attention_info,openId,userMark,ftp_id,user_version,user_tags,direct_selling_qr_path from redpigmall_user where id = ? 
2018-8-24 11:30:07 http-nio-8801-exec-2 DEBUG ==> Parameters: 1(Long)
2018-8-24 11:30:07 http-nio-8801-exec-2 DEBUG <==      Total: 1
2018-8-24 11:30:07 http-nio-8801-exec-2 DEBUG ==>  Preparing: update redpigmall_user SET deleteStatus=?, application_seller_login_token= ?, pay_password= ?, buy_goods_limit_info= ?, day_msg_count= ?, validateCode= ?, weixin_unionID= ?, integral_signDate= ?, seller_application_loginTime= ?, userName= ?, nickName= ?, trueName= ?, password= ?, userRole= ?, birthday= ?, telephone= ?, QQ= ?, WW= ?, month_income= ?, years= ?, MSN= ?, address= ?, sex= ?, email= ?, mobile= ?, card= ?, photo_id = null, area_id = null, status= ?, lastLoginDate= ?, loginDate= ?, lastLoginIp= ?, loginIp= ?, loginCount= ?, report= ?, availableBalance= ?, freezeBlance= ?, integral= ?, gold= ?, store_id = null, parent_id = null, directSellingParent_id = null, qq_openid= ?, sina_openid= ?, user_type= ?, contact_user= ?, department= ?, company_name= ?, company_address= ?, company_purpose= ?, company_url= ?, company_person_num= ?, company_trade= ?, company_nature= ?, store_apply_step= ?, user_goods_fee= ?, staple_gc= ?, app_login_token= ?, app_seller_login_token= ?, user_form= ?, mobile_pay_password= ?, invoice= ?, invoiceType= ?, delivery_id= ?, whether_attention= ?, circle_create_info= ?, circle_attention_info= ?, openId= ?, userMark= ?, ftp_id = null, user_version= ?, user_tags= ?, direct_selling_qr_path= ? where id = ? 
2018-8-24 11:30:07 http-nio-8801-exec-2 DEBUG ==> Parameters: 0(Integer), null, 4297f44b13955235245b2497399d7a93(String), null, 0(Integer), null, null, null, null, admin(String), null, null, e10adc3949ba59abbe56e057f20f883e(String), ADMIN(String), null, null, null, null, 0(Integer), 0(Integer), null, null, 0(Integer), null, 124(String), null, 0(Integer), 2018-08-24 11:30:07.743(Timestamp), 2018-08-24 11:30:07.741(Timestamp), 192.168.1.155(String), 192.168.1.155(String), 1093(Integer), 0(Integer), 100000.00(BigDecimal), null, 213590(Integer), 0(Integer), null, null, 0(Integer), null, null, null, null, null, null, null, null, null, 0(Integer), 118721.20(BigDecimal), [{"name":"男女服饰>男装>毛呢大衣","id":108},{"name":"图书影像>影像>音乐","id":834}](String), null, 12qxzilkrb2l1(String), null, null, null, 0(Integer), null, 0(Integer), null, null, null, null, 245(Integer), null, null, 1(Long)
2018-8-24 11:30:07 http-nio-8801-exec-2 DEBUG <==    Updates: 1
2018-8-24 11:30:07 http-nio-8801-exec-1 DEBUG ==>  Preparing: SELECT id,addTime,deleteStatus,title,keywords,description,address,poweredby,copyRight,meta_generator,meta_author,company_name,uploadFilePath,sysLanguage,sysPcLanguage,sysStoreLanguage,integralRate,smsEnbale,smsURL,smsUserName,smsPassword,smsTest,emailEnable,emailHost,emailPort,emailUser,emailUserName,emailPws,emailTest,websiteName,hotSearch,websiteCss,websiteLogo_id,codeStat,websiteState,visitorConsult,closeReason,securityCodeType,securityCodeRegister,securityCodeLogin,securityCodeConsult,imageSuffix,imageWebServer,imageFilesize,smallWidth,smallHeight,middleWidth,middleHeight,bigWidth,bigHeight,integral,integralStore,voucher,deposit,groupBuy,group_meal_gold,gold,goldMarketValue,memberRegister,memberDayLogin,indentComment,consumptionRatio,everyIndentLimit,imageSaveType,complaint_time,storeImage_id,goodsImage_id,memberIcon_id,store_allow,user_level,templates,store_payment,share_code,ztc_status,ztc_goods_view,ztc_price,second_domain_open,domain_allow_count,sys_domain,qq_login,qq_login_id,qq_login_key,qq_domain_code,sina_login,sina_login_id,sina_login_key,sina_domain_code,lucene_update,combin_status,combin_amount,combin_count,combin_scheme_count,service_telphone_list,service_qq_list,admin_login_logo_id,admin_manage_logo_id,auto_order_notice,auto_order_confirm,auto_order_return,auto_order_evaluate,grouplife_order_return,kuaidi_id,kuaidi_id2,kuaidi_type,currency_code,weixin_store,weixin_qr_img_id,weixin_account,weixin_token,weixin_appId,weixin_appSecret,weixin_welecome_content,store_weixin_logo_id,payoff_count,payoff_date,payoff_mag_type,payoff_mag_default,payoff_mag_auto,payoff_all_sale,payoff_all_commission,payoff_all_amount,payoff_all_amount_reality,ofcard,ofcard_userid,ofcard_userpws,ofcard_mobile_profit,app_download,android_download,android_version,ios_download,ios_version,app_seller_download,android_seller_download,android_seller_version,ios_seller_download,ios_seller_version,buygift_status,buygift_meal_gold,enoughreduce_status,enoughreduce_meal_gold,enoughreduce_max_count,email_buy,email_buy_cost,sms_buy,sms_buy_cost,whether_free,lucenen_queue,lucenen_cluster,sms_queue,email_queue,circle_open,circle_count,circle_limit,circle_audit,publish_post_limit,publish_seller_limit,welcome_img_id,qr_logo_id,Website_ico_id,qr_login,apiKey,secretKey,evaluate_edit_deadline,evaluate_add_deadline,smsPlatType,ymrt_smsURL,ymrt_smsUserName,ymrt_smsPassword,ymrt_smsTest,websiteLogo_wide_id,sign_integral,auto_order_cancel,app_push_buyer_apiKey,app_push_buyer_secretKey,app_push_seller_apiKey,app_push_seller_secretKey,app_navigator,app_launch_ad,email_register,phone_register,weixin_login,weixin_navigator,open_weixin_appId,open_weixin_appSecret,index_type,cloudbuy,adminUrl,sellerUrl,indexUrl,h5Url,lucenePath,direct_selling,direct_selling_first_level_rate,direct_selling_second_level_rate,static_folder,vm_folder,cdnServer FROM redpigmall_sysconfig obj WHERE 1=1 ORDER BY addTime DESC 
2018-8-24 11:30:07 http-nio-8801-exec-1 DEBUG ==> Parameters: 
2018-8-24 11:30:07 http-nio-8801-exec-1 DEBUG <==      Total: 1
2018-8-24 11:30:07 http-nio-8801-exec-1 DEBUG ==>  Preparing: select id,addTime,deleteStatus,name,path,size,width,height,ext,info,user_id,album_id,config_id from redpigmall_accessory where id = ? 
2018-8-24 11:30:07 http-nio-8801-exec-1 DEBUG ==> Parameters: 3(Long)
2018-8-24 11:30:07 http-nio-8801-exec-1 DEBUG <==      Total: 1
2018-8-24 11:30:07 http-nio-8801-exec-1 DEBUG ==>  Preparing: select id,addTime,deleteStatus,name,path,size,width,height,ext,info,user_id,album_id,config_id from redpigmall_accessory where id = ? 
2018-8-24 11:30:07 http-nio-8801-exec-1 DEBUG ==> Parameters: 1(Long)
2018-8-24 11:30:07 http-nio-8801-exec-1 DEBUG <==      Total: 1
2018-8-24 11:30:07 http-nio-8801-exec-1 DEBUG ==>  Preparing: select id,addTime,deleteStatus,name,path,size,width,height,ext,info,user_id,album_id,config_id from redpigmall_accessory where id = ? 
2018-8-24 11:30:07 http-nio-8801-exec-1 DEBUG ==> Parameters: 2(Long)
2018-8-24 11:30:07 http-nio-8801-exec-1 DEBUG <==      Total: 1
2018-8-24 11:30:07 http-nio-8801-exec-1 DEBUG ==>  Preparing: select id,addTime,deleteStatus,application_seller_login_token,pay_password,buy_goods_limit_info,day_msg_count,validateCode,weixin_unionID,integral_signDate,seller_application_loginTime,userName,nickName,trueName,password,userRole,birthday,telephone,QQ,WW,month_income,years,MSN,address,sex,email,mobile,card,photo_id,area_id,status,lastLoginDate,loginDate,lastLoginIp,loginIp,loginCount,report,availableBalance,freezeBlance,integral,gold,store_id,parent_id,directSellingParent_id,qq_openid,sina_openid,user_type,contact_user,department,company_name,company_address,company_purpose,company_url,company_person_num,company_trade,company_nature,store_apply_step,user_goods_fee,staple_gc,app_login_token,app_seller_login_token,user_form,mobile_pay_password,invoice,invoiceType,delivery_id,whether_attention,circle_create_info,circle_attention_info,openId,userMark,ftp_id,user_version,user_tags,direct_selling_qr_path from redpigmall_user where id = ? 
2018-8-24 11:30:07 http-nio-8801-exec-1 DEBUG ==> Parameters: 1(Long)
2018-8-24 11:30:07 http-nio-8801-exec-1 DEBUG <==      Total: 1
2018-8-24 11:30:07 http-nio-8801-exec-1 DEBUG ==>  Preparing: select id,addTime,deleteStatus,user_id from redpigmall_userconfig where user_id= ? 
2018-8-24 11:30:07 http-nio-8801-exec-1 DEBUG ==> Parameters: 1(Long)
2018-8-24 11:30:07 http-nio-8801-exec-1 DEBUG <==      Total: 0
2018-8-24 11:30:07 http-nio-8801-exec-1 DEBUG ==>  Preparing: select id,addTime,deleteStatus,application_seller_login_token,pay_password,buy_goods_limit_info,day_msg_count,validateCode,weixin_unionID,integral_signDate,seller_application_loginTime,userName,nickName,trueName,password,userRole,birthday,telephone,QQ,WW,month_income,years,MSN,address,sex,email,mobile,card,photo_id,area_id,status,lastLoginDate,loginDate,lastLoginIp,loginIp,loginCount,report,availableBalance,freezeBlance,integral,gold,store_id,parent_id,directSellingParent_id,qq_openid,sina_openid,user_type,contact_user,department,company_name,company_address,company_purpose,company_url,company_person_num,company_trade,company_nature,store_apply_step,user_goods_fee,staple_gc,app_login_token,app_seller_login_token,user_form,mobile_pay_password,invoice,invoiceType,delivery_id,whether_attention,circle_create_info,circle_attention_info,openId,userMark,ftp_id,user_version,user_tags,direct_selling_qr_path from redpigmall_user where id = ? 
2018-8-24 11:30:07 http-nio-8801-exec-1 DEBUG ==> Parameters: 1(Long)
2018-8-24 11:30:07 http-nio-8801-exec-1 DEBUG <==      Total: 1
2018-8-24 11:30:07 http-nio-8801-exec-1 DEBUG ==>  Preparing: SELECT m.* FROM redpigmall_menu m JOIN redpigmall_user_menu ur ON m.id = ur.menu_id AND ur.user_id = ? AND m.parent_id is null AND m.deleteStatus=0 ORDER BY m.sequence 
2018-8-24 11:30:07 http-nio-8801-exec-1 DEBUG ==> Parameters: 1(Long)
2018-8-24 11:30:07 http-nio-8801-exec-1 DEBUG <==      Total: 18
2018-8-24 11:30:07 http-nio-8801-exec-1 DEBUG ==>  Preparing: select id,addTime,deleteStatus,application_seller_login_token,pay_password,buy_goods_limit_info,day_msg_count,validateCode,weixin_unionID,integral_signDate,seller_application_loginTime,userName,nickName,trueName,password,userRole,birthday,telephone,QQ,WW,month_income,years,MSN,address,sex,email,mobile,card,photo_id,area_id,status,lastLoginDate,loginDate,lastLoginIp,loginIp,loginCount,report,availableBalance,freezeBlance,integral,gold,store_id,parent_id,directSellingParent_id,qq_openid,sina_openid,user_type,contact_user,department,company_name,company_address,company_purpose,company_url,company_person_num,company_trade,company_nature,store_apply_step,user_goods_fee,staple_gc,app_login_token,app_seller_login_token,user_form,mobile_pay_password,invoice,invoiceType,delivery_id,whether_attention,circle_create_info,circle_attention_info,openId,userMark,ftp_id,user_version,user_tags,direct_selling_qr_path from redpigmall_user where id = ? 
2018-8-24 11:30:07 http-nio-8801-exec-1 DEBUG ==> Parameters: 1(Long)
2018-8-24 11:30:07 http-nio-8801-exec-1 DEBUG <==      Total: 1
2018-8-24 11:30:07 http-nio-8801-exec-1 DEBUG ==>  Preparing: SELECT obj.* FROM redpigmall_menu obj JOIN redpigmall_user_menu um ON obj.id = um.menu_id AND obj.parent_id = ? AND obj.deleteStatus=0 AND um.user_id=? 
2018-8-24 11:30:07 http-nio-8801-exec-1 DEBUG ==> Parameters: 1(Long), 1(Long)
2018-8-24 11:30:07 http-nio-8801-exec-1 DEBUG <==      Total: 7
2018-8-24 11:30:07 http-nio-8801-exec-1 DEBUG ==>  Preparing: SELECT obj.* FROM redpigmall_menu obj JOIN redpigmall_user_menu um ON obj.id = um.menu_id AND obj.parent_id = ? AND obj.deleteStatus=0 AND um.user_id=? 
2018-8-24 11:30:07 http-nio-8801-exec-1 DEBUG ==> Parameters: 2(Long), 1(Long)
2018-8-24 11:30:07 http-nio-8801-exec-1 DEBUG <==      Total: 15
2018-8-24 11:30:08 http-nio-8801-exec-1 DEBUG ==>  Preparing: SELECT obj.* FROM redpigmall_menu obj JOIN redpigmall_user_menu um ON obj.id = um.menu_id AND obj.parent_id = ? AND obj.deleteStatus=0 AND um.user_id=? 
2018-8-24 11:30:08 http-nio-8801-exec-1 DEBUG ==> Parameters: 3(Long), 1(Long)
2018-8-24 11:30:08 http-nio-8801-exec-1 DEBUG <==      Total: 5
2018-8-24 11:30:08 http-nio-8801-exec-1 DEBUG ==>  Preparing: SELECT obj.* FROM redpigmall_menu obj JOIN redpigmall_user_menu um ON obj.id = um.menu_id AND obj.parent_id = ? AND obj.deleteStatus=0 AND um.user_id=? 
2018-8-24 11:30:08 http-nio-8801-exec-1 DEBUG ==> Parameters: 4(Long), 1(Long)
2018-8-24 11:30:08 http-nio-8801-exec-1 DEBUG <==      Total: 4
2018-8-24 11:30:08 http-nio-8801-exec-1 DEBUG ==>  Preparing: SELECT obj.* FROM redpigmall_menu obj JOIN redpigmall_user_menu um ON obj.id = um.menu_id AND obj.parent_id = ? AND obj.deleteStatus=0 AND um.user_id=? 
2018-8-24 11:30:08 http-nio-8801-exec-1 DEBUG ==> Parameters: 5(Long), 1(Long)
2018-8-24 11:30:08 http-nio-8801-exec-1 DEBUG <==      Total: 13
2018-8-24 11:30:08 http-nio-8801-exec-1 DEBUG ==>  Preparing: SELECT obj.* FROM redpigmall_menu obj JOIN redpigmall_user_menu um ON obj.id = um.menu_id AND obj.parent_id = ? AND obj.deleteStatus=0 AND um.user_id=? 
2018-8-24 11:30:08 http-nio-8801-exec-1 DEBUG ==> Parameters: 6(Long), 1(Long)
2018-8-24 11:30:08 http-nio-8801-exec-1 DEBUG <==      Total: 8
2018-8-24 11:30:08 http-nio-8801-exec-1 DEBUG ==>  Preparing: SELECT obj.* FROM redpigmall_menu obj JOIN redpigmall_user_menu um ON obj.id = um.menu_id AND obj.parent_id = ? AND obj.deleteStatus=0 AND um.user_id=? 
2018-8-24 11:30:08 http-nio-8801-exec-1 DEBUG ==> Parameters: 7(Long), 1(Long)
2018-8-24 11:30:08 http-nio-8801-exec-1 DEBUG <==      Total: 8
2018-8-24 11:30:08 http-nio-8801-exec-1 DEBUG ==>  Preparing: SELECT obj.* FROM redpigmall_menu obj JOIN redpigmall_user_menu um ON obj.id = um.menu_id AND obj.parent_id = ? AND obj.deleteStatus=0 AND um.user_id=? 
2018-8-24 11:30:08 http-nio-8801-exec-1 DEBUG ==> Parameters: 8(Long), 1(Long)
2018-8-24 11:30:08 http-nio-8801-exec-1 DEBUG <==      Total: 5
2018-8-24 11:30:08 http-nio-8801-exec-1 DEBUG ==>  Preparing: SELECT obj.* FROM redpigmall_menu obj JOIN redpigmall_user_menu um ON obj.id = um.menu_id AND obj.parent_id = ? AND obj.deleteStatus=0 AND um.user_id=? 
2018-8-24 11:30:08 http-nio-8801-exec-1 DEBUG ==> Parameters: 9(Long), 1(Long)
2018-8-24 11:30:08 http-nio-8801-exec-1 DEBUG <==      Total: 11
2018-8-24 11:30:08 http-nio-8801-exec-1 DEBUG ==>  Preparing: SELECT obj.* FROM redpigmall_menu obj JOIN redpigmall_user_menu um ON obj.id = um.menu_id AND obj.parent_id = ? AND obj.deleteStatus=0 AND um.user_id=? 
2018-8-24 11:30:08 http-nio-8801-exec-1 DEBUG ==> Parameters: 215(Long), 1(Long)
2018-8-24 11:30:08 http-nio-8801-exec-1 DEBUG <==      Total: 2
2018-8-24 11:30:08 http-nio-8801-exec-1 DEBUG ==>  Preparing: SELECT obj.* FROM redpigmall_menu obj JOIN redpigmall_user_menu um ON obj.id = um.menu_id AND obj.parent_id = ? AND obj.deleteStatus=0 AND um.user_id=? 
2018-8-24 11:30:08 http-nio-8801-exec-1 DEBUG ==> Parameters: 218(Long), 1(Long)
2018-8-24 11:30:08 http-nio-8801-exec-1 DEBUG <==      Total: 3
2018-8-24 11:30:08 http-nio-8801-exec-1 DEBUG ==>  Preparing: SELECT obj.* FROM redpigmall_menu obj JOIN redpigmall_user_menu um ON obj.id = um.menu_id AND obj.parent_id = ? AND obj.deleteStatus=0 AND um.user_id=? 
2018-8-24 11:30:08 http-nio-8801-exec-1 DEBUG ==> Parameters: 225(Long), 1(Long)
2018-8-24 11:30:08 http-nio-8801-exec-1 DEBUG <==      Total: 0
2018-8-24 11:30:08 http-nio-8801-exec-1 DEBUG ==>  Preparing: SELECT obj.* FROM redpigmall_menu obj JOIN redpigmall_user_menu um ON obj.id = um.menu_id AND obj.parent_id = ? AND obj.deleteStatus=0 AND um.user_id=? 
2018-8-24 11:30:08 http-nio-8801-exec-1 DEBUG ==> Parameters: 10(Long), 1(Long)
2018-8-24 11:30:08 http-nio-8801-exec-1 DEBUG <==      Total: 13
2018-8-24 11:30:08 http-nio-8801-exec-1 DEBUG ==>  Preparing: SELECT obj.* FROM redpigmall_menu obj JOIN redpigmall_user_menu um ON obj.id = um.menu_id AND obj.parent_id = ? AND obj.deleteStatus=0 AND um.user_id=? 
2018-8-24 11:30:08 http-nio-8801-exec-1 DEBUG ==> Parameters: 11(Long), 1(Long)
2018-8-24 11:30:08 http-nio-8801-exec-1 DEBUG <==      Total: 5
2018-8-24 11:30:08 http-nio-8801-exec-1 DEBUG ==>  Preparing: SELECT obj.* FROM redpigmall_menu obj JOIN redpigmall_user_menu um ON obj.id = um.menu_id AND obj.parent_id = ? AND obj.deleteStatus=0 AND um.user_id=? 
2018-8-24 11:30:08 http-nio-8801-exec-1 DEBUG ==> Parameters: 12(Long), 1(Long)
2018-8-24 11:30:08 http-nio-8801-exec-1 DEBUG <==      Total: 19
2018-8-24 11:30:08 http-nio-8801-exec-1 DEBUG ==>  Preparing: SELECT obj.* FROM redpigmall_menu obj JOIN redpigmall_user_menu um ON obj.id = um.menu_id AND obj.parent_id = ? AND obj.deleteStatus=0 AND um.user_id=? 
2018-8-24 11:30:08 http-nio-8801-exec-1 DEBUG ==> Parameters: 208(Long), 1(Long)
2018-8-24 11:30:08 http-nio-8801-exec-1 DEBUG <==      Total: 4
2018-8-24 11:30:08 http-nio-8801-exec-1 DEBUG ==>  Preparing: SELECT obj.* FROM redpigmall_menu obj JOIN redpigmall_user_menu um ON obj.id = um.menu_id AND obj.parent_id = ? AND obj.deleteStatus=0 AND um.user_id=? 
2018-8-24 11:30:08 http-nio-8801-exec-1 DEBUG ==> Parameters: 13(Long), 1(Long)
2018-8-24 11:30:08 http-nio-8801-exec-1 DEBUG <==      Total: 7
2018-8-24 11:30:08 http-nio-8801-exec-1 DEBUG ==>  Preparing: SELECT obj.* FROM redpigmall_menu obj JOIN redpigmall_user_menu um ON obj.id = um.menu_id AND obj.parent_id = ? AND obj.deleteStatus=0 AND um.user_id=? 
2018-8-24 11:30:08 http-nio-8801-exec-1 DEBUG ==> Parameters: 14(Long), 1(Long)
2018-8-24 11:30:08 http-nio-8801-exec-1 DEBUG <==      Total: 6
2018-8-24 11:30:08 http-nio-8801-exec-10 DEBUG ==>  Preparing: SELECT id,addTime,deleteStatus,title,keywords,description,address,poweredby,copyRight,meta_generator,meta_author,company_name,uploadFilePath,sysLanguage,sysPcLanguage,sysStoreLanguage,integralRate,smsEnbale,smsURL,smsUserName,smsPassword,smsTest,emailEnable,emailHost,emailPort,emailUser,emailUserName,emailPws,emailTest,websiteName,hotSearch,websiteCss,websiteLogo_id,codeStat,websiteState,visitorConsult,closeReason,securityCodeType,securityCodeRegister,securityCodeLogin,securityCodeConsult,imageSuffix,imageWebServer,imageFilesize,smallWidth,smallHeight,middleWidth,middleHeight,bigWidth,bigHeight,integral,integralStore,voucher,deposit,groupBuy,group_meal_gold,gold,goldMarketValue,memberRegister,memberDayLogin,indentComment,consumptionRatio,everyIndentLimit,imageSaveType,complaint_time,storeImage_id,goodsImage_id,memberIcon_id,store_allow,user_level,templates,store_payment,share_code,ztc_status,ztc_goods_view,ztc_price,second_domain_open,domain_allow_count,sys_domain,qq_login,qq_login_id,qq_login_key,qq_domain_code,sina_login,sina_login_id,sina_login_key,sina_domain_code,lucene_update,combin_status,combin_amount,combin_count,combin_scheme_count,service_telphone_list,service_qq_list,admin_login_logo_id,admin_manage_logo_id,auto_order_notice,auto_order_confirm,auto_order_return,auto_order_evaluate,grouplife_order_return,kuaidi_id,kuaidi_id2,kuaidi_type,currency_code,weixin_store,weixin_qr_img_id,weixin_account,weixin_token,weixin_appId,weixin_appSecret,weixin_welecome_content,store_weixin_logo_id,payoff_count,payoff_date,payoff_mag_type,payoff_mag_default,payoff_mag_auto,payoff_all_sale,payoff_all_commission,payoff_all_amount,payoff_all_amount_reality,ofcard,ofcard_userid,ofcard_userpws,ofcard_mobile_profit,app_download,android_download,android_version,ios_download,ios_version,app_seller_download,android_seller_download,android_seller_version,ios_seller_download,ios_seller_version,buygift_status,buygift_meal_gold,enoughreduce_status,enoughreduce_meal_gold,enoughreduce_max_count,email_buy,email_buy_cost,sms_buy,sms_buy_cost,whether_free,lucenen_queue,lucenen_cluster,sms_queue,email_queue,circle_open,circle_count,circle_limit,circle_audit,publish_post_limit,publish_seller_limit,welcome_img_id,qr_logo_id,Website_ico_id,qr_login,apiKey,secretKey,evaluate_edit_deadline,evaluate_add_deadline,smsPlatType,ymrt_smsURL,ymrt_smsUserName,ymrt_smsPassword,ymrt_smsTest,websiteLogo_wide_id,sign_integral,auto_order_cancel,app_push_buyer_apiKey,app_push_buyer_secretKey,app_push_seller_apiKey,app_push_seller_secretKey,app_navigator,app_launch_ad,email_register,phone_register,weixin_login,weixin_navigator,open_weixin_appId,open_weixin_appSecret,index_type,cloudbuy,adminUrl,sellerUrl,indexUrl,h5Url,lucenePath,direct_selling,direct_selling_first_level_rate,direct_selling_second_level_rate,static_folder,vm_folder,cdnServer FROM redpigmall_sysconfig obj WHERE 1=1 ORDER BY addTime DESC 
2018-8-24 11:30:08 http-nio-8801-exec-10 DEBUG ==> Parameters: 
2018-8-24 11:30:08 http-nio-8801-exec-10 DEBUG <==      Total: 1
2018-8-24 11:30:08 http-nio-8801-exec-10 DEBUG ==>  Preparing: select id,addTime,deleteStatus,name,path,size,width,height,ext,info,user_id,album_id,config_id from redpigmall_accessory where id = ? 
2018-8-24 11:30:08 http-nio-8801-exec-10 DEBUG ==> Parameters: 3(Long)
2018-8-24 11:30:08 http-nio-8801-exec-10 DEBUG <==      Total: 1
2018-8-24 11:30:08 http-nio-8801-exec-10 DEBUG ==>  Preparing: select id,addTime,deleteStatus,name,path,size,width,height,ext,info,user_id,album_id,config_id from redpigmall_accessory where id = ? 
2018-8-24 11:30:08 http-nio-8801-exec-10 DEBUG ==> Parameters: 1(Long)
2018-8-24 11:30:08 http-nio-8801-exec-10 DEBUG <==      Total: 1
2018-8-24 11:30:08 http-nio-8801-exec-10 DEBUG ==>  Preparing: select id,addTime,deleteStatus,name,path,size,width,height,ext,info,user_id,album_id,config_id from redpigmall_accessory where id = ? 
2018-8-24 11:30:08 http-nio-8801-exec-10 DEBUG ==> Parameters: 2(Long)
2018-8-24 11:30:08 http-nio-8801-exec-10 DEBUG <==      Total: 1
2018-8-24 11:30:08 http-nio-8801-exec-10 DEBUG ==>  Preparing: select id,addTime,deleteStatus,application_seller_login_token,pay_password,buy_goods_limit_info,day_msg_count,validateCode,weixin_unionID,integral_signDate,seller_application_loginTime,userName,nickName,trueName,password,userRole,birthday,telephone,QQ,WW,month_income,years,MSN,address,sex,email,mobile,card,photo_id,area_id,status,lastLoginDate,loginDate,lastLoginIp,loginIp,loginCount,report,availableBalance,freezeBlance,integral,gold,store_id,parent_id,directSellingParent_id,qq_openid,sina_openid,user_type,contact_user,department,company_name,company_address,company_purpose,company_url,company_person_num,company_trade,company_nature,store_apply_step,user_goods_fee,staple_gc,app_login_token,app_seller_login_token,user_form,mobile_pay_password,invoice,invoiceType,delivery_id,whether_attention,circle_create_info,circle_attention_info,openId,userMark,ftp_id,user_version,user_tags,direct_selling_qr_path from redpigmall_user where id = ? 
2018-8-24 11:30:08 http-nio-8801-exec-10 DEBUG ==> Parameters: 1(Long)
2018-8-24 11:30:08 http-nio-8801-exec-10 DEBUG <==      Total: 1
2018-8-24 11:30:08 http-nio-8801-exec-10 DEBUG ==>  Preparing: select id,addTime,deleteStatus,user_id from redpigmall_userconfig where user_id= ? 
2018-8-24 11:30:08 http-nio-8801-exec-10 DEBUG ==> Parameters: 1(Long)
2018-8-24 11:30:08 http-nio-8801-exec-10 DEBUG <==      Total: 0
2018-8-24 11:30:08 http-nio-8801-exec-10 DEBUG ==>  Preparing: select id,addTime,deleteStatus,application_seller_login_token,pay_password,buy_goods_limit_info,day_msg_count,validateCode,weixin_unionID,integral_signDate,seller_application_loginTime,userName,nickName,trueName,password,userRole,birthday,telephone,QQ,WW,month_income,years,MSN,address,sex,email,mobile,card,photo_id,area_id,status,lastLoginDate,loginDate,lastLoginIp,loginIp,loginCount,report,availableBalance,freezeBlance,integral,gold,store_id,parent_id,directSellingParent_id,qq_openid,sina_openid,user_type,contact_user,department,company_name,company_address,company_purpose,company_url,company_person_num,company_trade,company_nature,store_apply_step,user_goods_fee,staple_gc,app_login_token,app_seller_login_token,user_form,mobile_pay_password,invoice,invoiceType,delivery_id,whether_attention,circle_create_info,circle_attention_info,openId,userMark,ftp_id,user_version,user_tags,direct_selling_qr_path from redpigmall_user where id = ? 
2018-8-24 11:30:08 http-nio-8801-exec-10 DEBUG ==> Parameters: 1(Long)
2018-8-24 11:30:08 http-nio-8801-exec-10 DEBUG <==      Total: 1
2018-8-24 11:30:08 http-nio-8801-exec-9 DEBUG ==>  Preparing: SELECT id,addTime,deleteStatus,title,keywords,description,address,poweredby,copyRight,meta_generator,meta_author,company_name,uploadFilePath,sysLanguage,sysPcLanguage,sysStoreLanguage,integralRate,smsEnbale,smsURL,smsUserName,smsPassword,smsTest,emailEnable,emailHost,emailPort,emailUser,emailUserName,emailPws,emailTest,websiteName,hotSearch,websiteCss,websiteLogo_id,codeStat,websiteState,visitorConsult,closeReason,securityCodeType,securityCodeRegister,securityCodeLogin,securityCodeConsult,imageSuffix,imageWebServer,imageFilesize,smallWidth,smallHeight,middleWidth,middleHeight,bigWidth,bigHeight,integral,integralStore,voucher,deposit,groupBuy,group_meal_gold,gold,goldMarketValue,memberRegister,memberDayLogin,indentComment,consumptionRatio,everyIndentLimit,imageSaveType,complaint_time,storeImage_id,goodsImage_id,memberIcon_id,store_allow,user_level,templates,store_payment,share_code,ztc_status,ztc_goods_view,ztc_price,second_domain_open,domain_allow_count,sys_domain,qq_login,qq_login_id,qq_login_key,qq_domain_code,sina_login,sina_login_id,sina_login_key,sina_domain_code,lucene_update,combin_status,combin_amount,combin_count,combin_scheme_count,service_telphone_list,service_qq_list,admin_login_logo_id,admin_manage_logo_id,auto_order_notice,auto_order_confirm,auto_order_return,auto_order_evaluate,grouplife_order_return,kuaidi_id,kuaidi_id2,kuaidi_type,currency_code,weixin_store,weixin_qr_img_id,weixin_account,weixin_token,weixin_appId,weixin_appSecret,weixin_welecome_content,store_weixin_logo_id,payoff_count,payoff_date,payoff_mag_type,payoff_mag_default,payoff_mag_auto,payoff_all_sale,payoff_all_commission,payoff_all_amount,payoff_all_amount_reality,ofcard,ofcard_userid,ofcard_userpws,ofcard_mobile_profit,app_download,android_download,android_version,ios_download,ios_version,app_seller_download,android_seller_download,android_seller_version,ios_seller_download,ios_seller_version,buygift_status,buygift_meal_gold,enoughreduce_status,enoughreduce_meal_gold,enoughreduce_max_count,email_buy,email_buy_cost,sms_buy,sms_buy_cost,whether_free,lucenen_queue,lucenen_cluster,sms_queue,email_queue,circle_open,circle_count,circle_limit,circle_audit,publish_post_limit,publish_seller_limit,welcome_img_id,qr_logo_id,Website_ico_id,qr_login,apiKey,secretKey,evaluate_edit_deadline,evaluate_add_deadline,smsPlatType,ymrt_smsURL,ymrt_smsUserName,ymrt_smsPassword,ymrt_smsTest,websiteLogo_wide_id,sign_integral,auto_order_cancel,app_push_buyer_apiKey,app_push_buyer_secretKey,app_push_seller_apiKey,app_push_seller_secretKey,app_navigator,app_launch_ad,email_register,phone_register,weixin_login,weixin_navigator,open_weixin_appId,open_weixin_appSecret,index_type,cloudbuy,adminUrl,sellerUrl,indexUrl,h5Url,lucenePath,direct_selling,direct_selling_first_level_rate,direct_selling_second_level_rate,static_folder,vm_folder,cdnServer FROM redpigmall_sysconfig obj WHERE 1=1 ORDER BY addTime DESC 
2018-8-24 11:30:08 http-nio-8801-exec-9 DEBUG ==> Parameters: 
2018-8-24 11:30:08 http-nio-8801-exec-9 DEBUG <==      Total: 1
2018-8-24 11:30:08 http-nio-8801-exec-9 DEBUG ==>  Preparing: select id,addTime,deleteStatus,name,path,size,width,height,ext,info,user_id,album_id,config_id from redpigmall_accessory where id = ? 
2018-8-24 11:30:08 http-nio-8801-exec-9 DEBUG ==> Parameters: 3(Long)
2018-8-24 11:30:08 http-nio-8801-exec-9 DEBUG <==      Total: 1
2018-8-24 11:30:08 http-nio-8801-exec-9 DEBUG ==>  Preparing: select id,addTime,deleteStatus,name,path,size,width,height,ext,info,user_id,album_id,config_id from redpigmall_accessory where id = ? 
2018-8-24 11:30:08 http-nio-8801-exec-9 DEBUG ==> Parameters: 1(Long)
2018-8-24 11:30:08 http-nio-8801-exec-9 DEBUG <==      Total: 1
2018-8-24 11:30:08 http-nio-8801-exec-9 DEBUG ==>  Preparing: select id,addTime,deleteStatus,name,path,size,width,height,ext,info,user_id,album_id,config_id from redpigmall_accessory where id = ? 
2018-8-24 11:30:08 http-nio-8801-exec-9 DEBUG ==> Parameters: 2(Long)
2018-8-24 11:30:08 http-nio-8801-exec-9 DEBUG <==      Total: 1
2018-8-24 11:30:08 http-nio-8801-exec-9 DEBUG ==>  Preparing: select id,addTime,deleteStatus,application_seller_login_token,pay_password,buy_goods_limit_info,day_msg_count,validateCode,weixin_unionID,integral_signDate,seller_application_loginTime,userName,nickName,trueName,password,userRole,birthday,telephone,QQ,WW,month_income,years,MSN,address,sex,email,mobile,card,photo_id,area_id,status,lastLoginDate,loginDate,lastLoginIp,loginIp,loginCount,report,availableBalance,freezeBlance,integral,gold,store_id,parent_id,directSellingParent_id,qq_openid,sina_openid,user_type,contact_user,department,company_name,company_address,company_purpose,company_url,company_person_num,company_trade,company_nature,store_apply_step,user_goods_fee,staple_gc,app_login_token,app_seller_login_token,user_form,mobile_pay_password,invoice,invoiceType,delivery_id,whether_attention,circle_create_info,circle_attention_info,openId,userMark,ftp_id,user_version,user_tags,direct_selling_qr_path from redpigmall_user where id = ? 
2018-8-24 11:30:08 http-nio-8801-exec-9 DEBUG ==> Parameters: 1(Long)
2018-8-24 11:30:08 http-nio-8801-exec-9 DEBUG <==      Total: 1
2018-8-24 11:30:08 http-nio-8801-exec-9 DEBUG ==>  Preparing: select id,addTime,deleteStatus,user_id from redpigmall_userconfig where user_id= ? 
2018-8-24 11:30:08 http-nio-8801-exec-9 DEBUG ==> Parameters: 1(Long)
2018-8-24 11:30:08 http-nio-8801-exec-9 DEBUG <==      Total: 0
2018-8-24 11:30:08 http-nio-8801-exec-9 DEBUG ==>  Preparing: select id,addTime,deleteStatus,application_seller_login_token,pay_password,buy_goods_limit_info,day_msg_count,validateCode,weixin_unionID,integral_signDate,seller_application_loginTime,userName,nickName,trueName,password,userRole,birthday,telephone,QQ,WW,month_income,years,MSN,address,sex,email,mobile,card,photo_id,area_id,status,lastLoginDate,loginDate,lastLoginIp,loginIp,loginCount,report,availableBalance,freezeBlance,integral,gold,store_id,parent_id,directSellingParent_id,qq_openid,sina_openid,user_type,contact_user,department,company_name,company_address,company_purpose,company_url,company_person_num,company_trade,company_nature,store_apply_step,user_goods_fee,staple_gc,app_login_token,app_seller_login_token,user_form,mobile_pay_password,invoice,invoiceType,delivery_id,whether_attention,circle_create_info,circle_attention_info,openId,userMark,ftp_id,user_version,user_tags,direct_selling_qr_path from redpigmall_user where id = ? 
2018-8-24 11:30:08 http-nio-8801-exec-9 DEBUG ==> Parameters: 1(Long)
2018-8-24 11:30:08 http-nio-8801-exec-9 DEBUG <==      Total: 1
