2019-7-6 23:36:37 restartedMain INFO Starting RedPigWebAdmin on PC-20180115OHFV with PID 12620 (F:\work_yemaill\ye_maill\redpig-web-admin\target\classes started by Administrator in F:\work_yemaill\ye_maill\redpig-web-admin)
2019-7-6 23:36:37 restartedMain DEBUG Running with Spring Boot v2.0.2.RELEASE, Spring v5.0.6.RELEASE
2019-7-6 23:36:37 restartedMain INFO No active profile set, falling back to default profiles: default
2019-7-6 23:37:50 localhost-startStop-1 INFO init Druid Servlet Configuration 
2019-7-6 23:37:55 localhost-startStop-1 DEBUG 开始初始化SpringUtil...
2019-7-6 23:37:55 localhost-startStop-1 DEBUG web root abs path=F:\work_yemaill\ye_maill\redpig-web-admin\src\main\webapp\
2019-7-6 23:37:55 localhost-startStop-1 DEBUG SpringUtil初始化完成.
2019-7-6 23:39:16 restartedMain INFO Started RedPigWebAdmin in 169.988 seconds (JVM running for 207.999)
2019-7-6 23:39:30 pool-4-thread-1 INFO 开始：[com.redpigmall.domain.UserDistribution_$$_jvsta35_2@7973e806]的数据获取！
2019-7-6 23:39:30 pool-4-thread-1 INFO 用户180获取为:[com.redpigmall.domain.DistributionCommission_$$_jvsta35_4@2b83e9eb]
2019-7-6 23:39:31 pool-4-thread-1 INFO 用户1获取到的一级分销列表:[[com.redpigmall.domain.UserDistribution_$$_jvsta35_2@42182586, com.redpigmall.domain.UserDistribution_$$_jvsta35_2@65a0088f]]
2019-7-6 23:39:31 pool-4-thread-1 INFO 一级分销用户:1获取的数据[[]]
2019-7-6 23:39:31 pool-4-thread-1 INFO 一级分销用户:6获取的数据[[]]
2019-7-6 23:39:31 pool-4-thread-1 INFO 原有的可提现金额为:526.35
2019-7-6 23:39:31 pool-4-thread-1 INFO 新结余为:526.3500
2019-7-6 23:39:31 pool-4-thread-1 INFO 开始：[com.redpigmall.domain.UserDistribution_$$_jvsta35_2@6684d270]的数据获取！
2019-7-6 23:39:31 pool-4-thread-1 INFO 用户1获取为:[com.redpigmall.domain.DistributionCommission_$$_jvsta35_4@16e62419]
2019-7-6 23:39:31 pool-4-thread-1 INFO 用户2获取到的一级分销列表:[[com.redpigmall.domain.UserDistribution_$$_jvsta35_2@61e84afa, com.redpigmall.domain.UserDistribution_$$_jvsta35_2@200b196b]]
2019-7-6 23:39:31 pool-4-thread-1 INFO 一级分销用户:5获取的数据[[]]
2019-7-6 23:39:31 pool-4-thread-1 INFO 一级分销用户:7获取的数据[[]]
2019-7-6 23:39:31 pool-4-thread-1 INFO 原有的可提现金额为:2907.96
2019-7-6 23:39:31 pool-4-thread-1 INFO 新结余为:2907.9600
2019-7-6 23:39:32 pool-4-thread-1 INFO 开始：[com.redpigmall.domain.UserDistribution_$$_jvsta35_2@75cbfdc8]的数据获取！
2019-7-6 23:39:32 pool-4-thread-1 INFO 用户5获取为:[com.redpigmall.domain.DistributionCommission_$$_jvsta35_4@4376db05]
2019-7-6 23:39:32 pool-4-thread-1 INFO 用户3获取到的一级分销列表:[[com.redpigmall.domain.UserDistribution_$$_jvsta35_2@64cb2081]]
2019-7-6 23:39:32 pool-4-thread-1 INFO 一级分销用户:4获取的数据[[]]
2019-7-6 23:39:32 pool-4-thread-1 INFO 原有的可提现金额为:526.35
2019-7-6 23:39:32 pool-4-thread-1 INFO 新结余为:526.3500
2019-7-6 23:39:32 pool-4-thread-1 INFO 开始：[com.redpigmall.domain.UserDistribution_$$_jvsta35_2@41fb00f8]的数据获取！
2019-7-6 23:39:32 pool-4-thread-1 INFO 用户6获取为:[com.redpigmall.domain.DistributionCommission_$$_jvsta35_4@5559f187]
2019-7-6 23:39:32 pool-4-thread-1 INFO 用户4获取到的一级分销列表:[[com.redpigmall.domain.UserDistribution_$$_jvsta35_2@346d3152]]
2019-7-6 23:39:32 pool-4-thread-1 INFO 一级分销用户:179获取的数据[[]]
2019-7-6 23:39:32 pool-4-thread-1 INFO 原有的可提现金额为:0.00
2019-7-6 23:39:32 pool-4-thread-1 INFO 新结余为:0.0000
2019-7-6 23:39:32 pool-4-thread-1 INFO 开始：[com.redpigmall.domain.UserDistribution_$$_jvsta35_2@ded9381]的数据获取！
2019-7-6 23:39:32 pool-4-thread-1 INFO 用户182获取为:[null]
2019-7-6 23:39:32 pool-4-thread-1 INFO 用户5获取到的一级分销列表:[[]]
2019-7-6 23:39:32 pool-4-thread-1 INFO 开始：[com.redpigmall.domain.UserDistribution_$$_jvsta35_2@21f8c344]的数据获取！
2019-7-6 23:39:32 pool-4-thread-1 INFO 用户4获取为:[com.redpigmall.domain.DistributionCommission_$$_jvsta35_4@5ddb243f]
2019-7-6 23:39:32 pool-4-thread-1 INFO 用户6获取到的一级分销列表:[[com.redpigmall.domain.UserDistribution_$$_jvsta35_2@3bbd7ece]]
2019-7-6 23:39:32 pool-4-thread-1 INFO 一级分销用户:182获取的数据[[]]
2019-7-6 23:39:32 pool-4-thread-1 INFO 原有的可提现金额为:0.00
2019-7-6 23:39:32 pool-4-thread-1 INFO 新结余为:0.0000
2019-7-6 23:39:32 pool-4-thread-1 INFO 开始：[com.redpigmall.domain.UserDistribution_$$_jvsta35_2@65c8d60e]的数据获取！
2019-7-6 23:39:32 pool-4-thread-1 INFO 用户7获取为:[com.redpigmall.domain.DistributionCommission_$$_jvsta35_4@384d90c2]
2019-7-6 23:39:32 pool-4-thread-1 INFO 用户7获取到的一级分销列表:[[com.redpigmall.domain.UserDistribution_$$_jvsta35_2@7d37840c]]
2019-7-6 23:39:32 pool-4-thread-1 INFO 一级分销用户:29获取的数据[[]]
2019-7-6 23:39:32 pool-4-thread-1 INFO 原有的可提现金额为:0.00
2019-7-6 23:39:32 pool-4-thread-1 INFO 新结余为:0.0000
2019-7-6 23:39:32 pool-4-thread-1 INFO 开始：[com.redpigmall.domain.UserDistribution_$$_jvsta35_2@3f40472f]的数据获取！
2019-7-6 23:39:32 pool-4-thread-1 INFO 用户29获取为:[null]
2019-7-6 23:39:32 pool-4-thread-1 INFO 用户8获取到的一级分销列表:[[]]
2019-7-6 23:39:32 pool-4-thread-1 INFO 开始：[com.redpigmall.domain.UserDistribution_$$_jvsta35_2@8dd23c4]的数据获取！
2019-7-6 23:39:32 pool-4-thread-1 INFO 用户179获取为:[null]
2019-7-6 23:39:32 pool-4-thread-1 INFO 用户9获取到的一级分销列表:[[]]
2019-7-6 23:40:29 pool-4-thread-1 INFO 开始：[com.redpigmall.domain.UserDistribution_$$_jvsta35_2@70321828]的数据获取！
2019-7-6 23:40:29 pool-4-thread-1 INFO 用户180获取为:[com.redpigmall.domain.DistributionCommission_$$_jvsta35_4@41a7ef35]
2019-7-6 23:40:30 pool-4-thread-1 INFO 用户1获取到的一级分销列表:[[com.redpigmall.domain.UserDistribution_$$_jvsta35_2@2d8c233, com.redpigmall.domain.UserDistribution_$$_jvsta35_2@5f60b148]]
2019-7-6 23:40:30 pool-4-thread-1 INFO 一级分销用户:1获取的数据[[]]
2019-7-6 23:40:30 pool-4-thread-1 INFO 一级分销用户:6获取的数据[[]]
2019-7-6 23:40:30 pool-4-thread-1 INFO 原有的可提现金额为:526.35
2019-7-6 23:40:30 pool-4-thread-1 INFO 新结余为:526.3500
2019-7-6 23:40:30 pool-4-thread-1 INFO 开始：[com.redpigmall.domain.UserDistribution_$$_jvsta35_2@51f171d7]的数据获取！
2019-7-6 23:40:30 pool-4-thread-1 INFO 用户1获取为:[com.redpigmall.domain.DistributionCommission_$$_jvsta35_4@11bb5998]
2019-7-6 23:40:30 pool-4-thread-1 INFO 用户2获取到的一级分销列表:[[com.redpigmall.domain.UserDistribution_$$_jvsta35_2@4a73b9de, com.redpigmall.domain.UserDistribution_$$_jvsta35_2@2612502a]]
2019-7-6 23:40:30 pool-4-thread-1 INFO 一级分销用户:5获取的数据[[]]
2019-7-6 23:40:30 pool-4-thread-1 INFO 一级分销用户:7获取的数据[[]]
2019-7-6 23:40:30 pool-4-thread-1 INFO 原有的可提现金额为:2907.96
2019-7-6 23:40:30 pool-4-thread-1 INFO 新结余为:2907.9600
2019-7-6 23:40:30 pool-4-thread-1 INFO 开始：[com.redpigmall.domain.UserDistribution_$$_jvsta35_2@436e2421]的数据获取！
2019-7-6 23:40:30 pool-4-thread-1 INFO 用户5获取为:[com.redpigmall.domain.DistributionCommission_$$_jvsta35_4@789a107a]
2019-7-6 23:40:30 pool-4-thread-1 INFO 用户3获取到的一级分销列表:[[com.redpigmall.domain.UserDistribution_$$_jvsta35_2@5c6f668e]]
2019-7-6 23:40:30 pool-4-thread-1 INFO 一级分销用户:4获取的数据[[]]
2019-7-6 23:40:30 pool-4-thread-1 INFO 原有的可提现金额为:526.35
2019-7-6 23:40:30 pool-4-thread-1 INFO 新结余为:526.3500
2019-7-6 23:40:30 pool-4-thread-1 INFO 开始：[com.redpigmall.domain.UserDistribution_$$_jvsta35_2@7b95fbec]的数据获取！
2019-7-6 23:40:30 pool-4-thread-1 INFO 用户6获取为:[com.redpigmall.domain.DistributionCommission_$$_jvsta35_4@2a8a480d]
2019-7-6 23:40:30 pool-4-thread-1 INFO 用户4获取到的一级分销列表:[[com.redpigmall.domain.UserDistribution_$$_jvsta35_2@7f5cd91c]]
2019-7-6 23:40:30 pool-4-thread-1 INFO 一级分销用户:179获取的数据[[]]
2019-7-6 23:40:30 pool-4-thread-1 INFO 原有的可提现金额为:0.00
2019-7-6 23:40:30 pool-4-thread-1 INFO 新结余为:0.0000
2019-7-6 23:40:30 pool-4-thread-1 INFO 开始：[com.redpigmall.domain.UserDistribution_$$_jvsta35_2@3a324d29]的数据获取！
2019-7-6 23:40:30 pool-4-thread-1 INFO 用户182获取为:[null]
2019-7-6 23:40:30 pool-4-thread-1 INFO 用户5获取到的一级分销列表:[[]]
2019-7-6 23:40:30 pool-4-thread-1 INFO 开始：[com.redpigmall.domain.UserDistribution_$$_jvsta35_2@75b36f4]的数据获取！
2019-7-6 23:40:30 pool-4-thread-1 INFO 用户4获取为:[com.redpigmall.domain.DistributionCommission_$$_jvsta35_4@71fe80f8]
2019-7-6 23:40:30 pool-4-thread-1 INFO 用户6获取到的一级分销列表:[[com.redpigmall.domain.UserDistribution_$$_jvsta35_2@43e13327]]
2019-7-6 23:40:30 pool-4-thread-1 INFO 一级分销用户:182获取的数据[[]]
2019-7-6 23:40:30 pool-4-thread-1 INFO 原有的可提现金额为:0.00
2019-7-6 23:40:30 pool-4-thread-1 INFO 新结余为:0.0000
2019-7-6 23:40:30 pool-4-thread-1 INFO 开始：[com.redpigmall.domain.UserDistribution_$$_jvsta35_2@57af0c93]的数据获取！
2019-7-6 23:40:30 pool-4-thread-1 INFO 用户7获取为:[com.redpigmall.domain.DistributionCommission_$$_jvsta35_4@c7273e3]
2019-7-6 23:40:30 pool-4-thread-1 INFO 用户7获取到的一级分销列表:[[com.redpigmall.domain.UserDistribution_$$_jvsta35_2@4a243ecd]]
2019-7-6 23:40:30 pool-4-thread-1 INFO 一级分销用户:29获取的数据[[]]
2019-7-6 23:40:30 pool-4-thread-1 INFO 原有的可提现金额为:0.00
2019-7-6 23:40:30 pool-4-thread-1 INFO 新结余为:0.0000
2019-7-6 23:40:30 pool-4-thread-1 INFO 开始：[com.redpigmall.domain.UserDistribution_$$_jvsta35_2@4472ae33]的数据获取！
2019-7-6 23:40:30 pool-4-thread-1 INFO 用户29获取为:[null]
2019-7-6 23:40:30 pool-4-thread-1 INFO 用户8获取到的一级分销列表:[[]]
2019-7-6 23:40:30 pool-4-thread-1 INFO 开始：[com.redpigmall.domain.UserDistribution_$$_jvsta35_2@14525854]的数据获取！
2019-7-6 23:40:30 pool-4-thread-1 INFO 用户179获取为:[null]
2019-7-6 23:40:30 pool-4-thread-1 INFO 用户9获取到的一级分销列表:[[]]
2019-7-6 23:41:29 pool-4-thread-1 INFO 开始：[com.redpigmall.domain.UserDistribution_$$_jvsta35_2@36c5b392]的数据获取！
2019-7-6 23:41:29 pool-4-thread-1 INFO 用户180获取为:[com.redpigmall.domain.DistributionCommission_$$_jvsta35_4@1e03b508]
2019-7-6 23:41:29 pool-4-thread-1 INFO 用户1获取到的一级分销列表:[[com.redpigmall.domain.UserDistribution_$$_jvsta35_2@7538ffb3, com.redpigmall.domain.UserDistribution_$$_jvsta35_2@1febc64e]]
2019-7-6 23:41:29 pool-4-thread-1 INFO 一级分销用户:1获取的数据[[]]
2019-7-6 23:41:29 pool-4-thread-1 INFO 一级分销用户:6获取的数据[[]]
2019-7-6 23:41:29 pool-4-thread-1 INFO 原有的可提现金额为:526.35
2019-7-6 23:41:29 pool-4-thread-1 INFO 新结余为:526.3500
2019-7-6 23:41:30 pool-4-thread-1 INFO 开始：[com.redpigmall.domain.UserDistribution_$$_jvsta35_2@e34cbed]的数据获取！
2019-7-6 23:41:30 pool-4-thread-1 INFO 用户1获取为:[com.redpigmall.domain.DistributionCommission_$$_jvsta35_4@2cf733ec]
2019-7-6 23:41:30 pool-4-thread-1 INFO 用户2获取到的一级分销列表:[[com.redpigmall.domain.UserDistribution_$$_jvsta35_2@1d578e55, com.redpigmall.domain.UserDistribution_$$_jvsta35_2@29c7b4fc]]
2019-7-6 23:41:30 pool-4-thread-1 INFO 一级分销用户:5获取的数据[[]]
2019-7-6 23:41:30 pool-4-thread-1 INFO 一级分销用户:7获取的数据[[]]
2019-7-6 23:41:30 pool-4-thread-1 INFO 原有的可提现金额为:2907.96
2019-7-6 23:41:30 pool-4-thread-1 INFO 新结余为:2907.9600
2019-7-6 23:41:30 pool-4-thread-1 INFO 开始：[com.redpigmall.domain.UserDistribution_$$_jvsta35_2@3971e328]的数据获取！
2019-7-6 23:41:30 pool-4-thread-1 INFO 用户5获取为:[com.redpigmall.domain.DistributionCommission_$$_jvsta35_4@36dfca8]
2019-7-6 23:41:30 pool-4-thread-1 INFO 用户3获取到的一级分销列表:[[com.redpigmall.domain.UserDistribution_$$_jvsta35_2@279aa134]]
2019-7-6 23:41:30 pool-4-thread-1 INFO 一级分销用户:4获取的数据[[]]
2019-7-6 23:41:30 pool-4-thread-1 INFO 原有的可提现金额为:526.35
2019-7-6 23:41:30 pool-4-thread-1 INFO 新结余为:526.3500
2019-7-6 23:41:30 pool-4-thread-1 INFO 开始：[com.redpigmall.domain.UserDistribution_$$_jvsta35_2@6d2523ef]的数据获取！
2019-7-6 23:41:30 pool-4-thread-1 INFO 用户6获取为:[com.redpigmall.domain.DistributionCommission_$$_jvsta35_4@4019309a]
2019-7-6 23:41:30 pool-4-thread-1 INFO 用户4获取到的一级分销列表:[[com.redpigmall.domain.UserDistribution_$$_jvsta35_2@7254ca13]]
2019-7-6 23:41:30 pool-4-thread-1 INFO 一级分销用户:179获取的数据[[]]
2019-7-6 23:41:30 pool-4-thread-1 INFO 原有的可提现金额为:0.00
2019-7-6 23:41:30 pool-4-thread-1 INFO 新结余为:0.0000
2019-7-6 23:41:30 pool-4-thread-1 INFO 开始：[com.redpigmall.domain.UserDistribution_$$_jvsta35_2@5081a87]的数据获取！
2019-7-6 23:41:30 pool-4-thread-1 INFO 用户182获取为:[null]
2019-7-6 23:41:30 pool-4-thread-1 INFO 用户5获取到的一级分销列表:[[]]
2019-7-6 23:41:30 pool-4-thread-1 INFO 开始：[com.redpigmall.domain.UserDistribution_$$_jvsta35_2@233bb4a7]的数据获取！
2019-7-6 23:41:30 pool-4-thread-1 INFO 用户4获取为:[com.redpigmall.domain.DistributionCommission_$$_jvsta35_4@5224049d]
2019-7-6 23:41:30 pool-4-thread-1 INFO 用户6获取到的一级分销列表:[[com.redpigmall.domain.UserDistribution_$$_jvsta35_2@58a47a8a]]
2019-7-6 23:41:30 pool-4-thread-1 INFO 一级分销用户:182获取的数据[[]]
2019-7-6 23:41:30 pool-4-thread-1 INFO 原有的可提现金额为:0.00
2019-7-6 23:41:30 pool-4-thread-1 INFO 新结余为:0.0000
2019-7-6 23:41:30 pool-4-thread-1 INFO 开始：[com.redpigmall.domain.UserDistribution_$$_jvsta35_2@6ffa060]的数据获取！
2019-7-6 23:41:30 pool-4-thread-1 INFO 用户7获取为:[com.redpigmall.domain.DistributionCommission_$$_jvsta35_4@25e4330a]
2019-7-6 23:41:30 pool-4-thread-1 INFO 用户7获取到的一级分销列表:[[com.redpigmall.domain.UserDistribution_$$_jvsta35_2@20cfe5f1]]
2019-7-6 23:41:30 pool-4-thread-1 INFO 一级分销用户:29获取的数据[[]]
2019-7-6 23:41:30 pool-4-thread-1 INFO 原有的可提现金额为:0.00
2019-7-6 23:41:30 pool-4-thread-1 INFO 新结余为:0.0000
2019-7-6 23:41:30 pool-4-thread-1 INFO 开始：[com.redpigmall.domain.UserDistribution_$$_jvsta35_2@b720d1d]的数据获取！
2019-7-6 23:41:30 pool-4-thread-1 INFO 用户29获取为:[null]
2019-7-6 23:41:30 pool-4-thread-1 INFO 用户8获取到的一级分销列表:[[]]
2019-7-6 23:41:30 pool-4-thread-1 INFO 开始：[com.redpigmall.domain.UserDistribution_$$_jvsta35_2@6aed8b30]的数据获取！
2019-7-6 23:41:30 pool-4-thread-1 INFO 用户179获取为:[null]
2019-7-6 23:41:30 pool-4-thread-1 INFO 用户9获取到的一级分销列表:[[]]
2019-7-6 23:42:29 pool-4-thread-1 INFO 开始：[com.redpigmall.domain.UserDistribution_$$_jvsta35_2@3f34b852]的数据获取！
2019-7-6 23:42:29 pool-4-thread-1 INFO 用户180获取为:[com.redpigmall.domain.DistributionCommission_$$_jvsta35_4@50fb1566]
2019-7-6 23:42:29 pool-4-thread-1 INFO 用户1获取到的一级分销列表:[[com.redpigmall.domain.UserDistribution_$$_jvsta35_2@67f0536, com.redpigmall.domain.UserDistribution_$$_jvsta35_2@3bab5cbb]]
2019-7-6 23:42:29 pool-4-thread-1 INFO 一级分销用户:1获取的数据[[]]
2019-7-6 23:42:29 pool-4-thread-1 INFO 一级分销用户:6获取的数据[[]]
2019-7-6 23:42:30 pool-4-thread-1 INFO 原有的可提现金额为:526.35
2019-7-6 23:42:30 pool-4-thread-1 INFO 新结余为:526.3500
2019-7-6 23:42:30 pool-4-thread-1 INFO 开始：[com.redpigmall.domain.UserDistribution_$$_jvsta35_2@39813dc7]的数据获取！
2019-7-6 23:42:30 pool-4-thread-1 INFO 用户1获取为:[com.redpigmall.domain.DistributionCommission_$$_jvsta35_4@33564300]
2019-7-6 23:42:30 pool-4-thread-1 INFO 用户2获取到的一级分销列表:[[com.redpigmall.domain.UserDistribution_$$_jvsta35_2@5fb49dfb, com.redpigmall.domain.UserDistribution_$$_jvsta35_2@e6d4d6f]]
2019-7-6 23:42:30 pool-4-thread-1 INFO 一级分销用户:5获取的数据[[]]
2019-7-6 23:42:30 pool-4-thread-1 INFO 一级分销用户:7获取的数据[[]]
2019-7-6 23:42:30 pool-4-thread-1 INFO 原有的可提现金额为:2907.96
2019-7-6 23:42:30 pool-4-thread-1 INFO 新结余为:2907.9600
2019-7-6 23:42:30 pool-4-thread-1 INFO 开始：[com.redpigmall.domain.UserDistribution_$$_jvsta35_2@3c5052d2]的数据获取！
2019-7-6 23:42:30 pool-4-thread-1 INFO 用户5获取为:[com.redpigmall.domain.DistributionCommission_$$_jvsta35_4@19728c98]
2019-7-6 23:42:30 pool-4-thread-1 INFO 用户3获取到的一级分销列表:[[com.redpigmall.domain.UserDistribution_$$_jvsta35_2@60454c4b]]
2019-7-6 23:42:30 pool-4-thread-1 INFO 一级分销用户:4获取的数据[[]]
2019-7-6 23:42:30 pool-4-thread-1 INFO 原有的可提现金额为:526.35
2019-7-6 23:42:30 pool-4-thread-1 INFO 新结余为:526.3500
2019-7-6 23:42:30 pool-4-thread-1 INFO 开始：[com.redpigmall.domain.UserDistribution_$$_jvsta35_2@17dde18e]的数据获取！
2019-7-6 23:42:30 pool-4-thread-1 INFO 用户6获取为:[com.redpigmall.domain.DistributionCommission_$$_jvsta35_4@33f69d9b]
2019-7-6 23:42:30 pool-4-thread-1 INFO 用户4获取到的一级分销列表:[[com.redpigmall.domain.UserDistribution_$$_jvsta35_2@33aed74d]]
2019-7-6 23:42:30 pool-4-thread-1 INFO 一级分销用户:179获取的数据[[]]
2019-7-6 23:42:30 pool-4-thread-1 INFO 原有的可提现金额为:0.00
2019-7-6 23:42:30 pool-4-thread-1 INFO 新结余为:0.0000
2019-7-6 23:42:30 pool-4-thread-1 INFO 开始：[com.redpigmall.domain.UserDistribution_$$_jvsta35_2@52b12cec]的数据获取！
2019-7-6 23:42:30 pool-4-thread-1 INFO 用户182获取为:[null]
2019-7-6 23:42:30 pool-4-thread-1 INFO 用户5获取到的一级分销列表:[[]]
2019-7-6 23:42:30 pool-4-thread-1 INFO 开始：[com.redpigmall.domain.UserDistribution_$$_jvsta35_2@34642b34]的数据获取！
2019-7-6 23:42:30 pool-4-thread-1 INFO 用户4获取为:[com.redpigmall.domain.DistributionCommission_$$_jvsta35_4@65578924]
2019-7-6 23:42:30 pool-4-thread-1 INFO 用户6获取到的一级分销列表:[[com.redpigmall.domain.UserDistribution_$$_jvsta35_2@52d745d3]]
2019-7-6 23:42:30 pool-4-thread-1 INFO 一级分销用户:182获取的数据[[]]
2019-7-6 23:42:30 pool-4-thread-1 INFO 原有的可提现金额为:0.00
2019-7-6 23:42:30 pool-4-thread-1 INFO 新结余为:0.0000
2019-7-6 23:42:30 pool-4-thread-1 INFO 开始：[com.redpigmall.domain.UserDistribution_$$_jvsta35_2@7436724d]的数据获取！
2019-7-6 23:42:30 pool-4-thread-1 INFO 用户7获取为:[com.redpigmall.domain.DistributionCommission_$$_jvsta35_4@1e0cccd9]
2019-7-6 23:42:30 pool-4-thread-1 INFO 用户7获取到的一级分销列表:[[com.redpigmall.domain.UserDistribution_$$_jvsta35_2@41d0abdf]]
2019-7-6 23:42:30 pool-4-thread-1 INFO 一级分销用户:29获取的数据[[]]
2019-7-6 23:42:30 pool-4-thread-1 INFO 原有的可提现金额为:0.00
2019-7-6 23:42:30 pool-4-thread-1 INFO 新结余为:0.0000
2019-7-6 23:42:30 pool-4-thread-1 INFO 开始：[com.redpigmall.domain.UserDistribution_$$_jvsta35_2@2cb7c99c]的数据获取！
2019-7-6 23:42:30 pool-4-thread-1 INFO 用户29获取为:[null]
2019-7-6 23:42:30 pool-4-thread-1 INFO 用户8获取到的一级分销列表:[[]]
2019-7-6 23:42:30 pool-4-thread-1 INFO 开始：[com.redpigmall.domain.UserDistribution_$$_jvsta35_2@3897877b]的数据获取！
2019-7-6 23:42:30 pool-4-thread-1 INFO 用户179获取为:[null]
2019-7-6 23:42:30 pool-4-thread-1 INFO 用户9获取到的一级分销列表:[[]]
2019-7-6 23:43:30 pool-4-thread-1 INFO 开始：[com.redpigmall.domain.UserDistribution_$$_jvsta35_2@4626b741]的数据获取！
2019-7-6 23:43:30 pool-4-thread-1 INFO 用户180获取为:[com.redpigmall.domain.DistributionCommission_$$_jvsta35_4@4ca3df1e]
2019-7-6 23:43:30 pool-4-thread-1 INFO 用户1获取到的一级分销列表:[[com.redpigmall.domain.UserDistribution_$$_jvsta35_2@61982297, com.redpigmall.domain.UserDistribution_$$_jvsta35_2@7830fcc7]]
2019-7-6 23:43:30 pool-4-thread-1 INFO 一级分销用户:1获取的数据[[]]
2019-7-6 23:43:30 pool-4-thread-1 INFO 一级分销用户:6获取的数据[[]]
2019-7-6 23:43:30 pool-4-thread-1 INFO 原有的可提现金额为:526.35
2019-7-6 23:43:30 pool-4-thread-1 INFO 新结余为:526.3500
2019-7-6 23:43:30 pool-4-thread-1 INFO 开始：[com.redpigmall.domain.UserDistribution_$$_jvsta35_2@51dec8f6]的数据获取！
2019-7-6 23:43:30 pool-4-thread-1 INFO 用户1获取为:[com.redpigmall.domain.DistributionCommission_$$_jvsta35_4@58eae4d6]
2019-7-6 23:43:30 pool-4-thread-1 INFO 用户2获取到的一级分销列表:[[com.redpigmall.domain.UserDistribution_$$_jvsta35_2@3b075d1b, com.redpigmall.domain.UserDistribution_$$_jvsta35_2@79b221fb]]
2019-7-6 23:43:30 pool-4-thread-1 INFO 一级分销用户:5获取的数据[[]]
2019-7-6 23:43:30 pool-4-thread-1 INFO 一级分销用户:7获取的数据[[]]
2019-7-6 23:43:30 pool-4-thread-1 INFO 原有的可提现金额为:2907.96
2019-7-6 23:43:30 pool-4-thread-1 INFO 新结余为:2907.9600
2019-7-6 23:43:30 pool-4-thread-1 INFO 开始：[com.redpigmall.domain.UserDistribution_$$_jvsta35_2@398847e8]的数据获取！
2019-7-6 23:43:30 pool-4-thread-1 INFO 用户5获取为:[com.redpigmall.domain.DistributionCommission_$$_jvsta35_4@5456d82f]
2019-7-6 23:43:30 pool-4-thread-1 INFO 用户3获取到的一级分销列表:[[com.redpigmall.domain.UserDistribution_$$_jvsta35_2@1e830d1d]]
2019-7-6 23:43:30 pool-4-thread-1 INFO 一级分销用户:4获取的数据[[]]
2019-7-6 23:43:30 pool-4-thread-1 INFO 原有的可提现金额为:526.35
2019-7-6 23:43:30 pool-4-thread-1 INFO 新结余为:526.3500
2019-7-6 23:43:30 pool-4-thread-1 INFO 开始：[com.redpigmall.domain.UserDistribution_$$_jvsta35_2@77dc1a75]的数据获取！
2019-7-6 23:43:30 pool-4-thread-1 INFO 用户6获取为:[com.redpigmall.domain.DistributionCommission_$$_jvsta35_4@3227cb94]
2019-7-6 23:43:30 pool-4-thread-1 INFO 用户4获取到的一级分销列表:[[com.redpigmall.domain.UserDistribution_$$_jvsta35_2@7cf82d23]]
2019-7-6 23:43:30 pool-4-thread-1 INFO 一级分销用户:179获取的数据[[]]
2019-7-6 23:43:30 pool-4-thread-1 INFO 原有的可提现金额为:0.00
2019-7-6 23:43:30 pool-4-thread-1 INFO 新结余为:0.0000
2019-7-6 23:43:30 pool-4-thread-1 INFO 开始：[com.redpigmall.domain.UserDistribution_$$_jvsta35_2@1b3c3c09]的数据获取！
2019-7-6 23:43:30 pool-4-thread-1 INFO 用户182获取为:[null]
2019-7-6 23:43:30 pool-4-thread-1 INFO 用户5获取到的一级分销列表:[[]]
2019-7-6 23:43:30 pool-4-thread-1 INFO 开始：[com.redpigmall.domain.UserDistribution_$$_jvsta35_2@5d10e1ae]的数据获取！
2019-7-6 23:43:30 pool-4-thread-1 INFO 用户4获取为:[com.redpigmall.domain.DistributionCommission_$$_jvsta35_4@3540b9d8]
2019-7-6 23:43:30 pool-4-thread-1 INFO 用户6获取到的一级分销列表:[[com.redpigmall.domain.UserDistribution_$$_jvsta35_2@7a4d1d9e]]
2019-7-6 23:43:30 pool-4-thread-1 INFO 一级分销用户:182获取的数据[[]]
2019-7-6 23:43:30 pool-4-thread-1 INFO 原有的可提现金额为:0.00
2019-7-6 23:43:30 pool-4-thread-1 INFO 新结余为:0.0000
2019-7-6 23:43:30 pool-4-thread-1 INFO 开始：[com.redpigmall.domain.UserDistribution_$$_jvsta35_2@748b672a]的数据获取！
2019-7-6 23:43:30 pool-4-thread-1 INFO 用户7获取为:[com.redpigmall.domain.DistributionCommission_$$_jvsta35_4@52bfda15]
2019-7-6 23:43:30 pool-4-thread-1 INFO 用户7获取到的一级分销列表:[[com.redpigmall.domain.UserDistribution_$$_jvsta35_2@5eedd1f1]]
2019-7-6 23:43:30 pool-4-thread-1 INFO 一级分销用户:29获取的数据[[]]
2019-7-6 23:43:30 pool-4-thread-1 INFO 原有的可提现金额为:0.00
2019-7-6 23:43:30 pool-4-thread-1 INFO 新结余为:0.0000
2019-7-6 23:43:30 pool-4-thread-1 INFO 开始：[com.redpigmall.domain.UserDistribution_$$_jvsta35_2@dd3cb84]的数据获取！
2019-7-6 23:43:30 pool-4-thread-1 INFO 用户29获取为:[null]
2019-7-6 23:43:30 pool-4-thread-1 INFO 用户8获取到的一级分销列表:[[]]
2019-7-6 23:43:30 pool-4-thread-1 INFO 开始：[com.redpigmall.domain.UserDistribution_$$_jvsta35_2@34573824]的数据获取！
2019-7-6 23:43:30 pool-4-thread-1 INFO 用户179获取为:[null]
2019-7-6 23:43:30 pool-4-thread-1 INFO 用户9获取到的一级分销列表:[[]]
2019-7-6 23:44:29 pool-4-thread-1 INFO 开始：[com.redpigmall.domain.UserDistribution_$$_jvsta35_2@23e85154]的数据获取！
2019-7-6 23:44:30 pool-4-thread-1 INFO 用户180获取为:[com.redpigmall.domain.DistributionCommission_$$_jvsta35_4@2adc0f51]
2019-7-6 23:44:30 pool-4-thread-1 INFO 用户1获取到的一级分销列表:[[com.redpigmall.domain.UserDistribution_$$_jvsta35_2@60cec335, com.redpigmall.domain.UserDistribution_$$_jvsta35_2@5104cb3c]]
2019-7-6 23:44:30 pool-4-thread-1 INFO 一级分销用户:1获取的数据[[]]
2019-7-6 23:44:30 pool-4-thread-1 INFO 一级分销用户:6获取的数据[[]]
2019-7-6 23:44:30 pool-4-thread-1 INFO 原有的可提现金额为:526.35
2019-7-6 23:44:30 pool-4-thread-1 INFO 新结余为:526.3500
2019-7-6 23:44:30 pool-4-thread-1 INFO 开始：[com.redpigmall.domain.UserDistribution_$$_jvsta35_2@2da6adc]的数据获取！
2019-7-6 23:44:30 pool-4-thread-1 INFO 用户1获取为:[com.redpigmall.domain.DistributionCommission_$$_jvsta35_4@20410c6]
2019-7-6 23:44:30 pool-4-thread-1 INFO 用户2获取到的一级分销列表:[[com.redpigmall.domain.UserDistribution_$$_jvsta35_2@36336523, com.redpigmall.domain.UserDistribution_$$_jvsta35_2@434af1e1]]
2019-7-6 23:44:30 pool-4-thread-1 INFO 一级分销用户:5获取的数据[[]]
2019-7-6 23:44:30 pool-4-thread-1 INFO 一级分销用户:7获取的数据[[]]
2019-7-6 23:44:30 pool-4-thread-1 INFO 原有的可提现金额为:2907.96
2019-7-6 23:44:30 pool-4-thread-1 INFO 新结余为:2907.9600
2019-7-6 23:44:30 pool-4-thread-1 INFO 开始：[com.redpigmall.domain.UserDistribution_$$_jvsta35_2@1a6e8673]的数据获取！
2019-7-6 23:44:30 pool-4-thread-1 INFO 用户5获取为:[com.redpigmall.domain.DistributionCommission_$$_jvsta35_4@a31b051]
2019-7-6 23:44:30 pool-4-thread-1 INFO 用户3获取到的一级分销列表:[[com.redpigmall.domain.UserDistribution_$$_jvsta35_2@5cd486b5]]
2019-7-6 23:44:30 pool-4-thread-1 INFO 一级分销用户:4获取的数据[[]]
2019-7-6 23:44:30 pool-4-thread-1 INFO 原有的可提现金额为:526.35
2019-7-6 23:44:30 pool-4-thread-1 INFO 新结余为:526.3500
2019-7-6 23:44:30 pool-4-thread-1 INFO 开始：[com.redpigmall.domain.UserDistribution_$$_jvsta35_2@1e57606e]的数据获取！
2019-7-6 23:44:30 pool-4-thread-1 INFO 用户6获取为:[com.redpigmall.domain.DistributionCommission_$$_jvsta35_4@a3e4e86]
2019-7-6 23:44:30 pool-4-thread-1 INFO 用户4获取到的一级分销列表:[[com.redpigmall.domain.UserDistribution_$$_jvsta35_2@7a3b0d19]]
2019-7-6 23:44:30 pool-4-thread-1 INFO 一级分销用户:179获取的数据[[]]
2019-7-6 23:44:30 pool-4-thread-1 INFO 原有的可提现金额为:0.00
2019-7-6 23:44:30 pool-4-thread-1 INFO 新结余为:0.0000
2019-7-6 23:44:30 pool-4-thread-1 INFO 开始：[com.redpigmall.domain.UserDistribution_$$_jvsta35_2@179e93bd]的数据获取！
2019-7-6 23:44:30 pool-4-thread-1 INFO 用户182获取为:[null]
2019-7-6 23:44:30 pool-4-thread-1 INFO 用户5获取到的一级分销列表:[[]]
2019-7-6 23:44:30 pool-4-thread-1 INFO 开始：[com.redpigmall.domain.UserDistribution_$$_jvsta35_2@6e3974f2]的数据获取！
2019-7-6 23:44:30 pool-4-thread-1 INFO 用户4获取为:[com.redpigmall.domain.DistributionCommission_$$_jvsta35_4@46ab923c]
2019-7-6 23:44:30 pool-4-thread-1 INFO 用户6获取到的一级分销列表:[[com.redpigmall.domain.UserDistribution_$$_jvsta35_2@266030fe]]
2019-7-6 23:44:30 pool-4-thread-1 INFO 一级分销用户:182获取的数据[[]]
2019-7-6 23:44:30 pool-4-thread-1 INFO 原有的可提现金额为:0.00
2019-7-6 23:44:30 pool-4-thread-1 INFO 新结余为:0.0000
2019-7-6 23:44:30 pool-4-thread-1 INFO 开始：[com.redpigmall.domain.UserDistribution_$$_jvsta35_2@3da4437f]的数据获取！
2019-7-6 23:44:30 pool-4-thread-1 INFO 用户7获取为:[com.redpigmall.domain.DistributionCommission_$$_jvsta35_4@2d190285]
2019-7-6 23:44:30 pool-4-thread-1 INFO 用户7获取到的一级分销列表:[[com.redpigmall.domain.UserDistribution_$$_jvsta35_2@14b46530]]
2019-7-6 23:44:30 pool-4-thread-1 INFO 一级分销用户:29获取的数据[[]]
2019-7-6 23:44:30 pool-4-thread-1 INFO 原有的可提现金额为:0.00
2019-7-6 23:44:30 pool-4-thread-1 INFO 新结余为:0.0000
2019-7-6 23:44:30 pool-4-thread-1 INFO 开始：[com.redpigmall.domain.UserDistribution_$$_jvsta35_2@1c908962]的数据获取！
2019-7-6 23:44:30 pool-4-thread-1 INFO 用户29获取为:[null]
2019-7-6 23:44:30 pool-4-thread-1 INFO 用户8获取到的一级分销列表:[[]]
2019-7-6 23:44:30 pool-4-thread-1 INFO 开始：[com.redpigmall.domain.UserDistribution_$$_jvsta35_2@c706746]的数据获取！
2019-7-6 23:44:30 pool-4-thread-1 INFO 用户179获取为:[null]
2019-7-6 23:44:30 pool-4-thread-1 INFO 用户9获取到的一级分销列表:[[]]
2019-7-6 23:45:29 pool-4-thread-1 INFO 开始：[com.redpigmall.domain.UserDistribution_$$_jvsta35_2@6b4a3833]的数据获取！
2019-7-6 23:45:29 pool-4-thread-1 INFO 用户180获取为:[com.redpigmall.domain.DistributionCommission_$$_jvsta35_4@4a210874]
2019-7-6 23:45:29 pool-4-thread-1 INFO 用户1获取到的一级分销列表:[[com.redpigmall.domain.UserDistribution_$$_jvsta35_2@6688a6e1, com.redpigmall.domain.UserDistribution_$$_jvsta35_2@60ce3a2f]]
2019-7-6 23:45:29 pool-4-thread-1 INFO 一级分销用户:1获取的数据[[]]
2019-7-6 23:45:29 pool-4-thread-1 INFO 一级分销用户:6获取的数据[[]]
2019-7-6 23:45:29 pool-4-thread-1 INFO 原有的可提现金额为:526.35
2019-7-6 23:45:29 pool-4-thread-1 INFO 新结余为:526.3500
2019-7-6 23:45:29 pool-4-thread-1 INFO 开始：[com.redpigmall.domain.UserDistribution_$$_jvsta35_2@646c016a]的数据获取！
2019-7-6 23:45:29 pool-4-thread-1 INFO 用户1获取为:[com.redpigmall.domain.DistributionCommission_$$_jvsta35_4@522b7588]
2019-7-6 23:45:30 pool-4-thread-1 INFO 用户2获取到的一级分销列表:[[com.redpigmall.domain.UserDistribution_$$_jvsta35_2@5bb4c462, com.redpigmall.domain.UserDistribution_$$_jvsta35_2@a4b9a7c]]
2019-7-6 23:45:30 pool-4-thread-1 INFO 一级分销用户:5获取的数据[[]]
2019-7-6 23:45:30 pool-4-thread-1 INFO 一级分销用户:7获取的数据[[]]
2019-7-6 23:45:30 pool-4-thread-1 INFO 原有的可提现金额为:2907.96
2019-7-6 23:45:30 pool-4-thread-1 INFO 新结余为:2907.9600
2019-7-6 23:45:30 pool-4-thread-1 INFO 开始：[com.redpigmall.domain.UserDistribution_$$_jvsta35_2@4c793f2a]的数据获取！
2019-7-6 23:45:30 pool-4-thread-1 INFO 用户5获取为:[com.redpigmall.domain.DistributionCommission_$$_jvsta35_4@39d8c93d]
2019-7-6 23:45:30 pool-4-thread-1 INFO 用户3获取到的一级分销列表:[[com.redpigmall.domain.UserDistribution_$$_jvsta35_2@7f4f1061]]
2019-7-6 23:45:30 pool-4-thread-1 INFO 一级分销用户:4获取的数据[[]]
2019-7-6 23:45:30 pool-4-thread-1 INFO 原有的可提现金额为:526.35
2019-7-6 23:45:30 pool-4-thread-1 INFO 新结余为:526.3500
2019-7-6 23:45:30 pool-4-thread-1 INFO 开始：[com.redpigmall.domain.UserDistribution_$$_jvsta35_2@27e9f270]的数据获取！
2019-7-6 23:45:30 pool-4-thread-1 INFO 用户6获取为:[com.redpigmall.domain.DistributionCommission_$$_jvsta35_4@280f1259]
2019-7-6 23:45:30 pool-4-thread-1 INFO 用户4获取到的一级分销列表:[[com.redpigmall.domain.UserDistribution_$$_jvsta35_2@45f11d61]]
2019-7-6 23:45:30 pool-4-thread-1 INFO 一级分销用户:179获取的数据[[]]
2019-7-6 23:45:30 pool-4-thread-1 INFO 原有的可提现金额为:0.00
2019-7-6 23:45:30 pool-4-thread-1 INFO 新结余为:0.0000
2019-7-6 23:45:30 pool-4-thread-1 INFO 开始：[com.redpigmall.domain.UserDistribution_$$_jvsta35_2@4f540b74]的数据获取！
2019-7-6 23:45:30 pool-4-thread-1 INFO 用户182获取为:[null]
2019-7-6 23:45:30 pool-4-thread-1 INFO 用户5获取到的一级分销列表:[[]]
2019-7-6 23:45:30 pool-4-thread-1 INFO 开始：[com.redpigmall.domain.UserDistribution_$$_jvsta35_2@2ed2e9ab]的数据获取！
2019-7-6 23:45:30 pool-4-thread-1 INFO 用户4获取为:[com.redpigmall.domain.DistributionCommission_$$_jvsta35_4@3478c71e]
2019-7-6 23:45:30 pool-4-thread-1 INFO 用户6获取到的一级分销列表:[[com.redpigmall.domain.UserDistribution_$$_jvsta35_2@5e153efa]]
2019-7-6 23:45:30 pool-4-thread-1 INFO 一级分销用户:182获取的数据[[]]
2019-7-6 23:45:30 pool-4-thread-1 INFO 原有的可提现金额为:0.00
2019-7-6 23:45:30 pool-4-thread-1 INFO 新结余为:0.0000
2019-7-6 23:45:30 pool-4-thread-1 INFO 开始：[com.redpigmall.domain.UserDistribution_$$_jvsta35_2@5fee4bc1]的数据获取！
2019-7-6 23:45:30 pool-4-thread-1 INFO 用户7获取为:[com.redpigmall.domain.DistributionCommission_$$_jvsta35_4@377455be]
2019-7-6 23:45:30 pool-4-thread-1 INFO 用户7获取到的一级分销列表:[[com.redpigmall.domain.UserDistribution_$$_jvsta35_2@2eee71c5]]
2019-7-6 23:45:30 pool-4-thread-1 INFO 一级分销用户:29获取的数据[[]]
2019-7-6 23:45:30 pool-4-thread-1 INFO 原有的可提现金额为:0.00
2019-7-6 23:45:30 pool-4-thread-1 INFO 新结余为:0.0000
2019-7-6 23:45:30 pool-4-thread-1 INFO 开始：[com.redpigmall.domain.UserDistribution_$$_jvsta35_2@6ba88ce8]的数据获取！
2019-7-6 23:45:30 pool-4-thread-1 INFO 用户29获取为:[null]
2019-7-6 23:45:30 pool-4-thread-1 INFO 用户8获取到的一级分销列表:[[]]
2019-7-6 23:45:30 pool-4-thread-1 INFO 开始：[com.redpigmall.domain.UserDistribution_$$_jvsta35_2@2f0324ff]的数据获取！
2019-7-6 23:45:30 pool-4-thread-1 INFO 用户179获取为:[null]
2019-7-6 23:45:30 pool-4-thread-1 INFO 用户9获取到的一级分销列表:[[]]
2019-7-6 23:46:29 pool-4-thread-1 INFO 开始：[com.redpigmall.domain.UserDistribution_$$_jvsta35_2@56b56808]的数据获取！
2019-7-6 23:46:29 pool-4-thread-1 INFO 用户180获取为:[com.redpigmall.domain.DistributionCommission_$$_jvsta35_4@3d86ea9d]
2019-7-6 23:46:29 pool-4-thread-1 INFO 用户1获取到的一级分销列表:[[com.redpigmall.domain.UserDistribution_$$_jvsta35_2@d7be10b, com.redpigmall.domain.UserDistribution_$$_jvsta35_2@1c63756b]]
2019-7-6 23:46:29 pool-4-thread-1 INFO 一级分销用户:1获取的数据[[]]
2019-7-6 23:46:29 pool-4-thread-1 INFO 一级分销用户:6获取的数据[[]]
2019-7-6 23:46:30 pool-4-thread-1 INFO 原有的可提现金额为:526.35
2019-7-6 23:46:30 pool-4-thread-1 INFO 新结余为:526.3500
2019-7-6 23:46:30 pool-4-thread-1 INFO 开始：[com.redpigmall.domain.UserDistribution_$$_jvsta35_2@133f65ac]的数据获取！
2019-7-6 23:46:30 pool-4-thread-1 INFO 用户1获取为:[com.redpigmall.domain.DistributionCommission_$$_jvsta35_4@528ec7d0]
2019-7-6 23:46:30 pool-4-thread-1 INFO 用户2获取到的一级分销列表:[[com.redpigmall.domain.UserDistribution_$$_jvsta35_2@3a434b80, com.redpigmall.domain.UserDistribution_$$_jvsta35_2@46efc683]]
2019-7-6 23:46:30 pool-4-thread-1 INFO 一级分销用户:5获取的数据[[]]
2019-7-6 23:46:30 pool-4-thread-1 INFO 一级分销用户:7获取的数据[[]]
2019-7-6 23:46:30 pool-4-thread-1 INFO 原有的可提现金额为:2907.96
2019-7-6 23:46:30 pool-4-thread-1 INFO 新结余为:2907.9600
2019-7-6 23:46:30 pool-4-thread-1 INFO 开始：[com.redpigmall.domain.UserDistribution_$$_jvsta35_2@4a581bf2]的数据获取！
2019-7-6 23:46:30 pool-4-thread-1 INFO 用户5获取为:[com.redpigmall.domain.DistributionCommission_$$_jvsta35_4@7fdfb200]
2019-7-6 23:46:30 pool-4-thread-1 INFO 用户3获取到的一级分销列表:[[com.redpigmall.domain.UserDistribution_$$_jvsta35_2@2284f32f]]
2019-7-6 23:46:30 pool-4-thread-1 INFO 一级分销用户:4获取的数据[[]]
2019-7-6 23:46:30 pool-4-thread-1 INFO 原有的可提现金额为:526.35
2019-7-6 23:46:30 pool-4-thread-1 INFO 新结余为:526.3500
2019-7-6 23:46:30 pool-4-thread-1 INFO 开始：[com.redpigmall.domain.UserDistribution_$$_jvsta35_2@3bc1a25a]的数据获取！
2019-7-6 23:46:30 pool-4-thread-1 INFO 用户6获取为:[com.redpigmall.domain.DistributionCommission_$$_jvsta35_4@6c4bbdca]
2019-7-6 23:46:30 pool-4-thread-1 INFO 用户4获取到的一级分销列表:[[com.redpigmall.domain.UserDistribution_$$_jvsta35_2@6fc4f6af]]
2019-7-6 23:46:30 pool-4-thread-1 INFO 一级分销用户:179获取的数据[[]]
2019-7-6 23:46:30 pool-4-thread-1 INFO 原有的可提现金额为:0.00
2019-7-6 23:46:30 pool-4-thread-1 INFO 新结余为:0.0000
2019-7-6 23:46:30 pool-4-thread-1 INFO 开始：[com.redpigmall.domain.UserDistribution_$$_jvsta35_2@7fc911c1]的数据获取！
2019-7-6 23:46:30 pool-4-thread-1 INFO 用户182获取为:[null]
2019-7-6 23:46:30 pool-4-thread-1 INFO 用户5获取到的一级分销列表:[[]]
2019-7-6 23:46:30 pool-4-thread-1 INFO 开始：[com.redpigmall.domain.UserDistribution_$$_jvsta35_2@718c45d4]的数据获取！
2019-7-6 23:46:30 pool-4-thread-1 INFO 用户4获取为:[com.redpigmall.domain.DistributionCommission_$$_jvsta35_4@575a8d2b]
2019-7-6 23:46:30 pool-4-thread-1 INFO 用户6获取到的一级分销列表:[[com.redpigmall.domain.UserDistribution_$$_jvsta35_2@622f371a]]
2019-7-6 23:46:30 pool-4-thread-1 INFO 一级分销用户:182获取的数据[[]]
2019-7-6 23:46:30 pool-4-thread-1 INFO 原有的可提现金额为:0.00
2019-7-6 23:46:30 pool-4-thread-1 INFO 新结余为:0.0000
2019-7-6 23:46:30 pool-4-thread-1 INFO 开始：[com.redpigmall.domain.UserDistribution_$$_jvsta35_2@1f31813a]的数据获取！
2019-7-6 23:46:30 pool-4-thread-1 INFO 用户7获取为:[com.redpigmall.domain.DistributionCommission_$$_jvsta35_4@43a9fed0]
2019-7-6 23:46:30 pool-4-thread-1 INFO 用户7获取到的一级分销列表:[[com.redpigmall.domain.UserDistribution_$$_jvsta35_2@39ae7a6b]]
2019-7-6 23:46:30 pool-4-thread-1 INFO 一级分销用户:29获取的数据[[]]
2019-7-6 23:46:30 pool-4-thread-1 INFO 原有的可提现金额为:0.00
2019-7-6 23:46:30 pool-4-thread-1 INFO 新结余为:0.0000
2019-7-6 23:46:30 pool-4-thread-1 INFO 开始：[com.redpigmall.domain.UserDistribution_$$_jvsta35_2@39afa59e]的数据获取！
2019-7-6 23:46:30 pool-4-thread-1 INFO 用户29获取为:[null]
2019-7-6 23:46:30 pool-4-thread-1 INFO 用户8获取到的一级分销列表:[[]]
2019-7-6 23:46:30 pool-4-thread-1 INFO 开始：[com.redpigmall.domain.UserDistribution_$$_jvsta35_2@61ed65a]的数据获取！
2019-7-6 23:46:30 pool-4-thread-1 INFO 用户179获取为:[null]
2019-7-6 23:46:30 pool-4-thread-1 INFO 用户9获取到的一级分销列表:[[]]
