2019-5-15 22:30:04 restartedMain INFO Starting RedPigWebAdmin on PC-20180115OHFV with PID 9752 (F:\work_yemaill\ye_maill\redpig-web-admin\target\classes started by Administrator in F:\work_yemaill\ye_maill\redpig-web-admin)
2019-5-15 22:30:04 restartedMain DEBUG Running with Spring Boot v2.0.2.RELEASE, Spring v5.0.6.RELEASE
2019-5-15 22:30:04 restartedMain INFO No active profile set, falling back to default profiles: default
2019-5-15 22:30:33 localhost-startStop-1 INFO init Druid Servlet Configuration 
2019-5-15 22:30:34 localhost-startStop-1 DEBUG 开始初始化SpringUtil...
2019-5-15 22:30:34 localhost-startStop-1 DEBUG web root abs path=F:\work_yemaill\ye_maill\redpig-web-admin\src\main\webapp\
2019-5-15 22:30:34 localhost-startStop-1 DEBUG SpringUtil初始化完成.
2019-5-15 22:31:21 restartedMain INFO Started RedPigWebAdmin in 79.586 seconds (JVM running for 87.909)
2019-5-15 22:31:30 pool-4-thread-1 INFO 开始：[com.redpigmall.domain.UserDistribution_$$_jvst3a6_2@26c662c5]的数据获取！
2019-5-15 22:31:30 pool-4-thread-1 INFO 用户180获取为:[com.redpigmall.domain.DistributionCommission_$$_jvst3a6_4@29808f1f]
2019-5-15 22:31:30 pool-4-thread-1 INFO 用户1获取到的一级分销列表:[[com.redpigmall.domain.UserDistribution_$$_jvst3a6_2@49113fb6, com.redpigmall.domain.UserDistribution_$$_jvst3a6_2@50aee0a9]]
2019-5-15 22:31:30 pool-4-thread-1 INFO 一级分销用户:1获取的数据[[]]
2019-5-15 22:31:30 pool-4-thread-1 INFO 一级分销用户:6获取的数据[[]]
2019-5-15 22:31:30 pool-4-thread-1 INFO 原有的可提现金额为:526.35
2019-5-15 22:31:30 pool-4-thread-1 INFO 新结余为:526.3500
2019-5-15 22:31:30 pool-4-thread-1 INFO 开始：[com.redpigmall.domain.UserDistribution_$$_jvst3a6_2@743cb866]的数据获取！
2019-5-15 22:31:30 pool-4-thread-1 INFO 用户1获取为:[com.redpigmall.domain.DistributionCommission_$$_jvst3a6_4@37194126]
2019-5-15 22:31:30 pool-4-thread-1 INFO 用户2获取到的一级分销列表:[[com.redpigmall.domain.UserDistribution_$$_jvst3a6_2@45c3c14a, com.redpigmall.domain.UserDistribution_$$_jvst3a6_2@25cff7de]]
2019-5-15 22:31:30 pool-4-thread-1 INFO 一级分销用户:5获取的数据[[]]
2019-5-15 22:31:30 pool-4-thread-1 INFO 一级分销用户:7获取的数据[[]]
2019-5-15 22:31:30 pool-4-thread-1 INFO 原有的可提现金额为:2907.96
2019-5-15 22:31:30 pool-4-thread-1 INFO 新结余为:2907.9600
2019-5-15 22:31:30 pool-4-thread-1 INFO 开始：[com.redpigmall.domain.UserDistribution_$$_jvst3a6_2@73495029]的数据获取！
2019-5-15 22:31:30 pool-4-thread-1 INFO 用户5获取为:[com.redpigmall.domain.DistributionCommission_$$_jvst3a6_4@2d6ceafe]
2019-5-15 22:31:30 pool-4-thread-1 INFO 用户3获取到的一级分销列表:[[com.redpigmall.domain.UserDistribution_$$_jvst3a6_2@59e22e77]]
2019-5-15 22:31:30 pool-4-thread-1 INFO 一级分销用户:4获取的数据[[]]
2019-5-15 22:31:30 pool-4-thread-1 INFO 原有的可提现金额为:526.35
2019-5-15 22:31:30 pool-4-thread-1 INFO 新结余为:526.3500
2019-5-15 22:31:30 pool-4-thread-1 INFO 开始：[com.redpigmall.domain.UserDistribution_$$_jvst3a6_2@3526a321]的数据获取！
2019-5-15 22:31:30 pool-4-thread-1 INFO 用户6获取为:[com.redpigmall.domain.DistributionCommission_$$_jvst3a6_4@57b34b53]
2019-5-15 22:31:30 pool-4-thread-1 INFO 用户4获取到的一级分销列表:[[com.redpigmall.domain.UserDistribution_$$_jvst3a6_2@7f048ba1]]
2019-5-15 22:31:30 pool-4-thread-1 INFO 一级分销用户:179获取的数据[[]]
2019-5-15 22:31:30 pool-4-thread-1 INFO 原有的可提现金额为:0.00
2019-5-15 22:31:30 pool-4-thread-1 INFO 新结余为:0.0000
2019-5-15 22:31:30 pool-4-thread-1 INFO 开始：[com.redpigmall.domain.UserDistribution_$$_jvst3a6_2@4eff2794]的数据获取！
2019-5-15 22:31:30 pool-4-thread-1 INFO 用户182获取为:[null]
2019-5-15 22:31:30 pool-4-thread-1 INFO 用户5获取到的一级分销列表:[[]]
2019-5-15 22:31:30 pool-4-thread-1 INFO 开始：[com.redpigmall.domain.UserDistribution_$$_jvst3a6_2@57acf081]的数据获取！
2019-5-15 22:31:30 pool-4-thread-1 INFO 用户4获取为:[com.redpigmall.domain.DistributionCommission_$$_jvst3a6_4@4ab21b58]
2019-5-15 22:31:30 pool-4-thread-1 INFO 用户6获取到的一级分销列表:[[com.redpigmall.domain.UserDistribution_$$_jvst3a6_2@5f13b37f]]
2019-5-15 22:31:30 pool-4-thread-1 INFO 一级分销用户:182获取的数据[[]]
2019-5-15 22:31:30 pool-4-thread-1 INFO 原有的可提现金额为:0.00
2019-5-15 22:31:30 pool-4-thread-1 INFO 新结余为:0.0000
2019-5-15 22:31:30 pool-4-thread-1 INFO 开始：[com.redpigmall.domain.UserDistribution_$$_jvst3a6_2@744aabe5]的数据获取！
2019-5-15 22:31:30 pool-4-thread-1 INFO 用户7获取为:[com.redpigmall.domain.DistributionCommission_$$_jvst3a6_4@48353504]
2019-5-15 22:31:30 pool-4-thread-1 INFO 用户7获取到的一级分销列表:[[com.redpigmall.domain.UserDistribution_$$_jvst3a6_2@7ac5aac]]
2019-5-15 22:31:30 pool-4-thread-1 INFO 一级分销用户:29获取的数据[[]]
2019-5-15 22:31:30 pool-4-thread-1 INFO 原有的可提现金额为:0.00
2019-5-15 22:31:30 pool-4-thread-1 INFO 新结余为:0.0000
2019-5-15 22:31:30 pool-4-thread-1 INFO 开始：[com.redpigmall.domain.UserDistribution_$$_jvst3a6_2@381c1e7e]的数据获取！
2019-5-15 22:31:30 pool-4-thread-1 INFO 用户29获取为:[null]
2019-5-15 22:31:30 pool-4-thread-1 INFO 用户8获取到的一级分销列表:[[]]
2019-5-15 22:31:30 pool-4-thread-1 INFO 开始：[com.redpigmall.domain.UserDistribution_$$_jvst3a6_2@2a2e71f5]的数据获取！
2019-5-15 22:31:30 pool-4-thread-1 INFO 用户179获取为:[null]
2019-5-15 22:31:30 pool-4-thread-1 INFO 用户9获取到的一级分销列表:[[]]
2019-5-15 22:32:30 pool-4-thread-1 INFO 开始：[com.redpigmall.domain.UserDistribution_$$_jvst3a6_2@6777ce74]的数据获取！
2019-5-15 22:32:30 pool-4-thread-1 INFO 用户180获取为:[com.redpigmall.domain.DistributionCommission_$$_jvst3a6_4@4880e1a8]
2019-5-15 22:32:30 pool-4-thread-1 INFO 用户1获取到的一级分销列表:[[com.redpigmall.domain.UserDistribution_$$_jvst3a6_2@1fd1635f, com.redpigmall.domain.UserDistribution_$$_jvst3a6_2@54d3f6f4]]
2019-5-15 22:32:30 pool-4-thread-1 INFO 一级分销用户:1获取的数据[[]]
2019-5-15 22:32:30 pool-4-thread-1 INFO 一级分销用户:6获取的数据[[]]
2019-5-15 22:32:30 pool-4-thread-1 INFO 原有的可提现金额为:526.35
2019-5-15 22:32:30 pool-4-thread-1 INFO 新结余为:526.3500
2019-5-15 22:32:30 pool-4-thread-1 INFO 开始：[com.redpigmall.domain.UserDistribution_$$_jvst3a6_2@52c9874d]的数据获取！
2019-5-15 22:32:30 pool-4-thread-1 INFO 用户1获取为:[com.redpigmall.domain.DistributionCommission_$$_jvst3a6_4@2ecc3a72]
2019-5-15 22:32:30 pool-4-thread-1 INFO 用户2获取到的一级分销列表:[[com.redpigmall.domain.UserDistribution_$$_jvst3a6_2@2dd24b57, com.redpigmall.domain.UserDistribution_$$_jvst3a6_2@4a2903cc]]
2019-5-15 22:32:30 pool-4-thread-1 INFO 一级分销用户:5获取的数据[[]]
2019-5-15 22:32:30 pool-4-thread-1 INFO 一级分销用户:7获取的数据[[]]
2019-5-15 22:32:30 pool-4-thread-1 INFO 原有的可提现金额为:2907.96
2019-5-15 22:32:30 pool-4-thread-1 INFO 新结余为:2907.9600
2019-5-15 22:32:30 pool-4-thread-1 INFO 开始：[com.redpigmall.domain.UserDistribution_$$_jvst3a6_2@133db8db]的数据获取！
2019-5-15 22:32:30 pool-4-thread-1 INFO 用户5获取为:[com.redpigmall.domain.DistributionCommission_$$_jvst3a6_4@40db4e5]
2019-5-15 22:32:30 pool-4-thread-1 INFO 用户3获取到的一级分销列表:[[com.redpigmall.domain.UserDistribution_$$_jvst3a6_2@2d8b3b19]]
2019-5-15 22:32:30 pool-4-thread-1 INFO 一级分销用户:4获取的数据[[]]
2019-5-15 22:32:30 pool-4-thread-1 INFO 原有的可提现金额为:526.35
2019-5-15 22:32:30 pool-4-thread-1 INFO 新结余为:526.3500
2019-5-15 22:32:30 pool-4-thread-1 INFO 开始：[com.redpigmall.domain.UserDistribution_$$_jvst3a6_2@14a938]的数据获取！
2019-5-15 22:32:30 pool-4-thread-1 INFO 用户6获取为:[com.redpigmall.domain.DistributionCommission_$$_jvst3a6_4@54da17c1]
2019-5-15 22:32:30 pool-4-thread-1 INFO 用户4获取到的一级分销列表:[[com.redpigmall.domain.UserDistribution_$$_jvst3a6_2@46f7044e]]
2019-5-15 22:32:30 pool-4-thread-1 INFO 一级分销用户:179获取的数据[[]]
2019-5-15 22:32:30 pool-4-thread-1 INFO 原有的可提现金额为:0.00
2019-5-15 22:32:30 pool-4-thread-1 INFO 新结余为:0.0000
2019-5-15 22:32:30 pool-4-thread-1 INFO 开始：[com.redpigmall.domain.UserDistribution_$$_jvst3a6_2@58d267dd]的数据获取！
2019-5-15 22:32:30 pool-4-thread-1 INFO 用户182获取为:[null]
2019-5-15 22:32:30 pool-4-thread-1 INFO 用户5获取到的一级分销列表:[[]]
2019-5-15 22:32:30 pool-4-thread-1 INFO 开始：[com.redpigmall.domain.UserDistribution_$$_jvst3a6_2@4824b818]的数据获取！
2019-5-15 22:32:30 pool-4-thread-1 INFO 用户4获取为:[com.redpigmall.domain.DistributionCommission_$$_jvst3a6_4@50f2d22c]
2019-5-15 22:32:30 pool-4-thread-1 INFO 用户6获取到的一级分销列表:[[com.redpigmall.domain.UserDistribution_$$_jvst3a6_2@203c1c55]]
2019-5-15 22:32:30 pool-4-thread-1 INFO 一级分销用户:182获取的数据[[]]
2019-5-15 22:32:30 pool-4-thread-1 INFO 原有的可提现金额为:0.00
2019-5-15 22:32:30 pool-4-thread-1 INFO 新结余为:0.0000
2019-5-15 22:32:30 pool-4-thread-1 INFO 开始：[com.redpigmall.domain.UserDistribution_$$_jvst3a6_2@7aa2fc24]的数据获取！
2019-5-15 22:32:30 pool-4-thread-1 INFO 用户7获取为:[com.redpigmall.domain.DistributionCommission_$$_jvst3a6_4@78b22b31]
2019-5-15 22:32:30 pool-4-thread-1 INFO 用户7获取到的一级分销列表:[[com.redpigmall.domain.UserDistribution_$$_jvst3a6_2@26a65ec]]
2019-5-15 22:32:30 pool-4-thread-1 INFO 一级分销用户:29获取的数据[[]]
2019-5-15 22:32:30 pool-4-thread-1 INFO 原有的可提现金额为:0.00
2019-5-15 22:32:30 pool-4-thread-1 INFO 新结余为:0.0000
2019-5-15 22:32:30 pool-4-thread-1 INFO 开始：[com.redpigmall.domain.UserDistribution_$$_jvst3a6_2@31db3bb2]的数据获取！
2019-5-15 22:32:30 pool-4-thread-1 INFO 用户29获取为:[null]
2019-5-15 22:32:30 pool-4-thread-1 INFO 用户8获取到的一级分销列表:[[]]
2019-5-15 22:32:30 pool-4-thread-1 INFO 开始：[com.redpigmall.domain.UserDistribution_$$_jvst3a6_2@886fb46]的数据获取！
2019-5-15 22:32:30 pool-4-thread-1 INFO 用户179获取为:[null]
2019-5-15 22:32:30 pool-4-thread-1 INFO 用户9获取到的一级分销列表:[[]]
2019-5-15 22:33:30 pool-4-thread-1 INFO 开始：[com.redpigmall.domain.UserDistribution_$$_jvst3a6_2@580ede02]的数据获取！
2019-5-15 22:33:30 pool-4-thread-1 INFO 用户180获取为:[com.redpigmall.domain.DistributionCommission_$$_jvst3a6_4@75b4391c]
2019-5-15 22:33:30 pool-4-thread-1 INFO 用户1获取到的一级分销列表:[[com.redpigmall.domain.UserDistribution_$$_jvst3a6_2@776f56b4, com.redpigmall.domain.UserDistribution_$$_jvst3a6_2@1ccd2839]]
2019-5-15 22:33:30 pool-4-thread-1 INFO 一级分销用户:1获取的数据[[]]
2019-5-15 22:33:30 pool-4-thread-1 INFO 一级分销用户:6获取的数据[[]]
2019-5-15 22:33:30 pool-4-thread-1 INFO 原有的可提现金额为:526.35
2019-5-15 22:33:30 pool-4-thread-1 INFO 新结余为:526.3500
2019-5-15 22:33:30 pool-4-thread-1 INFO 开始：[com.redpigmall.domain.UserDistribution_$$_jvst3a6_2@5a3c74c1]的数据获取！
2019-5-15 22:33:30 pool-4-thread-1 INFO 用户1获取为:[com.redpigmall.domain.DistributionCommission_$$_jvst3a6_4@22a59b18]
2019-5-15 22:33:30 pool-4-thread-1 INFO 用户2获取到的一级分销列表:[[com.redpigmall.domain.UserDistribution_$$_jvst3a6_2@226ca445, com.redpigmall.domain.UserDistribution_$$_jvst3a6_2@52d6452f]]
2019-5-15 22:33:30 pool-4-thread-1 INFO 一级分销用户:5获取的数据[[]]
2019-5-15 22:33:30 pool-4-thread-1 INFO 一级分销用户:7获取的数据[[]]
2019-5-15 22:33:30 pool-4-thread-1 INFO 原有的可提现金额为:2907.96
2019-5-15 22:33:30 pool-4-thread-1 INFO 新结余为:2907.9600
2019-5-15 22:33:30 pool-4-thread-1 INFO 开始：[com.redpigmall.domain.UserDistribution_$$_jvst3a6_2@7d6e6c1f]的数据获取！
2019-5-15 22:33:30 pool-4-thread-1 INFO 用户5获取为:[com.redpigmall.domain.DistributionCommission_$$_jvst3a6_4@641f02fa]
2019-5-15 22:33:30 pool-4-thread-1 INFO 用户3获取到的一级分销列表:[[com.redpigmall.domain.UserDistribution_$$_jvst3a6_2@36a2348f]]
2019-5-15 22:33:30 pool-4-thread-1 INFO 一级分销用户:4获取的数据[[]]
2019-5-15 22:33:30 pool-4-thread-1 INFO 原有的可提现金额为:526.35
2019-5-15 22:33:30 pool-4-thread-1 INFO 新结余为:526.3500
2019-5-15 22:33:30 pool-4-thread-1 INFO 开始：[com.redpigmall.domain.UserDistribution_$$_jvst3a6_2@2e229860]的数据获取！
2019-5-15 22:33:30 pool-4-thread-1 INFO 用户6获取为:[com.redpigmall.domain.DistributionCommission_$$_jvst3a6_4@6359df72]
2019-5-15 22:33:30 pool-4-thread-1 INFO 用户4获取到的一级分销列表:[[com.redpigmall.domain.UserDistribution_$$_jvst3a6_2@79ddb11a]]
2019-5-15 22:33:30 pool-4-thread-1 INFO 一级分销用户:179获取的数据[[]]
2019-5-15 22:33:30 pool-4-thread-1 INFO 原有的可提现金额为:0.00
2019-5-15 22:33:30 pool-4-thread-1 INFO 新结余为:0.0000
2019-5-15 22:33:30 pool-4-thread-1 INFO 开始：[com.redpigmall.domain.UserDistribution_$$_jvst3a6_2@19c3cc74]的数据获取！
2019-5-15 22:33:30 pool-4-thread-1 INFO 用户182获取为:[null]
2019-5-15 22:33:30 pool-4-thread-1 INFO 用户5获取到的一级分销列表:[[]]
2019-5-15 22:33:30 pool-4-thread-1 INFO 开始：[com.redpigmall.domain.UserDistribution_$$_jvst3a6_2@4484afb2]的数据获取！
2019-5-15 22:33:30 pool-4-thread-1 INFO 用户4获取为:[com.redpigmall.domain.DistributionCommission_$$_jvst3a6_4@46cc7209]
2019-5-15 22:33:30 pool-4-thread-1 INFO 用户6获取到的一级分销列表:[[com.redpigmall.domain.UserDistribution_$$_jvst3a6_2@7ff15945]]
2019-5-15 22:33:30 pool-4-thread-1 INFO 一级分销用户:182获取的数据[[]]
2019-5-15 22:33:30 pool-4-thread-1 INFO 原有的可提现金额为:0.00
2019-5-15 22:33:30 pool-4-thread-1 INFO 新结余为:0.0000
2019-5-15 22:33:30 pool-4-thread-1 INFO 开始：[com.redpigmall.domain.UserDistribution_$$_jvst3a6_2@124f3166]的数据获取！
2019-5-15 22:33:30 pool-4-thread-1 INFO 用户7获取为:[com.redpigmall.domain.DistributionCommission_$$_jvst3a6_4@1049e18a]
2019-5-15 22:33:30 pool-4-thread-1 INFO 用户7获取到的一级分销列表:[[com.redpigmall.domain.UserDistribution_$$_jvst3a6_2@291f0623]]
2019-5-15 22:33:30 pool-4-thread-1 INFO 一级分销用户:29获取的数据[[]]
2019-5-15 22:33:30 pool-4-thread-1 INFO 原有的可提现金额为:0.00
2019-5-15 22:33:30 pool-4-thread-1 INFO 新结余为:0.0000
2019-5-15 22:33:30 pool-4-thread-1 INFO 开始：[com.redpigmall.domain.UserDistribution_$$_jvst3a6_2@12b16099]的数据获取！
2019-5-15 22:33:30 pool-4-thread-1 INFO 用户29获取为:[null]
2019-5-15 22:33:30 pool-4-thread-1 INFO 用户8获取到的一级分销列表:[[]]
2019-5-15 22:33:30 pool-4-thread-1 INFO 开始：[com.redpigmall.domain.UserDistribution_$$_jvst3a6_2@2be3c519]的数据获取！
2019-5-15 22:33:30 pool-4-thread-1 INFO 用户179获取为:[null]
2019-5-15 22:33:30 pool-4-thread-1 INFO 用户9获取到的一级分销列表:[[]]
2019-5-15 22:34:30 pool-4-thread-1 INFO 开始：[com.redpigmall.domain.UserDistribution_$$_jvst3a6_2@4f7fcfb2]的数据获取！
2019-5-15 22:34:30 pool-4-thread-1 INFO 用户180获取为:[com.redpigmall.domain.DistributionCommission_$$_jvst3a6_4@ee76a0d]
2019-5-15 22:34:30 pool-4-thread-1 INFO 用户1获取到的一级分销列表:[[com.redpigmall.domain.UserDistribution_$$_jvst3a6_2@560ef1d, com.redpigmall.domain.UserDistribution_$$_jvst3a6_2@1bb0bca0]]
2019-5-15 22:34:30 pool-4-thread-1 INFO 一级分销用户:1获取的数据[[]]
2019-5-15 22:34:30 pool-4-thread-1 INFO 一级分销用户:6获取的数据[[]]
2019-5-15 22:34:30 pool-4-thread-1 INFO 原有的可提现金额为:526.35
2019-5-15 22:34:30 pool-4-thread-1 INFO 新结余为:526.3500
2019-5-15 22:34:30 pool-4-thread-1 INFO 开始：[com.redpigmall.domain.UserDistribution_$$_jvst3a6_2@3959d784]的数据获取！
2019-5-15 22:34:30 pool-4-thread-1 INFO 用户1获取为:[com.redpigmall.domain.DistributionCommission_$$_jvst3a6_4@6071ebf2]
2019-5-15 22:34:30 pool-4-thread-1 INFO 用户2获取到的一级分销列表:[[com.redpigmall.domain.UserDistribution_$$_jvst3a6_2@3493f2c2, com.redpigmall.domain.UserDistribution_$$_jvst3a6_2@7c2206a2]]
2019-5-15 22:34:30 pool-4-thread-1 INFO 一级分销用户:5获取的数据[[]]
2019-5-15 22:34:30 pool-4-thread-1 INFO 一级分销用户:7获取的数据[[]]
2019-5-15 22:34:30 pool-4-thread-1 INFO 原有的可提现金额为:2907.96
2019-5-15 22:34:30 pool-4-thread-1 INFO 新结余为:2907.9600
2019-5-15 22:34:30 pool-4-thread-1 INFO 开始：[com.redpigmall.domain.UserDistribution_$$_jvst3a6_2@f0c2e56]的数据获取！
2019-5-15 22:34:30 pool-4-thread-1 INFO 用户5获取为:[com.redpigmall.domain.DistributionCommission_$$_jvst3a6_4@40422b48]
2019-5-15 22:34:30 pool-4-thread-1 INFO 用户3获取到的一级分销列表:[[com.redpigmall.domain.UserDistribution_$$_jvst3a6_2@1c9210c6]]
2019-5-15 22:34:30 pool-4-thread-1 INFO 一级分销用户:4获取的数据[[]]
2019-5-15 22:34:30 pool-4-thread-1 INFO 原有的可提现金额为:526.35
2019-5-15 22:34:30 pool-4-thread-1 INFO 新结余为:526.3500
2019-5-15 22:34:30 pool-4-thread-1 INFO 开始：[com.redpigmall.domain.UserDistribution_$$_jvst3a6_2@63d610c9]的数据获取！
2019-5-15 22:34:30 pool-4-thread-1 INFO 用户6获取为:[com.redpigmall.domain.DistributionCommission_$$_jvst3a6_4@157f9db]
2019-5-15 22:34:30 pool-4-thread-1 INFO 用户4获取到的一级分销列表:[[com.redpigmall.domain.UserDistribution_$$_jvst3a6_2@28101042]]
2019-5-15 22:34:30 pool-4-thread-1 INFO 一级分销用户:179获取的数据[[]]
2019-5-15 22:34:30 pool-4-thread-1 INFO 原有的可提现金额为:0.00
2019-5-15 22:34:30 pool-4-thread-1 INFO 新结余为:0.0000
2019-5-15 22:34:30 pool-4-thread-1 INFO 开始：[com.redpigmall.domain.UserDistribution_$$_jvst3a6_2@4b9921a2]的数据获取！
2019-5-15 22:34:30 pool-4-thread-1 INFO 用户182获取为:[null]
2019-5-15 22:34:30 pool-4-thread-1 INFO 用户5获取到的一级分销列表:[[]]
2019-5-15 22:34:30 pool-4-thread-1 INFO 开始：[com.redpigmall.domain.UserDistribution_$$_jvst3a6_2@5ca9cf03]的数据获取！
2019-5-15 22:34:30 pool-4-thread-1 INFO 用户4获取为:[com.redpigmall.domain.DistributionCommission_$$_jvst3a6_4@18e468bc]
2019-5-15 22:34:30 pool-4-thread-1 INFO 用户6获取到的一级分销列表:[[com.redpigmall.domain.UserDistribution_$$_jvst3a6_2@2fb79654]]
2019-5-15 22:34:30 pool-4-thread-1 INFO 一级分销用户:182获取的数据[[]]
2019-5-15 22:34:30 pool-4-thread-1 INFO 原有的可提现金额为:0.00
2019-5-15 22:34:30 pool-4-thread-1 INFO 新结余为:0.0000
2019-5-15 22:34:30 pool-4-thread-1 INFO 开始：[com.redpigmall.domain.UserDistribution_$$_jvst3a6_2@65e65a94]的数据获取！
2019-5-15 22:34:30 pool-4-thread-1 INFO 用户7获取为:[com.redpigmall.domain.DistributionCommission_$$_jvst3a6_4@eb9bf99]
2019-5-15 22:34:30 pool-4-thread-1 INFO 用户7获取到的一级分销列表:[[com.redpigmall.domain.UserDistribution_$$_jvst3a6_2@7a1fde02]]
2019-5-15 22:34:30 pool-4-thread-1 INFO 一级分销用户:29获取的数据[[]]
2019-5-15 22:34:30 pool-4-thread-1 INFO 原有的可提现金额为:0.00
2019-5-15 22:34:30 pool-4-thread-1 INFO 新结余为:0.0000
2019-5-15 22:34:30 pool-4-thread-1 INFO 开始：[com.redpigmall.domain.UserDistribution_$$_jvst3a6_2@56f4ebb1]的数据获取！
2019-5-15 22:34:30 pool-4-thread-1 INFO 用户29获取为:[null]
2019-5-15 22:34:30 pool-4-thread-1 INFO 用户8获取到的一级分销列表:[[]]
2019-5-15 22:34:30 pool-4-thread-1 INFO 开始：[com.redpigmall.domain.UserDistribution_$$_jvst3a6_2@13ff937c]的数据获取！
2019-5-15 22:34:30 pool-4-thread-1 INFO 用户179获取为:[null]
2019-5-15 22:34:30 pool-4-thread-1 INFO 用户9获取到的一级分销列表:[[]]
2019-5-15 22:35:30 pool-4-thread-1 INFO 开始：[com.redpigmall.domain.UserDistribution_$$_jvst3a6_2@6fdc04d6]的数据获取！
2019-5-15 22:35:30 pool-4-thread-1 INFO 用户180获取为:[com.redpigmall.domain.DistributionCommission_$$_jvst3a6_4@2b38594]
2019-5-15 22:35:30 pool-4-thread-1 INFO 用户1获取到的一级分销列表:[[com.redpigmall.domain.UserDistribution_$$_jvst3a6_2@48be7a4a, com.redpigmall.domain.UserDistribution_$$_jvst3a6_2@2f5e7b11]]
2019-5-15 22:35:30 pool-4-thread-1 INFO 一级分销用户:1获取的数据[[]]
2019-5-15 22:35:30 pool-4-thread-1 INFO 一级分销用户:6获取的数据[[]]
2019-5-15 22:35:30 pool-4-thread-1 INFO 原有的可提现金额为:526.35
2019-5-15 22:35:30 pool-4-thread-1 INFO 新结余为:526.3500
2019-5-15 22:35:30 pool-4-thread-1 INFO 开始：[com.redpigmall.domain.UserDistribution_$$_jvst3a6_2@347e1815]的数据获取！
2019-5-15 22:35:30 pool-4-thread-1 INFO 用户1获取为:[com.redpigmall.domain.DistributionCommission_$$_jvst3a6_4@6f6f5a00]
2019-5-15 22:35:30 pool-4-thread-1 INFO 用户2获取到的一级分销列表:[[com.redpigmall.domain.UserDistribution_$$_jvst3a6_2@7728bbd6, com.redpigmall.domain.UserDistribution_$$_jvst3a6_2@8fce527]]
2019-5-15 22:35:30 pool-4-thread-1 INFO 一级分销用户:5获取的数据[[]]
2019-5-15 22:35:30 pool-4-thread-1 INFO 一级分销用户:7获取的数据[[]]
2019-5-15 22:35:30 pool-4-thread-1 INFO 原有的可提现金额为:2907.96
2019-5-15 22:35:30 pool-4-thread-1 INFO 新结余为:2907.9600
2019-5-15 22:35:30 pool-4-thread-1 INFO 开始：[com.redpigmall.domain.UserDistribution_$$_jvst3a6_2@49df4ed]的数据获取！
2019-5-15 22:35:30 pool-4-thread-1 INFO 用户5获取为:[com.redpigmall.domain.DistributionCommission_$$_jvst3a6_4@14be25a0]
2019-5-15 22:35:30 pool-4-thread-1 INFO 用户3获取到的一级分销列表:[[com.redpigmall.domain.UserDistribution_$$_jvst3a6_2@8d44d0f]]
2019-5-15 22:35:30 pool-4-thread-1 INFO 一级分销用户:4获取的数据[[]]
2019-5-15 22:35:30 pool-4-thread-1 INFO 原有的可提现金额为:526.35
2019-5-15 22:35:30 pool-4-thread-1 INFO 新结余为:526.3500
2019-5-15 22:35:30 pool-4-thread-1 INFO 开始：[com.redpigmall.domain.UserDistribution_$$_jvst3a6_2@49da0446]的数据获取！
2019-5-15 22:35:30 pool-4-thread-1 INFO 用户6获取为:[com.redpigmall.domain.DistributionCommission_$$_jvst3a6_4@570e14aa]
2019-5-15 22:35:30 pool-4-thread-1 INFO 用户4获取到的一级分销列表:[[com.redpigmall.domain.UserDistribution_$$_jvst3a6_2@486d787]]
2019-5-15 22:35:30 pool-4-thread-1 INFO 一级分销用户:179获取的数据[[]]
2019-5-15 22:35:30 pool-4-thread-1 INFO 原有的可提现金额为:0.00
2019-5-15 22:35:30 pool-4-thread-1 INFO 新结余为:0.0000
2019-5-15 22:35:30 pool-4-thread-1 INFO 开始：[com.redpigmall.domain.UserDistribution_$$_jvst3a6_2@4a4f0bc]的数据获取！
2019-5-15 22:35:30 pool-4-thread-1 INFO 用户182获取为:[null]
2019-5-15 22:35:30 pool-4-thread-1 INFO 用户5获取到的一级分销列表:[[]]
2019-5-15 22:35:30 pool-4-thread-1 INFO 开始：[com.redpigmall.domain.UserDistribution_$$_jvst3a6_2@5d262519]的数据获取！
2019-5-15 22:35:30 pool-4-thread-1 INFO 用户4获取为:[com.redpigmall.domain.DistributionCommission_$$_jvst3a6_4@19e37067]
2019-5-15 22:35:30 pool-4-thread-1 INFO 用户6获取到的一级分销列表:[[com.redpigmall.domain.UserDistribution_$$_jvst3a6_2@2b20f425]]
2019-5-15 22:35:30 pool-4-thread-1 INFO 一级分销用户:182获取的数据[[]]
2019-5-15 22:35:30 pool-4-thread-1 INFO 原有的可提现金额为:0.00
2019-5-15 22:35:30 pool-4-thread-1 INFO 新结余为:0.0000
2019-5-15 22:35:30 pool-4-thread-1 INFO 开始：[com.redpigmall.domain.UserDistribution_$$_jvst3a6_2@507cdce7]的数据获取！
2019-5-15 22:35:30 pool-4-thread-1 INFO 用户7获取为:[com.redpigmall.domain.DistributionCommission_$$_jvst3a6_4@6e7574a2]
2019-5-15 22:35:30 pool-4-thread-1 INFO 用户7获取到的一级分销列表:[[com.redpigmall.domain.UserDistribution_$$_jvst3a6_2@51103e57]]
2019-5-15 22:35:30 pool-4-thread-1 INFO 一级分销用户:29获取的数据[[]]
2019-5-15 22:35:30 pool-4-thread-1 INFO 原有的可提现金额为:0.00
2019-5-15 22:35:30 pool-4-thread-1 INFO 新结余为:0.0000
2019-5-15 22:35:30 pool-4-thread-1 INFO 开始：[com.redpigmall.domain.UserDistribution_$$_jvst3a6_2@5b3ab7]的数据获取！
2019-5-15 22:35:30 pool-4-thread-1 INFO 用户29获取为:[null]
2019-5-15 22:35:30 pool-4-thread-1 INFO 用户8获取到的一级分销列表:[[]]
2019-5-15 22:35:30 pool-4-thread-1 INFO 开始：[com.redpigmall.domain.UserDistribution_$$_jvst3a6_2@73a5cdf2]的数据获取！
2019-5-15 22:35:30 pool-4-thread-1 INFO 用户179获取为:[null]
2019-5-15 22:35:30 pool-4-thread-1 INFO 用户9获取到的一级分销列表:[[]]
2019-5-15 22:36:30 pool-4-thread-1 INFO 开始：[com.redpigmall.domain.UserDistribution_$$_jvst3a6_2@6de4a718]的数据获取！
2019-5-15 22:36:30 pool-4-thread-1 INFO 用户180获取为:[com.redpigmall.domain.DistributionCommission_$$_jvst3a6_4@41531d5c]
2019-5-15 22:36:30 pool-4-thread-1 INFO 用户1获取到的一级分销列表:[[com.redpigmall.domain.UserDistribution_$$_jvst3a6_2@232ab17, com.redpigmall.domain.UserDistribution_$$_jvst3a6_2@4366286c]]
2019-5-15 22:36:30 pool-4-thread-1 INFO 一级分销用户:1获取的数据[[]]
2019-5-15 22:36:30 pool-4-thread-1 INFO 一级分销用户:6获取的数据[[]]
2019-5-15 22:36:30 pool-4-thread-1 INFO 原有的可提现金额为:526.35
2019-5-15 22:36:30 pool-4-thread-1 INFO 新结余为:526.3500
2019-5-15 22:36:30 pool-4-thread-1 INFO 开始：[com.redpigmall.domain.UserDistribution_$$_jvst3a6_2@587c4e21]的数据获取！
2019-5-15 22:36:30 pool-4-thread-1 INFO 用户1获取为:[com.redpigmall.domain.DistributionCommission_$$_jvst3a6_4@4a61e313]
2019-5-15 22:36:30 pool-4-thread-1 INFO 用户2获取到的一级分销列表:[[com.redpigmall.domain.UserDistribution_$$_jvst3a6_2@1e9c985d, com.redpigmall.domain.UserDistribution_$$_jvst3a6_2@59cfbf76]]
2019-5-15 22:36:30 pool-4-thread-1 INFO 一级分销用户:5获取的数据[[]]
2019-5-15 22:36:30 pool-4-thread-1 INFO 一级分销用户:7获取的数据[[]]
2019-5-15 22:36:30 pool-4-thread-1 INFO 原有的可提现金额为:2907.96
2019-5-15 22:36:30 pool-4-thread-1 INFO 新结余为:2907.9600
2019-5-15 22:36:30 pool-4-thread-1 INFO 开始：[com.redpigmall.domain.UserDistribution_$$_jvst3a6_2@e192f25]的数据获取！
2019-5-15 22:36:30 pool-4-thread-1 INFO 用户5获取为:[com.redpigmall.domain.DistributionCommission_$$_jvst3a6_4@4da86693]
2019-5-15 22:36:30 pool-4-thread-1 INFO 用户3获取到的一级分销列表:[[com.redpigmall.domain.UserDistribution_$$_jvst3a6_2@6263a0c8]]
2019-5-15 22:36:30 pool-4-thread-1 INFO 一级分销用户:4获取的数据[[]]
2019-5-15 22:36:30 pool-4-thread-1 INFO 原有的可提现金额为:526.35
2019-5-15 22:36:30 pool-4-thread-1 INFO 新结余为:526.3500
2019-5-15 22:36:30 pool-4-thread-1 INFO 开始：[com.redpigmall.domain.UserDistribution_$$_jvst3a6_2@2231b255]的数据获取！
2019-5-15 22:36:30 pool-4-thread-1 INFO 用户6获取为:[com.redpigmall.domain.DistributionCommission_$$_jvst3a6_4@64ff603a]
2019-5-15 22:36:30 pool-4-thread-1 INFO 用户4获取到的一级分销列表:[[com.redpigmall.domain.UserDistribution_$$_jvst3a6_2@26a23a5d]]
2019-5-15 22:36:30 pool-4-thread-1 INFO 一级分销用户:179获取的数据[[]]
2019-5-15 22:36:30 pool-4-thread-1 INFO 原有的可提现金额为:0.00
2019-5-15 22:36:30 pool-4-thread-1 INFO 新结余为:0.0000
2019-5-15 22:36:30 pool-4-thread-1 INFO 开始：[com.redpigmall.domain.UserDistribution_$$_jvst3a6_2@46ee5cb0]的数据获取！
2019-5-15 22:36:30 pool-4-thread-1 INFO 用户182获取为:[null]
2019-5-15 22:36:30 pool-4-thread-1 INFO 用户5获取到的一级分销列表:[[]]
2019-5-15 22:36:30 pool-4-thread-1 INFO 开始：[com.redpigmall.domain.UserDistribution_$$_jvst3a6_2@50668bcf]的数据获取！
2019-5-15 22:36:30 pool-4-thread-1 INFO 用户4获取为:[com.redpigmall.domain.DistributionCommission_$$_jvst3a6_4@11bd21e6]
2019-5-15 22:36:30 pool-4-thread-1 INFO 用户6获取到的一级分销列表:[[com.redpigmall.domain.UserDistribution_$$_jvst3a6_2@5b17b73c]]
2019-5-15 22:36:30 pool-4-thread-1 INFO 一级分销用户:182获取的数据[[]]
2019-5-15 22:36:30 pool-4-thread-1 INFO 原有的可提现金额为:0.00
2019-5-15 22:36:30 pool-4-thread-1 INFO 新结余为:0.0000
2019-5-15 22:36:30 pool-4-thread-1 INFO 开始：[com.redpigmall.domain.UserDistribution_$$_jvst3a6_2@56035dac]的数据获取！
2019-5-15 22:36:30 pool-4-thread-1 INFO 用户7获取为:[com.redpigmall.domain.DistributionCommission_$$_jvst3a6_4@410a438d]
2019-5-15 22:36:30 pool-4-thread-1 INFO 用户7获取到的一级分销列表:[[com.redpigmall.domain.UserDistribution_$$_jvst3a6_2@5d5bae8]]
2019-5-15 22:36:30 pool-4-thread-1 INFO 一级分销用户:29获取的数据[[]]
2019-5-15 22:36:30 pool-4-thread-1 INFO 原有的可提现金额为:0.00
2019-5-15 22:36:30 pool-4-thread-1 INFO 新结余为:0.0000
2019-5-15 22:36:30 pool-4-thread-1 INFO 开始：[com.redpigmall.domain.UserDistribution_$$_jvst3a6_2@6fc92900]的数据获取！
2019-5-15 22:36:30 pool-4-thread-1 INFO 用户29获取为:[null]
2019-5-15 22:36:30 pool-4-thread-1 INFO 用户8获取到的一级分销列表:[[]]
2019-5-15 22:36:30 pool-4-thread-1 INFO 开始：[com.redpigmall.domain.UserDistribution_$$_jvst3a6_2@74bf45cc]的数据获取！
2019-5-15 22:36:30 pool-4-thread-1 INFO 用户179获取为:[null]
2019-5-15 22:36:30 pool-4-thread-1 INFO 用户9获取到的一级分销列表:[[]]
2019-5-15 22:37:30 pool-4-thread-1 INFO 开始：[com.redpigmall.domain.UserDistribution_$$_jvst3a6_2@3300343f]的数据获取！
2019-5-15 22:37:30 pool-4-thread-1 INFO 用户180获取为:[com.redpigmall.domain.DistributionCommission_$$_jvst3a6_4@19256f21]
2019-5-15 22:37:30 pool-4-thread-1 INFO 用户1获取到的一级分销列表:[[com.redpigmall.domain.UserDistribution_$$_jvst3a6_2@7a18116c, com.redpigmall.domain.UserDistribution_$$_jvst3a6_2@53977557]]
2019-5-15 22:37:30 pool-4-thread-1 INFO 一级分销用户:1获取的数据[[]]
2019-5-15 22:37:30 pool-4-thread-1 INFO 一级分销用户:6获取的数据[[]]
2019-5-15 22:37:30 pool-4-thread-1 INFO 原有的可提现金额为:526.35
2019-5-15 22:37:30 pool-4-thread-1 INFO 新结余为:526.3500
2019-5-15 22:37:30 pool-4-thread-1 INFO 开始：[com.redpigmall.domain.UserDistribution_$$_jvst3a6_2@efb9d3e]的数据获取！
2019-5-15 22:37:30 pool-4-thread-1 INFO 用户1获取为:[com.redpigmall.domain.DistributionCommission_$$_jvst3a6_4@66e4ce63]
2019-5-15 22:37:30 pool-4-thread-1 INFO 用户2获取到的一级分销列表:[[com.redpigmall.domain.UserDistribution_$$_jvst3a6_2@1a84c80d, com.redpigmall.domain.UserDistribution_$$_jvst3a6_2@4e24415a]]
2019-5-15 22:37:30 pool-4-thread-1 INFO 一级分销用户:5获取的数据[[]]
2019-5-15 22:37:30 pool-4-thread-1 INFO 一级分销用户:7获取的数据[[]]
2019-5-15 22:37:30 pool-4-thread-1 INFO 原有的可提现金额为:2907.96
2019-5-15 22:37:30 pool-4-thread-1 INFO 新结余为:2907.9600
2019-5-15 22:37:30 pool-4-thread-1 INFO 开始：[com.redpigmall.domain.UserDistribution_$$_jvst3a6_2@2d95951e]的数据获取！
2019-5-15 22:37:30 pool-4-thread-1 INFO 用户5获取为:[com.redpigmall.domain.DistributionCommission_$$_jvst3a6_4@3ae8a06b]
2019-5-15 22:37:30 pool-4-thread-1 INFO 用户3获取到的一级分销列表:[[com.redpigmall.domain.UserDistribution_$$_jvst3a6_2@45100c82]]
2019-5-15 22:37:30 pool-4-thread-1 INFO 一级分销用户:4获取的数据[[]]
2019-5-15 22:37:30 pool-4-thread-1 INFO 原有的可提现金额为:526.35
2019-5-15 22:37:30 pool-4-thread-1 INFO 新结余为:526.3500
2019-5-15 22:37:30 pool-4-thread-1 INFO 开始：[com.redpigmall.domain.UserDistribution_$$_jvst3a6_2@6be08bfd]的数据获取！
2019-5-15 22:37:30 pool-4-thread-1 INFO 用户6获取为:[com.redpigmall.domain.DistributionCommission_$$_jvst3a6_4@6c6961e9]
2019-5-15 22:37:30 pool-4-thread-1 INFO 用户4获取到的一级分销列表:[[com.redpigmall.domain.UserDistribution_$$_jvst3a6_2@58bd854d]]
2019-5-15 22:37:30 pool-4-thread-1 INFO 一级分销用户:179获取的数据[[]]
2019-5-15 22:37:30 pool-4-thread-1 INFO 原有的可提现金额为:0.00
2019-5-15 22:37:30 pool-4-thread-1 INFO 新结余为:0.0000
2019-5-15 22:37:30 pool-4-thread-1 INFO 开始：[com.redpigmall.domain.UserDistribution_$$_jvst3a6_2@21ce9ff]的数据获取！
2019-5-15 22:37:30 pool-4-thread-1 INFO 用户182获取为:[null]
2019-5-15 22:37:30 pool-4-thread-1 INFO 用户5获取到的一级分销列表:[[]]
2019-5-15 22:37:30 pool-4-thread-1 INFO 开始：[com.redpigmall.domain.UserDistribution_$$_jvst3a6_2@707ffddb]的数据获取！
2019-5-15 22:37:30 pool-4-thread-1 INFO 用户4获取为:[com.redpigmall.domain.DistributionCommission_$$_jvst3a6_4@7b4102f5]
2019-5-15 22:37:30 pool-4-thread-1 INFO 用户6获取到的一级分销列表:[[com.redpigmall.domain.UserDistribution_$$_jvst3a6_2@2c22c545]]
2019-5-15 22:37:30 pool-4-thread-1 INFO 一级分销用户:182获取的数据[[]]
2019-5-15 22:37:30 pool-4-thread-1 INFO 原有的可提现金额为:0.00
2019-5-15 22:37:30 pool-4-thread-1 INFO 新结余为:0.0000
2019-5-15 22:37:30 pool-4-thread-1 INFO 开始：[com.redpigmall.domain.UserDistribution_$$_jvst3a6_2@53ce4249]的数据获取！
2019-5-15 22:37:30 pool-4-thread-1 INFO 用户7获取为:[com.redpigmall.domain.DistributionCommission_$$_jvst3a6_4@7b9bb13c]
2019-5-15 22:37:30 pool-4-thread-1 INFO 用户7获取到的一级分销列表:[[com.redpigmall.domain.UserDistribution_$$_jvst3a6_2@fe7916d]]
2019-5-15 22:37:30 pool-4-thread-1 INFO 一级分销用户:29获取的数据[[]]
2019-5-15 22:37:30 pool-4-thread-1 INFO 原有的可提现金额为:0.00
2019-5-15 22:37:30 pool-4-thread-1 INFO 新结余为:0.0000
2019-5-15 22:37:30 pool-4-thread-1 INFO 开始：[com.redpigmall.domain.UserDistribution_$$_jvst3a6_2@348cf3e1]的数据获取！
2019-5-15 22:37:30 pool-4-thread-1 INFO 用户29获取为:[null]
2019-5-15 22:37:30 pool-4-thread-1 INFO 用户8获取到的一级分销列表:[[]]
2019-5-15 22:37:30 pool-4-thread-1 INFO 开始：[com.redpigmall.domain.UserDistribution_$$_jvst3a6_2@5b2b5802]的数据获取！
2019-5-15 22:37:30 pool-4-thread-1 INFO 用户179获取为:[null]
2019-5-15 22:37:30 pool-4-thread-1 INFO 用户9获取到的一级分销列表:[[]]
2019-5-15 22:38:30 pool-4-thread-1 INFO 开始：[com.redpigmall.domain.UserDistribution_$$_jvst3a6_2@7de4c41d]的数据获取！
2019-5-15 22:38:30 pool-4-thread-1 INFO 用户180获取为:[com.redpigmall.domain.DistributionCommission_$$_jvst3a6_4@75a17498]
2019-5-15 22:38:30 pool-4-thread-1 INFO 用户1获取到的一级分销列表:[[com.redpigmall.domain.UserDistribution_$$_jvst3a6_2@78805fd0, com.redpigmall.domain.UserDistribution_$$_jvst3a6_2@5b05c1c1]]
2019-5-15 22:38:30 pool-4-thread-1 INFO 一级分销用户:1获取的数据[[]]
2019-5-15 22:38:30 pool-4-thread-1 INFO 一级分销用户:6获取的数据[[]]
2019-5-15 22:38:30 pool-4-thread-1 INFO 原有的可提现金额为:526.35
2019-5-15 22:38:30 pool-4-thread-1 INFO 新结余为:526.3500
2019-5-15 22:38:30 pool-4-thread-1 INFO 开始：[com.redpigmall.domain.UserDistribution_$$_jvst3a6_2@23367f60]的数据获取！
2019-5-15 22:38:30 pool-4-thread-1 INFO 用户1获取为:[com.redpigmall.domain.DistributionCommission_$$_jvst3a6_4@24d6d5d8]
2019-5-15 22:38:30 pool-4-thread-1 INFO 用户2获取到的一级分销列表:[[com.redpigmall.domain.UserDistribution_$$_jvst3a6_2@724cacf2, com.redpigmall.domain.UserDistribution_$$_jvst3a6_2@ef5ea18]]
2019-5-15 22:38:30 pool-4-thread-1 INFO 一级分销用户:5获取的数据[[]]
2019-5-15 22:38:30 pool-4-thread-1 INFO 一级分销用户:7获取的数据[[]]
2019-5-15 22:38:30 pool-4-thread-1 INFO 原有的可提现金额为:2907.96
2019-5-15 22:38:30 pool-4-thread-1 INFO 新结余为:2907.9600
2019-5-15 22:38:30 pool-4-thread-1 INFO 开始：[com.redpigmall.domain.UserDistribution_$$_jvst3a6_2@6aa2dd3e]的数据获取！
2019-5-15 22:38:30 pool-4-thread-1 INFO 用户5获取为:[com.redpigmall.domain.DistributionCommission_$$_jvst3a6_4@192062cd]
2019-5-15 22:38:30 pool-4-thread-1 INFO 用户3获取到的一级分销列表:[[com.redpigmall.domain.UserDistribution_$$_jvst3a6_2@5e61e0c6]]
2019-5-15 22:38:30 pool-4-thread-1 INFO 一级分销用户:4获取的数据[[]]
2019-5-15 22:38:30 pool-4-thread-1 INFO 原有的可提现金额为:526.35
2019-5-15 22:38:30 pool-4-thread-1 INFO 新结余为:526.3500
2019-5-15 22:38:30 pool-4-thread-1 INFO 开始：[com.redpigmall.domain.UserDistribution_$$_jvst3a6_2@7a9c04ca]的数据获取！
2019-5-15 22:38:30 pool-4-thread-1 INFO 用户6获取为:[com.redpigmall.domain.DistributionCommission_$$_jvst3a6_4@1e10549c]
2019-5-15 22:38:30 pool-4-thread-1 INFO 用户4获取到的一级分销列表:[[com.redpigmall.domain.UserDistribution_$$_jvst3a6_2@2ab00cf4]]
2019-5-15 22:38:30 pool-4-thread-1 INFO 一级分销用户:179获取的数据[[]]
2019-5-15 22:38:30 pool-4-thread-1 INFO 原有的可提现金额为:0.00
2019-5-15 22:38:30 pool-4-thread-1 INFO 新结余为:0.0000
2019-5-15 22:38:30 pool-4-thread-1 INFO 开始：[com.redpigmall.domain.UserDistribution_$$_jvst3a6_2@7328e6f5]的数据获取！
2019-5-15 22:38:30 pool-4-thread-1 INFO 用户182获取为:[null]
2019-5-15 22:38:30 pool-4-thread-1 INFO 用户5获取到的一级分销列表:[[]]
2019-5-15 22:38:30 pool-4-thread-1 INFO 开始：[com.redpigmall.domain.UserDistribution_$$_jvst3a6_2@490dfdaf]的数据获取！
2019-5-15 22:38:30 pool-4-thread-1 INFO 用户4获取为:[com.redpigmall.domain.DistributionCommission_$$_jvst3a6_4@22873387]
2019-5-15 22:38:30 pool-4-thread-1 INFO 用户6获取到的一级分销列表:[[com.redpigmall.domain.UserDistribution_$$_jvst3a6_2@4c324730]]
2019-5-15 22:38:30 pool-4-thread-1 INFO 一级分销用户:182获取的数据[[]]
2019-5-15 22:38:30 pool-4-thread-1 INFO 原有的可提现金额为:0.00
2019-5-15 22:38:30 pool-4-thread-1 INFO 新结余为:0.0000
2019-5-15 22:38:30 pool-4-thread-1 INFO 开始：[com.redpigmall.domain.UserDistribution_$$_jvst3a6_2@3dd8ed1f]的数据获取！
2019-5-15 22:38:30 pool-4-thread-1 INFO 用户7获取为:[com.redpigmall.domain.DistributionCommission_$$_jvst3a6_4@5ae0e899]
2019-5-15 22:38:30 pool-4-thread-1 INFO 用户7获取到的一级分销列表:[[com.redpigmall.domain.UserDistribution_$$_jvst3a6_2@16b9bff6]]
2019-5-15 22:38:30 pool-4-thread-1 INFO 一级分销用户:29获取的数据[[]]
2019-5-15 22:38:30 pool-4-thread-1 INFO 原有的可提现金额为:0.00
2019-5-15 22:38:30 pool-4-thread-1 INFO 新结余为:0.0000
2019-5-15 22:38:30 pool-4-thread-1 INFO 开始：[com.redpigmall.domain.UserDistribution_$$_jvst3a6_2@1b214bd9]的数据获取！
2019-5-15 22:38:30 pool-4-thread-1 INFO 用户29获取为:[null]
2019-5-15 22:38:30 pool-4-thread-1 INFO 用户8获取到的一级分销列表:[[]]
2019-5-15 22:38:30 pool-4-thread-1 INFO 开始：[com.redpigmall.domain.UserDistribution_$$_jvst3a6_2@50ebb6f1]的数据获取！
2019-5-15 22:38:30 pool-4-thread-1 INFO 用户179获取为:[null]
2019-5-15 22:38:30 pool-4-thread-1 INFO 用户9获取到的一级分销列表:[[]]
2019-5-15 22:39:30 pool-4-thread-1 INFO 开始：[com.redpigmall.domain.UserDistribution_$$_jvst3a6_2@3ab176da]的数据获取！
2019-5-15 22:39:30 pool-4-thread-1 INFO 用户180获取为:[com.redpigmall.domain.DistributionCommission_$$_jvst3a6_4@dd9bd84]
2019-5-15 22:39:30 pool-4-thread-1 INFO 用户1获取到的一级分销列表:[[com.redpigmall.domain.UserDistribution_$$_jvst3a6_2@7506bbf5, com.redpigmall.domain.UserDistribution_$$_jvst3a6_2@332aa954]]
2019-5-15 22:39:30 pool-4-thread-1 INFO 一级分销用户:1获取的数据[[]]
2019-5-15 22:39:30 pool-4-thread-1 INFO 一级分销用户:6获取的数据[[]]
2019-5-15 22:39:30 pool-4-thread-1 INFO 原有的可提现金额为:526.35
2019-5-15 22:39:30 pool-4-thread-1 INFO 新结余为:526.3500
2019-5-15 22:39:30 pool-4-thread-1 INFO 开始：[com.redpigmall.domain.UserDistribution_$$_jvst3a6_2@347a3010]的数据获取！
2019-5-15 22:39:30 pool-4-thread-1 INFO 用户1获取为:[com.redpigmall.domain.DistributionCommission_$$_jvst3a6_4@7023887a]
2019-5-15 22:39:30 pool-4-thread-1 INFO 用户2获取到的一级分销列表:[[com.redpigmall.domain.UserDistribution_$$_jvst3a6_2@4990d703, com.redpigmall.domain.UserDistribution_$$_jvst3a6_2@80610b7]]
2019-5-15 22:39:30 pool-4-thread-1 INFO 一级分销用户:5获取的数据[[]]
2019-5-15 22:39:30 pool-4-thread-1 INFO 一级分销用户:7获取的数据[[]]
2019-5-15 22:39:30 pool-4-thread-1 INFO 原有的可提现金额为:2907.96
2019-5-15 22:39:30 pool-4-thread-1 INFO 新结余为:2907.9600
2019-5-15 22:39:30 pool-4-thread-1 INFO 开始：[com.redpigmall.domain.UserDistribution_$$_jvst3a6_2@38f92ae4]的数据获取！
2019-5-15 22:39:30 pool-4-thread-1 INFO 用户5获取为:[com.redpigmall.domain.DistributionCommission_$$_jvst3a6_4@6dfad3d4]
2019-5-15 22:39:30 pool-4-thread-1 INFO 用户3获取到的一级分销列表:[[com.redpigmall.domain.UserDistribution_$$_jvst3a6_2@2e2a9c94]]
2019-5-15 22:39:30 pool-4-thread-1 INFO 一级分销用户:4获取的数据[[]]
2019-5-15 22:39:30 pool-4-thread-1 INFO 原有的可提现金额为:526.35
2019-5-15 22:39:30 pool-4-thread-1 INFO 新结余为:526.3500
2019-5-15 22:39:30 pool-4-thread-1 INFO 开始：[com.redpigmall.domain.UserDistribution_$$_jvst3a6_2@3737dda6]的数据获取！
2019-5-15 22:39:30 pool-4-thread-1 INFO 用户6获取为:[com.redpigmall.domain.DistributionCommission_$$_jvst3a6_4@57e9bff5]
2019-5-15 22:39:30 pool-4-thread-1 INFO 用户4获取到的一级分销列表:[[com.redpigmall.domain.UserDistribution_$$_jvst3a6_2@2bdf4d0f]]
2019-5-15 22:39:30 pool-4-thread-1 INFO 一级分销用户:179获取的数据[[]]
2019-5-15 22:39:30 pool-4-thread-1 INFO 原有的可提现金额为:0.00
2019-5-15 22:39:30 pool-4-thread-1 INFO 新结余为:0.0000
2019-5-15 22:39:30 pool-4-thread-1 INFO 开始：[com.redpigmall.domain.UserDistribution_$$_jvst3a6_2@436ba601]的数据获取！
2019-5-15 22:39:30 pool-4-thread-1 INFO 用户182获取为:[null]
2019-5-15 22:39:30 pool-4-thread-1 INFO 用户5获取到的一级分销列表:[[]]
2019-5-15 22:39:30 pool-4-thread-1 INFO 开始：[com.redpigmall.domain.UserDistribution_$$_jvst3a6_2@33cce965]的数据获取！
2019-5-15 22:39:30 pool-4-thread-1 INFO 用户4获取为:[com.redpigmall.domain.DistributionCommission_$$_jvst3a6_4@66aa7068]
2019-5-15 22:39:30 pool-4-thread-1 INFO 用户6获取到的一级分销列表:[[com.redpigmall.domain.UserDistribution_$$_jvst3a6_2@57de39c2]]
2019-5-15 22:39:30 pool-4-thread-1 INFO 一级分销用户:182获取的数据[[]]
2019-5-15 22:39:30 pool-4-thread-1 INFO 原有的可提现金额为:0.00
2019-5-15 22:39:30 pool-4-thread-1 INFO 新结余为:0.0000
2019-5-15 22:39:30 pool-4-thread-1 INFO 开始：[com.redpigmall.domain.UserDistribution_$$_jvst3a6_2@36d46c74]的数据获取！
2019-5-15 22:39:30 pool-4-thread-1 INFO 用户7获取为:[com.redpigmall.domain.DistributionCommission_$$_jvst3a6_4@76606551]
2019-5-15 22:39:30 pool-4-thread-1 INFO 用户7获取到的一级分销列表:[[com.redpigmall.domain.UserDistribution_$$_jvst3a6_2@4df087ed]]
2019-5-15 22:39:30 pool-4-thread-1 INFO 一级分销用户:29获取的数据[[]]
2019-5-15 22:39:30 pool-4-thread-1 INFO 原有的可提现金额为:0.00
2019-5-15 22:39:30 pool-4-thread-1 INFO 新结余为:0.0000
2019-5-15 22:39:30 pool-4-thread-1 INFO 开始：[com.redpigmall.domain.UserDistribution_$$_jvst3a6_2@87ec634]的数据获取！
2019-5-15 22:39:30 pool-4-thread-1 INFO 用户29获取为:[null]
2019-5-15 22:39:30 pool-4-thread-1 INFO 用户8获取到的一级分销列表:[[]]
2019-5-15 22:39:30 pool-4-thread-1 INFO 开始：[com.redpigmall.domain.UserDistribution_$$_jvst3a6_2@12cbb135]的数据获取！
2019-5-15 22:39:30 pool-4-thread-1 INFO 用户179获取为:[null]
2019-5-15 22:39:30 pool-4-thread-1 INFO 用户9获取到的一级分销列表:[[]]
2019-5-15 22:40:30 pool-4-thread-1 INFO 开始：[com.redpigmall.domain.UserDistribution_$$_jvst3a6_2@5ffb36a3]的数据获取！
2019-5-15 22:40:30 pool-4-thread-1 INFO 用户180获取为:[com.redpigmall.domain.DistributionCommission_$$_jvst3a6_4@d3c8f24]
2019-5-15 22:40:30 pool-4-thread-1 INFO 用户1获取到的一级分销列表:[[com.redpigmall.domain.UserDistribution_$$_jvst3a6_2@293d8627, com.redpigmall.domain.UserDistribution_$$_jvst3a6_2@730cfe26]]
2019-5-15 22:40:30 pool-4-thread-1 INFO 一级分销用户:1获取的数据[[]]
2019-5-15 22:40:30 pool-4-thread-1 INFO 一级分销用户:6获取的数据[[]]
2019-5-15 22:40:30 pool-4-thread-1 INFO 原有的可提现金额为:526.35
2019-5-15 22:40:30 pool-4-thread-1 INFO 新结余为:526.3500
2019-5-15 22:40:30 pool-4-thread-1 INFO 开始：[com.redpigmall.domain.UserDistribution_$$_jvst3a6_2@56632161]的数据获取！
2019-5-15 22:40:30 pool-4-thread-1 INFO 用户1获取为:[com.redpigmall.domain.DistributionCommission_$$_jvst3a6_4@2412a881]
2019-5-15 22:40:30 pool-4-thread-1 INFO 用户2获取到的一级分销列表:[[com.redpigmall.domain.UserDistribution_$$_jvst3a6_2@2bf30246, com.redpigmall.domain.UserDistribution_$$_jvst3a6_2@3d96a959]]
2019-5-15 22:40:30 pool-4-thread-1 INFO 一级分销用户:5获取的数据[[]]
2019-5-15 22:40:30 pool-4-thread-1 INFO 一级分销用户:7获取的数据[[]]
2019-5-15 22:40:30 pool-4-thread-1 INFO 原有的可提现金额为:2907.96
2019-5-15 22:40:30 pool-4-thread-1 INFO 新结余为:2907.9600
2019-5-15 22:40:30 pool-4-thread-1 INFO 开始：[com.redpigmall.domain.UserDistribution_$$_jvst3a6_2@37b39aac]的数据获取！
2019-5-15 22:40:30 pool-4-thread-1 INFO 用户5获取为:[com.redpigmall.domain.DistributionCommission_$$_jvst3a6_4@6548b11f]
2019-5-15 22:40:30 pool-4-thread-1 INFO 用户3获取到的一级分销列表:[[com.redpigmall.domain.UserDistribution_$$_jvst3a6_2@573a3398]]
2019-5-15 22:40:30 pool-4-thread-1 INFO 一级分销用户:4获取的数据[[]]
2019-5-15 22:40:30 pool-4-thread-1 INFO 原有的可提现金额为:526.35
2019-5-15 22:40:30 pool-4-thread-1 INFO 新结余为:526.3500
2019-5-15 22:40:30 pool-4-thread-1 INFO 开始：[com.redpigmall.domain.UserDistribution_$$_jvst3a6_2@2590fa2a]的数据获取！
2019-5-15 22:40:30 pool-4-thread-1 INFO 用户6获取为:[com.redpigmall.domain.DistributionCommission_$$_jvst3a6_4@4e2ad131]
2019-5-15 22:40:30 pool-4-thread-1 INFO 用户4获取到的一级分销列表:[[com.redpigmall.domain.UserDistribution_$$_jvst3a6_2@16b7c42b]]
2019-5-15 22:40:30 pool-4-thread-1 INFO 一级分销用户:179获取的数据[[]]
2019-5-15 22:40:30 pool-4-thread-1 INFO 原有的可提现金额为:0.00
2019-5-15 22:40:30 pool-4-thread-1 INFO 新结余为:0.0000
2019-5-15 22:40:30 pool-4-thread-1 INFO 开始：[com.redpigmall.domain.UserDistribution_$$_jvst3a6_2@74200537]的数据获取！
2019-5-15 22:40:30 pool-4-thread-1 INFO 用户182获取为:[null]
2019-5-15 22:40:30 pool-4-thread-1 INFO 用户5获取到的一级分销列表:[[]]
2019-5-15 22:40:30 pool-4-thread-1 INFO 开始：[com.redpigmall.domain.UserDistribution_$$_jvst3a6_2@4ebcb7e8]的数据获取！
2019-5-15 22:40:30 pool-4-thread-1 INFO 用户4获取为:[com.redpigmall.domain.DistributionCommission_$$_jvst3a6_4@6ac84d03]
2019-5-15 22:40:30 pool-4-thread-1 INFO 用户6获取到的一级分销列表:[[com.redpigmall.domain.UserDistribution_$$_jvst3a6_2@73320b38]]
2019-5-15 22:40:30 pool-4-thread-1 INFO 一级分销用户:182获取的数据[[]]
2019-5-15 22:40:30 pool-4-thread-1 INFO 原有的可提现金额为:0.00
2019-5-15 22:40:30 pool-4-thread-1 INFO 新结余为:0.0000
2019-5-15 22:40:30 pool-4-thread-1 INFO 开始：[com.redpigmall.domain.UserDistribution_$$_jvst3a6_2@2a3d3df0]的数据获取！
2019-5-15 22:40:30 pool-4-thread-1 INFO 用户7获取为:[com.redpigmall.domain.DistributionCommission_$$_jvst3a6_4@15095ad4]
2019-5-15 22:40:30 pool-4-thread-1 INFO 用户7获取到的一级分销列表:[[com.redpigmall.domain.UserDistribution_$$_jvst3a6_2@749d0230]]
2019-5-15 22:40:30 pool-4-thread-1 INFO 一级分销用户:29获取的数据[[]]
2019-5-15 22:40:30 pool-4-thread-1 INFO 原有的可提现金额为:0.00
2019-5-15 22:40:30 pool-4-thread-1 INFO 新结余为:0.0000
2019-5-15 22:40:30 pool-4-thread-1 INFO 开始：[com.redpigmall.domain.UserDistribution_$$_jvst3a6_2@48f80d9a]的数据获取！
2019-5-15 22:40:30 pool-4-thread-1 INFO 用户29获取为:[null]
2019-5-15 22:40:30 pool-4-thread-1 INFO 用户8获取到的一级分销列表:[[]]
2019-5-15 22:40:30 pool-4-thread-1 INFO 开始：[com.redpigmall.domain.UserDistribution_$$_jvst3a6_2@587db269]的数据获取！
2019-5-15 22:40:30 pool-4-thread-1 INFO 用户179获取为:[null]
2019-5-15 22:40:30 pool-4-thread-1 INFO 用户9获取到的一级分销列表:[[]]
2019-5-15 22:41:30 pool-4-thread-1 INFO 开始：[com.redpigmall.domain.UserDistribution_$$_jvst3a6_2@47806925]的数据获取！
2019-5-15 22:41:30 pool-4-thread-1 INFO 用户180获取为:[com.redpigmall.domain.DistributionCommission_$$_jvst3a6_4@652cd2ce]
2019-5-15 22:41:30 pool-4-thread-1 INFO 用户1获取到的一级分销列表:[[com.redpigmall.domain.UserDistribution_$$_jvst3a6_2@650118fb, com.redpigmall.domain.UserDistribution_$$_jvst3a6_2@cc4bf1a]]
2019-5-15 22:41:30 pool-4-thread-1 INFO 一级分销用户:1获取的数据[[]]
2019-5-15 22:41:30 pool-4-thread-1 INFO 一级分销用户:6获取的数据[[]]
2019-5-15 22:41:30 pool-4-thread-1 INFO 原有的可提现金额为:526.35
2019-5-15 22:41:30 pool-4-thread-1 INFO 新结余为:526.3500
2019-5-15 22:41:30 pool-4-thread-1 INFO 开始：[com.redpigmall.domain.UserDistribution_$$_jvst3a6_2@2114e18]的数据获取！
2019-5-15 22:41:30 pool-4-thread-1 INFO 用户1获取为:[com.redpigmall.domain.DistributionCommission_$$_jvst3a6_4@1f81667a]
2019-5-15 22:41:30 pool-4-thread-1 INFO 用户2获取到的一级分销列表:[[com.redpigmall.domain.UserDistribution_$$_jvst3a6_2@b60aff0, com.redpigmall.domain.UserDistribution_$$_jvst3a6_2@2e6ad00f]]
2019-5-15 22:41:30 pool-4-thread-1 INFO 一级分销用户:5获取的数据[[]]
2019-5-15 22:41:30 pool-4-thread-1 INFO 一级分销用户:7获取的数据[[]]
2019-5-15 22:41:30 pool-4-thread-1 INFO 原有的可提现金额为:2907.96
2019-5-15 22:41:30 pool-4-thread-1 INFO 新结余为:2907.9600
2019-5-15 22:41:30 pool-4-thread-1 INFO 开始：[com.redpigmall.domain.UserDistribution_$$_jvst3a6_2@343d719a]的数据获取！
2019-5-15 22:41:30 pool-4-thread-1 INFO 用户5获取为:[com.redpigmall.domain.DistributionCommission_$$_jvst3a6_4@4bb470a8]
2019-5-15 22:41:30 pool-4-thread-1 INFO 用户3获取到的一级分销列表:[[com.redpigmall.domain.UserDistribution_$$_jvst3a6_2@e373727]]
2019-5-15 22:41:30 pool-4-thread-1 INFO 一级分销用户:4获取的数据[[]]
2019-5-15 22:41:30 pool-4-thread-1 INFO 原有的可提现金额为:526.35
2019-5-15 22:41:30 pool-4-thread-1 INFO 新结余为:526.3500
2019-5-15 22:41:30 pool-4-thread-1 INFO 开始：[com.redpigmall.domain.UserDistribution_$$_jvst3a6_2@27304db2]的数据获取！
2019-5-15 22:41:30 pool-4-thread-1 INFO 用户6获取为:[com.redpigmall.domain.DistributionCommission_$$_jvst3a6_4@215e5a63]
2019-5-15 22:41:30 pool-4-thread-1 INFO 用户4获取到的一级分销列表:[[com.redpigmall.domain.UserDistribution_$$_jvst3a6_2@6828bc01]]
2019-5-15 22:41:30 pool-4-thread-1 INFO 一级分销用户:179获取的数据[[]]
2019-5-15 22:41:30 pool-4-thread-1 INFO 原有的可提现金额为:0.00
2019-5-15 22:41:30 pool-4-thread-1 INFO 新结余为:0.0000
2019-5-15 22:41:30 pool-4-thread-1 INFO 开始：[com.redpigmall.domain.UserDistribution_$$_jvst3a6_2@2b04625e]的数据获取！
2019-5-15 22:41:30 pool-4-thread-1 INFO 用户182获取为:[null]
2019-5-15 22:41:30 pool-4-thread-1 INFO 用户5获取到的一级分销列表:[[]]
2019-5-15 22:41:30 pool-4-thread-1 INFO 开始：[com.redpigmall.domain.UserDistribution_$$_jvst3a6_2@560f2bd7]的数据获取！
2019-5-15 22:41:30 pool-4-thread-1 INFO 用户4获取为:[com.redpigmall.domain.DistributionCommission_$$_jvst3a6_4@47cc991b]
2019-5-15 22:41:30 pool-4-thread-1 INFO 用户6获取到的一级分销列表:[[com.redpigmall.domain.UserDistribution_$$_jvst3a6_2@3bd69a06]]
2019-5-15 22:41:30 pool-4-thread-1 INFO 一级分销用户:182获取的数据[[]]
2019-5-15 22:41:30 pool-4-thread-1 INFO 原有的可提现金额为:0.00
2019-5-15 22:41:30 pool-4-thread-1 INFO 新结余为:0.0000
2019-5-15 22:41:30 pool-4-thread-1 INFO 开始：[com.redpigmall.domain.UserDistribution_$$_jvst3a6_2@1b1de337]的数据获取！
2019-5-15 22:41:30 pool-4-thread-1 INFO 用户7获取为:[com.redpigmall.domain.DistributionCommission_$$_jvst3a6_4@15b5b96a]
2019-5-15 22:41:30 pool-4-thread-1 INFO 用户7获取到的一级分销列表:[[com.redpigmall.domain.UserDistribution_$$_jvst3a6_2@6e0771f6]]
2019-5-15 22:41:30 pool-4-thread-1 INFO 一级分销用户:29获取的数据[[]]
2019-5-15 22:41:30 pool-4-thread-1 INFO 原有的可提现金额为:0.00
2019-5-15 22:41:30 pool-4-thread-1 INFO 新结余为:0.0000
2019-5-15 22:41:30 pool-4-thread-1 INFO 开始：[com.redpigmall.domain.UserDistribution_$$_jvst3a6_2@77b1ca62]的数据获取！
2019-5-15 22:41:30 pool-4-thread-1 INFO 用户29获取为:[null]
2019-5-15 22:41:30 pool-4-thread-1 INFO 用户8获取到的一级分销列表:[[]]
2019-5-15 22:41:30 pool-4-thread-1 INFO 开始：[com.redpigmall.domain.UserDistribution_$$_jvst3a6_2@5937ab51]的数据获取！
2019-5-15 22:41:30 pool-4-thread-1 INFO 用户179获取为:[null]
2019-5-15 22:41:30 pool-4-thread-1 INFO 用户9获取到的一级分销列表:[[]]
2019-5-15 22:42:30 pool-4-thread-1 INFO 开始：[com.redpigmall.domain.UserDistribution_$$_jvst3a6_2@36e84e0]的数据获取！
2019-5-15 22:42:30 pool-4-thread-1 INFO 用户180获取为:[com.redpigmall.domain.DistributionCommission_$$_jvst3a6_4@21db7753]
2019-5-15 22:42:30 pool-4-thread-1 INFO 用户1获取到的一级分销列表:[[com.redpigmall.domain.UserDistribution_$$_jvst3a6_2@5b5b56b4, com.redpigmall.domain.UserDistribution_$$_jvst3a6_2@25153024]]
2019-5-15 22:42:30 pool-4-thread-1 INFO 一级分销用户:1获取的数据[[]]
2019-5-15 22:42:30 pool-4-thread-1 INFO 一级分销用户:6获取的数据[[]]
2019-5-15 22:42:30 pool-4-thread-1 INFO 原有的可提现金额为:526.35
2019-5-15 22:42:30 pool-4-thread-1 INFO 新结余为:526.3500
2019-5-15 22:42:30 pool-4-thread-1 INFO 开始：[com.redpigmall.domain.UserDistribution_$$_jvst3a6_2@ae2fa46]的数据获取！
2019-5-15 22:42:30 pool-4-thread-1 INFO 用户1获取为:[com.redpigmall.domain.DistributionCommission_$$_jvst3a6_4@56abcf80]
2019-5-15 22:42:30 pool-4-thread-1 INFO 用户2获取到的一级分销列表:[[com.redpigmall.domain.UserDistribution_$$_jvst3a6_2@6e29861c, com.redpigmall.domain.UserDistribution_$$_jvst3a6_2@6c70ad87]]
2019-5-15 22:42:30 pool-4-thread-1 INFO 一级分销用户:5获取的数据[[]]
2019-5-15 22:42:30 pool-4-thread-1 INFO 一级分销用户:7获取的数据[[]]
2019-5-15 22:42:30 pool-4-thread-1 INFO 原有的可提现金额为:2907.96
2019-5-15 22:42:30 pool-4-thread-1 INFO 新结余为:2907.9600
2019-5-15 22:42:30 pool-4-thread-1 INFO 开始：[com.redpigmall.domain.UserDistribution_$$_jvst3a6_2@4882db00]的数据获取！
2019-5-15 22:42:30 pool-4-thread-1 INFO 用户5获取为:[com.redpigmall.domain.DistributionCommission_$$_jvst3a6_4@63570b87]
2019-5-15 22:42:30 pool-4-thread-1 INFO 用户3获取到的一级分销列表:[[com.redpigmall.domain.UserDistribution_$$_jvst3a6_2@2d3c4bf1]]
2019-5-15 22:42:30 pool-4-thread-1 INFO 一级分销用户:4获取的数据[[]]
2019-5-15 22:42:30 pool-4-thread-1 INFO 原有的可提现金额为:526.35
2019-5-15 22:42:30 pool-4-thread-1 INFO 新结余为:526.3500
2019-5-15 22:42:30 pool-4-thread-1 INFO 开始：[com.redpigmall.domain.UserDistribution_$$_jvst3a6_2@1ab1f8db]的数据获取！
2019-5-15 22:42:30 pool-4-thread-1 INFO 用户6获取为:[com.redpigmall.domain.DistributionCommission_$$_jvst3a6_4@7e3412de]
2019-5-15 22:42:30 pool-4-thread-1 INFO 用户4获取到的一级分销列表:[[com.redpigmall.domain.UserDistribution_$$_jvst3a6_2@1cb6b43f]]
2019-5-15 22:42:30 pool-4-thread-1 INFO 一级分销用户:179获取的数据[[]]
2019-5-15 22:42:30 pool-4-thread-1 INFO 原有的可提现金额为:0.00
2019-5-15 22:42:30 pool-4-thread-1 INFO 新结余为:0.0000
2019-5-15 22:42:30 pool-4-thread-1 INFO 开始：[com.redpigmall.domain.UserDistribution_$$_jvst3a6_2@2f9c7c4b]的数据获取！
2019-5-15 22:42:30 pool-4-thread-1 INFO 用户182获取为:[null]
2019-5-15 22:42:30 pool-4-thread-1 INFO 用户5获取到的一级分销列表:[[]]
2019-5-15 22:42:30 pool-4-thread-1 INFO 开始：[com.redpigmall.domain.UserDistribution_$$_jvst3a6_2@1c4c174a]的数据获取！
2019-5-15 22:42:30 pool-4-thread-1 INFO 用户4获取为:[com.redpigmall.domain.DistributionCommission_$$_jvst3a6_4@634887c2]
2019-5-15 22:42:30 pool-4-thread-1 INFO 用户6获取到的一级分销列表:[[com.redpigmall.domain.UserDistribution_$$_jvst3a6_2@3d2772ae]]
2019-5-15 22:42:30 pool-4-thread-1 INFO 一级分销用户:182获取的数据[[]]
2019-5-15 22:42:30 pool-4-thread-1 INFO 原有的可提现金额为:0.00
2019-5-15 22:42:30 pool-4-thread-1 INFO 新结余为:0.0000
2019-5-15 22:42:30 pool-4-thread-1 INFO 开始：[com.redpigmall.domain.UserDistribution_$$_jvst3a6_2@592345c2]的数据获取！
2019-5-15 22:42:30 pool-4-thread-1 INFO 用户7获取为:[com.redpigmall.domain.DistributionCommission_$$_jvst3a6_4@669eecc]
2019-5-15 22:42:30 pool-4-thread-1 INFO 用户7获取到的一级分销列表:[[com.redpigmall.domain.UserDistribution_$$_jvst3a6_2@96db67]]
2019-5-15 22:42:30 pool-4-thread-1 INFO 一级分销用户:29获取的数据[[]]
2019-5-15 22:42:30 pool-4-thread-1 INFO 原有的可提现金额为:0.00
2019-5-15 22:42:30 pool-4-thread-1 INFO 新结余为:0.0000
2019-5-15 22:42:30 pool-4-thread-1 INFO 开始：[com.redpigmall.domain.UserDistribution_$$_jvst3a6_2@76f43286]的数据获取！
2019-5-15 22:42:30 pool-4-thread-1 INFO 用户29获取为:[null]
2019-5-15 22:42:30 pool-4-thread-1 INFO 用户8获取到的一级分销列表:[[]]
2019-5-15 22:42:30 pool-4-thread-1 INFO 开始：[com.redpigmall.domain.UserDistribution_$$_jvst3a6_2@46553056]的数据获取！
2019-5-15 22:42:30 pool-4-thread-1 INFO 用户179获取为:[null]
2019-5-15 22:42:30 pool-4-thread-1 INFO 用户9获取到的一级分销列表:[[]]
2019-5-15 22:43:30 pool-4-thread-1 INFO 开始：[com.redpigmall.domain.UserDistribution_$$_jvst3a6_2@4834de29]的数据获取！
2019-5-15 22:43:30 pool-4-thread-1 INFO 用户180获取为:[com.redpigmall.domain.DistributionCommission_$$_jvst3a6_4@1d8416b5]
2019-5-15 22:43:30 pool-4-thread-1 INFO 用户1获取到的一级分销列表:[[com.redpigmall.domain.UserDistribution_$$_jvst3a6_2@407833a, com.redpigmall.domain.UserDistribution_$$_jvst3a6_2@4a770d85]]
2019-5-15 22:43:30 pool-4-thread-1 INFO 一级分销用户:1获取的数据[[]]
2019-5-15 22:43:30 pool-4-thread-1 INFO 一级分销用户:6获取的数据[[]]
2019-5-15 22:43:30 pool-4-thread-1 INFO 原有的可提现金额为:526.35
2019-5-15 22:43:30 pool-4-thread-1 INFO 新结余为:526.3500
2019-5-15 22:43:30 pool-4-thread-1 INFO 开始：[com.redpigmall.domain.UserDistribution_$$_jvst3a6_2@37e314e8]的数据获取！
2019-5-15 22:43:30 pool-4-thread-1 INFO 用户1获取为:[com.redpigmall.domain.DistributionCommission_$$_jvst3a6_4@764712e4]
2019-5-15 22:43:30 pool-4-thread-1 INFO 用户2获取到的一级分销列表:[[com.redpigmall.domain.UserDistribution_$$_jvst3a6_2@3fd0c6ba, com.redpigmall.domain.UserDistribution_$$_jvst3a6_2@3ce9dfd2]]
2019-5-15 22:43:30 pool-4-thread-1 INFO 一级分销用户:5获取的数据[[]]
2019-5-15 22:43:30 pool-4-thread-1 INFO 一级分销用户:7获取的数据[[]]
2019-5-15 22:43:30 pool-4-thread-1 INFO 原有的可提现金额为:2907.96
2019-5-15 22:43:30 pool-4-thread-1 INFO 新结余为:2907.9600
2019-5-15 22:43:30 pool-4-thread-1 INFO 开始：[com.redpigmall.domain.UserDistribution_$$_jvst3a6_2@f7723d5]的数据获取！
2019-5-15 22:43:30 pool-4-thread-1 INFO 用户5获取为:[com.redpigmall.domain.DistributionCommission_$$_jvst3a6_4@5af4803d]
2019-5-15 22:43:30 pool-4-thread-1 INFO 用户3获取到的一级分销列表:[[com.redpigmall.domain.UserDistribution_$$_jvst3a6_2@1a2b8b07]]
2019-5-15 22:43:30 pool-4-thread-1 INFO 一级分销用户:4获取的数据[[]]
2019-5-15 22:43:30 pool-4-thread-1 INFO 原有的可提现金额为:526.35
2019-5-15 22:43:30 pool-4-thread-1 INFO 新结余为:526.3500
2019-5-15 22:43:30 pool-4-thread-1 INFO 开始：[com.redpigmall.domain.UserDistribution_$$_jvst3a6_2@26e05cf9]的数据获取！
2019-5-15 22:43:30 pool-4-thread-1 INFO 用户6获取为:[com.redpigmall.domain.DistributionCommission_$$_jvst3a6_4@274bb0b5]
2019-5-15 22:43:30 pool-4-thread-1 INFO 用户4获取到的一级分销列表:[[com.redpigmall.domain.UserDistribution_$$_jvst3a6_2@4003c851]]
2019-5-15 22:43:30 pool-4-thread-1 INFO 一级分销用户:179获取的数据[[]]
2019-5-15 22:43:30 pool-4-thread-1 INFO 原有的可提现金额为:0.00
2019-5-15 22:43:30 pool-4-thread-1 INFO 新结余为:0.0000
2019-5-15 22:43:30 pool-4-thread-1 INFO 开始：[com.redpigmall.domain.UserDistribution_$$_jvst3a6_2@75980cf8]的数据获取！
2019-5-15 22:43:30 pool-4-thread-1 INFO 用户182获取为:[null]
2019-5-15 22:43:30 pool-4-thread-1 INFO 用户5获取到的一级分销列表:[[]]
2019-5-15 22:43:30 pool-4-thread-1 INFO 开始：[com.redpigmall.domain.UserDistribution_$$_jvst3a6_2@a256876]的数据获取！
2019-5-15 22:43:30 pool-4-thread-1 INFO 用户4获取为:[com.redpigmall.domain.DistributionCommission_$$_jvst3a6_4@31e345f4]
2019-5-15 22:43:30 pool-4-thread-1 INFO 用户6获取到的一级分销列表:[[com.redpigmall.domain.UserDistribution_$$_jvst3a6_2@55eb5de8]]
2019-5-15 22:43:30 pool-4-thread-1 INFO 一级分销用户:182获取的数据[[]]
2019-5-15 22:43:30 pool-4-thread-1 INFO 原有的可提现金额为:0.00
2019-5-15 22:43:30 pool-4-thread-1 INFO 新结余为:0.0000
2019-5-15 22:43:30 pool-4-thread-1 INFO 开始：[com.redpigmall.domain.UserDistribution_$$_jvst3a6_2@127da9cc]的数据获取！
2019-5-15 22:43:30 pool-4-thread-1 INFO 用户7获取为:[com.redpigmall.domain.DistributionCommission_$$_jvst3a6_4@5b035dbd]
2019-5-15 22:43:30 pool-4-thread-1 INFO 用户7获取到的一级分销列表:[[com.redpigmall.domain.UserDistribution_$$_jvst3a6_2@56d53848]]
2019-5-15 22:43:30 pool-4-thread-1 INFO 一级分销用户:29获取的数据[[]]
2019-5-15 22:43:30 pool-4-thread-1 INFO 原有的可提现金额为:0.00
2019-5-15 22:43:30 pool-4-thread-1 INFO 新结余为:0.0000
2019-5-15 22:43:30 pool-4-thread-1 INFO 开始：[com.redpigmall.domain.UserDistribution_$$_jvst3a6_2@5403bec2]的数据获取！
2019-5-15 22:43:30 pool-4-thread-1 INFO 用户29获取为:[null]
2019-5-15 22:43:30 pool-4-thread-1 INFO 用户8获取到的一级分销列表:[[]]
2019-5-15 22:43:30 pool-4-thread-1 INFO 开始：[com.redpigmall.domain.UserDistribution_$$_jvst3a6_2@2ab27b6b]的数据获取！
2019-5-15 22:43:30 pool-4-thread-1 INFO 用户179获取为:[null]
2019-5-15 22:43:30 pool-4-thread-1 INFO 用户9获取到的一级分销列表:[[]]
