2019-6-29 16:53:13 restartedMain INFO Starting RedPigWebAdmin on PC-20180115OHFV with PID 7912 (F:\work_yemaill\ye_maill\redpig-web-admin\target\classes started by Administrator in F:\work_yemaill\ye_maill\redpig-web-admin)
2019-6-29 16:53:13 restartedMain DEBUG Running with Spring Boot v2.0.2.RELEASE, Spring v5.0.6.RELEASE
2019-6-29 16:53:13 restartedMain INFO No active profile set, falling back to default profiles: default
2019-6-29 16:54:13 localhost-startStop-1 INFO init Druid Servlet Configuration 
2019-6-29 16:54:20 localhost-startStop-1 DEBUG 开始初始化SpringUtil...
2019-6-29 16:54:20 localhost-startStop-1 DEBUG web root abs path=F:\work_yemaill\ye_maill\redpig-web-admin\src\main\webapp\
2019-6-29 16:54:20 localhost-startStop-1 DEBUG SpringUtil初始化完成.
2019-6-29 16:56:21 restartedMain INFO Started RedPigWebAdmin in 200.844 seconds (JVM running for 214.31)
2019-6-29 16:56:30 pool-4-thread-1 INFO 开始：[com.redpigmall.domain.UserDistribution_$$_jvstf11_2@6deb748a]的数据获取！
2019-6-29 16:56:30 pool-4-thread-1 INFO 用户180获取为:[com.redpigmall.domain.DistributionCommission_$$_jvstf11_4@95cc5f4]
2019-6-29 16:56:30 pool-4-thread-1 INFO 用户1获取到的一级分销列表:[[com.redpigmall.domain.UserDistribution_$$_jvstf11_2@7ce8280e, com.redpigmall.domain.UserDistribution_$$_jvstf11_2@26423be9]]
2019-6-29 16:56:30 pool-4-thread-1 INFO 一级分销用户:1获取的数据[[]]
2019-6-29 16:56:30 pool-4-thread-1 INFO 一级分销用户:6获取的数据[[]]
2019-6-29 16:56:30 pool-4-thread-1 INFO 原有的可提现金额为:526.35
2019-6-29 16:56:30 pool-4-thread-1 INFO 新结余为:526.3500
2019-6-29 16:56:30 pool-4-thread-1 INFO 开始：[com.redpigmall.domain.UserDistribution_$$_jvstf11_2@61fd1750]的数据获取！
2019-6-29 16:56:30 pool-4-thread-1 INFO 用户1获取为:[com.redpigmall.domain.DistributionCommission_$$_jvstf11_4@77cb1715]
2019-6-29 16:56:30 pool-4-thread-1 INFO 用户2获取到的一级分销列表:[[com.redpigmall.domain.UserDistribution_$$_jvstf11_2@393c9cd4, com.redpigmall.domain.UserDistribution_$$_jvstf11_2@6518b433]]
2019-6-29 16:56:30 pool-4-thread-1 INFO 一级分销用户:5获取的数据[[]]
2019-6-29 16:56:30 pool-4-thread-1 INFO 一级分销用户:7获取的数据[[]]
2019-6-29 16:56:30 pool-4-thread-1 INFO 原有的可提现金额为:2907.96
2019-6-29 16:56:30 pool-4-thread-1 INFO 新结余为:2907.9600
2019-6-29 16:56:30 pool-4-thread-1 INFO 开始：[com.redpigmall.domain.UserDistribution_$$_jvstf11_2@13939a12]的数据获取！
2019-6-29 16:56:30 pool-4-thread-1 INFO 用户5获取为:[com.redpigmall.domain.DistributionCommission_$$_jvstf11_4@2fdbb843]
2019-6-29 16:56:30 pool-4-thread-1 INFO 用户3获取到的一级分销列表:[[com.redpigmall.domain.UserDistribution_$$_jvstf11_2@17bda890]]
2019-6-29 16:56:30 pool-4-thread-1 INFO 一级分销用户:4获取的数据[[]]
2019-6-29 16:56:30 pool-4-thread-1 INFO 原有的可提现金额为:526.35
2019-6-29 16:56:30 pool-4-thread-1 INFO 新结余为:526.3500
2019-6-29 16:56:30 pool-4-thread-1 INFO 开始：[com.redpigmall.domain.UserDistribution_$$_jvstf11_2@3a9fc064]的数据获取！
2019-6-29 16:56:30 pool-4-thread-1 INFO 用户6获取为:[com.redpigmall.domain.DistributionCommission_$$_jvstf11_4@3cd7016c]
2019-6-29 16:56:30 pool-4-thread-1 INFO 用户4获取到的一级分销列表:[[com.redpigmall.domain.UserDistribution_$$_jvstf11_2@108526de]]
2019-6-29 16:56:30 pool-4-thread-1 INFO 一级分销用户:179获取的数据[[]]
2019-6-29 16:56:30 pool-4-thread-1 INFO 原有的可提现金额为:0.00
2019-6-29 16:56:30 pool-4-thread-1 INFO 新结余为:0.0000
2019-6-29 16:56:30 pool-4-thread-1 INFO 开始：[com.redpigmall.domain.UserDistribution_$$_jvstf11_2@149733b0]的数据获取！
2019-6-29 16:56:30 pool-4-thread-1 INFO 用户182获取为:[null]
2019-6-29 16:56:30 pool-4-thread-1 INFO 用户5获取到的一级分销列表:[[]]
2019-6-29 16:56:30 pool-4-thread-1 INFO 开始：[com.redpigmall.domain.UserDistribution_$$_jvstf11_2@1c5c9624]的数据获取！
2019-6-29 16:56:30 pool-4-thread-1 INFO 用户4获取为:[com.redpigmall.domain.DistributionCommission_$$_jvstf11_4@66384131]
2019-6-29 16:56:30 pool-4-thread-1 INFO 用户6获取到的一级分销列表:[[com.redpigmall.domain.UserDistribution_$$_jvstf11_2@76f65d59]]
2019-6-29 16:56:30 pool-4-thread-1 INFO 一级分销用户:182获取的数据[[]]
2019-6-29 16:56:30 pool-4-thread-1 INFO 原有的可提现金额为:0.00
2019-6-29 16:56:30 pool-4-thread-1 INFO 新结余为:0.0000
2019-6-29 16:56:30 pool-4-thread-1 INFO 开始：[com.redpigmall.domain.UserDistribution_$$_jvstf11_2@522bbbd5]的数据获取！
2019-6-29 16:56:30 pool-4-thread-1 INFO 用户7获取为:[com.redpigmall.domain.DistributionCommission_$$_jvstf11_4@158ded07]
2019-6-29 16:56:30 pool-4-thread-1 INFO 用户7获取到的一级分销列表:[[com.redpigmall.domain.UserDistribution_$$_jvstf11_2@1b51f50d]]
2019-6-29 16:56:30 pool-4-thread-1 INFO 一级分销用户:29获取的数据[[]]
2019-6-29 16:56:30 pool-4-thread-1 INFO 原有的可提现金额为:0.00
2019-6-29 16:56:30 pool-4-thread-1 INFO 新结余为:0.0000
2019-6-29 16:56:30 pool-4-thread-1 INFO 开始：[com.redpigmall.domain.UserDistribution_$$_jvstf11_2@40560fc0]的数据获取！
2019-6-29 16:56:30 pool-4-thread-1 INFO 用户29获取为:[null]
2019-6-29 16:56:30 pool-4-thread-1 INFO 用户8获取到的一级分销列表:[[]]
2019-6-29 16:56:30 pool-4-thread-1 INFO 开始：[com.redpigmall.domain.UserDistribution_$$_jvstf11_2@2138e979]的数据获取！
2019-6-29 16:56:30 pool-4-thread-1 INFO 用户179获取为:[null]
2019-6-29 16:56:30 pool-4-thread-1 INFO 用户9获取到的一级分销列表:[[]]
2019-6-29 16:57:30 pool-4-thread-1 INFO 开始：[com.redpigmall.domain.UserDistribution_$$_jvstf11_2@2e603c33]的数据获取！
2019-6-29 16:57:30 pool-4-thread-1 INFO 用户180获取为:[com.redpigmall.domain.DistributionCommission_$$_jvstf11_4@27685676]
2019-6-29 16:57:30 pool-4-thread-1 INFO 用户1获取到的一级分销列表:[[com.redpigmall.domain.UserDistribution_$$_jvstf11_2@1636319a, com.redpigmall.domain.UserDistribution_$$_jvstf11_2@6e83dac5]]
2019-6-29 16:57:30 pool-4-thread-1 INFO 一级分销用户:1获取的数据[[]]
2019-6-29 16:57:30 pool-4-thread-1 INFO 一级分销用户:6获取的数据[[]]
2019-6-29 16:57:30 pool-4-thread-1 INFO 原有的可提现金额为:526.35
2019-6-29 16:57:30 pool-4-thread-1 INFO 新结余为:526.3500
2019-6-29 16:57:30 pool-4-thread-1 INFO 开始：[com.redpigmall.domain.UserDistribution_$$_jvstf11_2@17dd7414]的数据获取！
2019-6-29 16:57:30 pool-4-thread-1 INFO 用户1获取为:[com.redpigmall.domain.DistributionCommission_$$_jvstf11_4@339c2cf9]
2019-6-29 16:57:30 pool-4-thread-1 INFO 用户2获取到的一级分销列表:[[com.redpigmall.domain.UserDistribution_$$_jvstf11_2@bc1fa4b, com.redpigmall.domain.UserDistribution_$$_jvstf11_2@3e0e11a4]]
2019-6-29 16:57:30 pool-4-thread-1 INFO 一级分销用户:5获取的数据[[]]
2019-6-29 16:57:30 pool-4-thread-1 INFO 一级分销用户:7获取的数据[[]]
2019-6-29 16:57:30 pool-4-thread-1 INFO 原有的可提现金额为:2907.96
2019-6-29 16:57:30 pool-4-thread-1 INFO 新结余为:2907.9600
2019-6-29 16:57:30 pool-4-thread-1 INFO 开始：[com.redpigmall.domain.UserDistribution_$$_jvstf11_2@18845d07]的数据获取！
2019-6-29 16:57:30 pool-4-thread-1 INFO 用户5获取为:[com.redpigmall.domain.DistributionCommission_$$_jvstf11_4@c3e16d4]
2019-6-29 16:57:30 pool-4-thread-1 INFO 用户3获取到的一级分销列表:[[com.redpigmall.domain.UserDistribution_$$_jvstf11_2@79b8155c]]
2019-6-29 16:57:30 pool-4-thread-1 INFO 一级分销用户:4获取的数据[[]]
2019-6-29 16:57:30 pool-4-thread-1 INFO 原有的可提现金额为:526.35
2019-6-29 16:57:30 pool-4-thread-1 INFO 新结余为:526.3500
2019-6-29 16:57:30 pool-4-thread-1 INFO 开始：[com.redpigmall.domain.UserDistribution_$$_jvstf11_2@1eb6bf64]的数据获取！
2019-6-29 16:57:30 pool-4-thread-1 INFO 用户6获取为:[com.redpigmall.domain.DistributionCommission_$$_jvstf11_4@3eab08f7]
2019-6-29 16:57:30 pool-4-thread-1 INFO 用户4获取到的一级分销列表:[[com.redpigmall.domain.UserDistribution_$$_jvstf11_2@a15c077]]
2019-6-29 16:57:30 pool-4-thread-1 INFO 一级分销用户:179获取的数据[[]]
2019-6-29 16:57:30 pool-4-thread-1 INFO 原有的可提现金额为:0.00
2019-6-29 16:57:30 pool-4-thread-1 INFO 新结余为:0.0000
2019-6-29 16:57:30 pool-4-thread-1 INFO 开始：[com.redpigmall.domain.UserDistribution_$$_jvstf11_2@7f50e356]的数据获取！
2019-6-29 16:57:30 pool-4-thread-1 INFO 用户182获取为:[null]
2019-6-29 16:57:30 pool-4-thread-1 INFO 用户5获取到的一级分销列表:[[]]
2019-6-29 16:57:30 pool-4-thread-1 INFO 开始：[com.redpigmall.domain.UserDistribution_$$_jvstf11_2@b1601c7]的数据获取！
2019-6-29 16:57:30 pool-4-thread-1 INFO 用户4获取为:[com.redpigmall.domain.DistributionCommission_$$_jvstf11_4@23daa3c9]
2019-6-29 16:57:30 pool-4-thread-1 INFO 用户6获取到的一级分销列表:[[com.redpigmall.domain.UserDistribution_$$_jvstf11_2@4bbb3fcf]]
2019-6-29 16:57:30 pool-4-thread-1 INFO 一级分销用户:182获取的数据[[]]
2019-6-29 16:57:30 pool-4-thread-1 INFO 原有的可提现金额为:0.00
2019-6-29 16:57:30 pool-4-thread-1 INFO 新结余为:0.0000
2019-6-29 16:57:30 pool-4-thread-1 INFO 开始：[com.redpigmall.domain.UserDistribution_$$_jvstf11_2@130b3781]的数据获取！
2019-6-29 16:57:30 pool-4-thread-1 INFO 用户7获取为:[com.redpigmall.domain.DistributionCommission_$$_jvstf11_4@5aa57441]
2019-6-29 16:57:30 pool-4-thread-1 INFO 用户7获取到的一级分销列表:[[com.redpigmall.domain.UserDistribution_$$_jvstf11_2@601090ca]]
2019-6-29 16:57:30 pool-4-thread-1 INFO 一级分销用户:29获取的数据[[]]
2019-6-29 16:57:30 pool-4-thread-1 INFO 原有的可提现金额为:0.00
2019-6-29 16:57:30 pool-4-thread-1 INFO 新结余为:0.0000
2019-6-29 16:57:30 pool-4-thread-1 INFO 开始：[com.redpigmall.domain.UserDistribution_$$_jvstf11_2@3c0acec8]的数据获取！
2019-6-29 16:57:30 pool-4-thread-1 INFO 用户29获取为:[null]
2019-6-29 16:57:30 pool-4-thread-1 INFO 用户8获取到的一级分销列表:[[]]
2019-6-29 16:57:30 pool-4-thread-1 INFO 开始：[com.redpigmall.domain.UserDistribution_$$_jvstf11_2@3983334e]的数据获取！
2019-6-29 16:57:30 pool-4-thread-1 INFO 用户179获取为:[null]
2019-6-29 16:57:30 pool-4-thread-1 INFO 用户9获取到的一级分销列表:[[]]
2019-6-29 16:58:30 pool-4-thread-1 INFO 开始：[com.redpigmall.domain.UserDistribution_$$_jvstf11_2@44b45236]的数据获取！
2019-6-29 16:58:30 pool-4-thread-1 INFO 用户180获取为:[com.redpigmall.domain.DistributionCommission_$$_jvstf11_4@16835641]
2019-6-29 16:58:30 pool-4-thread-1 INFO 用户1获取到的一级分销列表:[[com.redpigmall.domain.UserDistribution_$$_jvstf11_2@6edfee00, com.redpigmall.domain.UserDistribution_$$_jvstf11_2@6ba45939]]
2019-6-29 16:58:30 pool-4-thread-1 INFO 一级分销用户:1获取的数据[[]]
2019-6-29 16:58:30 pool-4-thread-1 INFO 一级分销用户:6获取的数据[[]]
2019-6-29 16:58:30 pool-4-thread-1 INFO 原有的可提现金额为:526.35
2019-6-29 16:58:30 pool-4-thread-1 INFO 新结余为:526.3500
2019-6-29 16:58:30 pool-4-thread-1 INFO 开始：[com.redpigmall.domain.UserDistribution_$$_jvstf11_2@30db70de]的数据获取！
2019-6-29 16:58:30 pool-4-thread-1 INFO 用户1获取为:[com.redpigmall.domain.DistributionCommission_$$_jvstf11_4@1cdd0f4b]
2019-6-29 16:58:30 pool-4-thread-1 INFO 用户2获取到的一级分销列表:[[com.redpigmall.domain.UserDistribution_$$_jvstf11_2@27756214, com.redpigmall.domain.UserDistribution_$$_jvstf11_2@3c8837ce]]
2019-6-29 16:58:30 pool-4-thread-1 INFO 一级分销用户:5获取的数据[[]]
2019-6-29 16:58:30 pool-4-thread-1 INFO 一级分销用户:7获取的数据[[]]
2019-6-29 16:58:30 pool-4-thread-1 INFO 原有的可提现金额为:2907.96
2019-6-29 16:58:30 pool-4-thread-1 INFO 新结余为:2907.9600
2019-6-29 16:58:30 pool-4-thread-1 INFO 开始：[com.redpigmall.domain.UserDistribution_$$_jvstf11_2@750b7ffa]的数据获取！
2019-6-29 16:58:30 pool-4-thread-1 INFO 用户5获取为:[com.redpigmall.domain.DistributionCommission_$$_jvstf11_4@20e32891]
2019-6-29 16:58:30 pool-4-thread-1 INFO 用户3获取到的一级分销列表:[[com.redpigmall.domain.UserDistribution_$$_jvstf11_2@1a1b7938]]
2019-6-29 16:58:30 pool-4-thread-1 INFO 一级分销用户:4获取的数据[[]]
2019-6-29 16:58:30 pool-4-thread-1 INFO 原有的可提现金额为:526.35
2019-6-29 16:58:30 pool-4-thread-1 INFO 新结余为:526.3500
2019-6-29 16:58:30 pool-4-thread-1 INFO 开始：[com.redpigmall.domain.UserDistribution_$$_jvstf11_2@59e12b2e]的数据获取！
2019-6-29 16:58:30 pool-4-thread-1 INFO 用户6获取为:[com.redpigmall.domain.DistributionCommission_$$_jvstf11_4@651e5a21]
2019-6-29 16:58:30 pool-4-thread-1 INFO 用户4获取到的一级分销列表:[[com.redpigmall.domain.UserDistribution_$$_jvstf11_2@69dc0f40]]
2019-6-29 16:58:30 pool-4-thread-1 INFO 一级分销用户:179获取的数据[[]]
2019-6-29 16:58:30 pool-4-thread-1 INFO 原有的可提现金额为:0.00
2019-6-29 16:58:30 pool-4-thread-1 INFO 新结余为:0.0000
2019-6-29 16:58:30 pool-4-thread-1 INFO 开始：[com.redpigmall.domain.UserDistribution_$$_jvstf11_2@273789cf]的数据获取！
2019-6-29 16:58:30 pool-4-thread-1 INFO 用户182获取为:[null]
2019-6-29 16:58:30 pool-4-thread-1 INFO 用户5获取到的一级分销列表:[[]]
2019-6-29 16:58:30 pool-4-thread-1 INFO 开始：[com.redpigmall.domain.UserDistribution_$$_jvstf11_2@50f837e7]的数据获取！
2019-6-29 16:58:30 pool-4-thread-1 INFO 用户4获取为:[com.redpigmall.domain.DistributionCommission_$$_jvstf11_4@7ab277a4]
2019-6-29 16:58:30 pool-4-thread-1 INFO 用户6获取到的一级分销列表:[[com.redpigmall.domain.UserDistribution_$$_jvstf11_2@75d5e556]]
2019-6-29 16:58:30 pool-4-thread-1 INFO 一级分销用户:182获取的数据[[]]
2019-6-29 16:58:30 pool-4-thread-1 INFO 原有的可提现金额为:0.00
2019-6-29 16:58:30 pool-4-thread-1 INFO 新结余为:0.0000
2019-6-29 16:58:30 pool-4-thread-1 INFO 开始：[com.redpigmall.domain.UserDistribution_$$_jvstf11_2@35ffc17b]的数据获取！
2019-6-29 16:58:30 pool-4-thread-1 INFO 用户7获取为:[com.redpigmall.domain.DistributionCommission_$$_jvstf11_4@4ef20c25]
2019-6-29 16:58:30 pool-4-thread-1 INFO 用户7获取到的一级分销列表:[[com.redpigmall.domain.UserDistribution_$$_jvstf11_2@3f5fdbdb]]
2019-6-29 16:58:30 pool-4-thread-1 INFO 一级分销用户:29获取的数据[[]]
2019-6-29 16:58:30 pool-4-thread-1 INFO 原有的可提现金额为:0.00
2019-6-29 16:58:30 pool-4-thread-1 INFO 新结余为:0.0000
2019-6-29 16:58:30 pool-4-thread-1 INFO 开始：[com.redpigmall.domain.UserDistribution_$$_jvstf11_2@49635f65]的数据获取！
2019-6-29 16:58:30 pool-4-thread-1 INFO 用户29获取为:[null]
2019-6-29 16:58:30 pool-4-thread-1 INFO 用户8获取到的一级分销列表:[[]]
2019-6-29 16:58:30 pool-4-thread-1 INFO 开始：[com.redpigmall.domain.UserDistribution_$$_jvstf11_2@43233fa5]的数据获取！
2019-6-29 16:58:30 pool-4-thread-1 INFO 用户179获取为:[null]
2019-6-29 16:58:30 pool-4-thread-1 INFO 用户9获取到的一级分销列表:[[]]
2019-6-29 16:59:30 pool-4-thread-1 INFO 开始：[com.redpigmall.domain.UserDistribution_$$_jvstf11_2@3d457de4]的数据获取！
2019-6-29 16:59:30 pool-4-thread-1 INFO 用户180获取为:[com.redpigmall.domain.DistributionCommission_$$_jvstf11_4@29085f12]
2019-6-29 16:59:30 pool-4-thread-1 INFO 用户1获取到的一级分销列表:[[com.redpigmall.domain.UserDistribution_$$_jvstf11_2@6f1f3e4e, com.redpigmall.domain.UserDistribution_$$_jvstf11_2@1db7c90d]]
2019-6-29 16:59:30 pool-4-thread-1 INFO 一级分销用户:1获取的数据[[]]
2019-6-29 16:59:30 pool-4-thread-1 INFO 一级分销用户:6获取的数据[[]]
2019-6-29 16:59:30 pool-4-thread-1 INFO 原有的可提现金额为:526.35
2019-6-29 16:59:30 pool-4-thread-1 INFO 新结余为:526.3500
2019-6-29 16:59:30 pool-4-thread-1 INFO 开始：[com.redpigmall.domain.UserDistribution_$$_jvstf11_2@336c92c]的数据获取！
2019-6-29 16:59:30 pool-4-thread-1 INFO 用户1获取为:[com.redpigmall.domain.DistributionCommission_$$_jvstf11_4@65e1ea87]
2019-6-29 16:59:30 pool-4-thread-1 INFO 用户2获取到的一级分销列表:[[com.redpigmall.domain.UserDistribution_$$_jvstf11_2@362be410, com.redpigmall.domain.UserDistribution_$$_jvstf11_2@7615f3db]]
2019-6-29 16:59:30 pool-4-thread-1 INFO 一级分销用户:5获取的数据[[]]
2019-6-29 16:59:30 pool-4-thread-1 INFO 一级分销用户:7获取的数据[[]]
2019-6-29 16:59:30 pool-4-thread-1 INFO 原有的可提现金额为:2907.96
2019-6-29 16:59:30 pool-4-thread-1 INFO 新结余为:2907.9600
2019-6-29 16:59:30 pool-4-thread-1 INFO 开始：[com.redpigmall.domain.UserDistribution_$$_jvstf11_2@8b322a9]的数据获取！
2019-6-29 16:59:30 pool-4-thread-1 INFO 用户5获取为:[com.redpigmall.domain.DistributionCommission_$$_jvstf11_4@3a5094b0]
2019-6-29 16:59:30 pool-4-thread-1 INFO 用户3获取到的一级分销列表:[[com.redpigmall.domain.UserDistribution_$$_jvstf11_2@33f1d25]]
2019-6-29 16:59:30 pool-4-thread-1 INFO 一级分销用户:4获取的数据[[]]
2019-6-29 16:59:30 pool-4-thread-1 INFO 原有的可提现金额为:526.35
2019-6-29 16:59:30 pool-4-thread-1 INFO 新结余为:526.3500
2019-6-29 16:59:30 pool-4-thread-1 INFO 开始：[com.redpigmall.domain.UserDistribution_$$_jvstf11_2@756de8a4]的数据获取！
2019-6-29 16:59:30 pool-4-thread-1 INFO 用户6获取为:[com.redpigmall.domain.DistributionCommission_$$_jvstf11_4@25a4f833]
2019-6-29 16:59:30 pool-4-thread-1 INFO 用户4获取到的一级分销列表:[[com.redpigmall.domain.UserDistribution_$$_jvstf11_2@34965b77]]
2019-6-29 16:59:30 pool-4-thread-1 INFO 一级分销用户:179获取的数据[[]]
2019-6-29 16:59:30 pool-4-thread-1 INFO 原有的可提现金额为:0.00
2019-6-29 16:59:30 pool-4-thread-1 INFO 新结余为:0.0000
2019-6-29 16:59:30 pool-4-thread-1 INFO 开始：[com.redpigmall.domain.UserDistribution_$$_jvstf11_2@763064dc]的数据获取！
2019-6-29 16:59:30 pool-4-thread-1 INFO 用户182获取为:[null]
2019-6-29 16:59:30 pool-4-thread-1 INFO 用户5获取到的一级分销列表:[[]]
2019-6-29 16:59:30 pool-4-thread-1 INFO 开始：[com.redpigmall.domain.UserDistribution_$$_jvstf11_2@6395be33]的数据获取！
2019-6-29 16:59:30 pool-4-thread-1 INFO 用户4获取为:[com.redpigmall.domain.DistributionCommission_$$_jvstf11_4@1c6b5a4f]
2019-6-29 16:59:30 pool-4-thread-1 INFO 用户6获取到的一级分销列表:[[com.redpigmall.domain.UserDistribution_$$_jvstf11_2@7565899d]]
2019-6-29 16:59:30 pool-4-thread-1 INFO 一级分销用户:182获取的数据[[]]
2019-6-29 16:59:30 pool-4-thread-1 INFO 原有的可提现金额为:0.00
2019-6-29 16:59:30 pool-4-thread-1 INFO 新结余为:0.0000
2019-6-29 16:59:30 pool-4-thread-1 INFO 开始：[com.redpigmall.domain.UserDistribution_$$_jvstf11_2@198f47cc]的数据获取！
2019-6-29 16:59:30 pool-4-thread-1 INFO 用户7获取为:[com.redpigmall.domain.DistributionCommission_$$_jvstf11_4@28ba11c4]
2019-6-29 16:59:30 pool-4-thread-1 INFO 用户7获取到的一级分销列表:[[com.redpigmall.domain.UserDistribution_$$_jvstf11_2@1ff23547]]
2019-6-29 16:59:30 pool-4-thread-1 INFO 一级分销用户:29获取的数据[[]]
2019-6-29 16:59:30 pool-4-thread-1 INFO 原有的可提现金额为:0.00
2019-6-29 16:59:30 pool-4-thread-1 INFO 新结余为:0.0000
2019-6-29 16:59:30 pool-4-thread-1 INFO 开始：[com.redpigmall.domain.UserDistribution_$$_jvstf11_2@2cc26704]的数据获取！
2019-6-29 16:59:30 pool-4-thread-1 INFO 用户29获取为:[null]
2019-6-29 16:59:30 pool-4-thread-1 INFO 用户8获取到的一级分销列表:[[]]
2019-6-29 16:59:30 pool-4-thread-1 INFO 开始：[com.redpigmall.domain.UserDistribution_$$_jvstf11_2@f316feb]的数据获取！
2019-6-29 16:59:30 pool-4-thread-1 INFO 用户179获取为:[null]
2019-6-29 16:59:30 pool-4-thread-1 INFO 用户9获取到的一级分销列表:[[]]
2019-6-29 17:00:30 pool-4-thread-1 INFO 开始：[com.redpigmall.domain.UserDistribution_$$_jvstf11_2@21701a25]的数据获取！
2019-6-29 17:00:30 pool-4-thread-1 INFO 用户180获取为:[com.redpigmall.domain.DistributionCommission_$$_jvstf11_4@515c8fef]
2019-6-29 17:00:30 pool-4-thread-1 INFO 用户1获取到的一级分销列表:[[com.redpigmall.domain.UserDistribution_$$_jvstf11_2@7cde222f, com.redpigmall.domain.UserDistribution_$$_jvstf11_2@6dada3df]]
2019-6-29 17:00:30 pool-4-thread-1 INFO 一级分销用户:1获取的数据[[]]
2019-6-29 17:00:30 pool-4-thread-1 INFO 一级分销用户:6获取的数据[[]]
2019-6-29 17:00:30 pool-4-thread-1 INFO 原有的可提现金额为:526.35
2019-6-29 17:00:30 pool-4-thread-1 INFO 新结余为:526.3500
2019-6-29 17:00:30 pool-4-thread-1 INFO 开始：[com.redpigmall.domain.UserDistribution_$$_jvstf11_2@7ece183]的数据获取！
2019-6-29 17:00:30 pool-4-thread-1 INFO 用户1获取为:[com.redpigmall.domain.DistributionCommission_$$_jvstf11_4@68871e43]
2019-6-29 17:00:30 pool-4-thread-1 INFO 用户2获取到的一级分销列表:[[com.redpigmall.domain.UserDistribution_$$_jvstf11_2@351b8880, com.redpigmall.domain.UserDistribution_$$_jvstf11_2@51249bd1]]
2019-6-29 17:00:30 pool-4-thread-1 INFO 一级分销用户:5获取的数据[[]]
2019-6-29 17:00:30 pool-4-thread-1 INFO 一级分销用户:7获取的数据[[]]
2019-6-29 17:00:30 pool-4-thread-1 INFO 原有的可提现金额为:2907.96
2019-6-29 17:00:30 pool-4-thread-1 INFO 新结余为:2907.9600
2019-6-29 17:00:30 pool-4-thread-1 INFO 开始：[com.redpigmall.domain.UserDistribution_$$_jvstf11_2@19c65eb4]的数据获取！
2019-6-29 17:00:30 pool-4-thread-1 INFO 用户5获取为:[com.redpigmall.domain.DistributionCommission_$$_jvstf11_4@648e4794]
2019-6-29 17:00:30 pool-4-thread-1 INFO 用户3获取到的一级分销列表:[[com.redpigmall.domain.UserDistribution_$$_jvstf11_2@5a7e56]]
2019-6-29 17:00:30 pool-4-thread-1 INFO 一级分销用户:4获取的数据[[]]
2019-6-29 17:00:30 pool-4-thread-1 INFO 原有的可提现金额为:526.35
2019-6-29 17:00:30 pool-4-thread-1 INFO 新结余为:526.3500
2019-6-29 17:00:30 pool-4-thread-1 INFO 开始：[com.redpigmall.domain.UserDistribution_$$_jvstf11_2@6e772a2a]的数据获取！
2019-6-29 17:00:30 pool-4-thread-1 INFO 用户6获取为:[com.redpigmall.domain.DistributionCommission_$$_jvstf11_4@a9810c1]
2019-6-29 17:00:30 pool-4-thread-1 INFO 用户4获取到的一级分销列表:[[com.redpigmall.domain.UserDistribution_$$_jvstf11_2@359e2c36]]
2019-6-29 17:00:30 pool-4-thread-1 INFO 一级分销用户:179获取的数据[[]]
2019-6-29 17:00:30 pool-4-thread-1 INFO 原有的可提现金额为:0.00
2019-6-29 17:00:30 pool-4-thread-1 INFO 新结余为:0.0000
2019-6-29 17:00:30 pool-4-thread-1 INFO 开始：[com.redpigmall.domain.UserDistribution_$$_jvstf11_2@e944c56]的数据获取！
2019-6-29 17:00:30 pool-4-thread-1 INFO 用户182获取为:[null]
2019-6-29 17:00:30 pool-4-thread-1 INFO 用户5获取到的一级分销列表:[[]]
2019-6-29 17:00:30 pool-4-thread-1 INFO 开始：[com.redpigmall.domain.UserDistribution_$$_jvstf11_2@229c6ad4]的数据获取！
2019-6-29 17:00:30 pool-4-thread-1 INFO 用户4获取为:[com.redpigmall.domain.DistributionCommission_$$_jvstf11_4@20198940]
2019-6-29 17:00:30 pool-4-thread-1 INFO 用户6获取到的一级分销列表:[[com.redpigmall.domain.UserDistribution_$$_jvstf11_2@5c641417]]
2019-6-29 17:00:30 pool-4-thread-1 INFO 一级分销用户:182获取的数据[[]]
2019-6-29 17:00:30 pool-4-thread-1 INFO 原有的可提现金额为:0.00
2019-6-29 17:00:30 pool-4-thread-1 INFO 新结余为:0.0000
2019-6-29 17:00:30 pool-4-thread-1 INFO 开始：[com.redpigmall.domain.UserDistribution_$$_jvstf11_2@24acc6a0]的数据获取！
2019-6-29 17:00:30 pool-4-thread-1 INFO 用户7获取为:[com.redpigmall.domain.DistributionCommission_$$_jvstf11_4@336d81f2]
2019-6-29 17:00:30 pool-4-thread-1 INFO 用户7获取到的一级分销列表:[[com.redpigmall.domain.UserDistribution_$$_jvstf11_2@7668e81c]]
2019-6-29 17:00:30 pool-4-thread-1 INFO 一级分销用户:29获取的数据[[]]
2019-6-29 17:00:30 pool-4-thread-1 INFO 原有的可提现金额为:0.00
2019-6-29 17:00:30 pool-4-thread-1 INFO 新结余为:0.0000
2019-6-29 17:00:30 pool-4-thread-1 INFO 开始：[com.redpigmall.domain.UserDistribution_$$_jvstf11_2@6e1886c9]的数据获取！
2019-6-29 17:00:30 pool-4-thread-1 INFO 用户29获取为:[null]
2019-6-29 17:00:30 pool-4-thread-1 INFO 用户8获取到的一级分销列表:[[]]
2019-6-29 17:00:30 pool-4-thread-1 INFO 开始：[com.redpigmall.domain.UserDistribution_$$_jvstf11_2@29eb65b4]的数据获取！
2019-6-29 17:00:30 pool-4-thread-1 INFO 用户179获取为:[null]
2019-6-29 17:00:30 pool-4-thread-1 INFO 用户9获取到的一级分销列表:[[]]
2019-6-29 17:01:30 pool-4-thread-1 INFO 开始：[com.redpigmall.domain.UserDistribution_$$_jvstf11_2@3bce30a5]的数据获取！
2019-6-29 17:01:30 pool-4-thread-1 INFO 用户180获取为:[com.redpigmall.domain.DistributionCommission_$$_jvstf11_4@4cb5435d]
2019-6-29 17:01:30 pool-4-thread-1 INFO 用户1获取到的一级分销列表:[[com.redpigmall.domain.UserDistribution_$$_jvstf11_2@79e51496, com.redpigmall.domain.UserDistribution_$$_jvstf11_2@eb023a3]]
2019-6-29 17:01:30 pool-4-thread-1 INFO 一级分销用户:1获取的数据[[]]
2019-6-29 17:01:30 pool-4-thread-1 INFO 一级分销用户:6获取的数据[[]]
2019-6-29 17:01:30 pool-4-thread-1 INFO 原有的可提现金额为:526.35
2019-6-29 17:01:30 pool-4-thread-1 INFO 新结余为:526.3500
2019-6-29 17:01:30 pool-4-thread-1 INFO 开始：[com.redpigmall.domain.UserDistribution_$$_jvstf11_2@4b4c2c7d]的数据获取！
2019-6-29 17:01:30 pool-4-thread-1 INFO 用户1获取为:[com.redpigmall.domain.DistributionCommission_$$_jvstf11_4@3e76ec84]
2019-6-29 17:01:30 pool-4-thread-1 INFO 用户2获取到的一级分销列表:[[com.redpigmall.domain.UserDistribution_$$_jvstf11_2@7588ec77, com.redpigmall.domain.UserDistribution_$$_jvstf11_2@73f9eec3]]
2019-6-29 17:01:30 pool-4-thread-1 INFO 一级分销用户:5获取的数据[[]]
2019-6-29 17:01:30 pool-4-thread-1 INFO 一级分销用户:7获取的数据[[]]
2019-6-29 17:01:30 pool-4-thread-1 INFO 原有的可提现金额为:2907.96
2019-6-29 17:01:30 pool-4-thread-1 INFO 新结余为:2907.9600
2019-6-29 17:01:30 pool-4-thread-1 INFO 开始：[com.redpigmall.domain.UserDistribution_$$_jvstf11_2@5b63bd01]的数据获取！
2019-6-29 17:01:30 pool-4-thread-1 INFO 用户5获取为:[com.redpigmall.domain.DistributionCommission_$$_jvstf11_4@30c375ed]
2019-6-29 17:01:30 pool-4-thread-1 INFO 用户3获取到的一级分销列表:[[com.redpigmall.domain.UserDistribution_$$_jvstf11_2@17513784]]
2019-6-29 17:01:30 pool-4-thread-1 INFO 一级分销用户:4获取的数据[[]]
2019-6-29 17:01:30 pool-4-thread-1 INFO 原有的可提现金额为:526.35
2019-6-29 17:01:30 pool-4-thread-1 INFO 新结余为:526.3500
2019-6-29 17:01:30 pool-4-thread-1 INFO 开始：[com.redpigmall.domain.UserDistribution_$$_jvstf11_2@259a56c7]的数据获取！
2019-6-29 17:01:30 pool-4-thread-1 INFO 用户6获取为:[com.redpigmall.domain.DistributionCommission_$$_jvstf11_4@4bf4d6bc]
2019-6-29 17:01:30 pool-4-thread-1 INFO 用户4获取到的一级分销列表:[[com.redpigmall.domain.UserDistribution_$$_jvstf11_2@12af26f6]]
2019-6-29 17:01:30 pool-4-thread-1 INFO 一级分销用户:179获取的数据[[]]
2019-6-29 17:01:30 pool-4-thread-1 INFO 原有的可提现金额为:0.00
2019-6-29 17:01:30 pool-4-thread-1 INFO 新结余为:0.0000
2019-6-29 17:01:30 pool-4-thread-1 INFO 开始：[com.redpigmall.domain.UserDistribution_$$_jvstf11_2@497d225d]的数据获取！
2019-6-29 17:01:30 pool-4-thread-1 INFO 用户182获取为:[null]
2019-6-29 17:01:30 pool-4-thread-1 INFO 用户5获取到的一级分销列表:[[]]
2019-6-29 17:01:30 pool-4-thread-1 INFO 开始：[com.redpigmall.domain.UserDistribution_$$_jvstf11_2@58eb04fd]的数据获取！
2019-6-29 17:01:30 pool-4-thread-1 INFO 用户4获取为:[com.redpigmall.domain.DistributionCommission_$$_jvstf11_4@25a42c0f]
2019-6-29 17:01:30 pool-4-thread-1 INFO 用户6获取到的一级分销列表:[[com.redpigmall.domain.UserDistribution_$$_jvstf11_2@78620e9f]]
2019-6-29 17:01:30 pool-4-thread-1 INFO 一级分销用户:182获取的数据[[]]
2019-6-29 17:01:30 pool-4-thread-1 INFO 原有的可提现金额为:0.00
2019-6-29 17:01:30 pool-4-thread-1 INFO 新结余为:0.0000
2019-6-29 17:01:30 pool-4-thread-1 INFO 开始：[com.redpigmall.domain.UserDistribution_$$_jvstf11_2@50596a32]的数据获取！
2019-6-29 17:01:30 pool-4-thread-1 INFO 用户7获取为:[com.redpigmall.domain.DistributionCommission_$$_jvstf11_4@5a056191]
2019-6-29 17:01:30 pool-4-thread-1 INFO 用户7获取到的一级分销列表:[[com.redpigmall.domain.UserDistribution_$$_jvstf11_2@12a215de]]
2019-6-29 17:01:30 pool-4-thread-1 INFO 一级分销用户:29获取的数据[[]]
2019-6-29 17:01:30 pool-4-thread-1 INFO 原有的可提现金额为:0.00
2019-6-29 17:01:30 pool-4-thread-1 INFO 新结余为:0.0000
2019-6-29 17:01:30 pool-4-thread-1 INFO 开始：[com.redpigmall.domain.UserDistribution_$$_jvstf11_2@213302d3]的数据获取！
2019-6-29 17:01:30 pool-4-thread-1 INFO 用户29获取为:[null]
2019-6-29 17:01:30 pool-4-thread-1 INFO 用户8获取到的一级分销列表:[[]]
2019-6-29 17:01:30 pool-4-thread-1 INFO 开始：[com.redpigmall.domain.UserDistribution_$$_jvstf11_2@32b727ba]的数据获取！
2019-6-29 17:01:30 pool-4-thread-1 INFO 用户179获取为:[null]
2019-6-29 17:01:30 pool-4-thread-1 INFO 用户9获取到的一级分销列表:[[]]
2019-6-29 17:02:30 pool-4-thread-1 INFO 开始：[com.redpigmall.domain.UserDistribution_$$_jvstf11_2@39bf7bcd]的数据获取！
2019-6-29 17:02:30 pool-4-thread-1 INFO 用户180获取为:[com.redpigmall.domain.DistributionCommission_$$_jvstf11_4@5dd78181]
2019-6-29 17:02:30 pool-4-thread-1 INFO 用户1获取到的一级分销列表:[[com.redpigmall.domain.UserDistribution_$$_jvstf11_2@158f0220, com.redpigmall.domain.UserDistribution_$$_jvstf11_2@323150fa]]
2019-6-29 17:02:30 pool-4-thread-1 INFO 一级分销用户:1获取的数据[[]]
2019-6-29 17:02:30 pool-4-thread-1 INFO 一级分销用户:6获取的数据[[]]
2019-6-29 17:02:30 pool-4-thread-1 INFO 原有的可提现金额为:526.35
2019-6-29 17:02:30 pool-4-thread-1 INFO 新结余为:526.3500
2019-6-29 17:02:30 pool-4-thread-1 INFO 开始：[com.redpigmall.domain.UserDistribution_$$_jvstf11_2@28ae22c9]的数据获取！
2019-6-29 17:02:30 pool-4-thread-1 INFO 用户1获取为:[com.redpigmall.domain.DistributionCommission_$$_jvstf11_4@34bbd474]
2019-6-29 17:02:30 pool-4-thread-1 INFO 用户2获取到的一级分销列表:[[com.redpigmall.domain.UserDistribution_$$_jvstf11_2@4fc0ea5f, com.redpigmall.domain.UserDistribution_$$_jvstf11_2@2aec14d5]]
2019-6-29 17:02:30 pool-4-thread-1 INFO 一级分销用户:5获取的数据[[]]
2019-6-29 17:02:30 pool-4-thread-1 INFO 一级分销用户:7获取的数据[[]]
2019-6-29 17:02:30 pool-4-thread-1 INFO 原有的可提现金额为:2907.96
2019-6-29 17:02:30 pool-4-thread-1 INFO 新结余为:2907.9600
2019-6-29 17:02:30 pool-4-thread-1 INFO 开始：[com.redpigmall.domain.UserDistribution_$$_jvstf11_2@5b384ace]的数据获取！
2019-6-29 17:02:30 pool-4-thread-1 INFO 用户5获取为:[com.redpigmall.domain.DistributionCommission_$$_jvstf11_4@3c525677]
2019-6-29 17:02:30 pool-4-thread-1 INFO 用户3获取到的一级分销列表:[[com.redpigmall.domain.UserDistribution_$$_jvstf11_2@6496b579]]
2019-6-29 17:02:30 pool-4-thread-1 INFO 一级分销用户:4获取的数据[[]]
2019-6-29 17:02:30 pool-4-thread-1 INFO 原有的可提现金额为:526.35
2019-6-29 17:02:30 pool-4-thread-1 INFO 新结余为:526.3500
2019-6-29 17:02:30 pool-4-thread-1 INFO 开始：[com.redpigmall.domain.UserDistribution_$$_jvstf11_2@58c01c87]的数据获取！
2019-6-29 17:02:30 pool-4-thread-1 INFO 用户6获取为:[com.redpigmall.domain.DistributionCommission_$$_jvstf11_4@351a8202]
2019-6-29 17:02:30 pool-4-thread-1 INFO 用户4获取到的一级分销列表:[[com.redpigmall.domain.UserDistribution_$$_jvstf11_2@6872dab9]]
2019-6-29 17:02:30 pool-4-thread-1 INFO 一级分销用户:179获取的数据[[]]
2019-6-29 17:02:30 pool-4-thread-1 INFO 原有的可提现金额为:0.00
2019-6-29 17:02:30 pool-4-thread-1 INFO 新结余为:0.0000
2019-6-29 17:02:30 pool-4-thread-1 INFO 开始：[com.redpigmall.domain.UserDistribution_$$_jvstf11_2@57b14241]的数据获取！
2019-6-29 17:02:30 pool-4-thread-1 INFO 用户182获取为:[null]
2019-6-29 17:02:30 pool-4-thread-1 INFO 用户5获取到的一级分销列表:[[]]
2019-6-29 17:02:30 pool-4-thread-1 INFO 开始：[com.redpigmall.domain.UserDistribution_$$_jvstf11_2@46b5b58a]的数据获取！
2019-6-29 17:02:30 pool-4-thread-1 INFO 用户4获取为:[com.redpigmall.domain.DistributionCommission_$$_jvstf11_4@1991dac8]
2019-6-29 17:02:30 pool-4-thread-1 INFO 用户6获取到的一级分销列表:[[com.redpigmall.domain.UserDistribution_$$_jvstf11_2@3396856e]]
2019-6-29 17:02:30 pool-4-thread-1 INFO 一级分销用户:182获取的数据[[]]
2019-6-29 17:02:30 pool-4-thread-1 INFO 原有的可提现金额为:0.00
2019-6-29 17:02:30 pool-4-thread-1 INFO 新结余为:0.0000
2019-6-29 17:02:30 pool-4-thread-1 INFO 开始：[com.redpigmall.domain.UserDistribution_$$_jvstf11_2@2e88a92e]的数据获取！
2019-6-29 17:02:30 pool-4-thread-1 INFO 用户7获取为:[com.redpigmall.domain.DistributionCommission_$$_jvstf11_4@1b0b9a6b]
2019-6-29 17:02:30 pool-4-thread-1 INFO 用户7获取到的一级分销列表:[[com.redpigmall.domain.UserDistribution_$$_jvstf11_2@69eb7cfe]]
2019-6-29 17:02:30 pool-4-thread-1 INFO 一级分销用户:29获取的数据[[]]
2019-6-29 17:02:30 pool-4-thread-1 INFO 原有的可提现金额为:0.00
2019-6-29 17:02:30 pool-4-thread-1 INFO 新结余为:0.0000
2019-6-29 17:02:31 pool-4-thread-1 INFO 开始：[com.redpigmall.domain.UserDistribution_$$_jvstf11_2@25ecaf74]的数据获取！
2019-6-29 17:02:31 pool-4-thread-1 INFO 用户29获取为:[null]
2019-6-29 17:02:31 pool-4-thread-1 INFO 用户8获取到的一级分销列表:[[]]
2019-6-29 17:02:31 pool-4-thread-1 INFO 开始：[com.redpigmall.domain.UserDistribution_$$_jvstf11_2@2147df7b]的数据获取！
2019-6-29 17:02:31 pool-4-thread-1 INFO 用户179获取为:[null]
2019-6-29 17:02:31 pool-4-thread-1 INFO 用户9获取到的一级分销列表:[[]]
2019-6-29 17:03:30 pool-4-thread-1 INFO 开始：[com.redpigmall.domain.UserDistribution_$$_jvstf11_2@55322949]的数据获取！
2019-6-29 17:03:30 pool-4-thread-1 INFO 用户180获取为:[com.redpigmall.domain.DistributionCommission_$$_jvstf11_4@dcfcc63]
2019-6-29 17:03:30 pool-4-thread-1 INFO 用户1获取到的一级分销列表:[[com.redpigmall.domain.UserDistribution_$$_jvstf11_2@727caa2, com.redpigmall.domain.UserDistribution_$$_jvstf11_2@716adef]]
2019-6-29 17:03:30 pool-4-thread-1 INFO 一级分销用户:1获取的数据[[]]
2019-6-29 17:03:30 pool-4-thread-1 INFO 一级分销用户:6获取的数据[[]]
2019-6-29 17:03:30 pool-4-thread-1 INFO 原有的可提现金额为:526.35
2019-6-29 17:03:30 pool-4-thread-1 INFO 新结余为:526.3500
2019-6-29 17:03:30 pool-4-thread-1 INFO 开始：[com.redpigmall.domain.UserDistribution_$$_jvstf11_2@114529f7]的数据获取！
2019-6-29 17:03:30 pool-4-thread-1 INFO 用户1获取为:[com.redpigmall.domain.DistributionCommission_$$_jvstf11_4@4fa17b96]
2019-6-29 17:03:30 pool-4-thread-1 INFO 用户2获取到的一级分销列表:[[com.redpigmall.domain.UserDistribution_$$_jvstf11_2@23811c3a, com.redpigmall.domain.UserDistribution_$$_jvstf11_2@50a13d3f]]
2019-6-29 17:03:30 pool-4-thread-1 INFO 一级分销用户:5获取的数据[[]]
2019-6-29 17:03:30 pool-4-thread-1 INFO 一级分销用户:7获取的数据[[]]
2019-6-29 17:03:30 pool-4-thread-1 INFO 原有的可提现金额为:2907.96
2019-6-29 17:03:30 pool-4-thread-1 INFO 新结余为:2907.9600
2019-6-29 17:03:30 pool-4-thread-1 INFO 开始：[com.redpigmall.domain.UserDistribution_$$_jvstf11_2@74922497]的数据获取！
2019-6-29 17:03:30 pool-4-thread-1 INFO 用户5获取为:[com.redpigmall.domain.DistributionCommission_$$_jvstf11_4@662de3bf]
2019-6-29 17:03:30 pool-4-thread-1 INFO 用户3获取到的一级分销列表:[[com.redpigmall.domain.UserDistribution_$$_jvstf11_2@1bb7324c]]
2019-6-29 17:03:30 pool-4-thread-1 INFO 一级分销用户:4获取的数据[[]]
2019-6-29 17:03:30 pool-4-thread-1 INFO 原有的可提现金额为:526.35
2019-6-29 17:03:30 pool-4-thread-1 INFO 新结余为:526.3500
2019-6-29 17:03:30 pool-4-thread-1 INFO 开始：[com.redpigmall.domain.UserDistribution_$$_jvstf11_2@4c821e75]的数据获取！
2019-6-29 17:03:30 pool-4-thread-1 INFO 用户6获取为:[com.redpigmall.domain.DistributionCommission_$$_jvstf11_4@6bd2bd7c]
2019-6-29 17:03:30 pool-4-thread-1 INFO 用户4获取到的一级分销列表:[[com.redpigmall.domain.UserDistribution_$$_jvstf11_2@6ac2d104]]
2019-6-29 17:03:30 pool-4-thread-1 INFO 一级分销用户:179获取的数据[[]]
2019-6-29 17:03:30 pool-4-thread-1 INFO 原有的可提现金额为:0.00
2019-6-29 17:03:30 pool-4-thread-1 INFO 新结余为:0.0000
2019-6-29 17:03:30 pool-4-thread-1 INFO 开始：[com.redpigmall.domain.UserDistribution_$$_jvstf11_2@14deea94]的数据获取！
2019-6-29 17:03:30 pool-4-thread-1 INFO 用户182获取为:[null]
2019-6-29 17:03:30 pool-4-thread-1 INFO 用户5获取到的一级分销列表:[[]]
2019-6-29 17:03:30 pool-4-thread-1 INFO 开始：[com.redpigmall.domain.UserDistribution_$$_jvstf11_2@4e2d493a]的数据获取！
2019-6-29 17:03:30 pool-4-thread-1 INFO 用户4获取为:[com.redpigmall.domain.DistributionCommission_$$_jvstf11_4@45c938e8]
2019-6-29 17:03:30 pool-4-thread-1 INFO 用户6获取到的一级分销列表:[[com.redpigmall.domain.UserDistribution_$$_jvstf11_2@68a68e5e]]
2019-6-29 17:03:30 pool-4-thread-1 INFO 一级分销用户:182获取的数据[[]]
2019-6-29 17:03:30 pool-4-thread-1 INFO 原有的可提现金额为:0.00
2019-6-29 17:03:30 pool-4-thread-1 INFO 新结余为:0.0000
2019-6-29 17:03:30 pool-4-thread-1 INFO 开始：[com.redpigmall.domain.UserDistribution_$$_jvstf11_2@75b75094]的数据获取！
2019-6-29 17:03:30 pool-4-thread-1 INFO 用户7获取为:[com.redpigmall.domain.DistributionCommission_$$_jvstf11_4@7ec0593a]
2019-6-29 17:03:30 pool-4-thread-1 INFO 用户7获取到的一级分销列表:[[com.redpigmall.domain.UserDistribution_$$_jvstf11_2@3b3d5098]]
2019-6-29 17:03:30 pool-4-thread-1 INFO 一级分销用户:29获取的数据[[]]
2019-6-29 17:03:30 pool-4-thread-1 INFO 原有的可提现金额为:0.00
2019-6-29 17:03:30 pool-4-thread-1 INFO 新结余为:0.0000
2019-6-29 17:03:30 pool-4-thread-1 INFO 开始：[com.redpigmall.domain.UserDistribution_$$_jvstf11_2@3c1dfcdd]的数据获取！
2019-6-29 17:03:30 pool-4-thread-1 INFO 用户29获取为:[null]
2019-6-29 17:03:30 pool-4-thread-1 INFO 用户8获取到的一级分销列表:[[]]
2019-6-29 17:03:30 pool-4-thread-1 INFO 开始：[com.redpigmall.domain.UserDistribution_$$_jvstf11_2@53ed298b]的数据获取！
2019-6-29 17:03:30 pool-4-thread-1 INFO 用户179获取为:[null]
2019-6-29 17:03:30 pool-4-thread-1 INFO 用户9获取到的一级分销列表:[[]]
2019-6-29 17:04:30 pool-4-thread-1 INFO 开始：[com.redpigmall.domain.UserDistribution_$$_jvstf11_2@616983e0]的数据获取！
2019-6-29 17:04:30 pool-4-thread-1 INFO 用户180获取为:[com.redpigmall.domain.DistributionCommission_$$_jvstf11_4@69576381]
2019-6-29 17:04:30 pool-4-thread-1 INFO 用户1获取到的一级分销列表:[[com.redpigmall.domain.UserDistribution_$$_jvstf11_2@98e3bbf, com.redpigmall.domain.UserDistribution_$$_jvstf11_2@603f95c6]]
2019-6-29 17:04:30 pool-4-thread-1 INFO 一级分销用户:1获取的数据[[]]
2019-6-29 17:04:30 pool-4-thread-1 INFO 一级分销用户:6获取的数据[[]]
2019-6-29 17:04:30 pool-4-thread-1 INFO 原有的可提现金额为:526.35
2019-6-29 17:04:30 pool-4-thread-1 INFO 新结余为:526.3500
2019-6-29 17:04:30 pool-4-thread-1 INFO 开始：[com.redpigmall.domain.UserDistribution_$$_jvstf11_2@4c8b23a7]的数据获取！
2019-6-29 17:04:30 pool-4-thread-1 INFO 用户1获取为:[com.redpigmall.domain.DistributionCommission_$$_jvstf11_4@75e56d85]
2019-6-29 17:04:30 pool-4-thread-1 INFO 用户2获取到的一级分销列表:[[com.redpigmall.domain.UserDistribution_$$_jvstf11_2@2fdc1cf, com.redpigmall.domain.UserDistribution_$$_jvstf11_2@233e2e6a]]
2019-6-29 17:04:30 pool-4-thread-1 INFO 一级分销用户:5获取的数据[[]]
2019-6-29 17:04:30 pool-4-thread-1 INFO 一级分销用户:7获取的数据[[]]
2019-6-29 17:04:30 pool-4-thread-1 INFO 原有的可提现金额为:2907.96
2019-6-29 17:04:30 pool-4-thread-1 INFO 新结余为:2907.9600
2019-6-29 17:04:30 pool-4-thread-1 INFO 开始：[com.redpigmall.domain.UserDistribution_$$_jvstf11_2@6c4f5f58]的数据获取！
2019-6-29 17:04:30 pool-4-thread-1 INFO 用户5获取为:[com.redpigmall.domain.DistributionCommission_$$_jvstf11_4@6e73f88e]
2019-6-29 17:04:30 pool-4-thread-1 INFO 用户3获取到的一级分销列表:[[com.redpigmall.domain.UserDistribution_$$_jvstf11_2@67311fd4]]
2019-6-29 17:04:30 pool-4-thread-1 INFO 一级分销用户:4获取的数据[[]]
2019-6-29 17:04:30 pool-4-thread-1 INFO 原有的可提现金额为:526.35
2019-6-29 17:04:30 pool-4-thread-1 INFO 新结余为:526.3500
2019-6-29 17:04:30 pool-4-thread-1 INFO 开始：[com.redpigmall.domain.UserDistribution_$$_jvstf11_2@14d57ae9]的数据获取！
2019-6-29 17:04:30 pool-4-thread-1 INFO 用户6获取为:[com.redpigmall.domain.DistributionCommission_$$_jvstf11_4@772cee7b]
2019-6-29 17:04:30 pool-4-thread-1 INFO 用户4获取到的一级分销列表:[[com.redpigmall.domain.UserDistribution_$$_jvstf11_2@13afc424]]
2019-6-29 17:04:30 pool-4-thread-1 INFO 一级分销用户:179获取的数据[[]]
2019-6-29 17:04:30 pool-4-thread-1 INFO 原有的可提现金额为:0.00
2019-6-29 17:04:30 pool-4-thread-1 INFO 新结余为:0.0000
2019-6-29 17:04:30 pool-4-thread-1 INFO 开始：[com.redpigmall.domain.UserDistribution_$$_jvstf11_2@663538a]的数据获取！
2019-6-29 17:04:30 pool-4-thread-1 INFO 用户182获取为:[null]
2019-6-29 17:04:30 pool-4-thread-1 INFO 用户5获取到的一级分销列表:[[]]
2019-6-29 17:04:30 pool-4-thread-1 INFO 开始：[com.redpigmall.domain.UserDistribution_$$_jvstf11_2@737862b6]的数据获取！
2019-6-29 17:04:30 pool-4-thread-1 INFO 用户4获取为:[com.redpigmall.domain.DistributionCommission_$$_jvstf11_4@25779564]
2019-6-29 17:04:30 pool-4-thread-1 INFO 用户6获取到的一级分销列表:[[com.redpigmall.domain.UserDistribution_$$_jvstf11_2@261cca49]]
2019-6-29 17:04:30 pool-4-thread-1 INFO 一级分销用户:182获取的数据[[]]
2019-6-29 17:04:30 pool-4-thread-1 INFO 原有的可提现金额为:0.00
2019-6-29 17:04:30 pool-4-thread-1 INFO 新结余为:0.0000
2019-6-29 17:04:30 pool-4-thread-1 INFO 开始：[com.redpigmall.domain.UserDistribution_$$_jvstf11_2@4d9be883]的数据获取！
2019-6-29 17:04:30 pool-4-thread-1 INFO 用户7获取为:[com.redpigmall.domain.DistributionCommission_$$_jvstf11_4@41785f39]
2019-6-29 17:04:30 pool-4-thread-1 INFO 用户7获取到的一级分销列表:[[com.redpigmall.domain.UserDistribution_$$_jvstf11_2@3fd7ea88]]
2019-6-29 17:04:30 pool-4-thread-1 INFO 一级分销用户:29获取的数据[[]]
2019-6-29 17:04:30 pool-4-thread-1 INFO 原有的可提现金额为:0.00
2019-6-29 17:04:30 pool-4-thread-1 INFO 新结余为:0.0000
2019-6-29 17:04:30 pool-4-thread-1 INFO 开始：[com.redpigmall.domain.UserDistribution_$$_jvstf11_2@6182cc7f]的数据获取！
2019-6-29 17:04:30 pool-4-thread-1 INFO 用户29获取为:[null]
2019-6-29 17:04:30 pool-4-thread-1 INFO 用户8获取到的一级分销列表:[[]]
2019-6-29 17:04:30 pool-4-thread-1 INFO 开始：[com.redpigmall.domain.UserDistribution_$$_jvstf11_2@20248054]的数据获取！
2019-6-29 17:04:30 pool-4-thread-1 INFO 用户179获取为:[null]
2019-6-29 17:04:30 pool-4-thread-1 INFO 用户9获取到的一级分销列表:[[]]
2019-6-29 17:05:30 pool-4-thread-1 INFO 开始：[com.redpigmall.domain.UserDistribution_$$_jvstf11_2@47185bdf]的数据获取！
2019-6-29 17:05:30 pool-4-thread-1 INFO 用户180获取为:[com.redpigmall.domain.DistributionCommission_$$_jvstf11_4@9f47cd8]
2019-6-29 17:05:30 pool-4-thread-1 INFO 用户1获取到的一级分销列表:[[com.redpigmall.domain.UserDistribution_$$_jvstf11_2@7563ea72, com.redpigmall.domain.UserDistribution_$$_jvstf11_2@671a3919]]
2019-6-29 17:05:30 pool-4-thread-1 INFO 一级分销用户:1获取的数据[[]]
2019-6-29 17:05:30 pool-4-thread-1 INFO 一级分销用户:6获取的数据[[]]
2019-6-29 17:05:30 pool-4-thread-1 INFO 原有的可提现金额为:526.35
2019-6-29 17:05:30 pool-4-thread-1 INFO 新结余为:526.3500
2019-6-29 17:05:30 pool-4-thread-1 INFO 开始：[com.redpigmall.domain.UserDistribution_$$_jvstf11_2@7e7a8766]的数据获取！
2019-6-29 17:05:30 pool-4-thread-1 INFO 用户1获取为:[com.redpigmall.domain.DistributionCommission_$$_jvstf11_4@41c64840]
2019-6-29 17:05:30 pool-4-thread-1 INFO 用户2获取到的一级分销列表:[[com.redpigmall.domain.UserDistribution_$$_jvstf11_2@1c7ffd6b, com.redpigmall.domain.UserDistribution_$$_jvstf11_2@3ffd773f]]
2019-6-29 17:05:30 pool-4-thread-1 INFO 一级分销用户:5获取的数据[[]]
2019-6-29 17:05:30 pool-4-thread-1 INFO 一级分销用户:7获取的数据[[]]
2019-6-29 17:05:30 pool-4-thread-1 INFO 原有的可提现金额为:2907.96
2019-6-29 17:05:30 pool-4-thread-1 INFO 新结余为:2907.9600
2019-6-29 17:05:30 pool-4-thread-1 INFO 开始：[com.redpigmall.domain.UserDistribution_$$_jvstf11_2@24426aa8]的数据获取！
2019-6-29 17:05:30 pool-4-thread-1 INFO 用户5获取为:[com.redpigmall.domain.DistributionCommission_$$_jvstf11_4@6531dd79]
2019-6-29 17:05:30 pool-4-thread-1 INFO 用户3获取到的一级分销列表:[[com.redpigmall.domain.UserDistribution_$$_jvstf11_2@798dd34]]
2019-6-29 17:05:30 pool-4-thread-1 INFO 一级分销用户:4获取的数据[[]]
2019-6-29 17:05:30 pool-4-thread-1 INFO 原有的可提现金额为:526.35
2019-6-29 17:05:30 pool-4-thread-1 INFO 新结余为:526.3500
2019-6-29 17:05:30 pool-4-thread-1 INFO 开始：[com.redpigmall.domain.UserDistribution_$$_jvstf11_2@281a251c]的数据获取！
2019-6-29 17:05:30 pool-4-thread-1 INFO 用户6获取为:[com.redpigmall.domain.DistributionCommission_$$_jvstf11_4@4fc9bab3]
2019-6-29 17:05:30 pool-4-thread-1 INFO 用户4获取到的一级分销列表:[[com.redpigmall.domain.UserDistribution_$$_jvstf11_2@3a8ba759]]
2019-6-29 17:05:30 pool-4-thread-1 INFO 一级分销用户:179获取的数据[[]]
2019-6-29 17:05:30 pool-4-thread-1 INFO 原有的可提现金额为:0.00
2019-6-29 17:05:30 pool-4-thread-1 INFO 新结余为:0.0000
2019-6-29 17:05:30 pool-4-thread-1 INFO 开始：[com.redpigmall.domain.UserDistribution_$$_jvstf11_2@1ba81fc4]的数据获取！
2019-6-29 17:05:30 pool-4-thread-1 INFO 用户182获取为:[null]
2019-6-29 17:05:30 pool-4-thread-1 INFO 用户5获取到的一级分销列表:[[]]
2019-6-29 17:05:30 pool-4-thread-1 INFO 开始：[com.redpigmall.domain.UserDistribution_$$_jvstf11_2@37892d80]的数据获取！
2019-6-29 17:05:30 pool-4-thread-1 INFO 用户4获取为:[com.redpigmall.domain.DistributionCommission_$$_jvstf11_4@51d14773]
2019-6-29 17:05:30 pool-4-thread-1 INFO 用户6获取到的一级分销列表:[[com.redpigmall.domain.UserDistribution_$$_jvstf11_2@61cf5cf4]]
2019-6-29 17:05:30 pool-4-thread-1 INFO 一级分销用户:182获取的数据[[]]
2019-6-29 17:05:30 pool-4-thread-1 INFO 原有的可提现金额为:0.00
2019-6-29 17:05:30 pool-4-thread-1 INFO 新结余为:0.0000
2019-6-29 17:05:30 pool-4-thread-1 INFO 开始：[com.redpigmall.domain.UserDistribution_$$_jvstf11_2@25abc645]的数据获取！
2019-6-29 17:05:30 pool-4-thread-1 INFO 用户7获取为:[com.redpigmall.domain.DistributionCommission_$$_jvstf11_4@69db208d]
2019-6-29 17:05:30 pool-4-thread-1 INFO 用户7获取到的一级分销列表:[[com.redpigmall.domain.UserDistribution_$$_jvstf11_2@7a012c7a]]
2019-6-29 17:05:30 pool-4-thread-1 INFO 一级分销用户:29获取的数据[[]]
2019-6-29 17:05:30 pool-4-thread-1 INFO 原有的可提现金额为:0.00
2019-6-29 17:05:30 pool-4-thread-1 INFO 新结余为:0.0000
2019-6-29 17:05:30 pool-4-thread-1 INFO 开始：[com.redpigmall.domain.UserDistribution_$$_jvstf11_2@47f32d3]的数据获取！
2019-6-29 17:05:30 pool-4-thread-1 INFO 用户29获取为:[null]
2019-6-29 17:05:30 pool-4-thread-1 INFO 用户8获取到的一级分销列表:[[]]
2019-6-29 17:05:30 pool-4-thread-1 INFO 开始：[com.redpigmall.domain.UserDistribution_$$_jvstf11_2@31df0643]的数据获取！
2019-6-29 17:05:30 pool-4-thread-1 INFO 用户179获取为:[null]
2019-6-29 17:05:30 pool-4-thread-1 INFO 用户9获取到的一级分销列表:[[]]
2019-6-29 17:06:30 pool-4-thread-1 INFO 开始：[com.redpigmall.domain.UserDistribution_$$_jvstf11_2@450cf381]的数据获取！
2019-6-29 17:06:30 pool-4-thread-1 INFO 用户180获取为:[com.redpigmall.domain.DistributionCommission_$$_jvstf11_4@4be602fd]
2019-6-29 17:06:30 pool-4-thread-1 INFO 用户1获取到的一级分销列表:[[com.redpigmall.domain.UserDistribution_$$_jvstf11_2@487e71cb, com.redpigmall.domain.UserDistribution_$$_jvstf11_2@76ba3c6e]]
2019-6-29 17:06:30 pool-4-thread-1 INFO 一级分销用户:1获取的数据[[]]
2019-6-29 17:06:30 pool-4-thread-1 INFO 一级分销用户:6获取的数据[[]]
2019-6-29 17:06:30 pool-4-thread-1 INFO 原有的可提现金额为:526.35
2019-6-29 17:06:30 pool-4-thread-1 INFO 新结余为:526.3500
2019-6-29 17:06:30 pool-4-thread-1 INFO 开始：[com.redpigmall.domain.UserDistribution_$$_jvstf11_2@740f4400]的数据获取！
2019-6-29 17:06:30 pool-4-thread-1 INFO 用户1获取为:[com.redpigmall.domain.DistributionCommission_$$_jvstf11_4@1b2f1996]
2019-6-29 17:06:30 pool-4-thread-1 INFO 用户2获取到的一级分销列表:[[com.redpigmall.domain.UserDistribution_$$_jvstf11_2@65af93c1, com.redpigmall.domain.UserDistribution_$$_jvstf11_2@4ae3c0f7]]
2019-6-29 17:06:30 pool-4-thread-1 INFO 一级分销用户:5获取的数据[[]]
2019-6-29 17:06:30 pool-4-thread-1 INFO 一级分销用户:7获取的数据[[]]
2019-6-29 17:06:30 pool-4-thread-1 INFO 原有的可提现金额为:2907.96
2019-6-29 17:06:30 pool-4-thread-1 INFO 新结余为:2907.9600
2019-6-29 17:06:30 pool-4-thread-1 INFO 开始：[com.redpigmall.domain.UserDistribution_$$_jvstf11_2@533fb485]的数据获取！
2019-6-29 17:06:30 pool-4-thread-1 INFO 用户5获取为:[com.redpigmall.domain.DistributionCommission_$$_jvstf11_4@7fc3e4b3]
2019-6-29 17:06:30 pool-4-thread-1 INFO 用户3获取到的一级分销列表:[[com.redpigmall.domain.UserDistribution_$$_jvstf11_2@171d914]]
2019-6-29 17:06:30 pool-4-thread-1 INFO 一级分销用户:4获取的数据[[]]
2019-6-29 17:06:30 pool-4-thread-1 INFO 原有的可提现金额为:526.35
2019-6-29 17:06:30 pool-4-thread-1 INFO 新结余为:526.3500
2019-6-29 17:06:30 pool-4-thread-1 INFO 开始：[com.redpigmall.domain.UserDistribution_$$_jvstf11_2@2937c2a7]的数据获取！
2019-6-29 17:06:30 pool-4-thread-1 INFO 用户6获取为:[com.redpigmall.domain.DistributionCommission_$$_jvstf11_4@6a3753f0]
2019-6-29 17:06:30 pool-4-thread-1 INFO 用户4获取到的一级分销列表:[[com.redpigmall.domain.UserDistribution_$$_jvstf11_2@1f67c6dd]]
2019-6-29 17:06:30 pool-4-thread-1 INFO 一级分销用户:179获取的数据[[]]
2019-6-29 17:06:30 pool-4-thread-1 INFO 原有的可提现金额为:0.00
2019-6-29 17:06:30 pool-4-thread-1 INFO 新结余为:0.0000
2019-6-29 17:06:30 pool-4-thread-1 INFO 开始：[com.redpigmall.domain.UserDistribution_$$_jvstf11_2@2a07c1f]的数据获取！
2019-6-29 17:06:30 pool-4-thread-1 INFO 用户182获取为:[null]
2019-6-29 17:06:30 pool-4-thread-1 INFO 用户5获取到的一级分销列表:[[]]
2019-6-29 17:06:30 pool-4-thread-1 INFO 开始：[com.redpigmall.domain.UserDistribution_$$_jvstf11_2@19bedf5]的数据获取！
2019-6-29 17:06:30 pool-4-thread-1 INFO 用户4获取为:[com.redpigmall.domain.DistributionCommission_$$_jvstf11_4@247bf93]
2019-6-29 17:06:30 pool-4-thread-1 INFO 用户6获取到的一级分销列表:[[com.redpigmall.domain.UserDistribution_$$_jvstf11_2@d2d04ff]]
2019-6-29 17:06:30 pool-4-thread-1 INFO 一级分销用户:182获取的数据[[]]
2019-6-29 17:06:30 pool-4-thread-1 INFO 原有的可提现金额为:0.00
2019-6-29 17:06:30 pool-4-thread-1 INFO 新结余为:0.0000
2019-6-29 17:06:30 pool-4-thread-1 INFO 开始：[com.redpigmall.domain.UserDistribution_$$_jvstf11_2@70aac326]的数据获取！
2019-6-29 17:06:30 pool-4-thread-1 INFO 用户7获取为:[com.redpigmall.domain.DistributionCommission_$$_jvstf11_4@792bc3ec]
2019-6-29 17:06:30 pool-4-thread-1 INFO 用户7获取到的一级分销列表:[[com.redpigmall.domain.UserDistribution_$$_jvstf11_2@78dbe8cc]]
2019-6-29 17:06:30 pool-4-thread-1 INFO 一级分销用户:29获取的数据[[]]
2019-6-29 17:06:30 pool-4-thread-1 INFO 原有的可提现金额为:0.00
2019-6-29 17:06:30 pool-4-thread-1 INFO 新结余为:0.0000
2019-6-29 17:06:30 pool-4-thread-1 INFO 开始：[com.redpigmall.domain.UserDistribution_$$_jvstf11_2@4b3d7180]的数据获取！
2019-6-29 17:06:30 pool-4-thread-1 INFO 用户29获取为:[null]
2019-6-29 17:06:30 pool-4-thread-1 INFO 用户8获取到的一级分销列表:[[]]
2019-6-29 17:06:30 pool-4-thread-1 INFO 开始：[com.redpigmall.domain.UserDistribution_$$_jvstf11_2@1834519]的数据获取！
2019-6-29 17:06:30 pool-4-thread-1 INFO 用户179获取为:[null]
2019-6-29 17:06:30 pool-4-thread-1 INFO 用户9获取到的一级分销列表:[[]]
