2019-7-12 22:35:27 restartedMain INFO Starting RedPigWebAdmin on PC-20180115OHFV with PID 10120 (F:\work_yemaill\ye_maill\redpig-web-admin\target\classes started by Administrator in F:\work_yemaill\ye_maill\redpig-web-admin)
2019-7-12 22:35:27 restartedMain DEBUG Running with Spring Boot v2.0.2.RELEASE, Spring v5.0.6.RELEASE
2019-7-12 22:35:27 restartedMain INFO No active profile set, falling back to default profiles: default
2019-7-12 22:35:48 localhost-startStop-1 INFO init Druid Servlet Configuration 
2019-7-12 22:35:49 localhost-startStop-1 DEBUG 开始初始化SpringUtil...
2019-7-12 22:35:50 localhost-startStop-1 DEBUG web root abs path=F:\work_yemaill\ye_maill\redpig-web-admin\src\main\webapp\
2019-7-12 22:35:50 localhost-startStop-1 DEBUG SpringUtil初始化完成.
2019-7-12 22:36:31 pool-4-thread-1 INFO 开始：[com.redpigmall.domain.UserDistribution_$$_jvst466_1@3ee74a30]的数据获取！
2019-7-12 22:36:31 pool-4-thread-1 INFO 用户180获取为:[com.redpigmall.domain.DistributionCommission_$$_jvst466_4@5cfd2bf5]
2019-7-12 22:36:31 pool-4-thread-1 INFO 用户1获取到的一级分销列表:[[com.redpigmall.domain.UserDistribution_$$_jvst466_1@43fdfc71, com.redpigmall.domain.UserDistribution_$$_jvst466_1@75c681c4]]
2019-7-12 22:36:31 pool-4-thread-1 INFO 一级分销用户:1获取的数据[[]]
2019-7-12 22:36:31 pool-4-thread-1 INFO 一级分销用户:6获取的数据[[]]
2019-7-12 22:36:31 pool-4-thread-1 INFO 原有的可提现金额为:526.35
2019-7-12 22:36:31 pool-4-thread-1 INFO 新结余为:526.3500
2019-7-12 22:36:31 restartedMain INFO Started RedPigWebAdmin in 68.784 seconds (JVM running for 78.44)
2019-7-12 22:36:31 pool-4-thread-1 INFO 开始：[com.redpigmall.domain.UserDistribution_$$_jvst466_1@18fa4b3]的数据获取！
2019-7-12 22:36:31 pool-4-thread-1 INFO 用户1获取为:[com.redpigmall.domain.DistributionCommission_$$_jvst466_4@5be5021b]
2019-7-12 22:36:31 pool-4-thread-1 INFO 用户2获取到的一级分销列表:[[com.redpigmall.domain.UserDistribution_$$_jvst466_1@538744a6, com.redpigmall.domain.UserDistribution_$$_jvst466_1@7d25893]]
2019-7-12 22:36:31 pool-4-thread-1 INFO 一级分销用户:5获取的数据[[]]
2019-7-12 22:36:31 pool-4-thread-1 INFO 一级分销用户:7获取的数据[[]]
2019-7-12 22:36:31 pool-4-thread-1 INFO 原有的可提现金额为:2907.96
2019-7-12 22:36:31 pool-4-thread-1 INFO 新结余为:2907.9600
2019-7-12 22:36:31 pool-4-thread-1 INFO 开始：[com.redpigmall.domain.UserDistribution_$$_jvst466_1@22955c6a]的数据获取！
2019-7-12 22:36:31 pool-4-thread-1 INFO 用户5获取为:[com.redpigmall.domain.DistributionCommission_$$_jvst466_4@6092677]
2019-7-12 22:36:31 pool-4-thread-1 INFO 用户3获取到的一级分销列表:[[com.redpigmall.domain.UserDistribution_$$_jvst466_1@378183d0]]
2019-7-12 22:36:31 pool-4-thread-1 INFO 一级分销用户:4获取的数据[[]]
2019-7-12 22:36:31 pool-4-thread-1 INFO 原有的可提现金额为:526.35
2019-7-12 22:36:31 pool-4-thread-1 INFO 新结余为:526.3500
2019-7-12 22:36:31 pool-4-thread-1 INFO 开始：[com.redpigmall.domain.UserDistribution_$$_jvst466_1@2e0e5f52]的数据获取！
2019-7-12 22:36:31 pool-4-thread-1 INFO 用户6获取为:[com.redpigmall.domain.DistributionCommission_$$_jvst466_4@6c30c880]
2019-7-12 22:36:31 pool-4-thread-1 INFO 用户4获取到的一级分销列表:[[com.redpigmall.domain.UserDistribution_$$_jvst466_1@25f181e5]]
2019-7-12 22:36:31 pool-4-thread-1 INFO 一级分销用户:179获取的数据[[]]
2019-7-12 22:36:31 pool-4-thread-1 INFO 原有的可提现金额为:0.00
2019-7-12 22:36:31 pool-4-thread-1 INFO 新结余为:0.0000
2019-7-12 22:36:31 pool-4-thread-1 INFO 开始：[com.redpigmall.domain.UserDistribution_$$_jvst466_1@53c3b2c3]的数据获取！
2019-7-12 22:36:31 pool-4-thread-1 INFO 用户182获取为:[null]
2019-7-12 22:36:31 pool-4-thread-1 INFO 用户5获取到的一级分销列表:[[]]
2019-7-12 22:36:31 pool-4-thread-1 INFO 开始：[com.redpigmall.domain.UserDistribution_$$_jvst466_1@99364d1]的数据获取！
2019-7-12 22:36:31 pool-4-thread-1 INFO 用户4获取为:[com.redpigmall.domain.DistributionCommission_$$_jvst466_4@23f4475d]
2019-7-12 22:36:31 pool-4-thread-1 INFO 用户6获取到的一级分销列表:[[com.redpigmall.domain.UserDistribution_$$_jvst466_1@32c2d790]]
2019-7-12 22:36:31 pool-4-thread-1 INFO 一级分销用户:182获取的数据[[]]
2019-7-12 22:36:31 pool-4-thread-1 INFO 原有的可提现金额为:0.00
2019-7-12 22:36:31 pool-4-thread-1 INFO 新结余为:0.0000
2019-7-12 22:36:31 pool-4-thread-1 INFO 开始：[com.redpigmall.domain.UserDistribution_$$_jvst466_1@ba1e497]的数据获取！
2019-7-12 22:36:31 pool-4-thread-1 INFO 用户7获取为:[com.redpigmall.domain.DistributionCommission_$$_jvst466_4@268f6c47]
2019-7-12 22:36:31 pool-4-thread-1 INFO 用户7获取到的一级分销列表:[[com.redpigmall.domain.UserDistribution_$$_jvst466_1@76830337]]
2019-7-12 22:36:31 pool-4-thread-1 INFO 一级分销用户:29获取的数据[[]]
2019-7-12 22:36:31 pool-4-thread-1 INFO 原有的可提现金额为:0.00
2019-7-12 22:36:31 pool-4-thread-1 INFO 新结余为:0.0000
2019-7-12 22:36:31 pool-4-thread-1 INFO 开始：[com.redpigmall.domain.UserDistribution_$$_jvst466_1@4321a248]的数据获取！
2019-7-12 22:36:31 pool-4-thread-1 INFO 用户29获取为:[null]
2019-7-12 22:36:31 pool-4-thread-1 INFO 用户8获取到的一级分销列表:[[]]
2019-7-12 22:36:31 pool-4-thread-1 INFO 开始：[com.redpigmall.domain.UserDistribution_$$_jvst466_1@141e7dd0]的数据获取！
2019-7-12 22:36:31 pool-4-thread-1 INFO 用户179获取为:[null]
2019-7-12 22:36:31 pool-4-thread-1 INFO 用户9获取到的一级分销列表:[[]]
2019-7-12 22:37:30 pool-4-thread-1 INFO 开始：[com.redpigmall.domain.UserDistribution_$$_jvst466_1@46e780c5]的数据获取！
2019-7-12 22:37:30 pool-4-thread-1 INFO 用户180获取为:[com.redpigmall.domain.DistributionCommission_$$_jvst466_4@34f01b32]
2019-7-12 22:37:30 pool-4-thread-1 INFO 用户1获取到的一级分销列表:[[com.redpigmall.domain.UserDistribution_$$_jvst466_1@5fa5fa0d, com.redpigmall.domain.UserDistribution_$$_jvst466_1@2f1363c7]]
2019-7-12 22:37:30 pool-4-thread-1 INFO 一级分销用户:1获取的数据[[]]
2019-7-12 22:37:30 pool-4-thread-1 INFO 一级分销用户:6获取的数据[[]]
2019-7-12 22:37:30 pool-4-thread-1 INFO 原有的可提现金额为:526.35
2019-7-12 22:37:30 pool-4-thread-1 INFO 新结余为:526.3500
2019-7-12 22:37:30 pool-4-thread-1 INFO 开始：[com.redpigmall.domain.UserDistribution_$$_jvst466_1@64bc6c2c]的数据获取！
2019-7-12 22:37:30 pool-4-thread-1 INFO 用户1获取为:[com.redpigmall.domain.DistributionCommission_$$_jvst466_4@2784ab1]
2019-7-12 22:37:30 pool-4-thread-1 INFO 用户2获取到的一级分销列表:[[com.redpigmall.domain.UserDistribution_$$_jvst466_1@3204ad0c, com.redpigmall.domain.UserDistribution_$$_jvst466_1@2e873099]]
2019-7-12 22:37:30 pool-4-thread-1 INFO 一级分销用户:5获取的数据[[]]
2019-7-12 22:37:30 pool-4-thread-1 INFO 一级分销用户:7获取的数据[[]]
2019-7-12 22:37:30 pool-4-thread-1 INFO 原有的可提现金额为:2907.96
2019-7-12 22:37:30 pool-4-thread-1 INFO 新结余为:2907.9600
2019-7-12 22:37:30 pool-4-thread-1 INFO 开始：[com.redpigmall.domain.UserDistribution_$$_jvst466_1@757c29d0]的数据获取！
2019-7-12 22:37:30 pool-4-thread-1 INFO 用户5获取为:[com.redpigmall.domain.DistributionCommission_$$_jvst466_4@84c46de]
2019-7-12 22:37:30 pool-4-thread-1 INFO 用户3获取到的一级分销列表:[[com.redpigmall.domain.UserDistribution_$$_jvst466_1@a5ab8a1]]
2019-7-12 22:37:30 pool-4-thread-1 INFO 一级分销用户:4获取的数据[[]]
2019-7-12 22:37:30 pool-4-thread-1 INFO 原有的可提现金额为:526.35
2019-7-12 22:37:30 pool-4-thread-1 INFO 新结余为:526.3500
2019-7-12 22:37:30 pool-4-thread-1 INFO 开始：[com.redpigmall.domain.UserDistribution_$$_jvst466_1@7b76c31a]的数据获取！
2019-7-12 22:37:30 pool-4-thread-1 INFO 用户6获取为:[com.redpigmall.domain.DistributionCommission_$$_jvst466_4@643c4f87]
2019-7-12 22:37:30 pool-4-thread-1 INFO 用户4获取到的一级分销列表:[[com.redpigmall.domain.UserDistribution_$$_jvst466_1@40b80440]]
2019-7-12 22:37:30 pool-4-thread-1 INFO 一级分销用户:179获取的数据[[]]
2019-7-12 22:37:30 pool-4-thread-1 INFO 原有的可提现金额为:0.00
2019-7-12 22:37:30 pool-4-thread-1 INFO 新结余为:0.0000
2019-7-12 22:37:30 pool-4-thread-1 INFO 开始：[com.redpigmall.domain.UserDistribution_$$_jvst466_1@148063e3]的数据获取！
2019-7-12 22:37:30 pool-4-thread-1 INFO 用户182获取为:[null]
2019-7-12 22:37:30 pool-4-thread-1 INFO 用户5获取到的一级分销列表:[[]]
2019-7-12 22:37:30 pool-4-thread-1 INFO 开始：[com.redpigmall.domain.UserDistribution_$$_jvst466_1@69d09b8]的数据获取！
2019-7-12 22:37:30 pool-4-thread-1 INFO 用户4获取为:[com.redpigmall.domain.DistributionCommission_$$_jvst466_4@3a3a22ed]
2019-7-12 22:37:30 pool-4-thread-1 INFO 用户6获取到的一级分销列表:[[com.redpigmall.domain.UserDistribution_$$_jvst466_1@6ad7be3b]]
2019-7-12 22:37:30 pool-4-thread-1 INFO 一级分销用户:182获取的数据[[]]
2019-7-12 22:37:30 pool-4-thread-1 INFO 原有的可提现金额为:0.00
2019-7-12 22:37:30 pool-4-thread-1 INFO 新结余为:0.0000
2019-7-12 22:37:30 pool-4-thread-1 INFO 开始：[com.redpigmall.domain.UserDistribution_$$_jvst466_1@2b9401c5]的数据获取！
2019-7-12 22:37:30 pool-4-thread-1 INFO 用户7获取为:[com.redpigmall.domain.DistributionCommission_$$_jvst466_4@4546ea47]
2019-7-12 22:37:30 pool-4-thread-1 INFO 用户7获取到的一级分销列表:[[com.redpigmall.domain.UserDistribution_$$_jvst466_1@436921a9]]
2019-7-12 22:37:30 pool-4-thread-1 INFO 一级分销用户:29获取的数据[[]]
2019-7-12 22:37:30 pool-4-thread-1 INFO 原有的可提现金额为:0.00
2019-7-12 22:37:30 pool-4-thread-1 INFO 新结余为:0.0000
2019-7-12 22:37:30 pool-4-thread-1 INFO 开始：[com.redpigmall.domain.UserDistribution_$$_jvst466_1@3eafff4b]的数据获取！
2019-7-12 22:37:30 pool-4-thread-1 INFO 用户29获取为:[null]
2019-7-12 22:37:30 pool-4-thread-1 INFO 用户8获取到的一级分销列表:[[]]
2019-7-12 22:37:30 pool-4-thread-1 INFO 开始：[com.redpigmall.domain.UserDistribution_$$_jvst466_1@c5950c9]的数据获取！
2019-7-12 22:37:30 pool-4-thread-1 INFO 用户179获取为:[null]
2019-7-12 22:37:30 pool-4-thread-1 INFO 用户9获取到的一级分销列表:[[]]
2019-7-12 22:38:30 pool-4-thread-1 INFO 开始：[com.redpigmall.domain.UserDistribution_$$_jvst466_1@3e57226b]的数据获取！
2019-7-12 22:38:30 pool-4-thread-1 INFO 用户180获取为:[com.redpigmall.domain.DistributionCommission_$$_jvst466_4@72b998a]
2019-7-12 22:38:30 pool-4-thread-1 INFO 用户1获取到的一级分销列表:[[com.redpigmall.domain.UserDistribution_$$_jvst466_1@730b690, com.redpigmall.domain.UserDistribution_$$_jvst466_1@16532689]]
2019-7-12 22:38:30 pool-4-thread-1 INFO 一级分销用户:1获取的数据[[]]
2019-7-12 22:38:30 pool-4-thread-1 INFO 一级分销用户:6获取的数据[[]]
2019-7-12 22:38:30 pool-4-thread-1 INFO 原有的可提现金额为:526.35
2019-7-12 22:38:30 pool-4-thread-1 INFO 新结余为:526.3500
2019-7-12 22:38:30 pool-4-thread-1 INFO 开始：[com.redpigmall.domain.UserDistribution_$$_jvst466_1@16d439f9]的数据获取！
2019-7-12 22:38:30 pool-4-thread-1 INFO 用户1获取为:[com.redpigmall.domain.DistributionCommission_$$_jvst466_4@4dfaba97]
2019-7-12 22:38:30 pool-4-thread-1 INFO 用户2获取到的一级分销列表:[[com.redpigmall.domain.UserDistribution_$$_jvst466_1@ed1e54f, com.redpigmall.domain.UserDistribution_$$_jvst466_1@27063822]]
2019-7-12 22:38:30 pool-4-thread-1 INFO 一级分销用户:5获取的数据[[]]
2019-7-12 22:38:30 pool-4-thread-1 INFO 一级分销用户:7获取的数据[[]]
2019-7-12 22:38:30 pool-4-thread-1 INFO 原有的可提现金额为:2907.96
2019-7-12 22:38:30 pool-4-thread-1 INFO 新结余为:2907.9600
2019-7-12 22:38:30 pool-4-thread-1 INFO 开始：[com.redpigmall.domain.UserDistribution_$$_jvst466_1@9a003e1]的数据获取！
2019-7-12 22:38:30 pool-4-thread-1 INFO 用户5获取为:[com.redpigmall.domain.DistributionCommission_$$_jvst466_4@66f3141b]
2019-7-12 22:38:30 pool-4-thread-1 INFO 用户3获取到的一级分销列表:[[com.redpigmall.domain.UserDistribution_$$_jvst466_1@7340ef70]]
2019-7-12 22:38:30 pool-4-thread-1 INFO 一级分销用户:4获取的数据[[]]
2019-7-12 22:38:30 pool-4-thread-1 INFO 原有的可提现金额为:526.35
2019-7-12 22:38:30 pool-4-thread-1 INFO 新结余为:526.3500
2019-7-12 22:38:30 pool-4-thread-1 INFO 开始：[com.redpigmall.domain.UserDistribution_$$_jvst466_1@4d6657ee]的数据获取！
2019-7-12 22:38:30 pool-4-thread-1 INFO 用户6获取为:[com.redpigmall.domain.DistributionCommission_$$_jvst466_4@a7eda57]
2019-7-12 22:38:30 pool-4-thread-1 INFO 用户4获取到的一级分销列表:[[com.redpigmall.domain.UserDistribution_$$_jvst466_1@48addc10]]
2019-7-12 22:38:30 pool-4-thread-1 INFO 一级分销用户:179获取的数据[[]]
2019-7-12 22:38:30 pool-4-thread-1 INFO 原有的可提现金额为:0.00
2019-7-12 22:38:30 pool-4-thread-1 INFO 新结余为:0.0000
2019-7-12 22:38:30 pool-4-thread-1 INFO 开始：[com.redpigmall.domain.UserDistribution_$$_jvst466_1@7930d121]的数据获取！
2019-7-12 22:38:30 pool-4-thread-1 INFO 用户182获取为:[null]
2019-7-12 22:38:30 pool-4-thread-1 INFO 用户5获取到的一级分销列表:[[]]
2019-7-12 22:38:30 pool-4-thread-1 INFO 开始：[com.redpigmall.domain.UserDistribution_$$_jvst466_1@6008a2d]的数据获取！
2019-7-12 22:38:30 pool-4-thread-1 INFO 用户4获取为:[com.redpigmall.domain.DistributionCommission_$$_jvst466_4@5b37ff1f]
2019-7-12 22:38:30 pool-4-thread-1 INFO 用户6获取到的一级分销列表:[[com.redpigmall.domain.UserDistribution_$$_jvst466_1@17c321e4]]
2019-7-12 22:38:30 pool-4-thread-1 INFO 一级分销用户:182获取的数据[[]]
2019-7-12 22:38:30 pool-4-thread-1 INFO 原有的可提现金额为:0.00
2019-7-12 22:38:30 pool-4-thread-1 INFO 新结余为:0.0000
2019-7-12 22:38:30 pool-4-thread-1 INFO 开始：[com.redpigmall.domain.UserDistribution_$$_jvst466_1@34467b5d]的数据获取！
2019-7-12 22:38:30 pool-4-thread-1 INFO 用户7获取为:[com.redpigmall.domain.DistributionCommission_$$_jvst466_4@cff8c36]
2019-7-12 22:38:30 pool-4-thread-1 INFO 用户7获取到的一级分销列表:[[com.redpigmall.domain.UserDistribution_$$_jvst466_1@3871eca8]]
2019-7-12 22:38:30 pool-4-thread-1 INFO 一级分销用户:29获取的数据[[]]
2019-7-12 22:38:30 pool-4-thread-1 INFO 原有的可提现金额为:0.00
2019-7-12 22:38:30 pool-4-thread-1 INFO 新结余为:0.0000
2019-7-12 22:38:30 pool-4-thread-1 INFO 开始：[com.redpigmall.domain.UserDistribution_$$_jvst466_1@14300495]的数据获取！
2019-7-12 22:38:30 pool-4-thread-1 INFO 用户29获取为:[null]
2019-7-12 22:38:30 pool-4-thread-1 INFO 用户8获取到的一级分销列表:[[]]
2019-7-12 22:38:30 pool-4-thread-1 INFO 开始：[com.redpigmall.domain.UserDistribution_$$_jvst466_1@137aadaf]的数据获取！
2019-7-12 22:38:30 pool-4-thread-1 INFO 用户179获取为:[null]
2019-7-12 22:38:30 pool-4-thread-1 INFO 用户9获取到的一级分销列表:[[]]
2019-7-12 23:13:25 restartedMain INFO Starting RedPigWebAdmin on PC-20180115OHFV with PID 9116 (F:\work_yemaill\ye_maill\redpig-web-admin\target\classes started by Administrator in F:\work_yemaill\ye_maill\redpig-web-admin)
2019-7-12 23:13:25 restartedMain DEBUG Running with Spring Boot v2.0.2.RELEASE, Spring v5.0.6.RELEASE
2019-7-12 23:13:25 restartedMain INFO No active profile set, falling back to default profiles: default
2019-7-12 23:13:53 localhost-startStop-1 INFO init Druid Servlet Configuration 
2019-7-12 23:13:54 localhost-startStop-1 DEBUG 开始初始化SpringUtil...
2019-7-12 23:13:54 localhost-startStop-1 DEBUG web root abs path=F:\work_yemaill\ye_maill\redpig-web-admin\src\main\webapp\
2019-7-12 23:13:54 localhost-startStop-1 DEBUG SpringUtil初始化完成.
2019-7-12 23:14:41 restartedMain INFO Started RedPigWebAdmin in 77.566 seconds (JVM running for 84.207)
2019-7-12 23:15:30 pool-4-thread-1 INFO 开始：[com.redpigmall.domain.UserDistribution_$$_jvstfc6_d@2a95dd5c]的数据获取！
2019-7-12 23:15:30 pool-4-thread-1 INFO 用户180获取为:[com.redpigmall.domain.DistributionCommission_$$_jvstfc6_e@406ee4ae]
2019-7-12 23:15:30 pool-4-thread-1 INFO 用户1获取到的一级分销列表:[[com.redpigmall.domain.UserDistribution_$$_jvstfc6_d@341dad76, com.redpigmall.domain.UserDistribution_$$_jvstfc6_d@72ecfcf1]]
2019-7-12 23:15:30 pool-4-thread-1 INFO 一级分销用户:1获取的数据[[]]
2019-7-12 23:15:30 pool-4-thread-1 INFO 一级分销用户:6获取的数据[[]]
2019-7-12 23:15:30 pool-4-thread-1 INFO 原有的可提现金额为:526.35
2019-7-12 23:15:30 pool-4-thread-1 INFO 新结余为:526.3500
2019-7-12 23:15:30 pool-4-thread-1 INFO 开始：[com.redpigmall.domain.UserDistribution_$$_jvstfc6_d@2a97a693]的数据获取！
2019-7-12 23:15:30 pool-4-thread-1 INFO 用户1获取为:[com.redpigmall.domain.DistributionCommission_$$_jvstfc6_e@5bc76e17]
2019-7-12 23:15:30 pool-4-thread-1 INFO 用户2获取到的一级分销列表:[[com.redpigmall.domain.UserDistribution_$$_jvstfc6_d@11e3de06, com.redpigmall.domain.UserDistribution_$$_jvstfc6_d@69d0b00d]]
2019-7-12 23:15:30 pool-4-thread-1 INFO 一级分销用户:5获取的数据[[]]
2019-7-12 23:15:30 pool-4-thread-1 INFO 一级分销用户:7获取的数据[[]]
2019-7-12 23:15:30 pool-4-thread-1 INFO 原有的可提现金额为:2907.96
2019-7-12 23:15:30 pool-4-thread-1 INFO 新结余为:2907.9600
2019-7-12 23:15:30 pool-4-thread-1 INFO 开始：[com.redpigmall.domain.UserDistribution_$$_jvstfc6_d@5cc2a4e0]的数据获取！
2019-7-12 23:15:30 pool-4-thread-1 INFO 用户5获取为:[com.redpigmall.domain.DistributionCommission_$$_jvstfc6_e@3ded305]
2019-7-12 23:15:30 pool-4-thread-1 INFO 用户3获取到的一级分销列表:[[com.redpigmall.domain.UserDistribution_$$_jvstfc6_d@26f109ee]]
2019-7-12 23:15:30 pool-4-thread-1 INFO 一级分销用户:4获取的数据[[]]
2019-7-12 23:15:30 pool-4-thread-1 INFO 原有的可提现金额为:526.35
2019-7-12 23:15:30 pool-4-thread-1 INFO 新结余为:526.3500
2019-7-12 23:15:30 pool-4-thread-1 INFO 开始：[com.redpigmall.domain.UserDistribution_$$_jvstfc6_d@40a3aac7]的数据获取！
2019-7-12 23:15:30 pool-4-thread-1 INFO 用户6获取为:[com.redpigmall.domain.DistributionCommission_$$_jvstfc6_e@b060aae]
2019-7-12 23:15:30 pool-4-thread-1 INFO 用户4获取到的一级分销列表:[[com.redpigmall.domain.UserDistribution_$$_jvstfc6_d@7349799f]]
2019-7-12 23:15:30 pool-4-thread-1 INFO 一级分销用户:179获取的数据[[]]
2019-7-12 23:15:30 pool-4-thread-1 INFO 原有的可提现金额为:0.00
2019-7-12 23:15:30 pool-4-thread-1 INFO 新结余为:0.0000
2019-7-12 23:15:30 pool-4-thread-1 INFO 开始：[com.redpigmall.domain.UserDistribution_$$_jvstfc6_d@1c78d705]的数据获取！
2019-7-12 23:15:30 pool-4-thread-1 INFO 用户182获取为:[null]
2019-7-12 23:15:30 pool-4-thread-1 INFO 用户5获取到的一级分销列表:[[]]
2019-7-12 23:15:30 pool-4-thread-1 INFO 开始：[com.redpigmall.domain.UserDistribution_$$_jvstfc6_d@45f36bbe]的数据获取！
2019-7-12 23:15:30 pool-4-thread-1 INFO 用户4获取为:[com.redpigmall.domain.DistributionCommission_$$_jvstfc6_e@55fd6982]
2019-7-12 23:15:30 pool-4-thread-1 INFO 用户6获取到的一级分销列表:[[com.redpigmall.domain.UserDistribution_$$_jvstfc6_d@5e8c1d31]]
2019-7-12 23:15:30 pool-4-thread-1 INFO 一级分销用户:182获取的数据[[]]
2019-7-12 23:15:30 pool-4-thread-1 INFO 原有的可提现金额为:0.00
2019-7-12 23:15:30 pool-4-thread-1 INFO 新结余为:0.0000
2019-7-12 23:15:30 pool-4-thread-1 INFO 开始：[com.redpigmall.domain.UserDistribution_$$_jvstfc6_d@91de687]的数据获取！
2019-7-12 23:15:30 pool-4-thread-1 INFO 用户7获取为:[com.redpigmall.domain.DistributionCommission_$$_jvstfc6_e@130ccf99]
2019-7-12 23:15:30 pool-4-thread-1 INFO 用户7获取到的一级分销列表:[[com.redpigmall.domain.UserDistribution_$$_jvstfc6_d@6328d503]]
2019-7-12 23:15:30 pool-4-thread-1 INFO 一级分销用户:29获取的数据[[]]
2019-7-12 23:15:30 pool-4-thread-1 INFO 原有的可提现金额为:0.00
2019-7-12 23:15:30 pool-4-thread-1 INFO 新结余为:0.0000
2019-7-12 23:15:30 pool-4-thread-1 INFO 开始：[com.redpigmall.domain.UserDistribution_$$_jvstfc6_d@2a5677b9]的数据获取！
2019-7-12 23:15:30 pool-4-thread-1 INFO 用户29获取为:[null]
2019-7-12 23:15:30 pool-4-thread-1 INFO 用户8获取到的一级分销列表:[[]]
2019-7-12 23:15:30 pool-4-thread-1 INFO 开始：[com.redpigmall.domain.UserDistribution_$$_jvstfc6_d@19f7c1d7]的数据获取！
2019-7-12 23:15:30 pool-4-thread-1 INFO 用户179获取为:[null]
2019-7-12 23:15:30 pool-4-thread-1 INFO 用户9获取到的一级分销列表:[[]]
2019-7-12 23:16:30 pool-4-thread-1 INFO 开始：[com.redpigmall.domain.UserDistribution_$$_jvstfc6_d@35adf710]的数据获取！
2019-7-12 23:16:30 pool-4-thread-1 INFO 用户180获取为:[com.redpigmall.domain.DistributionCommission_$$_jvstfc6_e@412436a3]
2019-7-12 23:16:30 pool-4-thread-1 INFO 用户1获取到的一级分销列表:[[com.redpigmall.domain.UserDistribution_$$_jvstfc6_d@1c09b234, com.redpigmall.domain.UserDistribution_$$_jvstfc6_d@69f1ff61]]
2019-7-12 23:16:30 pool-4-thread-1 INFO 一级分销用户:1获取的数据[[]]
2019-7-12 23:16:30 pool-4-thread-1 INFO 一级分销用户:6获取的数据[[]]
2019-7-12 23:16:30 pool-4-thread-1 INFO 原有的可提现金额为:526.35
2019-7-12 23:16:30 pool-4-thread-1 INFO 新结余为:526.3500
2019-7-12 23:16:30 pool-4-thread-1 INFO 开始：[com.redpigmall.domain.UserDistribution_$$_jvstfc6_d@7c4a0497]的数据获取！
2019-7-12 23:16:30 pool-4-thread-1 INFO 用户1获取为:[com.redpigmall.domain.DistributionCommission_$$_jvstfc6_e@2c696f6]
2019-7-12 23:16:30 pool-4-thread-1 INFO 用户2获取到的一级分销列表:[[com.redpigmall.domain.UserDistribution_$$_jvstfc6_d@1a9a1999, com.redpigmall.domain.UserDistribution_$$_jvstfc6_d@4545db7e]]
2019-7-12 23:16:30 pool-4-thread-1 INFO 一级分销用户:5获取的数据[[]]
2019-7-12 23:16:30 pool-4-thread-1 INFO 一级分销用户:7获取的数据[[]]
2019-7-12 23:16:30 pool-4-thread-1 INFO 原有的可提现金额为:2907.96
2019-7-12 23:16:30 pool-4-thread-1 INFO 新结余为:2907.9600
2019-7-12 23:16:30 pool-4-thread-1 INFO 开始：[com.redpigmall.domain.UserDistribution_$$_jvstfc6_d@77932c7e]的数据获取！
2019-7-12 23:16:30 pool-4-thread-1 INFO 用户5获取为:[com.redpigmall.domain.DistributionCommission_$$_jvstfc6_e@373e8b14]
2019-7-12 23:16:30 pool-4-thread-1 INFO 用户3获取到的一级分销列表:[[com.redpigmall.domain.UserDistribution_$$_jvstfc6_d@476e2f0d]]
2019-7-12 23:16:30 pool-4-thread-1 INFO 一级分销用户:4获取的数据[[]]
2019-7-12 23:16:30 pool-4-thread-1 INFO 原有的可提现金额为:526.35
2019-7-12 23:16:30 pool-4-thread-1 INFO 新结余为:526.3500
2019-7-12 23:16:30 pool-4-thread-1 INFO 开始：[com.redpigmall.domain.UserDistribution_$$_jvstfc6_d@5d8d17ac]的数据获取！
2019-7-12 23:16:30 pool-4-thread-1 INFO 用户6获取为:[com.redpigmall.domain.DistributionCommission_$$_jvstfc6_e@12577066]
2019-7-12 23:16:30 pool-4-thread-1 INFO 用户4获取到的一级分销列表:[[com.redpigmall.domain.UserDistribution_$$_jvstfc6_d@3be5d553]]
2019-7-12 23:16:30 pool-4-thread-1 INFO 一级分销用户:179获取的数据[[]]
2019-7-12 23:16:30 pool-4-thread-1 INFO 原有的可提现金额为:0.00
2019-7-12 23:16:30 pool-4-thread-1 INFO 新结余为:0.0000
2019-7-12 23:16:30 pool-4-thread-1 INFO 开始：[com.redpigmall.domain.UserDistribution_$$_jvstfc6_d@3e8f5b32]的数据获取！
2019-7-12 23:16:30 pool-4-thread-1 INFO 用户182获取为:[null]
2019-7-12 23:16:30 pool-4-thread-1 INFO 用户5获取到的一级分销列表:[[]]
2019-7-12 23:16:30 pool-4-thread-1 INFO 开始：[com.redpigmall.domain.UserDistribution_$$_jvstfc6_d@57e51b4c]的数据获取！
2019-7-12 23:16:30 pool-4-thread-1 INFO 用户4获取为:[com.redpigmall.domain.DistributionCommission_$$_jvstfc6_e@620d1d31]
2019-7-12 23:16:30 pool-4-thread-1 INFO 用户6获取到的一级分销列表:[[com.redpigmall.domain.UserDistribution_$$_jvstfc6_d@32b3c1ee]]
2019-7-12 23:16:30 pool-4-thread-1 INFO 一级分销用户:182获取的数据[[]]
2019-7-12 23:16:30 pool-4-thread-1 INFO 原有的可提现金额为:0.00
2019-7-12 23:16:30 pool-4-thread-1 INFO 新结余为:0.0000
2019-7-12 23:16:30 pool-4-thread-1 INFO 开始：[com.redpigmall.domain.UserDistribution_$$_jvstfc6_d@2fea23a4]的数据获取！
2019-7-12 23:16:30 pool-4-thread-1 INFO 用户7获取为:[com.redpigmall.domain.DistributionCommission_$$_jvstfc6_e@31f098be]
2019-7-12 23:16:30 pool-4-thread-1 INFO 用户7获取到的一级分销列表:[[com.redpigmall.domain.UserDistribution_$$_jvstfc6_d@1bc1bd67]]
2019-7-12 23:16:30 pool-4-thread-1 INFO 一级分销用户:29获取的数据[[]]
2019-7-12 23:16:30 pool-4-thread-1 INFO 原有的可提现金额为:0.00
2019-7-12 23:16:30 pool-4-thread-1 INFO 新结余为:0.0000
2019-7-12 23:16:30 pool-4-thread-1 INFO 开始：[com.redpigmall.domain.UserDistribution_$$_jvstfc6_d@7f364561]的数据获取！
2019-7-12 23:16:30 pool-4-thread-1 INFO 用户29获取为:[null]
2019-7-12 23:16:30 pool-4-thread-1 INFO 用户8获取到的一级分销列表:[[]]
2019-7-12 23:16:30 pool-4-thread-1 INFO 开始：[com.redpigmall.domain.UserDistribution_$$_jvstfc6_d@7bcb54d5]的数据获取！
2019-7-12 23:16:30 pool-4-thread-1 INFO 用户179获取为:[null]
2019-7-12 23:16:30 pool-4-thread-1 INFO 用户9获取到的一级分销列表:[[]]
2019-7-12 23:17:30 pool-4-thread-1 INFO 开始：[com.redpigmall.domain.UserDistribution_$$_jvstfc6_d@6f6cc961]的数据获取！
2019-7-12 23:17:30 pool-4-thread-1 INFO 用户180获取为:[com.redpigmall.domain.DistributionCommission_$$_jvstfc6_e@7302eb14]
2019-7-12 23:17:30 pool-4-thread-1 INFO 用户1获取到的一级分销列表:[[com.redpigmall.domain.UserDistribution_$$_jvstfc6_d@7b84438, com.redpigmall.domain.UserDistribution_$$_jvstfc6_d@36c0bcad]]
2019-7-12 23:17:30 pool-4-thread-1 INFO 一级分销用户:1获取的数据[[]]
2019-7-12 23:17:30 pool-4-thread-1 INFO 一级分销用户:6获取的数据[[]]
2019-7-12 23:17:30 pool-4-thread-1 INFO 原有的可提现金额为:526.35
2019-7-12 23:17:30 pool-4-thread-1 INFO 新结余为:526.3500
2019-7-12 23:17:30 pool-4-thread-1 INFO 开始：[com.redpigmall.domain.UserDistribution_$$_jvstfc6_d@23afc224]的数据获取！
2019-7-12 23:17:30 pool-4-thread-1 INFO 用户1获取为:[com.redpigmall.domain.DistributionCommission_$$_jvstfc6_e@2b04d1a9]
2019-7-12 23:17:30 pool-4-thread-1 INFO 用户2获取到的一级分销列表:[[com.redpigmall.domain.UserDistribution_$$_jvstfc6_d@77c6cc4c, com.redpigmall.domain.UserDistribution_$$_jvstfc6_d@3d9c2795]]
2019-7-12 23:17:30 pool-4-thread-1 INFO 一级分销用户:5获取的数据[[]]
2019-7-12 23:17:30 pool-4-thread-1 INFO 一级分销用户:7获取的数据[[]]
2019-7-12 23:17:30 pool-4-thread-1 INFO 原有的可提现金额为:2907.96
2019-7-12 23:17:30 pool-4-thread-1 INFO 新结余为:2907.9600
2019-7-12 23:17:30 pool-4-thread-1 INFO 开始：[com.redpigmall.domain.UserDistribution_$$_jvstfc6_d@5bac891e]的数据获取！
2019-7-12 23:17:30 pool-4-thread-1 INFO 用户5获取为:[com.redpigmall.domain.DistributionCommission_$$_jvstfc6_e@593e9df9]
2019-7-12 23:17:30 pool-4-thread-1 INFO 用户3获取到的一级分销列表:[[com.redpigmall.domain.UserDistribution_$$_jvstfc6_d@35737dfd]]
2019-7-12 23:17:30 pool-4-thread-1 INFO 一级分销用户:4获取的数据[[]]
2019-7-12 23:17:30 pool-4-thread-1 INFO 原有的可提现金额为:526.35
2019-7-12 23:17:30 pool-4-thread-1 INFO 新结余为:526.3500
2019-7-12 23:17:30 pool-4-thread-1 INFO 开始：[com.redpigmall.domain.UserDistribution_$$_jvstfc6_d@68b87bea]的数据获取！
2019-7-12 23:17:30 pool-4-thread-1 INFO 用户6获取为:[com.redpigmall.domain.DistributionCommission_$$_jvstfc6_e@6d01d6a5]
2019-7-12 23:17:30 pool-4-thread-1 INFO 用户4获取到的一级分销列表:[[com.redpigmall.domain.UserDistribution_$$_jvstfc6_d@1b8b5ef3]]
2019-7-12 23:17:30 pool-4-thread-1 INFO 一级分销用户:179获取的数据[[]]
2019-7-12 23:17:30 pool-4-thread-1 INFO 原有的可提现金额为:0.00
2019-7-12 23:17:30 pool-4-thread-1 INFO 新结余为:0.0000
2019-7-12 23:17:30 pool-4-thread-1 INFO 开始：[com.redpigmall.domain.UserDistribution_$$_jvstfc6_d@c5fe681]的数据获取！
2019-7-12 23:17:30 pool-4-thread-1 INFO 用户182获取为:[null]
2019-7-12 23:17:30 pool-4-thread-1 INFO 用户5获取到的一级分销列表:[[]]
2019-7-12 23:17:30 pool-4-thread-1 INFO 开始：[com.redpigmall.domain.UserDistribution_$$_jvstfc6_d@1a764235]的数据获取！
2019-7-12 23:17:30 pool-4-thread-1 INFO 用户4获取为:[com.redpigmall.domain.DistributionCommission_$$_jvstfc6_e@4af09a7f]
2019-7-12 23:17:30 pool-4-thread-1 INFO 用户6获取到的一级分销列表:[[com.redpigmall.domain.UserDistribution_$$_jvstfc6_d@7d9ddb51]]
2019-7-12 23:17:30 pool-4-thread-1 INFO 一级分销用户:182获取的数据[[]]
2019-7-12 23:17:30 pool-4-thread-1 INFO 原有的可提现金额为:0.00
2019-7-12 23:17:30 pool-4-thread-1 INFO 新结余为:0.0000
2019-7-12 23:17:30 pool-4-thread-1 INFO 开始：[com.redpigmall.domain.UserDistribution_$$_jvstfc6_d@6681fd04]的数据获取！
2019-7-12 23:17:30 pool-4-thread-1 INFO 用户7获取为:[com.redpigmall.domain.DistributionCommission_$$_jvstfc6_e@1bc53bed]
2019-7-12 23:17:30 pool-4-thread-1 INFO 用户7获取到的一级分销列表:[[com.redpigmall.domain.UserDistribution_$$_jvstfc6_d@3b1a164]]
2019-7-12 23:17:30 pool-4-thread-1 INFO 一级分销用户:29获取的数据[[]]
2019-7-12 23:17:30 pool-4-thread-1 INFO 原有的可提现金额为:0.00
2019-7-12 23:17:30 pool-4-thread-1 INFO 新结余为:0.0000
2019-7-12 23:17:30 pool-4-thread-1 INFO 开始：[com.redpigmall.domain.UserDistribution_$$_jvstfc6_d@6357367b]的数据获取！
2019-7-12 23:17:30 pool-4-thread-1 INFO 用户29获取为:[null]
2019-7-12 23:17:30 pool-4-thread-1 INFO 用户8获取到的一级分销列表:[[]]
2019-7-12 23:17:30 pool-4-thread-1 INFO 开始：[com.redpigmall.domain.UserDistribution_$$_jvstfc6_d@34226070]的数据获取！
2019-7-12 23:17:30 pool-4-thread-1 INFO 用户179获取为:[null]
2019-7-12 23:17:30 pool-4-thread-1 INFO 用户9获取到的一级分销列表:[[]]
2019-7-12 23:18:30 pool-4-thread-1 INFO 开始：[com.redpigmall.domain.UserDistribution_$$_jvstfc6_d@37419196]的数据获取！
2019-7-12 23:18:30 pool-4-thread-1 INFO 用户180获取为:[com.redpigmall.domain.DistributionCommission_$$_jvstfc6_e@78d1332a]
2019-7-12 23:18:30 pool-4-thread-1 INFO 用户1获取到的一级分销列表:[[com.redpigmall.domain.UserDistribution_$$_jvstfc6_d@5d43994c, com.redpigmall.domain.UserDistribution_$$_jvstfc6_d@20ba4bb9]]
2019-7-12 23:18:30 pool-4-thread-1 INFO 一级分销用户:1获取的数据[[]]
2019-7-12 23:18:30 pool-4-thread-1 INFO 一级分销用户:6获取的数据[[]]
2019-7-12 23:18:30 pool-4-thread-1 INFO 原有的可提现金额为:526.35
2019-7-12 23:18:30 pool-4-thread-1 INFO 新结余为:526.3500
2019-7-12 23:18:30 pool-4-thread-1 INFO 开始：[com.redpigmall.domain.UserDistribution_$$_jvstfc6_d@47e6b445]的数据获取！
2019-7-12 23:18:30 pool-4-thread-1 INFO 用户1获取为:[com.redpigmall.domain.DistributionCommission_$$_jvstfc6_e@b231d5]
2019-7-12 23:18:30 pool-4-thread-1 INFO 用户2获取到的一级分销列表:[[com.redpigmall.domain.UserDistribution_$$_jvstfc6_d@540fd20f, com.redpigmall.domain.UserDistribution_$$_jvstfc6_d@2b5bb518]]
2019-7-12 23:18:30 pool-4-thread-1 INFO 一级分销用户:5获取的数据[[]]
2019-7-12 23:18:30 pool-4-thread-1 INFO 一级分销用户:7获取的数据[[]]
2019-7-12 23:18:30 pool-4-thread-1 INFO 原有的可提现金额为:2907.96
2019-7-12 23:18:30 pool-4-thread-1 INFO 新结余为:2907.9600
2019-7-12 23:18:30 pool-4-thread-1 INFO 开始：[com.redpigmall.domain.UserDistribution_$$_jvstfc6_d@96ea2c2]的数据获取！
2019-7-12 23:18:30 pool-4-thread-1 INFO 用户5获取为:[com.redpigmall.domain.DistributionCommission_$$_jvstfc6_e@68b3bde2]
2019-7-12 23:18:30 pool-4-thread-1 INFO 用户3获取到的一级分销列表:[[com.redpigmall.domain.UserDistribution_$$_jvstfc6_d@3a941256]]
2019-7-12 23:18:30 pool-4-thread-1 INFO 一级分销用户:4获取的数据[[]]
2019-7-12 23:18:30 pool-4-thread-1 INFO 原有的可提现金额为:526.35
2019-7-12 23:18:30 pool-4-thread-1 INFO 新结余为:526.3500
2019-7-12 23:18:30 pool-4-thread-1 INFO 开始：[com.redpigmall.domain.UserDistribution_$$_jvstfc6_d@c058ba9]的数据获取！
2019-7-12 23:18:30 pool-4-thread-1 INFO 用户6获取为:[com.redpigmall.domain.DistributionCommission_$$_jvstfc6_e@51772de9]
2019-7-12 23:18:30 pool-4-thread-1 INFO 用户4获取到的一级分销列表:[[com.redpigmall.domain.UserDistribution_$$_jvstfc6_d@33bec3cf]]
2019-7-12 23:18:30 pool-4-thread-1 INFO 一级分销用户:179获取的数据[[]]
2019-7-12 23:18:30 pool-4-thread-1 INFO 原有的可提现金额为:0.00
2019-7-12 23:18:30 pool-4-thread-1 INFO 新结余为:0.0000
2019-7-12 23:18:30 pool-4-thread-1 INFO 开始：[com.redpigmall.domain.UserDistribution_$$_jvstfc6_d@5b58a87a]的数据获取！
2019-7-12 23:18:30 pool-4-thread-1 INFO 用户182获取为:[null]
2019-7-12 23:18:30 pool-4-thread-1 INFO 用户5获取到的一级分销列表:[[]]
2019-7-12 23:18:30 pool-4-thread-1 INFO 开始：[com.redpigmall.domain.UserDistribution_$$_jvstfc6_d@5e4b9e03]的数据获取！
2019-7-12 23:18:30 pool-4-thread-1 INFO 用户4获取为:[com.redpigmall.domain.DistributionCommission_$$_jvstfc6_e@4065a7a1]
2019-7-12 23:18:30 pool-4-thread-1 INFO 用户6获取到的一级分销列表:[[com.redpigmall.domain.UserDistribution_$$_jvstfc6_d@750dcf63]]
2019-7-12 23:18:30 pool-4-thread-1 INFO 一级分销用户:182获取的数据[[]]
2019-7-12 23:18:30 pool-4-thread-1 INFO 原有的可提现金额为:0.00
2019-7-12 23:18:30 pool-4-thread-1 INFO 新结余为:0.0000
2019-7-12 23:18:30 pool-4-thread-1 INFO 开始：[com.redpigmall.domain.UserDistribution_$$_jvstfc6_d@643adf0]的数据获取！
2019-7-12 23:18:30 pool-4-thread-1 INFO 用户7获取为:[com.redpigmall.domain.DistributionCommission_$$_jvstfc6_e@55d45297]
2019-7-12 23:18:30 pool-4-thread-1 INFO 用户7获取到的一级分销列表:[[com.redpigmall.domain.UserDistribution_$$_jvstfc6_d@1f11a920]]
2019-7-12 23:18:30 pool-4-thread-1 INFO 一级分销用户:29获取的数据[[]]
2019-7-12 23:18:30 pool-4-thread-1 INFO 原有的可提现金额为:0.00
2019-7-12 23:18:30 pool-4-thread-1 INFO 新结余为:0.0000
2019-7-12 23:18:30 pool-4-thread-1 INFO 开始：[com.redpigmall.domain.UserDistribution_$$_jvstfc6_d@2bff1de8]的数据获取！
2019-7-12 23:18:30 pool-4-thread-1 INFO 用户29获取为:[null]
2019-7-12 23:18:30 pool-4-thread-1 INFO 用户8获取到的一级分销列表:[[]]
2019-7-12 23:18:30 pool-4-thread-1 INFO 开始：[com.redpigmall.domain.UserDistribution_$$_jvstfc6_d@129d6f08]的数据获取！
2019-7-12 23:18:30 pool-4-thread-1 INFO 用户179获取为:[null]
2019-7-12 23:18:30 pool-4-thread-1 INFO 用户9获取到的一级分销列表:[[]]
2019-7-12 23:19:30 pool-4-thread-1 INFO 开始：[com.redpigmall.domain.UserDistribution_$$_jvstfc6_d@5016f21d]的数据获取！
2019-7-12 23:19:30 pool-4-thread-1 INFO 用户180获取为:[com.redpigmall.domain.DistributionCommission_$$_jvstfc6_e@57a5b026]
2019-7-12 23:19:30 pool-4-thread-1 INFO 用户1获取到的一级分销列表:[[com.redpigmall.domain.UserDistribution_$$_jvstfc6_d@51974cec, com.redpigmall.domain.UserDistribution_$$_jvstfc6_d@2dfd8414]]
2019-7-12 23:19:30 pool-4-thread-1 INFO 一级分销用户:1获取的数据[[]]
2019-7-12 23:19:30 pool-4-thread-1 INFO 一级分销用户:6获取的数据[[]]
2019-7-12 23:19:30 pool-4-thread-1 INFO 原有的可提现金额为:526.35
2019-7-12 23:19:30 pool-4-thread-1 INFO 新结余为:526.3500
2019-7-12 23:19:30 pool-4-thread-1 INFO 开始：[com.redpigmall.domain.UserDistribution_$$_jvstfc6_d@21dbe9fd]的数据获取！
2019-7-12 23:19:30 pool-4-thread-1 INFO 用户1获取为:[com.redpigmall.domain.DistributionCommission_$$_jvstfc6_e@edb9a2d]
2019-7-12 23:19:30 pool-4-thread-1 INFO 用户2获取到的一级分销列表:[[com.redpigmall.domain.UserDistribution_$$_jvstfc6_d@4b83f19d, com.redpigmall.domain.UserDistribution_$$_jvstfc6_d@727ad25a]]
2019-7-12 23:19:30 pool-4-thread-1 INFO 一级分销用户:5获取的数据[[]]
2019-7-12 23:19:30 pool-4-thread-1 INFO 一级分销用户:7获取的数据[[]]
2019-7-12 23:19:30 pool-4-thread-1 INFO 原有的可提现金额为:2907.96
2019-7-12 23:19:30 pool-4-thread-1 INFO 新结余为:2907.9600
2019-7-12 23:19:30 pool-4-thread-1 INFO 开始：[com.redpigmall.domain.UserDistribution_$$_jvstfc6_d@4e17bc08]的数据获取！
2019-7-12 23:19:30 pool-4-thread-1 INFO 用户5获取为:[com.redpigmall.domain.DistributionCommission_$$_jvstfc6_e@449e5e0d]
2019-7-12 23:19:30 pool-4-thread-1 INFO 用户3获取到的一级分销列表:[[com.redpigmall.domain.UserDistribution_$$_jvstfc6_d@68da3c66]]
2019-7-12 23:19:30 pool-4-thread-1 INFO 一级分销用户:4获取的数据[[]]
2019-7-12 23:19:30 pool-4-thread-1 INFO 原有的可提现金额为:526.35
2019-7-12 23:19:30 pool-4-thread-1 INFO 新结余为:526.3500
2019-7-12 23:19:30 pool-4-thread-1 INFO 开始：[com.redpigmall.domain.UserDistribution_$$_jvstfc6_d@637420c4]的数据获取！
2019-7-12 23:19:30 pool-4-thread-1 INFO 用户6获取为:[com.redpigmall.domain.DistributionCommission_$$_jvstfc6_e@22c94b7]
2019-7-12 23:19:30 pool-4-thread-1 INFO 用户4获取到的一级分销列表:[[com.redpigmall.domain.UserDistribution_$$_jvstfc6_d@df20a19]]
2019-7-12 23:19:30 pool-4-thread-1 INFO 一级分销用户:179获取的数据[[]]
2019-7-12 23:19:30 pool-4-thread-1 INFO 原有的可提现金额为:0.00
2019-7-12 23:19:30 pool-4-thread-1 INFO 新结余为:0.0000
2019-7-12 23:19:30 pool-4-thread-1 INFO 开始：[com.redpigmall.domain.UserDistribution_$$_jvstfc6_d@4a495ca4]的数据获取！
2019-7-12 23:19:30 pool-4-thread-1 INFO 用户182获取为:[null]
2019-7-12 23:19:30 pool-4-thread-1 INFO 用户5获取到的一级分销列表:[[]]
2019-7-12 23:19:30 pool-4-thread-1 INFO 开始：[com.redpigmall.domain.UserDistribution_$$_jvstfc6_d@443059f7]的数据获取！
2019-7-12 23:19:30 pool-4-thread-1 INFO 用户4获取为:[com.redpigmall.domain.DistributionCommission_$$_jvstfc6_e@6f49188c]
2019-7-12 23:19:30 pool-4-thread-1 INFO 用户6获取到的一级分销列表:[[com.redpigmall.domain.UserDistribution_$$_jvstfc6_d@941e2c1]]
2019-7-12 23:19:30 pool-4-thread-1 INFO 一级分销用户:182获取的数据[[]]
2019-7-12 23:19:30 pool-4-thread-1 INFO 原有的可提现金额为:0.00
2019-7-12 23:19:30 pool-4-thread-1 INFO 新结余为:0.0000
2019-7-12 23:19:30 pool-4-thread-1 INFO 开始：[com.redpigmall.domain.UserDistribution_$$_jvstfc6_d@55e9b7e4]的数据获取！
2019-7-12 23:19:30 pool-4-thread-1 INFO 用户7获取为:[com.redpigmall.domain.DistributionCommission_$$_jvstfc6_e@36caad61]
2019-7-12 23:19:30 pool-4-thread-1 INFO 用户7获取到的一级分销列表:[[com.redpigmall.domain.UserDistribution_$$_jvstfc6_d@77856150]]
2019-7-12 23:19:30 pool-4-thread-1 INFO 一级分销用户:29获取的数据[[]]
2019-7-12 23:19:30 pool-4-thread-1 INFO 原有的可提现金额为:0.00
2019-7-12 23:19:30 pool-4-thread-1 INFO 新结余为:0.0000
2019-7-12 23:19:30 pool-4-thread-1 INFO 开始：[com.redpigmall.domain.UserDistribution_$$_jvstfc6_d@684e1ced]的数据获取！
2019-7-12 23:19:30 pool-4-thread-1 INFO 用户29获取为:[null]
2019-7-12 23:19:30 pool-4-thread-1 INFO 用户8获取到的一级分销列表:[[]]
2019-7-12 23:19:30 pool-4-thread-1 INFO 开始：[com.redpigmall.domain.UserDistribution_$$_jvstfc6_d@26692693]的数据获取！
2019-7-12 23:19:30 pool-4-thread-1 INFO 用户179获取为:[null]
2019-7-12 23:19:30 pool-4-thread-1 INFO 用户9获取到的一级分销列表:[[]]
2019-7-12 23:20:30 pool-4-thread-1 INFO 开始：[com.redpigmall.domain.UserDistribution_$$_jvstfc6_d@65f85959]的数据获取！
2019-7-12 23:20:30 pool-4-thread-1 INFO 用户180获取为:[com.redpigmall.domain.DistributionCommission_$$_jvstfc6_e@64f5f3f3]
2019-7-12 23:20:30 pool-4-thread-1 INFO 用户1获取到的一级分销列表:[[com.redpigmall.domain.UserDistribution_$$_jvstfc6_d@1493f837, com.redpigmall.domain.UserDistribution_$$_jvstfc6_d@1620269b]]
2019-7-12 23:20:30 pool-4-thread-1 INFO 一级分销用户:1获取的数据[[]]
2019-7-12 23:20:30 pool-4-thread-1 INFO 一级分销用户:6获取的数据[[]]
2019-7-12 23:20:30 pool-4-thread-1 INFO 原有的可提现金额为:526.35
2019-7-12 23:20:30 pool-4-thread-1 INFO 新结余为:526.3500
2019-7-12 23:20:30 pool-4-thread-1 INFO 开始：[com.redpigmall.domain.UserDistribution_$$_jvstfc6_d@14701369]的数据获取！
2019-7-12 23:20:30 pool-4-thread-1 INFO 用户1获取为:[com.redpigmall.domain.DistributionCommission_$$_jvstfc6_e@5d300c0]
2019-7-12 23:20:30 pool-4-thread-1 INFO 用户2获取到的一级分销列表:[[com.redpigmall.domain.UserDistribution_$$_jvstfc6_d@1799c71e, com.redpigmall.domain.UserDistribution_$$_jvstfc6_d@8625ef]]
2019-7-12 23:20:30 pool-4-thread-1 INFO 一级分销用户:5获取的数据[[]]
2019-7-12 23:20:30 pool-4-thread-1 INFO 一级分销用户:7获取的数据[[]]
2019-7-12 23:20:30 pool-4-thread-1 INFO 原有的可提现金额为:2907.96
2019-7-12 23:20:30 pool-4-thread-1 INFO 新结余为:2907.9600
2019-7-12 23:20:30 pool-4-thread-1 INFO 开始：[com.redpigmall.domain.UserDistribution_$$_jvstfc6_d@5e1580cf]的数据获取！
2019-7-12 23:20:30 pool-4-thread-1 INFO 用户5获取为:[com.redpigmall.domain.DistributionCommission_$$_jvstfc6_e@5e1fcf7d]
2019-7-12 23:20:30 pool-4-thread-1 INFO 用户3获取到的一级分销列表:[[com.redpigmall.domain.UserDistribution_$$_jvstfc6_d@68a7bb8c]]
2019-7-12 23:20:30 pool-4-thread-1 INFO 一级分销用户:4获取的数据[[]]
2019-7-12 23:20:30 pool-4-thread-1 INFO 原有的可提现金额为:526.35
2019-7-12 23:20:30 pool-4-thread-1 INFO 新结余为:526.3500
2019-7-12 23:20:30 pool-4-thread-1 INFO 开始：[com.redpigmall.domain.UserDistribution_$$_jvstfc6_d@391824a6]的数据获取！
2019-7-12 23:20:30 pool-4-thread-1 INFO 用户6获取为:[com.redpigmall.domain.DistributionCommission_$$_jvstfc6_e@3fa56c0c]
2019-7-12 23:20:30 pool-4-thread-1 INFO 用户4获取到的一级分销列表:[[com.redpigmall.domain.UserDistribution_$$_jvstfc6_d@2d119244]]
2019-7-12 23:20:30 pool-4-thread-1 INFO 一级分销用户:179获取的数据[[]]
2019-7-12 23:20:30 pool-4-thread-1 INFO 原有的可提现金额为:0.00
2019-7-12 23:20:30 pool-4-thread-1 INFO 新结余为:0.0000
2019-7-12 23:20:30 pool-4-thread-1 INFO 开始：[com.redpigmall.domain.UserDistribution_$$_jvstfc6_d@1cecd963]的数据获取！
2019-7-12 23:20:30 pool-4-thread-1 INFO 用户182获取为:[null]
2019-7-12 23:20:30 pool-4-thread-1 INFO 用户5获取到的一级分销列表:[[]]
2019-7-12 23:20:30 pool-4-thread-1 INFO 开始：[com.redpigmall.domain.UserDistribution_$$_jvstfc6_d@50e0c12]的数据获取！
2019-7-12 23:20:30 pool-4-thread-1 INFO 用户4获取为:[com.redpigmall.domain.DistributionCommission_$$_jvstfc6_e@76cee7c]
2019-7-12 23:20:30 pool-4-thread-1 INFO 用户6获取到的一级分销列表:[[com.redpigmall.domain.UserDistribution_$$_jvstfc6_d@126ecc9e]]
2019-7-12 23:20:30 pool-4-thread-1 INFO 一级分销用户:182获取的数据[[]]
2019-7-12 23:20:30 pool-4-thread-1 INFO 原有的可提现金额为:0.00
2019-7-12 23:20:30 pool-4-thread-1 INFO 新结余为:0.0000
2019-7-12 23:20:30 pool-4-thread-1 INFO 开始：[com.redpigmall.domain.UserDistribution_$$_jvstfc6_d@51b0c431]的数据获取！
2019-7-12 23:20:30 pool-4-thread-1 INFO 用户7获取为:[com.redpigmall.domain.DistributionCommission_$$_jvstfc6_e@23472810]
2019-7-12 23:20:30 pool-4-thread-1 INFO 用户7获取到的一级分销列表:[[com.redpigmall.domain.UserDistribution_$$_jvstfc6_d@301b217e]]
2019-7-12 23:20:30 pool-4-thread-1 INFO 一级分销用户:29获取的数据[[]]
2019-7-12 23:20:30 pool-4-thread-1 INFO 原有的可提现金额为:0.00
2019-7-12 23:20:30 pool-4-thread-1 INFO 新结余为:0.0000
2019-7-12 23:20:30 pool-4-thread-1 INFO 开始：[com.redpigmall.domain.UserDistribution_$$_jvstfc6_d@5950ea78]的数据获取！
2019-7-12 23:20:30 pool-4-thread-1 INFO 用户29获取为:[null]
2019-7-12 23:20:30 pool-4-thread-1 INFO 用户8获取到的一级分销列表:[[]]
2019-7-12 23:20:30 pool-4-thread-1 INFO 开始：[com.redpigmall.domain.UserDistribution_$$_jvstfc6_d@7728333]的数据获取！
2019-7-12 23:20:30 pool-4-thread-1 INFO 用户179获取为:[null]
2019-7-12 23:20:30 pool-4-thread-1 INFO 用户9获取到的一级分销列表:[[]]
2019-7-12 23:21:30 pool-4-thread-1 INFO 开始：[com.redpigmall.domain.UserDistribution_$$_jvstfc6_d@68aeea06]的数据获取！
2019-7-12 23:21:30 pool-4-thread-1 INFO 用户180获取为:[com.redpigmall.domain.DistributionCommission_$$_jvstfc6_e@6ad79671]
2019-7-12 23:21:30 pool-4-thread-1 INFO 用户1获取到的一级分销列表:[[com.redpigmall.domain.UserDistribution_$$_jvstfc6_d@11538167, com.redpigmall.domain.UserDistribution_$$_jvstfc6_d@2b4e2935]]
2019-7-12 23:21:30 pool-4-thread-1 INFO 一级分销用户:1获取的数据[[]]
2019-7-12 23:21:30 pool-4-thread-1 INFO 一级分销用户:6获取的数据[[]]
2019-7-12 23:21:30 pool-4-thread-1 INFO 原有的可提现金额为:526.35
2019-7-12 23:21:30 pool-4-thread-1 INFO 新结余为:526.3500
2019-7-12 23:21:30 pool-4-thread-1 INFO 开始：[com.redpigmall.domain.UserDistribution_$$_jvstfc6_d@7b34e6d7]的数据获取！
2019-7-12 23:21:30 pool-4-thread-1 INFO 用户1获取为:[com.redpigmall.domain.DistributionCommission_$$_jvstfc6_e@7d857f98]
2019-7-12 23:21:30 pool-4-thread-1 INFO 用户2获取到的一级分销列表:[[com.redpigmall.domain.UserDistribution_$$_jvstfc6_d@a1db970, com.redpigmall.domain.UserDistribution_$$_jvstfc6_d@500b76f9]]
2019-7-12 23:21:30 pool-4-thread-1 INFO 一级分销用户:5获取的数据[[]]
2019-7-12 23:21:30 pool-4-thread-1 INFO 一级分销用户:7获取的数据[[]]
2019-7-12 23:21:30 pool-4-thread-1 INFO 原有的可提现金额为:2907.96
2019-7-12 23:21:30 pool-4-thread-1 INFO 新结余为:2907.9600
2019-7-12 23:21:30 pool-4-thread-1 INFO 开始：[com.redpigmall.domain.UserDistribution_$$_jvstfc6_d@35d33c6]的数据获取！
2019-7-12 23:21:30 pool-4-thread-1 INFO 用户5获取为:[com.redpigmall.domain.DistributionCommission_$$_jvstfc6_e@2fc6c35f]
2019-7-12 23:21:30 pool-4-thread-1 INFO 用户3获取到的一级分销列表:[[com.redpigmall.domain.UserDistribution_$$_jvstfc6_d@1b0eb9a9]]
2019-7-12 23:21:30 pool-4-thread-1 INFO 一级分销用户:4获取的数据[[]]
2019-7-12 23:21:30 pool-4-thread-1 INFO 原有的可提现金额为:526.35
2019-7-12 23:21:30 pool-4-thread-1 INFO 新结余为:526.3500
2019-7-12 23:21:30 pool-4-thread-1 INFO 开始：[com.redpigmall.domain.UserDistribution_$$_jvstfc6_d@78887efa]的数据获取！
2019-7-12 23:21:30 pool-4-thread-1 INFO 用户6获取为:[com.redpigmall.domain.DistributionCommission_$$_jvstfc6_e@50ca7312]
2019-7-12 23:21:30 pool-4-thread-1 INFO 用户4获取到的一级分销列表:[[com.redpigmall.domain.UserDistribution_$$_jvstfc6_d@19b4c5d6]]
2019-7-12 23:21:30 pool-4-thread-1 INFO 一级分销用户:179获取的数据[[]]
2019-7-12 23:21:30 pool-4-thread-1 INFO 原有的可提现金额为:0.00
2019-7-12 23:21:30 pool-4-thread-1 INFO 新结余为:0.0000
2019-7-12 23:21:30 pool-4-thread-1 INFO 开始：[com.redpigmall.domain.UserDistribution_$$_jvstfc6_d@450a831e]的数据获取！
2019-7-12 23:21:30 pool-4-thread-1 INFO 用户182获取为:[null]
2019-7-12 23:21:30 pool-4-thread-1 INFO 用户5获取到的一级分销列表:[[]]
2019-7-12 23:21:30 pool-4-thread-1 INFO 开始：[com.redpigmall.domain.UserDistribution_$$_jvstfc6_d@6d41541]的数据获取！
2019-7-12 23:21:30 pool-4-thread-1 INFO 用户4获取为:[com.redpigmall.domain.DistributionCommission_$$_jvstfc6_e@15248c17]
2019-7-12 23:21:30 pool-4-thread-1 INFO 用户6获取到的一级分销列表:[[com.redpigmall.domain.UserDistribution_$$_jvstfc6_d@1fb1ddd2]]
2019-7-12 23:21:30 pool-4-thread-1 INFO 一级分销用户:182获取的数据[[]]
2019-7-12 23:21:30 pool-4-thread-1 INFO 原有的可提现金额为:0.00
2019-7-12 23:21:30 pool-4-thread-1 INFO 新结余为:0.0000
2019-7-12 23:21:30 pool-4-thread-1 INFO 开始：[com.redpigmall.domain.UserDistribution_$$_jvstfc6_d@42db2a8]的数据获取！
2019-7-12 23:21:30 pool-4-thread-1 INFO 用户7获取为:[com.redpigmall.domain.DistributionCommission_$$_jvstfc6_e@59ee1754]
2019-7-12 23:21:30 pool-4-thread-1 INFO 用户7获取到的一级分销列表:[[com.redpigmall.domain.UserDistribution_$$_jvstfc6_d@5e8f9e7e]]
2019-7-12 23:21:30 pool-4-thread-1 INFO 一级分销用户:29获取的数据[[]]
2019-7-12 23:21:30 pool-4-thread-1 INFO 原有的可提现金额为:0.00
2019-7-12 23:21:30 pool-4-thread-1 INFO 新结余为:0.0000
2019-7-12 23:21:30 pool-4-thread-1 INFO 开始：[com.redpigmall.domain.UserDistribution_$$_jvstfc6_d@40ea91c1]的数据获取！
2019-7-12 23:21:30 pool-4-thread-1 INFO 用户29获取为:[null]
2019-7-12 23:21:30 pool-4-thread-1 INFO 用户8获取到的一级分销列表:[[]]
2019-7-12 23:21:30 pool-4-thread-1 INFO 开始：[com.redpigmall.domain.UserDistribution_$$_jvstfc6_d@44d99e6f]的数据获取！
2019-7-12 23:21:30 pool-4-thread-1 INFO 用户179获取为:[null]
2019-7-12 23:21:30 pool-4-thread-1 INFO 用户9获取到的一级分销列表:[[]]
