2019-2-12 16:57:59 restartedMain INFO Starting RedPigWebAdmin on PC-20180115OHFV with PID 7816 (F:\work_yemaill\ye_maill\redpig-web-admin\target\classes started by Administrator in F:\work_yemaill\ye_maill\redpig-web-admin)
2019-2-12 16:57:59 restartedMain DEBUG Running with Spring Boot v2.0.2.RELEASE, Spring v5.0.6.RELEASE
2019-2-12 16:57:59 restartedMain INFO No active profile set, falling back to default profiles: default
2019-2-12 16:58:31 localhost-startStop-1 INFO init Druid Servlet Configuration 
2019-2-12 16:58:32 localhost-startStop-1 DEBUG 开始初始化SpringUtil...
2019-2-12 16:58:32 localhost-startStop-1 DEBUG web root abs path=F:\work_yemaill\ye_maill\redpig-web-admin\src\main\webapp\
2019-2-12 16:58:32 localhost-startStop-1 DEBUG SpringUtil初始化完成.
2019-2-12 16:59:13 restartedMain INFO Started RedPigWebAdmin in 75.245 seconds (JVM running for 78.922)
2019-2-12 16:59:30 pool-4-thread-1 INFO 开始：[com.redpigmall.domain.UserDistribution_$$_jvst974_2@481febde]的数据获取！
2019-2-12 16:59:30 pool-4-thread-1 INFO 用户180获取为:[com.redpigmall.domain.DistributionCommission_$$_jvst974_4@c38b48]
2019-2-12 16:59:30 pool-4-thread-1 INFO 用户1获取到的一级分销列表:[[com.redpigmall.domain.UserDistribution_$$_jvst974_2@7fa9d655, com.redpigmall.domain.UserDistribution_$$_jvst974_2@6937cda]]
2019-2-12 16:59:30 pool-4-thread-1 INFO 一级分销用户:1获取的数据[[]]
2019-2-12 16:59:30 pool-4-thread-1 INFO 一级分销用户:6获取的数据[[]]
2019-2-12 16:59:30 pool-4-thread-1 INFO 原有的可提现金额为:526.35
2019-2-12 16:59:30 pool-4-thread-1 INFO 新结余为:526.3500
2019-2-12 16:59:30 pool-4-thread-1 INFO 开始：[com.redpigmall.domain.UserDistribution_$$_jvst974_2@1d4f39c7]的数据获取！
2019-2-12 16:59:30 pool-4-thread-1 INFO 用户1获取为:[com.redpigmall.domain.DistributionCommission_$$_jvst974_4@35eebcd0]
2019-2-12 16:59:30 pool-4-thread-1 INFO 用户2获取到的一级分销列表:[[com.redpigmall.domain.UserDistribution_$$_jvst974_2@5d9cd807, com.redpigmall.domain.UserDistribution_$$_jvst974_2@62fa7dc5]]
2019-2-12 16:59:30 pool-4-thread-1 INFO 一级分销用户:5获取的数据[[]]
2019-2-12 16:59:30 pool-4-thread-1 INFO 一级分销用户:7获取的数据[[]]
2019-2-12 16:59:30 pool-4-thread-1 INFO 原有的可提现金额为:2907.96
2019-2-12 16:59:30 pool-4-thread-1 INFO 新结余为:2907.9600
2019-2-12 16:59:30 pool-4-thread-1 INFO 开始：[com.redpigmall.domain.UserDistribution_$$_jvst974_2@76a3af7e]的数据获取！
2019-2-12 16:59:30 pool-4-thread-1 INFO 用户5获取为:[com.redpigmall.domain.DistributionCommission_$$_jvst974_4@7ad618f4]
2019-2-12 16:59:30 pool-4-thread-1 INFO 用户3获取到的一级分销列表:[[com.redpigmall.domain.UserDistribution_$$_jvst974_2@6b59127b]]
2019-2-12 16:59:30 pool-4-thread-1 INFO 一级分销用户:4获取的数据[[]]
2019-2-12 16:59:30 pool-4-thread-1 INFO 原有的可提现金额为:526.35
2019-2-12 16:59:30 pool-4-thread-1 INFO 新结余为:526.3500
2019-2-12 16:59:30 pool-4-thread-1 INFO 开始：[com.redpigmall.domain.UserDistribution_$$_jvst974_2@42074fa2]的数据获取！
2019-2-12 16:59:30 pool-4-thread-1 INFO 用户6获取为:[com.redpigmall.domain.DistributionCommission_$$_jvst974_4@764d87a4]
2019-2-12 16:59:30 pool-4-thread-1 INFO 用户4获取到的一级分销列表:[[com.redpigmall.domain.UserDistribution_$$_jvst974_2@60afa9aa]]
2019-2-12 16:59:30 pool-4-thread-1 INFO 一级分销用户:179获取的数据[[]]
2019-2-12 16:59:30 pool-4-thread-1 INFO 原有的可提现金额为:0.00
2019-2-12 16:59:30 pool-4-thread-1 INFO 新结余为:0.0000
2019-2-12 16:59:30 pool-4-thread-1 INFO 开始：[com.redpigmall.domain.UserDistribution_$$_jvst974_2@42875f05]的数据获取！
2019-2-12 16:59:30 pool-4-thread-1 INFO 用户182获取为:[null]
2019-2-12 16:59:30 pool-4-thread-1 INFO 用户5获取到的一级分销列表:[[]]
2019-2-12 16:59:30 pool-4-thread-1 INFO 开始：[com.redpigmall.domain.UserDistribution_$$_jvst974_2@2b09c647]的数据获取！
2019-2-12 16:59:30 pool-4-thread-1 INFO 用户4获取为:[com.redpigmall.domain.DistributionCommission_$$_jvst974_4@526635ac]
2019-2-12 16:59:30 pool-4-thread-1 INFO 用户6获取到的一级分销列表:[[com.redpigmall.domain.UserDistribution_$$_jvst974_2@12b13c14]]
2019-2-12 16:59:30 pool-4-thread-1 INFO 一级分销用户:182获取的数据[[]]
2019-2-12 16:59:30 pool-4-thread-1 INFO 原有的可提现金额为:0.00
2019-2-12 16:59:30 pool-4-thread-1 INFO 新结余为:0.0000
2019-2-12 16:59:30 pool-4-thread-1 INFO 开始：[com.redpigmall.domain.UserDistribution_$$_jvst974_2@797af46d]的数据获取！
2019-2-12 16:59:30 pool-4-thread-1 INFO 用户7获取为:[com.redpigmall.domain.DistributionCommission_$$_jvst974_4@fa8a02b]
2019-2-12 16:59:30 pool-4-thread-1 INFO 用户7获取到的一级分销列表:[[com.redpigmall.domain.UserDistribution_$$_jvst974_2@663893b]]
2019-2-12 16:59:30 pool-4-thread-1 INFO 一级分销用户:29获取的数据[[]]
2019-2-12 16:59:30 pool-4-thread-1 INFO 原有的可提现金额为:0.00
2019-2-12 16:59:30 pool-4-thread-1 INFO 新结余为:0.0000
2019-2-12 16:59:30 pool-4-thread-1 INFO 开始：[com.redpigmall.domain.UserDistribution_$$_jvst974_2@3bbb01bb]的数据获取！
2019-2-12 16:59:30 pool-4-thread-1 INFO 用户29获取为:[null]
2019-2-12 16:59:30 pool-4-thread-1 INFO 用户8获取到的一级分销列表:[[]]
2019-2-12 16:59:30 pool-4-thread-1 INFO 开始：[com.redpigmall.domain.UserDistribution_$$_jvst974_2@5d0071a2]的数据获取！
2019-2-12 16:59:30 pool-4-thread-1 INFO 用户179获取为:[null]
2019-2-12 16:59:30 pool-4-thread-1 INFO 用户9获取到的一级分销列表:[[]]
2019-2-12 17:00:30 pool-4-thread-1 INFO 开始：[com.redpigmall.domain.UserDistribution_$$_jvst974_2@6edb1f2]的数据获取！
2019-2-12 17:00:30 pool-4-thread-1 INFO 用户180获取为:[com.redpigmall.domain.DistributionCommission_$$_jvst974_4@1d7745ca]
2019-2-12 17:00:30 pool-4-thread-1 INFO 用户1获取到的一级分销列表:[[com.redpigmall.domain.UserDistribution_$$_jvst974_2@6676e018, com.redpigmall.domain.UserDistribution_$$_jvst974_2@39132f84]]
2019-2-12 17:00:30 pool-4-thread-1 INFO 一级分销用户:1获取的数据[[]]
2019-2-12 17:00:30 pool-4-thread-1 INFO 一级分销用户:6获取的数据[[]]
2019-2-12 17:00:30 pool-4-thread-1 INFO 原有的可提现金额为:526.35
2019-2-12 17:00:30 pool-4-thread-1 INFO 新结余为:526.3500
2019-2-12 17:00:30 pool-4-thread-1 INFO 开始：[com.redpigmall.domain.UserDistribution_$$_jvst974_2@7df29f2c]的数据获取！
2019-2-12 17:00:30 pool-4-thread-1 INFO 用户1获取为:[com.redpigmall.domain.DistributionCommission_$$_jvst974_4@77fb3050]
2019-2-12 17:00:30 pool-4-thread-1 INFO 用户2获取到的一级分销列表:[[com.redpigmall.domain.UserDistribution_$$_jvst974_2@12ce0550, com.redpigmall.domain.UserDistribution_$$_jvst974_2@56b7df8f]]
2019-2-12 17:00:30 pool-4-thread-1 INFO 一级分销用户:5获取的数据[[]]
2019-2-12 17:00:30 pool-4-thread-1 INFO 一级分销用户:7获取的数据[[]]
2019-2-12 17:00:30 pool-4-thread-1 INFO 原有的可提现金额为:2907.96
2019-2-12 17:00:30 pool-4-thread-1 INFO 新结余为:2907.9600
2019-2-12 17:00:30 pool-4-thread-1 INFO 开始：[com.redpigmall.domain.UserDistribution_$$_jvst974_2@99bcf56]的数据获取！
2019-2-12 17:00:30 pool-4-thread-1 INFO 用户5获取为:[com.redpigmall.domain.DistributionCommission_$$_jvst974_4@2abb9ed7]
2019-2-12 17:00:30 pool-4-thread-1 INFO 用户3获取到的一级分销列表:[[com.redpigmall.domain.UserDistribution_$$_jvst974_2@7bee7187]]
2019-2-12 17:00:30 pool-4-thread-1 INFO 一级分销用户:4获取的数据[[]]
2019-2-12 17:00:30 pool-4-thread-1 INFO 原有的可提现金额为:526.35
2019-2-12 17:00:30 pool-4-thread-1 INFO 新结余为:526.3500
2019-2-12 17:00:30 pool-4-thread-1 INFO 开始：[com.redpigmall.domain.UserDistribution_$$_jvst974_2@513cb90a]的数据获取！
2019-2-12 17:00:30 pool-4-thread-1 INFO 用户6获取为:[com.redpigmall.domain.DistributionCommission_$$_jvst974_4@356400ee]
2019-2-12 17:00:30 pool-4-thread-1 INFO 用户4获取到的一级分销列表:[[com.redpigmall.domain.UserDistribution_$$_jvst974_2@47524324]]
2019-2-12 17:00:30 pool-4-thread-1 INFO 一级分销用户:179获取的数据[[]]
2019-2-12 17:00:30 pool-4-thread-1 INFO 原有的可提现金额为:0.00
2019-2-12 17:00:30 pool-4-thread-1 INFO 新结余为:0.0000
2019-2-12 17:00:30 pool-4-thread-1 INFO 开始：[com.redpigmall.domain.UserDistribution_$$_jvst974_2@7086a665]的数据获取！
2019-2-12 17:00:30 pool-4-thread-1 INFO 用户182获取为:[null]
2019-2-12 17:00:30 pool-4-thread-1 INFO 用户5获取到的一级分销列表:[[]]
2019-2-12 17:00:30 pool-4-thread-1 INFO 开始：[com.redpigmall.domain.UserDistribution_$$_jvst974_2@5d4d9507]的数据获取！
2019-2-12 17:00:30 pool-4-thread-1 INFO 用户4获取为:[com.redpigmall.domain.DistributionCommission_$$_jvst974_4@310c70]
2019-2-12 17:00:30 pool-4-thread-1 INFO 用户6获取到的一级分销列表:[[com.redpigmall.domain.UserDistribution_$$_jvst974_2@44427de0]]
2019-2-12 17:00:30 pool-4-thread-1 INFO 一级分销用户:182获取的数据[[]]
2019-2-12 17:00:30 pool-4-thread-1 INFO 原有的可提现金额为:0.00
2019-2-12 17:00:30 pool-4-thread-1 INFO 新结余为:0.0000
2019-2-12 17:00:30 pool-4-thread-1 INFO 开始：[com.redpigmall.domain.UserDistribution_$$_jvst974_2@3ed1a2e6]的数据获取！
2019-2-12 17:00:30 pool-4-thread-1 INFO 用户7获取为:[com.redpigmall.domain.DistributionCommission_$$_jvst974_4@3ecb947a]
2019-2-12 17:00:30 pool-4-thread-1 INFO 用户7获取到的一级分销列表:[[com.redpigmall.domain.UserDistribution_$$_jvst974_2@566c282c]]
2019-2-12 17:00:30 pool-4-thread-1 INFO 一级分销用户:29获取的数据[[]]
2019-2-12 17:00:30 pool-4-thread-1 INFO 原有的可提现金额为:0.00
2019-2-12 17:00:30 pool-4-thread-1 INFO 新结余为:0.0000
2019-2-12 17:00:30 pool-4-thread-1 INFO 开始：[com.redpigmall.domain.UserDistribution_$$_jvst974_2@30a3f77f]的数据获取！
2019-2-12 17:00:30 pool-4-thread-1 INFO 用户29获取为:[null]
2019-2-12 17:00:30 pool-4-thread-1 INFO 用户8获取到的一级分销列表:[[]]
2019-2-12 17:00:30 pool-4-thread-1 INFO 开始：[com.redpigmall.domain.UserDistribution_$$_jvst974_2@33e7dfce]的数据获取！
2019-2-12 17:00:30 pool-4-thread-1 INFO 用户179获取为:[null]
2019-2-12 17:00:30 pool-4-thread-1 INFO 用户9获取到的一级分销列表:[[]]
2019-2-12 17:01:30 pool-4-thread-1 INFO 开始：[com.redpigmall.domain.UserDistribution_$$_jvst974_2@66c9ebee]的数据获取！
2019-2-12 17:01:30 pool-4-thread-1 INFO 用户180获取为:[com.redpigmall.domain.DistributionCommission_$$_jvst974_4@3b3ad992]
2019-2-12 17:01:30 pool-4-thread-1 INFO 用户1获取到的一级分销列表:[[com.redpigmall.domain.UserDistribution_$$_jvst974_2@12584570, com.redpigmall.domain.UserDistribution_$$_jvst974_2@70d034bf]]
2019-2-12 17:01:30 pool-4-thread-1 INFO 一级分销用户:1获取的数据[[]]
2019-2-12 17:01:30 pool-4-thread-1 INFO 一级分销用户:6获取的数据[[]]
2019-2-12 17:01:30 pool-4-thread-1 INFO 原有的可提现金额为:526.35
2019-2-12 17:01:30 pool-4-thread-1 INFO 新结余为:526.3500
2019-2-12 17:01:30 pool-4-thread-1 INFO 开始：[com.redpigmall.domain.UserDistribution_$$_jvst974_2@51abf695]的数据获取！
2019-2-12 17:01:30 pool-4-thread-1 INFO 用户1获取为:[com.redpigmall.domain.DistributionCommission_$$_jvst974_4@448c6b3e]
2019-2-12 17:01:30 pool-4-thread-1 INFO 用户2获取到的一级分销列表:[[com.redpigmall.domain.UserDistribution_$$_jvst974_2@5f2561d8, com.redpigmall.domain.UserDistribution_$$_jvst974_2@1dbdda8a]]
2019-2-12 17:01:30 pool-4-thread-1 INFO 一级分销用户:5获取的数据[[]]
2019-2-12 17:01:30 pool-4-thread-1 INFO 一级分销用户:7获取的数据[[]]
2019-2-12 17:01:30 pool-4-thread-1 INFO 原有的可提现金额为:2907.96
2019-2-12 17:01:30 pool-4-thread-1 INFO 新结余为:2907.9600
2019-2-12 17:01:30 pool-4-thread-1 INFO 开始：[com.redpigmall.domain.UserDistribution_$$_jvst974_2@77273958]的数据获取！
2019-2-12 17:01:30 pool-4-thread-1 INFO 用户5获取为:[com.redpigmall.domain.DistributionCommission_$$_jvst974_4@6fa754bf]
2019-2-12 17:01:30 pool-4-thread-1 INFO 用户3获取到的一级分销列表:[[com.redpigmall.domain.UserDistribution_$$_jvst974_2@66f9f318]]
2019-2-12 17:01:30 pool-4-thread-1 INFO 一级分销用户:4获取的数据[[]]
2019-2-12 17:01:30 pool-4-thread-1 INFO 原有的可提现金额为:526.35
2019-2-12 17:01:30 pool-4-thread-1 INFO 新结余为:526.3500
2019-2-12 17:01:30 pool-4-thread-1 INFO 开始：[com.redpigmall.domain.UserDistribution_$$_jvst974_2@502774b6]的数据获取！
2019-2-12 17:01:30 pool-4-thread-1 INFO 用户6获取为:[com.redpigmall.domain.DistributionCommission_$$_jvst974_4@53fd7ea9]
2019-2-12 17:01:30 pool-4-thread-1 INFO 用户4获取到的一级分销列表:[[com.redpigmall.domain.UserDistribution_$$_jvst974_2@38cb36b7]]
2019-2-12 17:01:30 pool-4-thread-1 INFO 一级分销用户:179获取的数据[[]]
2019-2-12 17:01:30 pool-4-thread-1 INFO 原有的可提现金额为:0.00
2019-2-12 17:01:30 pool-4-thread-1 INFO 新结余为:0.0000
2019-2-12 17:01:30 pool-4-thread-1 INFO 开始：[com.redpigmall.domain.UserDistribution_$$_jvst974_2@35fa47bf]的数据获取！
2019-2-12 17:01:30 pool-4-thread-1 INFO 用户182获取为:[null]
2019-2-12 17:01:30 pool-4-thread-1 INFO 用户5获取到的一级分销列表:[[]]
2019-2-12 17:01:30 pool-4-thread-1 INFO 开始：[com.redpigmall.domain.UserDistribution_$$_jvst974_2@1ae3d51d]的数据获取！
2019-2-12 17:01:30 pool-4-thread-1 INFO 用户4获取为:[com.redpigmall.domain.DistributionCommission_$$_jvst974_4@aa488b4]
2019-2-12 17:01:30 pool-4-thread-1 INFO 用户6获取到的一级分销列表:[[com.redpigmall.domain.UserDistribution_$$_jvst974_2@6eddae2d]]
2019-2-12 17:01:30 pool-4-thread-1 INFO 一级分销用户:182获取的数据[[]]
2019-2-12 17:01:30 pool-4-thread-1 INFO 原有的可提现金额为:0.00
2019-2-12 17:01:30 pool-4-thread-1 INFO 新结余为:0.0000
2019-2-12 17:01:30 pool-4-thread-1 INFO 开始：[com.redpigmall.domain.UserDistribution_$$_jvst974_2@2d1c689e]的数据获取！
2019-2-12 17:01:30 pool-4-thread-1 INFO 用户7获取为:[com.redpigmall.domain.DistributionCommission_$$_jvst974_4@1a143637]
2019-2-12 17:01:30 pool-4-thread-1 INFO 用户7获取到的一级分销列表:[[com.redpigmall.domain.UserDistribution_$$_jvst974_2@14d14d04]]
2019-2-12 17:01:30 pool-4-thread-1 INFO 一级分销用户:29获取的数据[[]]
2019-2-12 17:01:30 pool-4-thread-1 INFO 原有的可提现金额为:0.00
2019-2-12 17:01:30 pool-4-thread-1 INFO 新结余为:0.0000
2019-2-12 17:01:30 pool-4-thread-1 INFO 开始：[com.redpigmall.domain.UserDistribution_$$_jvst974_2@4c81f745]的数据获取！
2019-2-12 17:01:30 pool-4-thread-1 INFO 用户29获取为:[null]
2019-2-12 17:01:30 pool-4-thread-1 INFO 用户8获取到的一级分销列表:[[]]
2019-2-12 17:01:30 pool-4-thread-1 INFO 开始：[com.redpigmall.domain.UserDistribution_$$_jvst974_2@6f8ac90]的数据获取！
2019-2-12 17:01:30 pool-4-thread-1 INFO 用户179获取为:[null]
2019-2-12 17:01:30 pool-4-thread-1 INFO 用户9获取到的一级分销列表:[[]]
2019-2-12 17:02:30 pool-4-thread-1 INFO 开始：[com.redpigmall.domain.UserDistribution_$$_jvst974_2@7f7507aa]的数据获取！
2019-2-12 17:02:30 pool-4-thread-1 INFO 用户180获取为:[com.redpigmall.domain.DistributionCommission_$$_jvst974_4@674679c1]
2019-2-12 17:02:30 pool-4-thread-1 INFO 用户1获取到的一级分销列表:[[com.redpigmall.domain.UserDistribution_$$_jvst974_2@4f203d0, com.redpigmall.domain.UserDistribution_$$_jvst974_2@27460310]]
2019-2-12 17:02:30 pool-4-thread-1 INFO 一级分销用户:1获取的数据[[]]
2019-2-12 17:02:30 pool-4-thread-1 INFO 一级分销用户:6获取的数据[[]]
2019-2-12 17:02:30 pool-4-thread-1 INFO 原有的可提现金额为:526.35
2019-2-12 17:02:30 pool-4-thread-1 INFO 新结余为:526.3500
2019-2-12 17:02:30 pool-4-thread-1 INFO 开始：[com.redpigmall.domain.UserDistribution_$$_jvst974_2@4e84c420]的数据获取！
2019-2-12 17:02:30 pool-4-thread-1 INFO 用户1获取为:[com.redpigmall.domain.DistributionCommission_$$_jvst974_4@34fe970a]
2019-2-12 17:02:30 pool-4-thread-1 INFO 用户2获取到的一级分销列表:[[com.redpigmall.domain.UserDistribution_$$_jvst974_2@70eeeb61, com.redpigmall.domain.UserDistribution_$$_jvst974_2@3944a979]]
2019-2-12 17:02:30 pool-4-thread-1 INFO 一级分销用户:5获取的数据[[]]
2019-2-12 17:02:30 pool-4-thread-1 INFO 一级分销用户:7获取的数据[[]]
2019-2-12 17:02:30 pool-4-thread-1 INFO 原有的可提现金额为:2907.96
2019-2-12 17:02:30 pool-4-thread-1 INFO 新结余为:2907.9600
2019-2-12 17:02:30 pool-4-thread-1 INFO 开始：[com.redpigmall.domain.UserDistribution_$$_jvst974_2@59e1394d]的数据获取！
2019-2-12 17:02:30 pool-4-thread-1 INFO 用户5获取为:[com.redpigmall.domain.DistributionCommission_$$_jvst974_4@64b3232a]
2019-2-12 17:02:30 pool-4-thread-1 INFO 用户3获取到的一级分销列表:[[com.redpigmall.domain.UserDistribution_$$_jvst974_2@108dece8]]
2019-2-12 17:02:30 pool-4-thread-1 INFO 一级分销用户:4获取的数据[[]]
2019-2-12 17:02:30 pool-4-thread-1 INFO 原有的可提现金额为:526.35
2019-2-12 17:02:30 pool-4-thread-1 INFO 新结余为:526.3500
2019-2-12 17:02:30 pool-4-thread-1 INFO 开始：[com.redpigmall.domain.UserDistribution_$$_jvst974_2@3e14421e]的数据获取！
2019-2-12 17:02:30 pool-4-thread-1 INFO 用户6获取为:[com.redpigmall.domain.DistributionCommission_$$_jvst974_4@5834ce77]
2019-2-12 17:02:30 pool-4-thread-1 INFO 用户4获取到的一级分销列表:[[com.redpigmall.domain.UserDistribution_$$_jvst974_2@6e63579]]
2019-2-12 17:02:30 pool-4-thread-1 INFO 一级分销用户:179获取的数据[[]]
2019-2-12 17:02:30 pool-4-thread-1 INFO 原有的可提现金额为:0.00
2019-2-12 17:02:30 pool-4-thread-1 INFO 新结余为:0.0000
2019-2-12 17:02:30 pool-4-thread-1 INFO 开始：[com.redpigmall.domain.UserDistribution_$$_jvst974_2@3671e182]的数据获取！
2019-2-12 17:02:30 pool-4-thread-1 INFO 用户182获取为:[null]
2019-2-12 17:02:30 pool-4-thread-1 INFO 用户5获取到的一级分销列表:[[]]
2019-2-12 17:02:30 pool-4-thread-1 INFO 开始：[com.redpigmall.domain.UserDistribution_$$_jvst974_2@43083736]的数据获取！
2019-2-12 17:02:30 pool-4-thread-1 INFO 用户4获取为:[com.redpigmall.domain.DistributionCommission_$$_jvst974_4@31e0e50a]
2019-2-12 17:02:30 pool-4-thread-1 INFO 用户6获取到的一级分销列表:[[com.redpigmall.domain.UserDistribution_$$_jvst974_2@2c20680d]]
2019-2-12 17:02:30 pool-4-thread-1 INFO 一级分销用户:182获取的数据[[]]
2019-2-12 17:02:30 pool-4-thread-1 INFO 原有的可提现金额为:0.00
2019-2-12 17:02:30 pool-4-thread-1 INFO 新结余为:0.0000
2019-2-12 17:02:30 pool-4-thread-1 INFO 开始：[com.redpigmall.domain.UserDistribution_$$_jvst974_2@1e826523]的数据获取！
2019-2-12 17:02:30 pool-4-thread-1 INFO 用户7获取为:[com.redpigmall.domain.DistributionCommission_$$_jvst974_4@4da09847]
2019-2-12 17:02:30 pool-4-thread-1 INFO 用户7获取到的一级分销列表:[[com.redpigmall.domain.UserDistribution_$$_jvst974_2@13c25bfd]]
2019-2-12 17:02:30 pool-4-thread-1 INFO 一级分销用户:29获取的数据[[]]
2019-2-12 17:02:30 pool-4-thread-1 INFO 原有的可提现金额为:0.00
2019-2-12 17:02:30 pool-4-thread-1 INFO 新结余为:0.0000
2019-2-12 17:02:30 pool-4-thread-1 INFO 开始：[com.redpigmall.domain.UserDistribution_$$_jvst974_2@512cdd3f]的数据获取！
2019-2-12 17:02:30 pool-4-thread-1 INFO 用户29获取为:[null]
2019-2-12 17:02:30 pool-4-thread-1 INFO 用户8获取到的一级分销列表:[[]]
2019-2-12 17:02:30 pool-4-thread-1 INFO 开始：[com.redpigmall.domain.UserDistribution_$$_jvst974_2@1ec387f8]的数据获取！
2019-2-12 17:02:30 pool-4-thread-1 INFO 用户179获取为:[null]
2019-2-12 17:02:30 pool-4-thread-1 INFO 用户9获取到的一级分销列表:[[]]
2019-2-12 17:03:30 pool-4-thread-1 INFO 开始：[com.redpigmall.domain.UserDistribution_$$_jvst974_2@460e8e88]的数据获取！
2019-2-12 17:03:30 pool-4-thread-1 INFO 用户180获取为:[com.redpigmall.domain.DistributionCommission_$$_jvst974_4@154cea96]
2019-2-12 17:03:30 pool-4-thread-1 INFO 用户1获取到的一级分销列表:[[com.redpigmall.domain.UserDistribution_$$_jvst974_2@5dfc4141, com.redpigmall.domain.UserDistribution_$$_jvst974_2@5bc86e87]]
2019-2-12 17:03:30 pool-4-thread-1 INFO 一级分销用户:1获取的数据[[]]
2019-2-12 17:03:30 pool-4-thread-1 INFO 一级分销用户:6获取的数据[[]]
2019-2-12 17:03:31 pool-4-thread-1 INFO 原有的可提现金额为:526.35
2019-2-12 17:03:31 pool-4-thread-1 INFO 新结余为:526.3500
2019-2-12 17:03:31 pool-4-thread-1 INFO 开始：[com.redpigmall.domain.UserDistribution_$$_jvst974_2@7f1d2e08]的数据获取！
2019-2-12 17:03:31 pool-4-thread-1 INFO 用户1获取为:[com.redpigmall.domain.DistributionCommission_$$_jvst974_4@3962b953]
2019-2-12 17:03:31 pool-4-thread-1 INFO 用户2获取到的一级分销列表:[[com.redpigmall.domain.UserDistribution_$$_jvst974_2@6b7f4d4c, com.redpigmall.domain.UserDistribution_$$_jvst974_2@49af348c]]
2019-2-12 17:03:31 pool-4-thread-1 INFO 一级分销用户:5获取的数据[[]]
2019-2-12 17:03:31 pool-4-thread-1 INFO 一级分销用户:7获取的数据[[]]
2019-2-12 17:03:31 pool-4-thread-1 INFO 原有的可提现金额为:2907.96
2019-2-12 17:03:31 pool-4-thread-1 INFO 新结余为:2907.9600
2019-2-12 17:03:31 pool-4-thread-1 INFO 开始：[com.redpigmall.domain.UserDistribution_$$_jvst974_2@321dc48c]的数据获取！
2019-2-12 17:03:31 pool-4-thread-1 INFO 用户5获取为:[com.redpigmall.domain.DistributionCommission_$$_jvst974_4@679450d4]
2019-2-12 17:03:31 pool-4-thread-1 INFO 用户3获取到的一级分销列表:[[com.redpigmall.domain.UserDistribution_$$_jvst974_2@5ca8b3f8]]
2019-2-12 17:03:31 pool-4-thread-1 INFO 一级分销用户:4获取的数据[[]]
2019-2-12 17:03:31 pool-4-thread-1 INFO 原有的可提现金额为:526.35
2019-2-12 17:03:31 pool-4-thread-1 INFO 新结余为:526.3500
2019-2-12 17:03:31 pool-4-thread-1 INFO 开始：[com.redpigmall.domain.UserDistribution_$$_jvst974_2@16fecd08]的数据获取！
2019-2-12 17:03:31 pool-4-thread-1 INFO 用户6获取为:[com.redpigmall.domain.DistributionCommission_$$_jvst974_4@4a8895b]
2019-2-12 17:03:31 pool-4-thread-1 INFO 用户4获取到的一级分销列表:[[com.redpigmall.domain.UserDistribution_$$_jvst974_2@4a8860c4]]
2019-2-12 17:03:31 pool-4-thread-1 INFO 一级分销用户:179获取的数据[[]]
2019-2-12 17:03:31 pool-4-thread-1 INFO 原有的可提现金额为:0.00
2019-2-12 17:03:31 pool-4-thread-1 INFO 新结余为:0.0000
2019-2-12 17:03:31 pool-4-thread-1 INFO 开始：[com.redpigmall.domain.UserDistribution_$$_jvst974_2@453c975c]的数据获取！
2019-2-12 17:03:31 pool-4-thread-1 INFO 用户182获取为:[null]
2019-2-12 17:03:31 pool-4-thread-1 INFO 用户5获取到的一级分销列表:[[]]
2019-2-12 17:03:31 pool-4-thread-1 INFO 开始：[com.redpigmall.domain.UserDistribution_$$_jvst974_2@53443cdb]的数据获取！
2019-2-12 17:03:31 pool-4-thread-1 INFO 用户4获取为:[com.redpigmall.domain.DistributionCommission_$$_jvst974_4@51f92488]
2019-2-12 17:03:31 pool-4-thread-1 INFO 用户6获取到的一级分销列表:[[com.redpigmall.domain.UserDistribution_$$_jvst974_2@4f3bb2ba]]
2019-2-12 17:03:31 pool-4-thread-1 INFO 一级分销用户:182获取的数据[[]]
2019-2-12 17:03:31 pool-4-thread-1 INFO 原有的可提现金额为:0.00
2019-2-12 17:03:31 pool-4-thread-1 INFO 新结余为:0.0000
2019-2-12 17:03:31 pool-4-thread-1 INFO 开始：[com.redpigmall.domain.UserDistribution_$$_jvst974_2@45f4797d]的数据获取！
2019-2-12 17:03:31 pool-4-thread-1 INFO 用户7获取为:[com.redpigmall.domain.DistributionCommission_$$_jvst974_4@5b4c50b5]
2019-2-12 17:03:31 pool-4-thread-1 INFO 用户7获取到的一级分销列表:[[com.redpigmall.domain.UserDistribution_$$_jvst974_2@6c86fbf6]]
2019-2-12 17:03:31 pool-4-thread-1 INFO 一级分销用户:29获取的数据[[]]
2019-2-12 17:03:31 pool-4-thread-1 INFO 原有的可提现金额为:0.00
2019-2-12 17:03:31 pool-4-thread-1 INFO 新结余为:0.0000
2019-2-12 17:03:31 pool-4-thread-1 INFO 开始：[com.redpigmall.domain.UserDistribution_$$_jvst974_2@5f690f96]的数据获取！
2019-2-12 17:03:31 pool-4-thread-1 INFO 用户29获取为:[null]
2019-2-12 17:03:31 pool-4-thread-1 INFO 用户8获取到的一级分销列表:[[]]
2019-2-12 17:03:31 pool-4-thread-1 INFO 开始：[com.redpigmall.domain.UserDistribution_$$_jvst974_2@2d85d5be]的数据获取！
2019-2-12 17:03:31 pool-4-thread-1 INFO 用户179获取为:[null]
2019-2-12 17:03:31 pool-4-thread-1 INFO 用户9获取到的一级分销列表:[[]]
2019-2-12 17:07:17 restartedMain INFO Starting RedPigWebAdmin on PC-20180115OHFV with PID 12724 (F:\work_yemaill\ye_maill\redpig-web-admin\target\classes started by Administrator in F:\work_yemaill\ye_maill\redpig-web-admin)
2019-2-12 17:07:17 restartedMain DEBUG Running with Spring Boot v2.0.2.RELEASE, Spring v5.0.6.RELEASE
2019-2-12 17:07:17 restartedMain INFO No active profile set, falling back to default profiles: default
2019-2-12 17:07:42 localhost-startStop-1 INFO init Druid Servlet Configuration 
2019-2-12 17:07:42 localhost-startStop-1 DEBUG 开始初始化SpringUtil...
2019-2-12 17:07:42 localhost-startStop-1 DEBUG web root abs path=F:\work_yemaill\ye_maill\redpig-web-admin\src\main\webapp\
2019-2-12 17:07:42 localhost-startStop-1 DEBUG SpringUtil初始化完成.
2019-2-12 17:08:21 restartedMain INFO Started RedPigWebAdmin in 65.082 seconds (JVM running for 67.299)
2019-2-12 17:08:30 pool-4-thread-1 INFO 开始：[com.redpigmall.domain.UserDistribution_$$_jvst4c1_2@59f6649f]的数据获取！
2019-2-12 17:08:30 pool-4-thread-1 INFO 用户180获取为:[com.redpigmall.domain.DistributionCommission_$$_jvst4c1_4@4c0d5d70]
2019-2-12 17:08:30 pool-4-thread-1 INFO 用户1获取到的一级分销列表:[[com.redpigmall.domain.UserDistribution_$$_jvst4c1_2@74614847, com.redpigmall.domain.UserDistribution_$$_jvst4c1_2@27503444]]
2019-2-12 17:08:30 pool-4-thread-1 INFO 一级分销用户:1获取的数据[[]]
2019-2-12 17:08:30 pool-4-thread-1 INFO 一级分销用户:6获取的数据[[]]
2019-2-12 17:08:30 pool-4-thread-1 INFO 原有的可提现金额为:526.35
2019-2-12 17:08:30 pool-4-thread-1 INFO 新结余为:526.3500
2019-2-12 17:08:30 pool-4-thread-1 INFO 开始：[com.redpigmall.domain.UserDistribution_$$_jvst4c1_2@2415acb1]的数据获取！
2019-2-12 17:08:30 pool-4-thread-1 INFO 用户1获取为:[com.redpigmall.domain.DistributionCommission_$$_jvst4c1_4@5b4898c8]
2019-2-12 17:08:30 pool-4-thread-1 INFO 用户2获取到的一级分销列表:[[com.redpigmall.domain.UserDistribution_$$_jvst4c1_2@6fbaac6f, com.redpigmall.domain.UserDistribution_$$_jvst4c1_2@38b7be20]]
2019-2-12 17:08:30 pool-4-thread-1 INFO 一级分销用户:5获取的数据[[]]
2019-2-12 17:08:30 pool-4-thread-1 INFO 一级分销用户:7获取的数据[[]]
2019-2-12 17:08:30 pool-4-thread-1 INFO 原有的可提现金额为:2907.96
2019-2-12 17:08:30 pool-4-thread-1 INFO 新结余为:2907.9600
2019-2-12 17:08:30 pool-4-thread-1 INFO 开始：[com.redpigmall.domain.UserDistribution_$$_jvst4c1_2@11b2730f]的数据获取！
2019-2-12 17:08:30 pool-4-thread-1 INFO 用户5获取为:[com.redpigmall.domain.DistributionCommission_$$_jvst4c1_4@1a017977]
2019-2-12 17:08:30 pool-4-thread-1 INFO 用户3获取到的一级分销列表:[[com.redpigmall.domain.UserDistribution_$$_jvst4c1_2@6f4704cb]]
2019-2-12 17:08:30 pool-4-thread-1 INFO 一级分销用户:4获取的数据[[]]
2019-2-12 17:08:30 pool-4-thread-1 INFO 原有的可提现金额为:526.35
2019-2-12 17:08:30 pool-4-thread-1 INFO 新结余为:526.3500
2019-2-12 17:08:30 pool-4-thread-1 INFO 开始：[com.redpigmall.domain.UserDistribution_$$_jvst4c1_2@436b117b]的数据获取！
2019-2-12 17:08:30 pool-4-thread-1 INFO 用户6获取为:[com.redpigmall.domain.DistributionCommission_$$_jvst4c1_4@2c60ce5b]
2019-2-12 17:08:30 pool-4-thread-1 INFO 用户4获取到的一级分销列表:[[com.redpigmall.domain.UserDistribution_$$_jvst4c1_2@480b2bfb]]
2019-2-12 17:08:30 pool-4-thread-1 INFO 一级分销用户:179获取的数据[[]]
2019-2-12 17:08:30 pool-4-thread-1 INFO 原有的可提现金额为:0.00
2019-2-12 17:08:30 pool-4-thread-1 INFO 新结余为:0.0000
2019-2-12 17:08:30 pool-4-thread-1 INFO 开始：[com.redpigmall.domain.UserDistribution_$$_jvst4c1_2@1993dc12]的数据获取！
2019-2-12 17:08:30 pool-4-thread-1 INFO 用户182获取为:[null]
2019-2-12 17:08:30 pool-4-thread-1 INFO 用户5获取到的一级分销列表:[[]]
2019-2-12 17:08:30 pool-4-thread-1 INFO 开始：[com.redpigmall.domain.UserDistribution_$$_jvst4c1_2@48f912a8]的数据获取！
2019-2-12 17:08:30 pool-4-thread-1 INFO 用户4获取为:[com.redpigmall.domain.DistributionCommission_$$_jvst4c1_4@5977f304]
2019-2-12 17:08:30 pool-4-thread-1 INFO 用户6获取到的一级分销列表:[[com.redpigmall.domain.UserDistribution_$$_jvst4c1_2@7f90f8a4]]
2019-2-12 17:08:30 pool-4-thread-1 INFO 一级分销用户:182获取的数据[[]]
2019-2-12 17:08:30 pool-4-thread-1 INFO 原有的可提现金额为:0.00
2019-2-12 17:08:30 pool-4-thread-1 INFO 新结余为:0.0000
2019-2-12 17:08:30 pool-4-thread-1 INFO 开始：[com.redpigmall.domain.UserDistribution_$$_jvst4c1_2@58cf97df]的数据获取！
2019-2-12 17:08:30 pool-4-thread-1 INFO 用户7获取为:[com.redpigmall.domain.DistributionCommission_$$_jvst4c1_4@51dfb5d3]
2019-2-12 17:08:30 pool-4-thread-1 INFO 用户7获取到的一级分销列表:[[com.redpigmall.domain.UserDistribution_$$_jvst4c1_2@1f8df032]]
2019-2-12 17:08:30 pool-4-thread-1 INFO 一级分销用户:29获取的数据[[]]
2019-2-12 17:08:30 pool-4-thread-1 INFO 原有的可提现金额为:0.00
2019-2-12 17:08:30 pool-4-thread-1 INFO 新结余为:0.0000
2019-2-12 17:08:30 pool-4-thread-1 INFO 开始：[com.redpigmall.domain.UserDistribution_$$_jvst4c1_2@57680dbc]的数据获取！
2019-2-12 17:08:30 pool-4-thread-1 INFO 用户29获取为:[null]
2019-2-12 17:08:30 pool-4-thread-1 INFO 用户8获取到的一级分销列表:[[]]
2019-2-12 17:08:30 pool-4-thread-1 INFO 开始：[com.redpigmall.domain.UserDistribution_$$_jvst4c1_2@451f0490]的数据获取！
2019-2-12 17:08:30 pool-4-thread-1 INFO 用户179获取为:[null]
2019-2-12 17:08:30 pool-4-thread-1 INFO 用户9获取到的一级分销列表:[[]]
2019-2-12 17:09:30 pool-4-thread-1 INFO 开始：[com.redpigmall.domain.UserDistribution_$$_jvst4c1_2@87532b4]的数据获取！
2019-2-12 17:09:30 pool-4-thread-1 INFO 用户180获取为:[com.redpigmall.domain.DistributionCommission_$$_jvst4c1_4@45ece3cb]
2019-2-12 17:09:30 pool-4-thread-1 INFO 用户1获取到的一级分销列表:[[com.redpigmall.domain.UserDistribution_$$_jvst4c1_2@559f8e79, com.redpigmall.domain.UserDistribution_$$_jvst4c1_2@751206c3]]
2019-2-12 17:09:30 pool-4-thread-1 INFO 一级分销用户:1获取的数据[[]]
2019-2-12 17:09:30 pool-4-thread-1 INFO 一级分销用户:6获取的数据[[]]
2019-2-12 17:09:30 pool-4-thread-1 INFO 原有的可提现金额为:526.35
2019-2-12 17:09:30 pool-4-thread-1 INFO 新结余为:526.3500
2019-2-12 17:09:30 pool-4-thread-1 INFO 开始：[com.redpigmall.domain.UserDistribution_$$_jvst4c1_2@11f6d7b1]的数据获取！
2019-2-12 17:09:30 pool-4-thread-1 INFO 用户1获取为:[com.redpigmall.domain.DistributionCommission_$$_jvst4c1_4@33d14405]
2019-2-12 17:09:30 pool-4-thread-1 INFO 用户2获取到的一级分销列表:[[com.redpigmall.domain.UserDistribution_$$_jvst4c1_2@4c69d15a, com.redpigmall.domain.UserDistribution_$$_jvst4c1_2@4b077054]]
2019-2-12 17:09:30 pool-4-thread-1 INFO 一级分销用户:5获取的数据[[]]
2019-2-12 17:09:30 pool-4-thread-1 INFO 一级分销用户:7获取的数据[[]]
2019-2-12 17:09:30 pool-4-thread-1 INFO 原有的可提现金额为:2907.96
2019-2-12 17:09:30 pool-4-thread-1 INFO 新结余为:2907.9600
2019-2-12 17:09:30 pool-4-thread-1 INFO 开始：[com.redpigmall.domain.UserDistribution_$$_jvst4c1_2@1904ef26]的数据获取！
2019-2-12 17:09:30 pool-4-thread-1 INFO 用户5获取为:[com.redpigmall.domain.DistributionCommission_$$_jvst4c1_4@43f8619a]
2019-2-12 17:09:30 pool-4-thread-1 INFO 用户3获取到的一级分销列表:[[com.redpigmall.domain.UserDistribution_$$_jvst4c1_2@778149f4]]
2019-2-12 17:09:30 pool-4-thread-1 INFO 一级分销用户:4获取的数据[[]]
2019-2-12 17:09:30 pool-4-thread-1 INFO 原有的可提现金额为:526.35
2019-2-12 17:09:30 pool-4-thread-1 INFO 新结余为:526.3500
2019-2-12 17:09:30 pool-4-thread-1 INFO 开始：[com.redpigmall.domain.UserDistribution_$$_jvst4c1_2@5b0f2e76]的数据获取！
2019-2-12 17:09:30 pool-4-thread-1 INFO 用户6获取为:[com.redpigmall.domain.DistributionCommission_$$_jvst4c1_4@5ce87a7c]
2019-2-12 17:09:30 pool-4-thread-1 INFO 用户4获取到的一级分销列表:[[com.redpigmall.domain.UserDistribution_$$_jvst4c1_2@43bdb8fe]]
2019-2-12 17:09:30 pool-4-thread-1 INFO 一级分销用户:179获取的数据[[]]
2019-2-12 17:09:30 pool-4-thread-1 INFO 原有的可提现金额为:0.00
2019-2-12 17:09:30 pool-4-thread-1 INFO 新结余为:0.0000
2019-2-12 17:09:30 pool-4-thread-1 INFO 开始：[com.redpigmall.domain.UserDistribution_$$_jvst4c1_2@36fefc7e]的数据获取！
2019-2-12 17:09:30 pool-4-thread-1 INFO 用户182获取为:[null]
2019-2-12 17:09:30 pool-4-thread-1 INFO 用户5获取到的一级分销列表:[[]]
2019-2-12 17:09:30 pool-4-thread-1 INFO 开始：[com.redpigmall.domain.UserDistribution_$$_jvst4c1_2@e739d10]的数据获取！
2019-2-12 17:09:30 pool-4-thread-1 INFO 用户4获取为:[com.redpigmall.domain.DistributionCommission_$$_jvst4c1_4@74b87c0a]
2019-2-12 17:09:30 pool-4-thread-1 INFO 用户6获取到的一级分销列表:[[com.redpigmall.domain.UserDistribution_$$_jvst4c1_2@5501c24b]]
2019-2-12 17:09:30 pool-4-thread-1 INFO 一级分销用户:182获取的数据[[]]
2019-2-12 17:09:30 pool-4-thread-1 INFO 原有的可提现金额为:0.00
2019-2-12 17:09:30 pool-4-thread-1 INFO 新结余为:0.0000
2019-2-12 17:09:30 pool-4-thread-1 INFO 开始：[com.redpigmall.domain.UserDistribution_$$_jvst4c1_2@1994cfeb]的数据获取！
2019-2-12 17:09:30 pool-4-thread-1 INFO 用户7获取为:[com.redpigmall.domain.DistributionCommission_$$_jvst4c1_4@5b5b742e]
2019-2-12 17:09:30 pool-4-thread-1 INFO 用户7获取到的一级分销列表:[[com.redpigmall.domain.UserDistribution_$$_jvst4c1_2@2efc0408]]
2019-2-12 17:09:30 pool-4-thread-1 INFO 一级分销用户:29获取的数据[[]]
2019-2-12 17:09:30 pool-4-thread-1 INFO 原有的可提现金额为:0.00
2019-2-12 17:09:30 pool-4-thread-1 INFO 新结余为:0.0000
2019-2-12 17:09:30 pool-4-thread-1 INFO 开始：[com.redpigmall.domain.UserDistribution_$$_jvst4c1_2@10bb2aaa]的数据获取！
2019-2-12 17:09:30 pool-4-thread-1 INFO 用户29获取为:[null]
2019-2-12 17:09:30 pool-4-thread-1 INFO 用户8获取到的一级分销列表:[[]]
2019-2-12 17:09:30 pool-4-thread-1 INFO 开始：[com.redpigmall.domain.UserDistribution_$$_jvst4c1_2@1966e030]的数据获取！
2019-2-12 17:09:30 pool-4-thread-1 INFO 用户179获取为:[null]
2019-2-12 17:09:30 pool-4-thread-1 INFO 用户9获取到的一级分销列表:[[]]
2019-2-12 17:10:30 pool-4-thread-1 INFO 开始：[com.redpigmall.domain.UserDistribution_$$_jvst4c1_2@35d5a3f]的数据获取！
2019-2-12 17:10:30 pool-4-thread-1 INFO 用户180获取为:[com.redpigmall.domain.DistributionCommission_$$_jvst4c1_4@4cc4f731]
2019-2-12 17:10:30 pool-4-thread-1 INFO 用户1获取到的一级分销列表:[[com.redpigmall.domain.UserDistribution_$$_jvst4c1_2@62309db2, com.redpigmall.domain.UserDistribution_$$_jvst4c1_2@17082ee0]]
2019-2-12 17:10:30 pool-4-thread-1 INFO 一级分销用户:1获取的数据[[]]
2019-2-12 17:10:30 pool-4-thread-1 INFO 一级分销用户:6获取的数据[[]]
2019-2-12 17:10:30 pool-4-thread-1 INFO 原有的可提现金额为:526.35
2019-2-12 17:10:30 pool-4-thread-1 INFO 新结余为:526.3500
2019-2-12 17:10:30 pool-4-thread-1 INFO 开始：[com.redpigmall.domain.UserDistribution_$$_jvst4c1_2@441ccbf5]的数据获取！
2019-2-12 17:10:30 pool-4-thread-1 INFO 用户1获取为:[com.redpigmall.domain.DistributionCommission_$$_jvst4c1_4@65658411]
2019-2-12 17:10:30 pool-4-thread-1 INFO 用户2获取到的一级分销列表:[[com.redpigmall.domain.UserDistribution_$$_jvst4c1_2@1c30ea62, com.redpigmall.domain.UserDistribution_$$_jvst4c1_2@73f4ddb]]
2019-2-12 17:10:30 pool-4-thread-1 INFO 一级分销用户:5获取的数据[[]]
2019-2-12 17:10:30 pool-4-thread-1 INFO 一级分销用户:7获取的数据[[]]
2019-2-12 17:10:30 pool-4-thread-1 INFO 原有的可提现金额为:2907.96
2019-2-12 17:10:30 pool-4-thread-1 INFO 新结余为:2907.9600
2019-2-12 17:10:30 pool-4-thread-1 INFO 开始：[com.redpigmall.domain.UserDistribution_$$_jvst4c1_2@42fe5844]的数据获取！
2019-2-12 17:10:30 pool-4-thread-1 INFO 用户5获取为:[com.redpigmall.domain.DistributionCommission_$$_jvst4c1_4@4ba7b6b9]
2019-2-12 17:10:30 pool-4-thread-1 INFO 用户3获取到的一级分销列表:[[com.redpigmall.domain.UserDistribution_$$_jvst4c1_2@3bfdf0bc]]
2019-2-12 17:10:30 pool-4-thread-1 INFO 一级分销用户:4获取的数据[[]]
2019-2-12 17:10:30 pool-4-thread-1 INFO 原有的可提现金额为:526.35
2019-2-12 17:10:30 pool-4-thread-1 INFO 新结余为:526.3500
2019-2-12 17:10:30 pool-4-thread-1 INFO 开始：[com.redpigmall.domain.UserDistribution_$$_jvst4c1_2@59976be]的数据获取！
2019-2-12 17:10:30 pool-4-thread-1 INFO 用户6获取为:[com.redpigmall.domain.DistributionCommission_$$_jvst4c1_4@489404a6]
2019-2-12 17:10:30 pool-4-thread-1 INFO 用户4获取到的一级分销列表:[[com.redpigmall.domain.UserDistribution_$$_jvst4c1_2@4b7811f6]]
2019-2-12 17:10:30 pool-4-thread-1 INFO 一级分销用户:179获取的数据[[]]
2019-2-12 17:10:30 pool-4-thread-1 INFO 原有的可提现金额为:0.00
2019-2-12 17:10:30 pool-4-thread-1 INFO 新结余为:0.0000
2019-2-12 17:10:30 pool-4-thread-1 INFO 开始：[com.redpigmall.domain.UserDistribution_$$_jvst4c1_2@1be401ec]的数据获取！
2019-2-12 17:10:30 pool-4-thread-1 INFO 用户182获取为:[null]
2019-2-12 17:10:30 pool-4-thread-1 INFO 用户5获取到的一级分销列表:[[]]
2019-2-12 17:10:30 pool-4-thread-1 INFO 开始：[com.redpigmall.domain.UserDistribution_$$_jvst4c1_2@2103e39b]的数据获取！
2019-2-12 17:10:30 pool-4-thread-1 INFO 用户4获取为:[com.redpigmall.domain.DistributionCommission_$$_jvst4c1_4@7989ca57]
2019-2-12 17:10:30 pool-4-thread-1 INFO 用户6获取到的一级分销列表:[[com.redpigmall.domain.UserDistribution_$$_jvst4c1_2@46a87511]]
2019-2-12 17:10:30 pool-4-thread-1 INFO 一级分销用户:182获取的数据[[]]
2019-2-12 17:10:30 pool-4-thread-1 INFO 原有的可提现金额为:0.00
2019-2-12 17:10:30 pool-4-thread-1 INFO 新结余为:0.0000
2019-2-12 17:10:30 pool-4-thread-1 INFO 开始：[com.redpigmall.domain.UserDistribution_$$_jvst4c1_2@5b06455d]的数据获取！
2019-2-12 17:10:30 pool-4-thread-1 INFO 用户7获取为:[com.redpigmall.domain.DistributionCommission_$$_jvst4c1_4@7824e1d7]
2019-2-12 17:10:30 pool-4-thread-1 INFO 用户7获取到的一级分销列表:[[com.redpigmall.domain.UserDistribution_$$_jvst4c1_2@5c125ec6]]
2019-2-12 17:10:30 pool-4-thread-1 INFO 一级分销用户:29获取的数据[[]]
2019-2-12 17:10:30 pool-4-thread-1 INFO 原有的可提现金额为:0.00
2019-2-12 17:10:30 pool-4-thread-1 INFO 新结余为:0.0000
2019-2-12 17:10:30 pool-4-thread-1 INFO 开始：[com.redpigmall.domain.UserDistribution_$$_jvst4c1_2@479f366]的数据获取！
2019-2-12 17:10:30 pool-4-thread-1 INFO 用户29获取为:[null]
2019-2-12 17:10:30 pool-4-thread-1 INFO 用户8获取到的一级分销列表:[[]]
2019-2-12 17:10:30 pool-4-thread-1 INFO 开始：[com.redpigmall.domain.UserDistribution_$$_jvst4c1_2@3b6d9e3c]的数据获取！
2019-2-12 17:10:30 pool-4-thread-1 INFO 用户179获取为:[null]
2019-2-12 17:10:30 pool-4-thread-1 INFO 用户9获取到的一级分销列表:[[]]
