2018-8-10 17:16:31 main DEBUG Included patterns for restart : []
2018-8-10 17:16:31 main DEBUG Excluded patterns for restart : [/spring-boot-actuator/target/classes/, /spring-boot-devtools/target/classes/, /spring-boot/target/classes/, /spring-boot-starter-[\w-]+/, /spring-boot-autoconfigure/target/classes/, /spring-boot-starter/target/classes/]
2018-8-10 17:16:31 main DEBUG Matching URLs for reloading : [file:/D:/redpigcloud/redpigcloud_jd20180804/redpig-web/target/classes/, file:/D:/redpigcloud/redpigcloud_jd20180804/redpig-api/target/classes/, file:/D:/redpigcloud/redpigcloud_jd20180804/redpig-beans/target/classes/, file:/D:/redpigcloud/redpigcloud_jd20180804/redpig-buyer/target/classes/, file:/D:/redpigcloud/redpigcloud_jd20180804/redpig-cms/target/classes/, file:/D:/redpigcloud/redpigcloud_jd20180804/redpig-circle/target/classes/, file:/D:/redpigcloud/redpigcloud_jd20180804/redpig-yungou/target/classes/, file:/D:/redpigcloud/redpigcloud_jd20180804/redpig-chat/target/classes/, file:/D:/redpigcloud/redpigcloud_jd20180804/redpig-delivery/target/classes/, file:/D:/redpigcloud/redpigcloud_jd20180804/redpig-express/target/classes/, file:/D:/redpigcloud/redpigcloud_jd20180804/redpig-framework/target/classes/, file:/D:/redpigcloud/redpigcloud_jd20180804/redpig-payment/target/classes/, file:/D:/redpigcloud/redpigcloud_jd20180804/redpig-sns/target/classes/]
2018-8-10 17:16:31 restartedMain DEBUG Application started with classpath: [file:/D:/redpigcloud/redpigcloud_jd20180804/redpig-web/target/classes/, file:/D:/redpigcloud/redpigcloud_jd20180804/redpig-api/target/classes/, file:/D:/redpigcloud/redpigcloud_jd20180804/redpig-beans/target/classes/, file:/D:/redpigcloud/redpigcloud_jd20180804/redpig-buyer/target/classes/, file:/D:/redpigcloud/redpigcloud_jd20180804/redpig-cms/target/classes/, file:/D:/redpigcloud/redpigcloud_jd20180804/redpig-circle/target/classes/, file:/D:/redpigcloud/redpigcloud_jd20180804/redpig-yungou/target/classes/, file:/D:/redpigcloud/redpigcloud_jd20180804/redpig-chat/target/classes/, file:/D:/redpigcloud/redpigcloud_jd20180804/redpig-delivery/target/classes/, file:/D:/redpigcloud/redpigcloud_jd20180804/redpig-express/target/classes/, file:/D:/redpigcloud/redpigcloud_jd20180804/redpig-framework/target/classes/, file:/D:/redpigcloud/redpigcloud_jd20180804/redpig-payment/target/classes/, file:/D:/redpigcloud/redpigcloud_jd20180804/redpig-sns/target/classes/]
2018-8-10 17:16:32 restartedMain DEBUG Loading source class com.redpigmall.boot.RedPigWebApp
2018-8-10 17:16:32 restartedMain DEBUG Loaded config file 'file:/D:/redpigcloud/redpigcloud_jd20180804/redpig-web/target/classes/application.yml' (classpath:/application.yml)
2018-8-10 17:16:32 restartedMain INFO Refreshing org.springframework.boot.web.servlet.context.AnnotationConfigServletWebServerApplicationContext@31b59a66: startup date [Fri Aug 10 17:16:32 CST 2018]; root of context hierarchy
2018-8-10 17:16:32 restartedMain DEBUG Bean factory for org.springframework.boot.web.servlet.context.AnnotationConfigServletWebServerApplicationContext@31b59a66: org.springframework.beans.factory.support.DefaultListableBeanFactory@3ae08b32: defining beans [org.springframework.context.annotation.internalConfigurationAnnotationProcessor,org.springframework.context.annotation.internalAutowiredAnnotationProcessor,org.springframework.context.annotation.internalRequiredAnnotationProcessor,org.springframework.context.annotation.internalCommonAnnotationProcessor,org.springframework.context.event.internalEventListenerProcessor,org.springframework.context.event.internalEventListenerFactory,redPigWebApp]; root of factory hierarchy
2018-8-10 17:16:34 restartedMain WARN Exception encountered during context initialization - cancelling refresh attempt: org.springframework.beans.factory.BeanDefinitionStoreException: Failed to parse configuration class [com.redpigmall.boot.RedPigWebApp]; nested exception is org.springframework.context.annotation.ConflictingBeanDefinitionException: Annotation-specified bean name 'quartzConfig' for bean class [com.redpigmall.manage.timer.QuartzConfig] conflicts with existing, non-compatible bean definition of same name and class [com.redpigmall.config.QuartzConfig]
2018-8-10 17:16:34 restartedMain DEBUG Creating new Restarter for thread Thread[main,5,main]
2018-8-10 17:16:34 restartedMain DEBUG Immediately restarting application
2018-8-10 17:16:34 restartedMain DEBUG Created RestartClassLoader org.springframework.boot.devtools.restart.classloader.RestartClassLoader@274f2a25
2018-8-10 17:16:34 restartedMain DEBUG Starting application com.redpigmall.boot.RedPigWebApp with URLs [file:/D:/redpigcloud/redpigcloud_jd20180804/redpig-web/target/classes/, file:/D:/redpigcloud/redpigcloud_jd20180804/redpig-api/target/classes/, file:/D:/redpigcloud/redpigcloud_jd20180804/redpig-beans/target/classes/, file:/D:/redpigcloud/redpigcloud_jd20180804/redpig-buyer/target/classes/, file:/D:/redpigcloud/redpigcloud_jd20180804/redpig-cms/target/classes/, file:/D:/redpigcloud/redpigcloud_jd20180804/redpig-circle/target/classes/, file:/D:/redpigcloud/redpigcloud_jd20180804/redpig-yungou/target/classes/, file:/D:/redpigcloud/redpigcloud_jd20180804/redpig-chat/target/classes/, file:/D:/redpigcloud/redpigcloud_jd20180804/redpig-delivery/target/classes/, file:/D:/redpigcloud/redpigcloud_jd20180804/redpig-express/target/classes/, file:/D:/redpigcloud/redpigcloud_jd20180804/redpig-framework/target/classes/, file:/D:/redpigcloud/redpigcloud_jd20180804/redpig-payment/target/classes/, file:/D:/redpigcloud/redpigcloud_jd20180804/redpig-sns/target/classes/]
2018-8-10 17:16:34 restartedMain DEBUG Application failed to start with classpath: [file:/D:/redpigcloud/redpigcloud_jd20180804/redpig-web/target/classes/, file:/D:/redpigcloud/redpigcloud_jd20180804/redpig-api/target/classes/, file:/D:/redpigcloud/redpigcloud_jd20180804/redpig-beans/target/classes/, file:/D:/redpigcloud/redpigcloud_jd20180804/redpig-buyer/target/classes/, file:/D:/redpigcloud/redpigcloud_jd20180804/redpig-cms/target/classes/, file:/D:/redpigcloud/redpigcloud_jd20180804/redpig-circle/target/classes/, file:/D:/redpigcloud/redpigcloud_jd20180804/redpig-yungou/target/classes/, file:/D:/redpigcloud/redpigcloud_jd20180804/redpig-chat/target/classes/, file:/D:/redpigcloud/redpigcloud_jd20180804/redpig-delivery/target/classes/, file:/D:/redpigcloud/redpigcloud_jd20180804/redpig-express/target/classes/, file:/D:/redpigcloud/redpigcloud_jd20180804/redpig-framework/target/classes/, file:/D:/redpigcloud/redpigcloud_jd20180804/redpig-payment/target/classes/, file:/D:/redpigcloud/redpigcloud_jd20180804/redpig-sns/target/classes/]
2018-8-10 17:16:34 restartedMain ERROR Application run failed
org.springframework.beans.factory.BeanDefinitionStoreException: Failed to parse configuration class [com.redpigmall.boot.RedPigWebApp]; nested exception is org.springframework.context.annotation.ConflictingBeanDefinitionException: Annotation-specified bean name 'quartzConfig' for bean class [com.redpigmall.manage.timer.QuartzConfig] conflicts with existing, non-compatible bean definition of same name and class [com.redpigmall.config.QuartzConfig]
	at org.springframework.context.annotation.ConfigurationClassParser.parse(ConfigurationClassParser.java:184)
	at org.springframework.context.annotation.ConfigurationClassPostProcessor.processConfigBeanDefinitions(ConfigurationClassPostProcessor.java:316)
	at org.springframework.context.annotation.ConfigurationClassPostProcessor.postProcessBeanDefinitionRegistry(ConfigurationClassPostProcessor.java:233)
	at org.springframework.context.support.PostProcessorRegistrationDelegate.invokeBeanDefinitionRegistryPostProcessors(PostProcessorRegistrationDelegate.java:273)
	at org.springframework.context.support.PostProcessorRegistrationDelegate.invokeBeanFactoryPostProcessors(PostProcessorRegistrationDelegate.java:93)
	at org.springframework.context.support.AbstractApplicationContext.invokeBeanFactoryPostProcessors(AbstractApplicationContext.java:694)
	at org.springframework.context.support.AbstractApplicationContext.refresh(AbstractApplicationContext.java:532)
	at org.springframework.boot.web.servlet.context.ServletWebServerApplicationContext.refresh(ServletWebServerApplicationContext.java:140)
	at org.springframework.boot.SpringApplication.refresh(SpringApplication.java:759)
	at org.springframework.boot.SpringApplication.refreshContext(SpringApplication.java:395)
	at org.springframework.boot.SpringApplication.run(SpringApplication.java:327)
	at org.springframework.boot.SpringApplication.run(SpringApplication.java:1255)
	at org.springframework.boot.SpringApplication.run(SpringApplication.java:1243)
	at com.redpigmall.boot.RedPigWebApp.main(RedPigWebApp.java:60)
	at sun.reflect.NativeMethodAccessorImpl.invoke0(Native Method)
	at sun.reflect.NativeMethodAccessorImpl.invoke(Unknown Source)
	at sun.reflect.DelegatingMethodAccessorImpl.invoke(Unknown Source)
	at java.lang.reflect.Method.invoke(Unknown Source)
	at org.springframework.boot.devtools.restart.RestartLauncher.run(RestartLauncher.java:49)
Caused by: org.springframework.context.annotation.ConflictingBeanDefinitionException: Annotation-specified bean name 'quartzConfig' for bean class [com.redpigmall.manage.timer.QuartzConfig] conflicts with existing, non-compatible bean definition of same name and class [com.redpigmall.config.QuartzConfig]
	at org.springframework.context.annotation.ClassPathBeanDefinitionScanner.checkCandidate(ClassPathBeanDefinitionScanner.java:348)
	at org.springframework.context.annotation.ClassPathBeanDefinitionScanner.doScan(ClassPathBeanDefinitionScanner.java:286)
	at org.springframework.context.annotation.ComponentScanAnnotationParser.parse(ComponentScanAnnotationParser.java:132)
	at org.springframework.context.annotation.ConfigurationClassParser.doProcessConfigurationClass(ConfigurationClassParser.java:288)
	at org.springframework.context.annotation.ConfigurationClassParser.processConfigurationClass(ConfigurationClassParser.java:245)
	at org.springframework.context.annotation.ConfigurationClassParser.parse(ConfigurationClassParser.java:202)
	at org.springframework.context.annotation.ConfigurationClassParser.parse(ConfigurationClassParser.java:170)
	... 18 common frames omitted
